a:6:{s:3:"row";i:1;s:7:"message";s:34:"מק"ט לא תקף או כפול.";s:6:"status";b:0;s:10:"status_msg";s:14:"Failed/Skipped";s:7:"post_id";s:0:"";s:9:"post_link";a:2:{s:5:"title";s:17:"ללא כותרת";s:8:"edit_url";b:0;}}
a:6:{s:3:"row";i:2;s:7:"message";s:30:"Product imported successfully.";s:6:"status";b:1;s:10:"status_msg";s:7:"Success";s:7:"post_id";i:452;s:9:"post_link";a:2:{s:8:"edit_url";s:65:"https://sefertov.co.il/wp-admin/post.php?post=452&amp;action=edit";s:5:"title";s:17:"_____ _____ _____";}}
a:6:{s:3:"row";i:3;s:7:"message";s:30:"Product imported successfully.";s:6:"status";b:1;s:10:"status_msg";s:7:"Success";s:7:"post_id";i:453;s:9:"post_link";a:2:{s:8:"edit_url";s:65:"https://sefertov.co.il/wp-admin/post.php?post=453&amp;action=edit";s:5:"title";s:17:"_____ ____ ______";}}
a:6:{s:3:"row";i:4;s:7:"message";s:34:"מק"ט לא תקף או כפול.";s:6:"status";b:0;s:10:"status_msg";s:14:"Failed/Skipped";s:7:"post_id";s:0:"";s:9:"post_link";a:2:{s:5:"title";s:17:"ללא כותרת";s:8:"edit_url";b:0;}}
a:6:{s:3:"row";i:5;s:7:"message";s:30:"Product imported successfully.";s:6:"status";b:1;s:10:"status_msg";s:7:"Success";s:7:"post_id";i:455;s:9:"post_link";a:2:{s:8:"edit_url";s:65:"https://sefertov.co.il/wp-admin/post.php?post=455&amp;action=edit";s:5:"title";s:5:"_____";}}
a:6:{s:3:"row";i:6;s:7:"message";s:34:"מק"ט לא תקף או כפול.";s:6:"status";b:0;s:10:"status_msg";s:14:"Failed/Skipped";s:7:"post_id";s:0:"";s:9:"post_link";a:2:{s:5:"title";s:17:"ללא כותרת";s:8:"edit_url";b:0;}}
a:6:{s:3:"row";i:7;s:7:"message";s:30:"Product imported successfully.";s:6:"status";b:1;s:10:"status_msg";s:7:"Success";s:7:"post_id";i:457;s:9:"post_link";a:2:{s:8:"edit_url";s:65:"https://sefertov.co.il/wp-admin/post.php?post=457&amp;action=edit";s:5:"title";s:13:"_______ _____";}}
a:6:{s:3:"row";i:8;s:7:"message";s:34:"מק"ט לא תקף או כפול.";s:6:"status";b:0;s:10:"status_msg";s:14:"Failed/Skipped";s:7:"post_id";s:0:"";s:9:"post_link";a:2:{s:5:"title";s:17:"ללא כותרת";s:8:"edit_url";b:0;}}
a:6:{s:3:"row";i:9;s:7:"message";s:30:"Product imported successfully.";s:6:"status";b:1;s:10:"status_msg";s:7:"Success";s:7:"post_id";i:459;s:9:"post_link";a:2:{s:8:"edit_url";s:65:"https://sefertov.co.il/wp-admin/post.php?post=459&amp;action=edit";s:5:"title";s:6:"______";}}
a:6:{s:3:"row";i:10;s:7:"message";s:34:"מק"ט לא תקף או כפול.";s:6:"status";b:0;s:10:"status_msg";s:14:"Failed/Skipped";s:7:"post_id";s:0:"";s:9:"post_link";a:2:{s:5:"title";s:17:"ללא כותרת";s:8:"edit_url";b:0;}}
a:6:{s:3:"row";i:11;s:7:"message";s:34:"מק"ט לא תקף או כפול.";s:6:"status";b:0;s:10:"status_msg";s:14:"Failed/Skipped";s:7:"post_id";s:0:"";s:9:"post_link";a:2:{s:5:"title";s:17:"ללא כותרת";s:8:"edit_url";b:0;}}
a:6:{s:3:"row";i:12;s:7:"message";s:34:"מק"ט לא תקף או כפול.";s:6:"status";b:0;s:10:"status_msg";s:14:"Failed/Skipped";s:7:"post_id";s:0:"";s:9:"post_link";a:2:{s:5:"title";s:17:"ללא כותרת";s:8:"edit_url";b:0;}}
a:6:{s:3:"row";i:13;s:7:"message";s:30:"Product imported successfully.";s:6:"status";b:1;s:10:"status_msg";s:7:"Success";s:7:"post_id";i:463;s:9:"post_link";a:2:{s:8:"edit_url";s:65:"https://sefertov.co.il/wp-admin/post.php?post=463&amp;action=edit";s:5:"title";s:8:"________";}}
a:6:{s:3:"row";i:14;s:7:"message";s:30:"Product imported successfully.";s:6:"status";b:1;s:10:"status_msg";s:7:"Success";s:7:"post_id";i:464;s:9:"post_link";a:2:{s:8:"edit_url";s:65:"https://sefertov.co.il/wp-admin/post.php?post=464&amp;action=edit";s:5:"title";s:11:"____ ______";}}
a:6:{s:3:"row";i:15;s:7:"message";s:34:"מק"ט לא תקף או כפול.";s:6:"status";b:0;s:10:"status_msg";s:14:"Failed/Skipped";s:7:"post_id";s:0:"";s:9:"post_link";a:2:{s:5:"title";s:17:"ללא כותרת";s:8:"edit_url";b:0;}}
a:6:{s:3:"row";i:16;s:7:"message";s:30:"Product imported successfully.";s:6:"status";b:1;s:10:"status_msg";s:7:"Success";s:7:"post_id";i:466;s:9:"post_link";a:2:{s:8:"edit_url";s:65:"https://sefertov.co.il/wp-admin/post.php?post=466&amp;action=edit";s:5:"title";s:15:"____ __________";}}
a:6:{s:3:"row";i:17;s:7:"message";s:30:"Product imported successfully.";s:6:"status";b:1;s:10:"status_msg";s:7:"Success";s:7:"post_id";i:467;s:9:"post_link";a:2:{s:8:"edit_url";s:65:"https://sefertov.co.il/wp-admin/post.php?post=467&amp;action=edit";s:5:"title";s:9:"___ _____";}}
a:6:{s:3:"row";i:18;s:7:"message";s:34:"מק"ט לא תקף או כפול.";s:6:"status";b:0;s:10:"status_msg";s:14:"Failed/Skipped";s:7:"post_id";s:0:"";s:9:"post_link";a:2:{s:5:"title";s:17:"ללא כותרת";s:8:"edit_url";b:0;}}
a:6:{s:3:"row";i:19;s:7:"message";s:34:"מק"ט לא תקף או כפול.";s:6:"status";b:0;s:10:"status_msg";s:14:"Failed/Skipped";s:7:"post_id";s:0:"";s:9:"post_link";a:2:{s:5:"title";s:17:"ללא כותרת";s:8:"edit_url";b:0;}}
a:6:{s:3:"row";i:20;s:7:"message";s:34:"מק"ט לא תקף או כפול.";s:6:"status";b:0;s:10:"status_msg";s:14:"Failed/Skipped";s:7:"post_id";s:0:"";s:9:"post_link";a:2:{s:5:"title";s:17:"ללא כותרת";s:8:"edit_url";b:0;}}
a:6:{s:3:"row";i:21;s:7:"message";s:34:"מק"ט לא תקף או כפול.";s:6:"status";b:0;s:10:"status_msg";s:14:"Failed/Skipped";s:7:"post_id";s:0:"";s:9:"post_link";a:2:{s:5:"title";s:17:"ללא כותרת";s:8:"edit_url";b:0;}}
a:6:{s:3:"row";i:22;s:7:"message";s:30:"Product imported successfully.";s:6:"status";b:1;s:10:"status_msg";s:7:"Success";s:7:"post_id";i:472;s:9:"post_link";a:2:{s:8:"edit_url";s:65:"https://sefertov.co.il/wp-admin/post.php?post=472&amp;action=edit";s:5:"title";s:14:"____ _____-___";}}
a:6:{s:3:"row";i:23;s:7:"message";s:34:"מק"ט לא תקף או כפול.";s:6:"status";b:0;s:10:"status_msg";s:14:"Failed/Skipped";s:7:"post_id";s:0:"";s:9:"post_link";a:2:{s:5:"title";s:17:"ללא כותרת";s:8:"edit_url";b:0;}}
a:6:{s:3:"row";i:24;s:7:"message";s:30:"Product imported successfully.";s:6:"status";b:1;s:10:"status_msg";s:7:"Success";s:7:"post_id";i:474;s:9:"post_link";a:2:{s:8:"edit_url";s:65:"https://sefertov.co.il/wp-admin/post.php?post=474&amp;action=edit";s:5:"title";s:5:"_____";}}
a:6:{s:3:"row";i:25;s:7:"message";s:34:"מק"ט לא תקף או כפול.";s:6:"status";b:0;s:10:"status_msg";s:14:"Failed/Skipped";s:7:"post_id";s:0:"";s:9:"post_link";a:2:{s:5:"title";s:17:"ללא כותרת";s:8:"edit_url";b:0;}}
a:6:{s:3:"row";i:26;s:7:"message";s:34:"מק"ט לא תקף או כפול.";s:6:"status";b:0;s:10:"status_msg";s:14:"Failed/Skipped";s:7:"post_id";s:0:"";s:9:"post_link";a:2:{s:5:"title";s:17:"ללא כותרת";s:8:"edit_url";b:0;}}
a:6:{s:3:"row";i:27;s:7:"message";s:34:"מק"ט לא תקף או כפול.";s:6:"status";b:0;s:10:"status_msg";s:14:"Failed/Skipped";s:7:"post_id";s:0:"";s:9:"post_link";a:2:{s:5:"title";s:17:"ללא כותרת";s:8:"edit_url";b:0;}}
a:6:{s:3:"row";i:28;s:7:"message";s:34:"מק"ט לא תקף או כפול.";s:6:"status";b:0;s:10:"status_msg";s:14:"Failed/Skipped";s:7:"post_id";s:0:"";s:9:"post_link";a:2:{s:5:"title";s:17:"ללא כותרת";s:8:"edit_url";b:0;}}
a:6:{s:3:"row";i:29;s:7:"message";s:34:"מק"ט לא תקף או כפול.";s:6:"status";b:0;s:10:"status_msg";s:14:"Failed/Skipped";s:7:"post_id";s:0:"";s:9:"post_link";a:2:{s:5:"title";s:17:"ללא כותרת";s:8:"edit_url";b:0;}}
a:6:{s:3:"row";i:30;s:7:"message";s:34:"מק"ט לא תקף או כפול.";s:6:"status";b:0;s:10:"status_msg";s:14:"Failed/Skipped";s:7:"post_id";s:0:"";s:9:"post_link";a:2:{s:5:"title";s:17:"ללא כותרת";s:8:"edit_url";b:0;}}
a:6:{s:3:"row";i:31;s:7:"message";s:34:"מק"ט לא תקף או כפול.";s:6:"status";b:0;s:10:"status_msg";s:14:"Failed/Skipped";s:7:"post_id";s:0:"";s:9:"post_link";a:2:{s:5:"title";s:17:"ללא כותרת";s:8:"edit_url";b:0;}}
a:6:{s:3:"row";i:32;s:7:"message";s:34:"מק"ט לא תקף או כפול.";s:6:"status";b:0;s:10:"status_msg";s:14:"Failed/Skipped";s:7:"post_id";s:0:"";s:9:"post_link";a:2:{s:5:"title";s:17:"ללא כותרת";s:8:"edit_url";b:0;}}
a:6:{s:3:"row";i:33;s:7:"message";s:34:"מק"ט לא תקף או כפול.";s:6:"status";b:0;s:10:"status_msg";s:14:"Failed/Skipped";s:7:"post_id";s:0:"";s:9:"post_link";a:2:{s:5:"title";s:17:"ללא כותרת";s:8:"edit_url";b:0;}}
a:6:{s:3:"row";i:34;s:7:"message";s:30:"Product imported successfully.";s:6:"status";b:1;s:10:"status_msg";s:7:"Success";s:7:"post_id";i:484;s:9:"post_link";a:2:{s:8:"edit_url";s:65:"https://sefertov.co.il/wp-admin/post.php?post=484&amp;action=edit";s:5:"title";s:11:"____ ______";}}
a:6:{s:3:"row";i:35;s:7:"message";s:30:"Product imported successfully.";s:6:"status";b:1;s:10:"status_msg";s:7:"Success";s:7:"post_id";i:485;s:9:"post_link";a:2:{s:8:"edit_url";s:65:"https://sefertov.co.il/wp-admin/post.php?post=485&amp;action=edit";s:5:"title";s:7:"____-__";}}
a:6:{s:3:"row";i:36;s:7:"message";s:30:"Product imported successfully.";s:6:"status";b:1;s:10:"status_msg";s:7:"Success";s:7:"post_id";i:486;s:9:"post_link";a:2:{s:8:"edit_url";s:65:"https://sefertov.co.il/wp-admin/post.php?post=486&amp;action=edit";s:5:"title";s:10:"____-_____";}}
a:6:{s:3:"row";i:37;s:7:"message";s:34:"מק"ט לא תקף או כפול.";s:6:"status";b:0;s:10:"status_msg";s:14:"Failed/Skipped";s:7:"post_id";s:0:"";s:9:"post_link";a:2:{s:5:"title";s:17:"ללא כותרת";s:8:"edit_url";b:0;}}
a:6:{s:3:"row";i:38;s:7:"message";s:34:"מק"ט לא תקף או כפול.";s:6:"status";b:0;s:10:"status_msg";s:14:"Failed/Skipped";s:7:"post_id";s:0:"";s:9:"post_link";a:2:{s:5:"title";s:17:"ללא כותרת";s:8:"edit_url";b:0;}}
a:6:{s:3:"row";i:39;s:7:"message";s:30:"Product imported successfully.";s:6:"status";b:1;s:10:"status_msg";s:7:"Success";s:7:"post_id";i:489;s:9:"post_link";a:2:{s:8:"edit_url";s:65:"https://sefertov.co.il/wp-admin/post.php?post=489&amp;action=edit";s:5:"title";s:9:"_________";}}
a:6:{s:3:"row";i:40;s:7:"message";s:30:"Product imported successfully.";s:6:"status";b:1;s:10:"status_msg";s:7:"Success";s:7:"post_id";i:490;s:9:"post_link";a:2:{s:8:"edit_url";s:65:"https://sefertov.co.il/wp-admin/post.php?post=490&amp;action=edit";s:5:"title";s:9:"____ ____";}}
a:6:{s:3:"row";i:41;s:7:"message";s:30:"Product imported successfully.";s:6:"status";b:1;s:10:"status_msg";s:7:"Success";s:7:"post_id";i:491;s:9:"post_link";a:2:{s:8:"edit_url";s:65:"https://sefertov.co.il/wp-admin/post.php?post=491&amp;action=edit";s:5:"title";s:10:"____ _____";}}
a:6:{s:3:"row";i:42;s:7:"message";s:30:"Product imported successfully.";s:6:"status";b:1;s:10:"status_msg";s:7:"Success";s:7:"post_id";i:492;s:9:"post_link";a:2:{s:8:"edit_url";s:65:"https://sefertov.co.il/wp-admin/post.php?post=492&amp;action=edit";s:5:"title";s:9:"____ ____";}}
a:6:{s:3:"row";i:43;s:7:"message";s:30:"Product imported successfully.";s:6:"status";b:1;s:10:"status_msg";s:7:"Success";s:7:"post_id";i:493;s:9:"post_link";a:2:{s:8:"edit_url";s:65:"https://sefertov.co.il/wp-admin/post.php?post=493&amp;action=edit";s:5:"title";s:20:"__________, ________";}}
a:6:{s:3:"row";i:44;s:7:"message";s:34:"מק"ט לא תקף או כפול.";s:6:"status";b:0;s:10:"status_msg";s:14:"Failed/Skipped";s:7:"post_id";s:0:"";s:9:"post_link";a:2:{s:5:"title";s:17:"ללא כותרת";s:8:"edit_url";b:0;}}
a:6:{s:3:"row";i:45;s:7:"message";s:30:"Product imported successfully.";s:6:"status";b:1;s:10:"status_msg";s:7:"Success";s:7:"post_id";i:495;s:9:"post_link";a:2:{s:8:"edit_url";s:65:"https://sefertov.co.il/wp-admin/post.php?post=495&amp;action=edit";s:5:"title";s:19:"_____ _____ _______";}}
a:6:{s:3:"row";i:46;s:7:"message";s:30:"Product imported successfully.";s:6:"status";b:1;s:10:"status_msg";s:7:"Success";s:7:"post_id";i:496;s:9:"post_link";a:2:{s:8:"edit_url";s:65:"https://sefertov.co.il/wp-admin/post.php?post=496&amp;action=edit";s:5:"title";s:13:"_____ _______";}}
a:6:{s:3:"row";i:47;s:7:"message";s:30:"Product imported successfully.";s:6:"status";b:1;s:10:"status_msg";s:7:"Success";s:7:"post_id";i:497;s:9:"post_link";a:2:{s:8:"edit_url";s:65:"https://sefertov.co.il/wp-admin/post.php?post=497&amp;action=edit";s:5:"title";s:16:"_____ _____ ____";}}
a:6:{s:3:"row";i:48;s:7:"message";s:34:"מק"ט לא תקף או כפול.";s:6:"status";b:0;s:10:"status_msg";s:14:"Failed/Skipped";s:7:"post_id";s:0:"";s:9:"post_link";a:2:{s:5:"title";s:17:"ללא כותרת";s:8:"edit_url";b:0;}}
a:6:{s:3:"row";i:49;s:7:"message";s:30:"Product imported successfully.";s:6:"status";b:1;s:10:"status_msg";s:7:"Success";s:7:"post_id";i:499;s:9:"post_link";a:2:{s:8:"edit_url";s:65:"https://sefertov.co.il/wp-admin/post.php?post=499&amp;action=edit";s:5:"title";s:12:"_____ ______";}}
a:6:{s:3:"row";i:50;s:7:"message";s:30:"Product imported successfully.";s:6:"status";b:1;s:10:"status_msg";s:7:"Success";s:7:"post_id";i:500;s:9:"post_link";a:2:{s:8:"edit_url";s:65:"https://sefertov.co.il/wp-admin/post.php?post=500&amp;action=edit";s:5:"title";s:9:"___ _____";}}
