a:6:{s:3:"row";i:1;s:7:"message";s:30:"Product imported successfully.";s:6:"status";b:1;s:10:"status_msg";s:7:"Success";s:7:"post_id";i:1;s:9:"post_link";a:2:{s:8:"edit_url";s:63:"https://sefertov.co.il/wp-admin/post.php?post=1&amp;action=edit";s:5:"title";s:8:"סולו";}}
a:6:{s:3:"row";i:2;s:7:"message";s:47:"Product with same SKU already exists. SKU: 7502";s:6:"status";b:0;s:10:"status_msg";s:14:"Failed/Skipped";s:7:"post_id";s:0:"";s:9:"post_link";a:2:{s:5:"title";s:17:"ללא כותרת";s:8:"edit_url";b:0;}}
a:6:{s:3:"row";i:3;s:7:"message";s:47:"Product with same SKU already exists. SKU: 7502";s:6:"status";b:0;s:10:"status_msg";s:14:"Failed/Skipped";s:7:"post_id";s:0:"";s:9:"post_link";a:2:{s:5:"title";s:17:"ללא כותרת";s:8:"edit_url";b:0;}}
a:6:{s:3:"row";i:4;s:7:"message";s:30:"Product imported successfully.";s:6:"status";b:1;s:10:"status_msg";s:7:"Success";s:7:"post_id";i:326;s:9:"post_link";a:2:{s:8:"edit_url";s:65:"https://sefertov.co.il/wp-admin/post.php?post=326&amp;action=edit";s:5:"title";s:19:"שביל ישראל";}}
a:6:{s:3:"row";i:5;s:7:"message";s:30:"Product imported successfully.";s:6:"status";b:1;s:10:"status_msg";s:7:"Success";s:7:"post_id";i:327;s:9:"post_link";a:2:{s:8:"edit_url";s:65:"https://sefertov.co.il/wp-admin/post.php?post=327&amp;action=edit";s:5:"title";s:34:"תחיינה העצמות האלה";}}
a:6:{s:3:"row";i:6;s:7:"message";s:30:"Product imported successfully.";s:6:"status";b:1;s:10:"status_msg";s:7:"Success";s:7:"post_id";i:42;s:9:"post_link";a:2:{s:8:"edit_url";s:64:"https://sefertov.co.il/wp-admin/post.php?post=42&amp;action=edit";s:5:"title";s:23:"הזמנה לחתונה";}}
a:6:{s:3:"row";i:7;s:7:"message";s:30:"Product imported successfully.";s:6:"status";b:1;s:10:"status_msg";s:7:"Success";s:7:"post_id";i:328;s:9:"post_link";a:2:{s:8:"edit_url";s:65:"https://sefertov.co.il/wp-admin/post.php?post=328&amp;action=edit";s:5:"title";s:41:"שירת ישראל בתימן, כרך א";}}
a:6:{s:3:"row";i:8;s:7:"message";s:30:"Product imported successfully.";s:6:"status";b:1;s:10:"status_msg";s:7:"Success";s:7:"post_id";i:329;s:9:"post_link";a:2:{s:8:"edit_url";s:65:"https://sefertov.co.il/wp-admin/post.php?post=329&amp;action=edit";s:5:"title";s:47:"The Determinants of Separations from Employment";}}
a:6:{s:3:"row";i:9;s:7:"message";s:30:"Product imported successfully.";s:6:"status";b:1;s:10:"status_msg";s:7:"Success";s:7:"post_id";i:330;s:9:"post_link";a:2:{s:8:"edit_url";s:65:"https://sefertov.co.il/wp-admin/post.php?post=330&amp;action=edit";s:5:"title";s:17:"Jews And Medicine";}}
a:6:{s:3:"row";i:10;s:7:"message";s:47:"Product with same SKU already exists. SKU: 8105";s:6:"status";b:0;s:10:"status_msg";s:14:"Failed/Skipped";s:7:"post_id";s:0:"";s:9:"post_link";a:2:{s:5:"title";s:17:"ללא כותרת";s:8:"edit_url";b:0;}}
a:6:{s:3:"row";i:11;s:7:"message";s:47:"Product with same SKU already exists. SKU: 8105";s:6:"status";b:0;s:10:"status_msg";s:14:"Failed/Skipped";s:7:"post_id";s:0:"";s:9:"post_link";a:2:{s:5:"title";s:17:"ללא כותרת";s:8:"edit_url";b:0;}}
a:6:{s:3:"row";i:12;s:7:"message";s:47:"Product with same SKU already exists. SKU: 7910";s:6:"status";b:0;s:10:"status_msg";s:14:"Failed/Skipped";s:7:"post_id";s:0:"";s:9:"post_link";a:2:{s:5:"title";s:17:"ללא כותרת";s:8:"edit_url";b:0;}}
a:6:{s:3:"row";i:13;s:7:"message";s:47:"Product with same SKU already exists. SKU: 7910";s:6:"status";b:0;s:10:"status_msg";s:14:"Failed/Skipped";s:7:"post_id";s:0:"";s:9:"post_link";a:2:{s:5:"title";s:17:"ללא כותרת";s:8:"edit_url";b:0;}}
a:6:{s:3:"row";i:14;s:7:"message";s:47:"Product with same SKU already exists. SKU: 7910";s:6:"status";b:0;s:10:"status_msg";s:14:"Failed/Skipped";s:7:"post_id";s:0:"";s:9:"post_link";a:2:{s:5:"title";s:17:"ללא כותרת";s:8:"edit_url";b:0;}}
a:6:{s:3:"row";i:15;s:7:"message";s:47:"Product with same SKU already exists. SKU: 7910";s:6:"status";b:0;s:10:"status_msg";s:14:"Failed/Skipped";s:7:"post_id";s:0:"";s:9:"post_link";a:2:{s:5:"title";s:17:"ללא כותרת";s:8:"edit_url";b:0;}}
a:6:{s:3:"row";i:16;s:7:"message";s:47:"Product with same SKU already exists. SKU: 7910";s:6:"status";b:0;s:10:"status_msg";s:14:"Failed/Skipped";s:7:"post_id";s:0:"";s:9:"post_link";a:2:{s:5:"title";s:17:"ללא כותרת";s:8:"edit_url";b:0;}}
a:6:{s:3:"row";i:17;s:7:"message";s:47:"Product with same SKU already exists. SKU: 7910";s:6:"status";b:0;s:10:"status_msg";s:14:"Failed/Skipped";s:7:"post_id";s:0:"";s:9:"post_link";a:2:{s:5:"title";s:17:"ללא כותרת";s:8:"edit_url";b:0;}}
a:6:{s:3:"row";i:18;s:7:"message";s:47:"Product with same SKU already exists. SKU: 7910";s:6:"status";b:0;s:10:"status_msg";s:14:"Failed/Skipped";s:7:"post_id";s:0:"";s:9:"post_link";a:2:{s:5:"title";s:17:"ללא כותרת";s:8:"edit_url";b:0;}}
a:6:{s:3:"row";i:19;s:7:"message";s:47:"Product with same SKU already exists. SKU: 7910";s:6:"status";b:0;s:10:"status_msg";s:14:"Failed/Skipped";s:7:"post_id";s:0:"";s:9:"post_link";a:2:{s:5:"title";s:17:"ללא כותרת";s:8:"edit_url";b:0;}}
a:6:{s:3:"row";i:20;s:7:"message";s:47:"Product with same SKU already exists. SKU: 7910";s:6:"status";b:0;s:10:"status_msg";s:14:"Failed/Skipped";s:7:"post_id";s:0:"";s:9:"post_link";a:2:{s:5:"title";s:17:"ללא כותרת";s:8:"edit_url";b:0;}}
a:6:{s:3:"row";i:21;s:7:"message";s:47:"Product with same SKU already exists. SKU: 8105";s:6:"status";b:0;s:10:"status_msg";s:14:"Failed/Skipped";s:7:"post_id";s:0:"";s:9:"post_link";a:2:{s:5:"title";s:17:"ללא כותרת";s:8:"edit_url";b:0;}}
a:6:{s:3:"row";i:22;s:7:"message";s:47:"Product with same SKU already exists. SKU: 8105";s:6:"status";b:0;s:10:"status_msg";s:14:"Failed/Skipped";s:7:"post_id";s:0:"";s:9:"post_link";a:2:{s:5:"title";s:17:"ללא כותרת";s:8:"edit_url";b:0;}}
a:6:{s:3:"row";i:23;s:7:"message";s:47:"Product with same SKU already exists. SKU: 7910";s:6:"status";b:0;s:10:"status_msg";s:14:"Failed/Skipped";s:7:"post_id";s:0:"";s:9:"post_link";a:2:{s:5:"title";s:17:"ללא כותרת";s:8:"edit_url";b:0;}}
a:6:{s:3:"row";i:24;s:7:"message";s:30:"Product imported successfully.";s:6:"status";b:1;s:10:"status_msg";s:7:"Success";s:7:"post_id";i:331;s:9:"post_link";a:2:{s:8:"edit_url";s:65:"https://sefertov.co.il/wp-admin/post.php?post=331&amp;action=edit";s:5:"title";s:30:"ספר המוסר והיראה";}}
a:6:{s:3:"row";i:25;s:7:"message";s:47:"Product with same SKU already exists. SKU: 7910";s:6:"status";b:0;s:10:"status_msg";s:14:"Failed/Skipped";s:7:"post_id";s:0:"";s:9:"post_link";a:2:{s:5:"title";s:17:"ללא כותרת";s:8:"edit_url";b:0;}}
a:6:{s:3:"row";i:26;s:7:"message";s:47:"Product with same SKU already exists. SKU: 7910";s:6:"status";b:0;s:10:"status_msg";s:14:"Failed/Skipped";s:7:"post_id";s:0:"";s:9:"post_link";a:2:{s:5:"title";s:17:"ללא כותרת";s:8:"edit_url";b:0;}}
a:6:{s:3:"row";i:27;s:7:"message";s:47:"Product with same SKU already exists. SKU: 7910";s:6:"status";b:0;s:10:"status_msg";s:14:"Failed/Skipped";s:7:"post_id";s:0:"";s:9:"post_link";a:2:{s:5:"title";s:17:"ללא כותרת";s:8:"edit_url";b:0;}}
a:6:{s:3:"row";i:28;s:7:"message";s:47:"Product with same SKU already exists. SKU: 7910";s:6:"status";b:0;s:10:"status_msg";s:14:"Failed/Skipped";s:7:"post_id";s:0:"";s:9:"post_link";a:2:{s:5:"title";s:17:"ללא כותרת";s:8:"edit_url";b:0;}}
a:6:{s:3:"row";i:29;s:7:"message";s:47:"Product with same SKU already exists. SKU: 8105";s:6:"status";b:0;s:10:"status_msg";s:14:"Failed/Skipped";s:7:"post_id";s:0:"";s:9:"post_link";a:2:{s:5:"title";s:17:"ללא כותרת";s:8:"edit_url";b:0;}}
a:6:{s:3:"row";i:30;s:7:"message";s:47:"Product with same SKU already exists. SKU: 6009";s:6:"status";b:0;s:10:"status_msg";s:14:"Failed/Skipped";s:7:"post_id";s:0:"";s:9:"post_link";a:2:{s:5:"title";s:17:"ללא כותרת";s:8:"edit_url";b:0;}}
a:6:{s:3:"row";i:31;s:7:"message";s:47:"Product with same SKU already exists. SKU: 6009";s:6:"status";b:0;s:10:"status_msg";s:14:"Failed/Skipped";s:7:"post_id";s:0:"";s:9:"post_link";a:2:{s:5:"title";s:17:"ללא כותרת";s:8:"edit_url";b:0;}}
a:6:{s:3:"row";i:32;s:7:"message";s:47:"Product with same SKU already exists. SKU: 6009";s:6:"status";b:0;s:10:"status_msg";s:14:"Failed/Skipped";s:7:"post_id";s:0:"";s:9:"post_link";a:2:{s:5:"title";s:17:"ללא כותרת";s:8:"edit_url";b:0;}}
a:6:{s:3:"row";i:33;s:7:"message";s:47:"Product with same SKU already exists. SKU: 6009";s:6:"status";b:0;s:10:"status_msg";s:14:"Failed/Skipped";s:7:"post_id";s:0:"";s:9:"post_link";a:2:{s:5:"title";s:17:"ללא כותרת";s:8:"edit_url";b:0;}}
a:6:{s:3:"row";i:34;s:7:"message";s:30:"Product imported successfully.";s:6:"status";b:1;s:10:"status_msg";s:7:"Success";s:7:"post_id";i:5;s:9:"post_link";a:2:{s:8:"edit_url";s:63:"https://sefertov.co.il/wp-admin/post.php?post=5&amp;action=edit";s:5:"title";s:21:"שירת הברבור";}}
a:6:{s:3:"row";i:35;s:7:"message";s:47:"Product with same SKU already exists. SKU: 6110";s:6:"status";b:0;s:10:"status_msg";s:14:"Failed/Skipped";s:7:"post_id";s:0:"";s:9:"post_link";a:2:{s:5:"title";s:17:"ללא כותרת";s:8:"edit_url";b:0;}}
a:6:{s:3:"row";i:36;s:7:"message";s:47:"Product with same SKU already exists. SKU: 7502";s:6:"status";b:0;s:10:"status_msg";s:14:"Failed/Skipped";s:7:"post_id";s:0:"";s:9:"post_link";a:2:{s:5:"title";s:17:"ללא כותרת";s:8:"edit_url";b:0;}}
a:6:{s:3:"row";i:37;s:7:"message";s:47:"Product with same SKU already exists. SKU: 7910";s:6:"status";b:0;s:10:"status_msg";s:14:"Failed/Skipped";s:7:"post_id";s:0:"";s:9:"post_link";a:2:{s:5:"title";s:17:"ללא כותרת";s:8:"edit_url";b:0;}}
a:6:{s:3:"row";i:38;s:7:"message";s:47:"Product with same SKU already exists. SKU: 6110";s:6:"status";b:0;s:10:"status_msg";s:14:"Failed/Skipped";s:7:"post_id";s:0:"";s:9:"post_link";a:2:{s:5:"title";s:17:"ללא כותרת";s:8:"edit_url";b:0;}}
a:6:{s:3:"row";i:39;s:7:"message";s:47:"Product with same SKU already exists. SKU: 7910";s:6:"status";b:0;s:10:"status_msg";s:14:"Failed/Skipped";s:7:"post_id";s:0:"";s:9:"post_link";a:2:{s:5:"title";s:17:"ללא כותרת";s:8:"edit_url";b:0;}}
a:6:{s:3:"row";i:40;s:7:"message";s:47:"Product with same SKU already exists. SKU: 7910";s:6:"status";b:0;s:10:"status_msg";s:14:"Failed/Skipped";s:7:"post_id";s:0:"";s:9:"post_link";a:2:{s:5:"title";s:17:"ללא כותרת";s:8:"edit_url";b:0;}}
a:6:{s:3:"row";i:41;s:7:"message";s:47:"Product with same SKU already exists. SKU: 7910";s:6:"status";b:0;s:10:"status_msg";s:14:"Failed/Skipped";s:7:"post_id";s:0:"";s:9:"post_link";a:2:{s:5:"title";s:17:"ללא כותרת";s:8:"edit_url";b:0;}}
a:6:{s:3:"row";i:42;s:7:"message";s:47:"Product with same SKU already exists. SKU: 7910";s:6:"status";b:0;s:10:"status_msg";s:14:"Failed/Skipped";s:7:"post_id";s:0:"";s:9:"post_link";a:2:{s:5:"title";s:17:"ללא כותרת";s:8:"edit_url";b:0;}}
a:6:{s:3:"row";i:43;s:7:"message";s:47:"Product with same SKU already exists. SKU: 7910";s:6:"status";b:0;s:10:"status_msg";s:14:"Failed/Skipped";s:7:"post_id";s:0:"";s:9:"post_link";a:2:{s:5:"title";s:17:"ללא כותרת";s:8:"edit_url";b:0;}}
a:6:{s:3:"row";i:44;s:7:"message";s:47:"Product with same SKU already exists. SKU: 7910";s:6:"status";b:0;s:10:"status_msg";s:14:"Failed/Skipped";s:7:"post_id";s:0:"";s:9:"post_link";a:2:{s:5:"title";s:17:"ללא כותרת";s:8:"edit_url";b:0;}}
a:6:{s:3:"row";i:45;s:7:"message";s:47:"Product with same SKU already exists. SKU: 7910";s:6:"status";b:0;s:10:"status_msg";s:14:"Failed/Skipped";s:7:"post_id";s:0:"";s:9:"post_link";a:2:{s:5:"title";s:17:"ללא כותרת";s:8:"edit_url";b:0;}}
a:6:{s:3:"row";i:46;s:7:"message";s:47:"Product with same SKU already exists. SKU: 7910";s:6:"status";b:0;s:10:"status_msg";s:14:"Failed/Skipped";s:7:"post_id";s:0:"";s:9:"post_link";a:2:{s:5:"title";s:17:"ללא כותרת";s:8:"edit_url";b:0;}}
a:6:{s:3:"row";i:47;s:7:"message";s:47:"Product with same SKU already exists. SKU: 7910";s:6:"status";b:0;s:10:"status_msg";s:14:"Failed/Skipped";s:7:"post_id";s:0:"";s:9:"post_link";a:2:{s:5:"title";s:17:"ללא כותרת";s:8:"edit_url";b:0;}}
a:6:{s:3:"row";i:48;s:7:"message";s:47:"Product with same SKU already exists. SKU: 7910";s:6:"status";b:0;s:10:"status_msg";s:14:"Failed/Skipped";s:7:"post_id";s:0:"";s:9:"post_link";a:2:{s:5:"title";s:17:"ללא כותרת";s:8:"edit_url";b:0;}}
a:6:{s:3:"row";i:49;s:7:"message";s:30:"Product imported successfully.";s:6:"status";b:1;s:10:"status_msg";s:7:"Success";s:7:"post_id";i:332;s:9:"post_link";a:2:{s:8:"edit_url";s:65:"https://sefertov.co.il/wp-admin/post.php?post=332&amp;action=edit";s:5:"title";s:49:"The Constitution of the State of Israel,1996-5756";}}
a:6:{s:3:"row";i:50;s:7:"message";s:30:"Product imported successfully.";s:6:"status";b:1;s:10:"status_msg";s:7:"Success";s:7:"post_id";i:333;s:9:"post_link";a:2:{s:8:"edit_url";s:65:"https://sefertov.co.il/wp-admin/post.php?post=333&amp;action=edit";s:5:"title";s:33:"דברים שבאים מן הלב";}}
a:6:{s:3:"row";i:51;s:7:"message";s:47:"Product with same SKU already exists. SKU: 7506";s:6:"status";b:0;s:10:"status_msg";s:14:"Failed/Skipped";s:7:"post_id";s:0:"";s:9:"post_link";a:2:{s:5:"title";s:17:"ללא כותרת";s:8:"edit_url";b:0;}}
a:6:{s:3:"row";i:52;s:7:"message";s:47:"Product with same SKU already exists. SKU: 7910";s:6:"status";b:0;s:10:"status_msg";s:14:"Failed/Skipped";s:7:"post_id";s:0:"";s:9:"post_link";a:2:{s:5:"title";s:17:"ללא כותרת";s:8:"edit_url";b:0;}}
a:6:{s:3:"row";i:53;s:7:"message";s:47:"Product with same SKU already exists. SKU: 7910";s:6:"status";b:0;s:10:"status_msg";s:14:"Failed/Skipped";s:7:"post_id";s:0:"";s:9:"post_link";a:2:{s:5:"title";s:17:"ללא כותרת";s:8:"edit_url";b:0;}}
a:6:{s:3:"row";i:54;s:7:"message";s:47:"Product with same SKU already exists. SKU: 7910";s:6:"status";b:0;s:10:"status_msg";s:14:"Failed/Skipped";s:7:"post_id";s:0:"";s:9:"post_link";a:2:{s:5:"title";s:17:"ללא כותרת";s:8:"edit_url";b:0;}}
a:6:{s:3:"row";i:55;s:7:"message";s:47:"Product with same SKU already exists. SKU: 7910";s:6:"status";b:0;s:10:"status_msg";s:14:"Failed/Skipped";s:7:"post_id";s:0:"";s:9:"post_link";a:2:{s:5:"title";s:17:"ללא כותרת";s:8:"edit_url";b:0;}}
a:6:{s:3:"row";i:56;s:7:"message";s:47:"Product with same SKU already exists. SKU: 7910";s:6:"status";b:0;s:10:"status_msg";s:14:"Failed/Skipped";s:7:"post_id";s:0:"";s:9:"post_link";a:2:{s:5:"title";s:17:"ללא כותרת";s:8:"edit_url";b:0;}}
a:6:{s:3:"row";i:57;s:7:"message";s:47:"Product with same SKU already exists. SKU: 7102";s:6:"status";b:0;s:10:"status_msg";s:14:"Failed/Skipped";s:7:"post_id";s:0:"";s:9:"post_link";a:2:{s:5:"title";s:17:"ללא כותרת";s:8:"edit_url";b:0;}}
a:6:{s:3:"row";i:58;s:7:"message";s:30:"Product imported successfully.";s:6:"status";b:1;s:10:"status_msg";s:7:"Success";s:7:"post_id";i:334;s:9:"post_link";a:2:{s:8:"edit_url";s:65:"https://sefertov.co.il/wp-admin/post.php?post=334&amp;action=edit";s:5:"title";s:17:"כל השירים";}}
a:6:{s:3:"row";i:59;s:7:"message";s:47:"Product with same SKU already exists. SKU: 7902";s:6:"status";b:0;s:10:"status_msg";s:14:"Failed/Skipped";s:7:"post_id";s:0:"";s:9:"post_link";a:2:{s:5:"title";s:17:"ללא כותרת";s:8:"edit_url";b:0;}}
a:6:{s:3:"row";i:60;s:7:"message";s:47:"Product with same SKU already exists. SKU: 7502";s:6:"status";b:0;s:10:"status_msg";s:14:"Failed/Skipped";s:7:"post_id";s:0:"";s:9:"post_link";a:2:{s:5:"title";s:17:"ללא כותרת";s:8:"edit_url";b:0;}}
a:6:{s:3:"row";i:61;s:7:"message";s:47:"Product with same SKU already exists. SKU: 7502";s:6:"status";b:0;s:10:"status_msg";s:14:"Failed/Skipped";s:7:"post_id";s:0:"";s:9:"post_link";a:2:{s:5:"title";s:17:"ללא כותרת";s:8:"edit_url";b:0;}}
a:6:{s:3:"row";i:62;s:7:"message";s:47:"Product with same SKU already exists. SKU: 7502";s:6:"status";b:0;s:10:"status_msg";s:14:"Failed/Skipped";s:7:"post_id";s:0:"";s:9:"post_link";a:2:{s:5:"title";s:17:"ללא כותרת";s:8:"edit_url";b:0;}}
a:6:{s:3:"row";i:63;s:7:"message";s:47:"Product with same SKU already exists. SKU: 7502";s:6:"status";b:0;s:10:"status_msg";s:14:"Failed/Skipped";s:7:"post_id";s:0:"";s:9:"post_link";a:2:{s:5:"title";s:17:"ללא כותרת";s:8:"edit_url";b:0;}}
a:6:{s:3:"row";i:64;s:7:"message";s:47:"Product with same SKU already exists. SKU: 7502";s:6:"status";b:0;s:10:"status_msg";s:14:"Failed/Skipped";s:7:"post_id";s:0:"";s:9:"post_link";a:2:{s:5:"title";s:17:"ללא כותרת";s:8:"edit_url";b:0;}}
a:6:{s:3:"row";i:65;s:7:"message";s:47:"Product with same SKU already exists. SKU: 7502";s:6:"status";b:0;s:10:"status_msg";s:14:"Failed/Skipped";s:7:"post_id";s:0:"";s:9:"post_link";a:2:{s:5:"title";s:17:"ללא כותרת";s:8:"edit_url";b:0;}}
a:6:{s:3:"row";i:66;s:7:"message";s:47:"Product with same SKU already exists. SKU: 7502";s:6:"status";b:0;s:10:"status_msg";s:14:"Failed/Skipped";s:7:"post_id";s:0:"";s:9:"post_link";a:2:{s:5:"title";s:17:"ללא כותרת";s:8:"edit_url";b:0;}}
a:6:{s:3:"row";i:67;s:7:"message";s:47:"Product with same SKU already exists. SKU: 7502";s:6:"status";b:0;s:10:"status_msg";s:14:"Failed/Skipped";s:7:"post_id";s:0:"";s:9:"post_link";a:2:{s:5:"title";s:17:"ללא כותרת";s:8:"edit_url";b:0;}}
a:6:{s:3:"row";i:68;s:7:"message";s:47:"Product with same SKU already exists. SKU: 7502";s:6:"status";b:0;s:10:"status_msg";s:14:"Failed/Skipped";s:7:"post_id";s:0:"";s:9:"post_link";a:2:{s:5:"title";s:17:"ללא כותרת";s:8:"edit_url";b:0;}}
a:6:{s:3:"row";i:69;s:7:"message";s:47:"Product with same SKU already exists. SKU: 6110";s:6:"status";b:0;s:10:"status_msg";s:14:"Failed/Skipped";s:7:"post_id";s:0:"";s:9:"post_link";a:2:{s:5:"title";s:17:"ללא כותרת";s:8:"edit_url";b:0;}}
a:6:{s:3:"row";i:70;s:7:"message";s:47:"Product with same SKU already exists. SKU: 6110";s:6:"status";b:0;s:10:"status_msg";s:14:"Failed/Skipped";s:7:"post_id";s:0:"";s:9:"post_link";a:2:{s:5:"title";s:17:"ללא כותרת";s:8:"edit_url";b:0;}}
a:6:{s:3:"row";i:71;s:7:"message";s:47:"Product with same SKU already exists. SKU: 6110";s:6:"status";b:0;s:10:"status_msg";s:14:"Failed/Skipped";s:7:"post_id";s:0:"";s:9:"post_link";a:2:{s:5:"title";s:17:"ללא כותרת";s:8:"edit_url";b:0;}}
a:6:{s:3:"row";i:72;s:7:"message";s:47:"Product with same SKU already exists. SKU: 6110";s:6:"status";b:0;s:10:"status_msg";s:14:"Failed/Skipped";s:7:"post_id";s:0:"";s:9:"post_link";a:2:{s:5:"title";s:17:"ללא כותרת";s:8:"edit_url";b:0;}}
a:6:{s:3:"row";i:73;s:7:"message";s:47:"Product with same SKU already exists. SKU: 6110";s:6:"status";b:0;s:10:"status_msg";s:14:"Failed/Skipped";s:7:"post_id";s:0:"";s:9:"post_link";a:2:{s:5:"title";s:17:"ללא כותרת";s:8:"edit_url";b:0;}}
a:6:{s:3:"row";i:74;s:7:"message";s:47:"Product with same SKU already exists. SKU: 6110";s:6:"status";b:0;s:10:"status_msg";s:14:"Failed/Skipped";s:7:"post_id";s:0:"";s:9:"post_link";a:2:{s:5:"title";s:17:"ללא כותרת";s:8:"edit_url";b:0;}}
a:6:{s:3:"row";i:75;s:7:"message";s:47:"Product with same SKU already exists. SKU: 6110";s:6:"status";b:0;s:10:"status_msg";s:14:"Failed/Skipped";s:7:"post_id";s:0:"";s:9:"post_link";a:2:{s:5:"title";s:17:"ללא כותרת";s:8:"edit_url";b:0;}}
a:6:{s:3:"row";i:76;s:7:"message";s:47:"Product with same SKU already exists. SKU: 6110";s:6:"status";b:0;s:10:"status_msg";s:14:"Failed/Skipped";s:7:"post_id";s:0:"";s:9:"post_link";a:2:{s:5:"title";s:17:"ללא כותרת";s:8:"edit_url";b:0;}}
a:6:{s:3:"row";i:77;s:7:"message";s:30:"Product imported successfully.";s:6:"status";b:1;s:10:"status_msg";s:7:"Success";s:7:"post_id";i:335;s:9:"post_link";a:2:{s:8:"edit_url";s:65:"https://sefertov.co.il/wp-admin/post.php?post=335&amp;action=edit";s:5:"title";s:20:"One Day and 90 Years";}}
a:6:{s:3:"row";i:78;s:7:"message";s:30:"Product imported successfully.";s:6:"status";b:1;s:10:"status_msg";s:7:"Success";s:7:"post_id";i:336;s:9:"post_link";a:2:{s:8:"edit_url";s:65:"https://sefertov.co.il/wp-admin/post.php?post=336&amp;action=edit";s:5:"title";s:98:"מפגשים בתרבות הערבית-היהודית של ימי הביניים (תעודה יד)";}}
a:6:{s:3:"row";i:79;s:7:"message";s:47:"Product with same SKU already exists. SKU: 6305";s:6:"status";b:0;s:10:"status_msg";s:14:"Failed/Skipped";s:7:"post_id";s:0:"";s:9:"post_link";a:2:{s:5:"title";s:17:"ללא כותרת";s:8:"edit_url";b:0;}}
a:6:{s:3:"row";i:80;s:7:"message";s:47:"Product with same SKU already exists. SKU: 7910";s:6:"status";b:0;s:10:"status_msg";s:14:"Failed/Skipped";s:7:"post_id";s:0:"";s:9:"post_link";a:2:{s:5:"title";s:17:"ללא כותרת";s:8:"edit_url";b:0;}}
a:6:{s:3:"row";i:81;s:7:"message";s:47:"Product with same SKU already exists. SKU: 7910";s:6:"status";b:0;s:10:"status_msg";s:14:"Failed/Skipped";s:7:"post_id";s:0:"";s:9:"post_link";a:2:{s:5:"title";s:17:"ללא כותרת";s:8:"edit_url";b:0;}}
a:6:{s:3:"row";i:82;s:7:"message";s:47:"Product with same SKU already exists. SKU: 7910";s:6:"status";b:0;s:10:"status_msg";s:14:"Failed/Skipped";s:7:"post_id";s:0:"";s:9:"post_link";a:2:{s:5:"title";s:17:"ללא כותרת";s:8:"edit_url";b:0;}}
a:6:{s:3:"row";i:83;s:7:"message";s:47:"Product with same SKU already exists. SKU: 7910";s:6:"status";b:0;s:10:"status_msg";s:14:"Failed/Skipped";s:7:"post_id";s:0:"";s:9:"post_link";a:2:{s:5:"title";s:17:"ללא כותרת";s:8:"edit_url";b:0;}}
a:6:{s:3:"row";i:84;s:7:"message";s:47:"Product with same SKU already exists. SKU: 7910";s:6:"status";b:0;s:10:"status_msg";s:14:"Failed/Skipped";s:7:"post_id";s:0:"";s:9:"post_link";a:2:{s:5:"title";s:17:"ללא כותרת";s:8:"edit_url";b:0;}}
a:6:{s:3:"row";i:85;s:7:"message";s:47:"Product with same SKU already exists. SKU: 7910";s:6:"status";b:0;s:10:"status_msg";s:14:"Failed/Skipped";s:7:"post_id";s:0:"";s:9:"post_link";a:2:{s:5:"title";s:17:"ללא כותרת";s:8:"edit_url";b:0;}}
a:6:{s:3:"row";i:86;s:7:"message";s:30:"Product imported successfully.";s:6:"status";b:1;s:10:"status_msg";s:7:"Success";s:7:"post_id";i:337;s:9:"post_link";a:2:{s:8:"edit_url";s:65:"https://sefertov.co.il/wp-admin/post.php?post=337&amp;action=edit";s:5:"title";s:98:"מפתח למוספים ולמדורים הספרותיים, תשנ&quot;ב,ג,ד,ז; 4 כרכים";}}
a:6:{s:3:"row";i:87;s:7:"message";s:47:"Product with same SKU already exists. SKU: 7902";s:6:"status";b:0;s:10:"status_msg";s:14:"Failed/Skipped";s:7:"post_id";s:0:"";s:9:"post_link";a:2:{s:5:"title";s:17:"ללא כותרת";s:8:"edit_url";b:0;}}
a:6:{s:3:"row";i:88;s:7:"message";s:47:"Product with same SKU already exists. SKU: 7502";s:6:"status";b:0;s:10:"status_msg";s:14:"Failed/Skipped";s:7:"post_id";s:0:"";s:9:"post_link";a:2:{s:5:"title";s:17:"ללא כותרת";s:8:"edit_url";b:0;}}
a:6:{s:3:"row";i:89;s:7:"message";s:47:"Product with same SKU already exists. SKU: 7902";s:6:"status";b:0;s:10:"status_msg";s:14:"Failed/Skipped";s:7:"post_id";s:0:"";s:9:"post_link";a:2:{s:5:"title";s:17:"ללא כותרת";s:8:"edit_url";b:0;}}
a:6:{s:3:"row";i:90;s:7:"message";s:47:"Product with same SKU already exists. SKU: 7902";s:6:"status";b:0;s:10:"status_msg";s:14:"Failed/Skipped";s:7:"post_id";s:0:"";s:9:"post_link";a:2:{s:5:"title";s:17:"ללא כותרת";s:8:"edit_url";b:0;}}
a:6:{s:3:"row";i:91;s:7:"message";s:47:"Product with same SKU already exists. SKU: 7502";s:6:"status";b:0;s:10:"status_msg";s:14:"Failed/Skipped";s:7:"post_id";s:0:"";s:9:"post_link";a:2:{s:5:"title";s:17:"ללא כותרת";s:8:"edit_url";b:0;}}
a:6:{s:3:"row";i:92;s:7:"message";s:47:"Product with same SKU already exists. SKU: 7902";s:6:"status";b:0;s:10:"status_msg";s:14:"Failed/Skipped";s:7:"post_id";s:0:"";s:9:"post_link";a:2:{s:5:"title";s:17:"ללא כותרת";s:8:"edit_url";b:0;}}
a:6:{s:3:"row";i:93;s:7:"message";s:47:"Product with same SKU already exists. SKU: 7502";s:6:"status";b:0;s:10:"status_msg";s:14:"Failed/Skipped";s:7:"post_id";s:0:"";s:9:"post_link";a:2:{s:5:"title";s:17:"ללא כותרת";s:8:"edit_url";b:0;}}
a:6:{s:3:"row";i:94;s:7:"message";s:47:"Product with same SKU already exists. SKU: 7502";s:6:"status";b:0;s:10:"status_msg";s:14:"Failed/Skipped";s:7:"post_id";s:0:"";s:9:"post_link";a:2:{s:5:"title";s:17:"ללא כותרת";s:8:"edit_url";b:0;}}
a:6:{s:3:"row";i:95;s:7:"message";s:47:"Product with same SKU already exists. SKU: 7502";s:6:"status";b:0;s:10:"status_msg";s:14:"Failed/Skipped";s:7:"post_id";s:0:"";s:9:"post_link";a:2:{s:5:"title";s:17:"ללא כותרת";s:8:"edit_url";b:0;}}
a:6:{s:3:"row";i:96;s:7:"message";s:47:"Product with same SKU already exists. SKU: 7502";s:6:"status";b:0;s:10:"status_msg";s:14:"Failed/Skipped";s:7:"post_id";s:0:"";s:9:"post_link";a:2:{s:5:"title";s:17:"ללא כותרת";s:8:"edit_url";b:0;}}
a:6:{s:3:"row";i:97;s:7:"message";s:47:"Product with same SKU already exists. SKU: 7502";s:6:"status";b:0;s:10:"status_msg";s:14:"Failed/Skipped";s:7:"post_id";s:0:"";s:9:"post_link";a:2:{s:5:"title";s:17:"ללא כותרת";s:8:"edit_url";b:0;}}
a:6:{s:3:"row";i:98;s:7:"message";s:47:"Product with same SKU already exists. SKU: 7502";s:6:"status";b:0;s:10:"status_msg";s:14:"Failed/Skipped";s:7:"post_id";s:0:"";s:9:"post_link";a:2:{s:5:"title";s:17:"ללא כותרת";s:8:"edit_url";b:0;}}
a:6:{s:3:"row";i:99;s:7:"message";s:30:"Product imported successfully.";s:6:"status";b:1;s:10:"status_msg";s:7:"Success";s:7:"post_id";i:338;s:9:"post_link";a:2:{s:8:"edit_url";s:65:"https://sefertov.co.il/wp-admin/post.php?post=338&amp;action=edit";s:5:"title";s:68:"Prospects of Investment in the W.Bank Northern Governorates (Arabic)";}}
a:6:{s:3:"row";i:100;s:7:"message";s:30:"Product imported successfully.";s:6:"status";b:1;s:10:"status_msg";s:7:"Success";s:7:"post_id";i:339;s:9:"post_link";a:2:{s:8:"edit_url";s:65:"https://sefertov.co.il/wp-admin/post.php?post=339&amp;action=edit";s:5:"title";s:48:"Water &#038; Environment:Feb.98 (Arabic-English)";}}
