2023-06-21T10:15:07+00:00 CRITICAL Uncaught ValueError: fgetcsv(): Argument #3 ($separator) must be a single character in /home/sefe1yec/domains/sefertov.co.il/public_html/wp-content/plugins/wt-import-export-for-woo/admin/classes/class-csvreader.php:50
Stack trace:
#0 /home/sefe1yec/domains/sefertov.co.il/public_html/wp-content/plugins/wt-import-export-for-woo/admin/classes/class-csvreader.php(50): fgetcsv()
#1 /home/sefe1yec/domains/sefertov.co.il/public_html/wp-content/plugins/wt-import-export-for-woo/admin/modules/import/classes/class-import-ajax.php(803): Wt_Import_Export_For_Woo_Csvreader->get_sample_data()
#2 /home/sefe1yec/domains/sefertov.co.il/public_html/wp-content/plugins/wt-import-export-for-woo/admin/modules/import/classes/class-import-ajax.php(82): Wt_Import_Export_For_Woo_Import_Ajax->mapping_page()
#3 /home/sefe1yec/domains/sefertov.co.il/public_html/wp-content/plugins/wt-import-export-for-woo/admin/modules/import/import.php(1666): Wt_Import_Export_For_Woo_Import_Ajax->get_steps()
#4 /home/sefe1yec/domains/sefertov.co.il/public_html/wp-includes/class-wp-hook.php(308): Wt_Import_Export_For_Woo_Import->ajax_main()
#5 /home/sefe1yec/domains/sefertov.co.il/public_html/wp-includes/class-wp-hook.php(332): WP_Hook->apply_filters()
#6 /home/sefe1yec/domains/sefertov.co.il/public_html/wp-includes/plugin.php(517): WP_Hook->do_action()
#7 /home/sefe1yec/domains/sefertov.co.il/public_html/wp-admin/admin-ajax.php(188): do_action()
#8 {main}
  thrown בקובץ /home/sefe1yec/domains/sefertov.co.il/public_html/wp-content/plugins/wt-import-export-for-woo/admin/classes/class-csvreader.php בשורה 50

2023-06-21T10:16:09+00:00 CRITICAL Uncaught ValueError: fgetcsv(): Argument #3 ($separator) must be a single character in /home/sefe1yec/domains/sefertov.co.il/public_html/wp-content/plugins/wt-import-export-for-woo/admin/classes/class-csvreader.php:50
Stack trace:
#0 /home/sefe1yec/domains/sefertov.co.il/public_html/wp-content/plugins/wt-import-export-for-woo/admin/classes/class-csvreader.php(50): fgetcsv()
#1 /home/sefe1yec/domains/sefertov.co.il/public_html/wp-content/plugins/wt-import-export-for-woo/admin/modules/import/classes/class-import-ajax.php(803): Wt_Import_Export_For_Woo_Csvreader->get_sample_data()
#2 /home/sefe1yec/domains/sefertov.co.il/public_html/wp-content/plugins/wt-import-export-for-woo/admin/modules/import/classes/class-import-ajax.php(82): Wt_Import_Export_For_Woo_Import_Ajax->mapping_page()
#3 /home/sefe1yec/domains/sefertov.co.il/public_html/wp-content/plugins/wt-import-export-for-woo/admin/modules/import/import.php(1666): Wt_Import_Export_For_Woo_Import_Ajax->get_steps()
#4 /home/sefe1yec/domains/sefertov.co.il/public_html/wp-includes/class-wp-hook.php(308): Wt_Import_Export_For_Woo_Import->ajax_main()
#5 /home/sefe1yec/domains/sefertov.co.il/public_html/wp-includes/class-wp-hook.php(332): WP_Hook->apply_filters()
#6 /home/sefe1yec/domains/sefertov.co.il/public_html/wp-includes/plugin.php(517): WP_Hook->do_action()
#7 /home/sefe1yec/domains/sefertov.co.il/public_html/wp-admin/admin-ajax.php(188): do_action()
#8 {main}
  thrown בקובץ /home/sefe1yec/domains/sefertov.co.il/public_html/wp-content/plugins/wt-import-export-for-woo/admin/classes/class-csvreader.php בשורה 50

