2023-07-01T17:39:44+00:00 CRITICAL Uncaught Error: Call to undefined function ElementorPro\Modules\Woocommerce\Widgets\wc_print_notices() in /home/sefe1yec/domains/sefertov.co.il/public_html/wp-content/plugins/elementor-pro/modules/woocommerce/widgets/products.php:336
Stack trace:
#0 /home/sefe1yec/domains/sefertov.co.il/public_html/wp-content/plugins/elementor/includes/base/controls-stack.php(2268): ElementorPro\Modules\Woocommerce\Widgets\Products->render()
#1 /home/sefe1yec/domains/sefertov.co.il/public_html/wp-content/plugins/elementor/includes/base/widget-base.php(609): Elementor\Controls_Stack->render_by_mode()
#2 /home/sefe1yec/domains/sefertov.co.il/public_html/wp-content/plugins/elementor/includes/base/widget-base.php(750): Elementor\Widget_Base->render_content()
#3 /home/sefe1yec/domains/sefertov.co.il/public_html/wp-content/plugins/elementor/includes/base/element-base.php(449): Elementor\Widget_Base->print_content()
#4 /home/sefe1yec/domains/sefertov.co.il/public_html/wp-content/plugins/elementor/includes/base/element-base.php(1354): Elementor\Element_Base->print_element()
#5 /home/sefe1yec/domains/sefertov.co.il/public_html/wp-content/plugins/elementor/includes/base/element-base.php(449): Elementor\Element_Base->print_content()
#6 /home/sefe1yec/domains/sefertov.co.il/public_html/wp-content/plugins/elementor/includes/base/element-base.php(1354): Elementor\Element_Base->print_element()
#7 /home/sefe1yec/domains/sefertov.co.il/public_html/wp-content/plugins/elementor/includes/base/element-base.php(449): Elementor\Element_Base->print_content()
#8 /home/sefe1yec/domains/sefertov.co.il/public_html/wp-content/plugins/elementor/core/base/document.php(1711): Elementor\Element_Base->print_element()
#9 /home/sefe1yec/domains/sefertov.co.il/public_html/wp-content/plugins/elementor/core/base/document.php(1106): Elementor\Core\Base\Document->print_elements()
#10 /home/sefe1yec/domains/sefertov.co.il/public_html/wp-content/plugins/elementor/includes/frontend.php(1179): Elementor\Core\Base\Document->print_elements_with_wrapper()
#11 /home/sefe1yec/domains/sefertov.co.il/public_html/wp-content/plugins/elementor/includes/frontend.php(1074): Elementor\Frontend->get_builder_content()
#12 /home/sefe1yec/domains/sefertov.co.il/public_html/wp-includes/class-wp-hook.php(308): Elementor\Frontend->apply_builder_in_content()
#13 /home/sefe1yec/domains/sefertov.co.il/public_html/wp-includes/plugin.php(205): WP_Hook->apply_filters()
#14 /home/sefe1yec/domains/sefertov.co.il/public_html/wp-includes/rest-api/endpoints/class-wp-rest-posts-controller.php(1860): apply_filters()
#15 /home/sefe1yec/domains/sefertov.co.il/public_html/wp-includes/rest-api/endpoints/class-wp-rest-posts-controller.php(569): WP_REST_Posts_Controller->prepare_item_for_response()
#16 /home/sefe1yec/domains/sefertov.co.il/public_html/wp-includes/rest-api/class-wp-rest-server.php(1181): WP_REST_Posts_Controller->get_item()
#17 /home/sefe1yec/domains/sefertov.co.il/public_html/wp-includes/rest-api/class-wp-rest-server.php(1028): WP_REST_Server->respond_to_request()
#18 /home/sefe1yec/domains/sefertov.co.il/public_html/wp-includes/rest-api/class-wp-rest-server.php(442): WP_REST_Server->dispatch()
#19 /home/sefe1yec/domains/sefertov.co.il/public_html/wp-includes/rest-api.php(410): WP_REST_Server->serve_request()
#20 /home/sefe1yec/domains/sefertov.co.il/public_html/wp-includes/class-wp-hook.php(308): rest_api_loaded()
#21 /home/sefe1yec/domains/sefertov.co.il/public_html/wp-includes/class-wp-hook.php(332): WP_Hook->apply_filters()
#22 /home/sefe1yec/domains/sefertov.co.il/public_html/wp-includes/plugin.php(565): WP_Hook->do_action()
#23 /home/sefe1yec/domains/sefertov.co.il/public_html/wp-includes/class-wp.php(399): do_action_ref_array()
#24 /home/sefe1yec/domains/sefertov.co.il/public_html/wp-includes/class-wp.php(780): WP->parse_request()
#25 /home/sefe1yec/domains/sefertov.co.il/public_html/wp-includes/functions.php(1334): WP->main()
#26 /home/sefe1yec/domains/sefertov.co.il/public_html/wp-blog-header.php(16): wp()
#27 /home/sefe1yec/domains/sefertov.co.il/public_html/index.php(17): require('...')
#28 {main}
  thrown בקובץ /home/sefe1yec/domains/sefertov.co.il/public_html/wp-content/plugins/elementor-pro/modules/woocommerce/widgets/products.php בשורה 336

2023-07-01T17:39:44+00:00 CRITICAL Uncaught Error: Call to undefined function ElementorPro\Modules\Woocommerce\Widgets\wc_print_notices() in /home/sefe1yec/domains/sefertov.co.il/public_html/wp-content/plugins/elementor-pro/modules/woocommerce/widgets/products.php:336
Stack trace:
#0 /home/sefe1yec/domains/sefertov.co.il/public_html/wp-content/plugins/elementor/includes/base/controls-stack.php(2268): ElementorPro\Modules\Woocommerce\Widgets\Products->render()
#1 /home/sefe1yec/domains/sefertov.co.il/public_html/wp-content/plugins/elementor/includes/base/widget-base.php(609): Elementor\Controls_Stack->render_by_mode()
#2 /home/sefe1yec/domains/sefertov.co.il/public_html/wp-content/plugins/elementor/includes/base/widget-base.php(750): Elementor\Widget_Base->render_content()
#3 /home/sefe1yec/domains/sefertov.co.il/public_html/wp-content/plugins/elementor/includes/base/element-base.php(449): Elementor\Widget_Base->print_content()
#4 /home/sefe1yec/domains/sefertov.co.il/public_html/wp-content/plugins/elementor/includes/base/element-base.php(1354): Elementor\Element_Base->print_element()
#5 /home/sefe1yec/domains/sefertov.co.il/public_html/wp-content/plugins/elementor/includes/base/element-base.php(449): Elementor\Element_Base->print_content()
#6 /home/sefe1yec/domains/sefertov.co.il/public_html/wp-content/plugins/elementor/includes/base/element-base.php(1354): Elementor\Element_Base->print_element()
#7 /home/sefe1yec/domains/sefertov.co.il/public_html/wp-content/plugins/elementor/includes/base/element-base.php(449): Elementor\Element_Base->print_content()
#8 /home/sefe1yec/domains/sefertov.co.il/public_html/wp-content/plugins/elementor/core/base/document.php(1711): Elementor\Element_Base->print_element()
#9 /home/sefe1yec/domains/sefertov.co.il/public_html/wp-content/plugins/elementor/core/base/document.php(1106): Elementor\Core\Base\Document->print_elements()
#10 /home/sefe1yec/domains/sefertov.co.il/public_html/wp-content/plugins/elementor/includes/frontend.php(1179): Elementor\Core\Base\Document->print_elements_with_wrapper()
#11 /home/sefe1yec/domains/sefertov.co.il/public_html/wp-content/plugins/elementor/includes/frontend.php(1074): Elementor\Frontend->get_builder_content()
#12 /home/sefe1yec/domains/sefertov.co.il/public_html/wp-includes/class-wp-hook.php(308): Elementor\Frontend->apply_builder_in_content()
#13 /home/sefe1yec/domains/sefertov.co.il/public_html/wp-includes/plugin.php(205): WP_Hook->apply_filters()
#14 /home/sefe1yec/domains/sefertov.co.il/public_html/wp-includes/rest-api/endpoints/class-wp-rest-posts-controller.php(1860): apply_filters()
#15 /home/sefe1yec/domains/sefertov.co.il/public_html/wp-includes/rest-api/endpoints/class-wp-rest-posts-controller.php(569): WP_REST_Posts_Controller->prepare_item_for_response()
#16 /home/sefe1yec/domains/sefertov.co.il/public_html/wp-includes/rest-api/class-wp-rest-server.php(1181): WP_REST_Posts_Controller->get_item()
#17 /home/sefe1yec/domains/sefertov.co.il/public_html/wp-includes/rest-api/class-wp-rest-server.php(1028): WP_REST_Server->respond_to_request()
#18 /home/sefe1yec/domains/sefertov.co.il/public_html/wp-includes/rest-api/class-wp-rest-server.php(442): WP_REST_Server->dispatch()
#19 /home/sefe1yec/domains/sefertov.co.il/public_html/wp-includes/rest-api.php(410): WP_REST_Server->serve_request()
#20 /home/sefe1yec/domains/sefertov.co.il/public_html/wp-includes/class-wp-hook.php(308): rest_api_loaded()
#21 /home/sefe1yec/domains/sefertov.co.il/public_html/wp-includes/class-wp-hook.php(332): WP_Hook->apply_filters()
#22 /home/sefe1yec/domains/sefertov.co.il/public_html/wp-includes/plugin.php(565): WP_Hook->do_action()
#23 /home/sefe1yec/domains/sefertov.co.il/public_html/wp-includes/class-wp.php(399): do_action_ref_array()
#24 /home/sefe1yec/domains/sefertov.co.il/public_html/wp-includes/class-wp.php(780): WP->parse_request()
#25 /home/sefe1yec/domains/sefertov.co.il/public_html/wp-includes/functions.php(1334): WP->main()
#26 /home/sefe1yec/domains/sefertov.co.il/public_html/wp-blog-header.php(16): wp()
#27 /home/sefe1yec/domains/sefertov.co.il/public_html/index.php(17): require('...')
#28 {main}
  thrown בקובץ /home/sefe1yec/domains/sefertov.co.il/public_html/wp-content/plugins/elementor-pro/modules/woocommerce/widgets/products.php בשורה 336

2023-07-01T17:39:45+00:00 CRITICAL Uncaught Error: Call to undefined function ElementorPro\Modules\Woocommerce\Widgets\wc_print_notices() in /home/sefe1yec/domains/sefertov.co.il/public_html/wp-content/plugins/elementor-pro/modules/woocommerce/widgets/products.php:336
Stack trace:
#0 /home/sefe1yec/domains/sefertov.co.il/public_html/wp-content/plugins/elementor/includes/base/controls-stack.php(2268): ElementorPro\Modules\Woocommerce\Widgets\Products->render()
#1 /home/sefe1yec/domains/sefertov.co.il/public_html/wp-content/plugins/elementor/includes/base/widget-base.php(609): Elementor\Controls_Stack->render_by_mode()
#2 /home/sefe1yec/domains/sefertov.co.il/public_html/wp-content/plugins/elementor/includes/base/widget-base.php(750): Elementor\Widget_Base->render_content()
#3 /home/sefe1yec/domains/sefertov.co.il/public_html/wp-content/plugins/elementor/includes/base/element-base.php(449): Elementor\Widget_Base->print_content()
#4 /home/sefe1yec/domains/sefertov.co.il/public_html/wp-content/plugins/elementor/includes/base/element-base.php(1354): Elementor\Element_Base->print_element()
#5 /home/sefe1yec/domains/sefertov.co.il/public_html/wp-content/plugins/elementor/includes/base/element-base.php(449): Elementor\Element_Base->print_content()
#6 /home/sefe1yec/domains/sefertov.co.il/public_html/wp-content/plugins/elementor/includes/base/element-base.php(1354): Elementor\Element_Base->print_element()
#7 /home/sefe1yec/domains/sefertov.co.il/public_html/wp-content/plugins/elementor/includes/base/element-base.php(449): Elementor\Element_Base->print_content()
#8 /home/sefe1yec/domains/sefertov.co.il/public_html/wp-content/plugins/elementor/core/base/document.php(1711): Elementor\Element_Base->print_element()
#9 /home/sefe1yec/domains/sefertov.co.il/public_html/wp-content/plugins/elementor/core/base/document.php(1106): Elementor\Core\Base\Document->print_elements()
#10 /home/sefe1yec/domains/sefertov.co.il/public_html/wp-content/plugins/elementor/includes/frontend.php(1179): Elementor\Core\Base\Document->print_elements_with_wrapper()
#11 /home/sefe1yec/domains/sefertov.co.il/public_html/wp-content/plugins/elementor/includes/frontend.php(1074): Elementor\Frontend->get_builder_content()
#12 /home/sefe1yec/domains/sefertov.co.il/public_html/wp-includes/class-wp-hook.php(308): Elementor\Frontend->apply_builder_in_content()
#13 /home/sefe1yec/domains/sefertov.co.il/public_html/wp-includes/plugin.php(205): WP_Hook->apply_filters()
#14 /home/sefe1yec/domains/sefertov.co.il/public_html/wp-includes/rest-api/endpoints/class-wp-rest-posts-controller.php(1860): apply_filters()
#15 /home/sefe1yec/domains/sefertov.co.il/public_html/wp-includes/rest-api/endpoints/class-wp-rest-posts-controller.php(569): WP_REST_Posts_Controller->prepare_item_for_response()
#16 /home/sefe1yec/domains/sefertov.co.il/public_html/wp-includes/rest-api/class-wp-rest-server.php(1181): WP_REST_Posts_Controller->get_item()
#17 /home/sefe1yec/domains/sefertov.co.il/public_html/wp-includes/rest-api/class-wp-rest-server.php(1028): WP_REST_Server->respond_to_request()
#18 /home/sefe1yec/domains/sefertov.co.il/public_html/wp-includes/rest-api/class-wp-rest-server.php(442): WP_REST_Server->dispatch()
#19 /home/sefe1yec/domains/sefertov.co.il/public_html/wp-includes/rest-api.php(410): WP_REST_Server->serve_request()
#20 /home/sefe1yec/domains/sefertov.co.il/public_html/wp-includes/class-wp-hook.php(308): rest_api_loaded()
#21 /home/sefe1yec/domains/sefertov.co.il/public_html/wp-includes/class-wp-hook.php(332): WP_Hook->apply_filters()
#22 /home/sefe1yec/domains/sefertov.co.il/public_html/wp-includes/plugin.php(565): WP_Hook->do_action()
#23 /home/sefe1yec/domains/sefertov.co.il/public_html/wp-includes/class-wp.php(399): do_action_ref_array()
#24 /home/sefe1yec/domains/sefertov.co.il/public_html/wp-includes/class-wp.php(780): WP->parse_request()
#25 /home/sefe1yec/domains/sefertov.co.il/public_html/wp-includes/functions.php(1334): WP->main()
#26 /home/sefe1yec/domains/sefertov.co.il/public_html/wp-blog-header.php(16): wp()
#27 /home/sefe1yec/domains/sefertov.co.il/public_html/index.php(17): require('...')
#28 {main}
  thrown בקובץ /home/sefe1yec/domains/sefertov.co.il/public_html/wp-content/plugins/elementor-pro/modules/woocommerce/widgets/products.php בשורה 336

2023-07-01T17:39:46+00:00 CRITICAL Uncaught Error: Call to undefined function ElementorPro\Modules\Woocommerce\Widgets\wc_print_notices() in /home/sefe1yec/domains/sefertov.co.il/public_html/wp-content/plugins/elementor-pro/modules/woocommerce/widgets/products.php:336
Stack trace:
#0 /home/sefe1yec/domains/sefertov.co.il/public_html/wp-content/plugins/elementor/includes/base/controls-stack.php(2268): ElementorPro\Modules\Woocommerce\Widgets\Products->render()
#1 /home/sefe1yec/domains/sefertov.co.il/public_html/wp-content/plugins/elementor/includes/base/widget-base.php(609): Elementor\Controls_Stack->render_by_mode()
#2 /home/sefe1yec/domains/sefertov.co.il/public_html/wp-content/plugins/elementor/includes/base/widget-base.php(750): Elementor\Widget_Base->render_content()
#3 /home/sefe1yec/domains/sefertov.co.il/public_html/wp-content/plugins/elementor/includes/base/element-base.php(449): Elementor\Widget_Base->print_content()
#4 /home/sefe1yec/domains/sefertov.co.il/public_html/wp-content/plugins/elementor/includes/base/element-base.php(1354): Elementor\Element_Base->print_element()
#5 /home/sefe1yec/domains/sefertov.co.il/public_html/wp-content/plugins/elementor/includes/base/element-base.php(449): Elementor\Element_Base->print_content()
#6 /home/sefe1yec/domains/sefertov.co.il/public_html/wp-content/plugins/elementor/includes/base/element-base.php(1354): Elementor\Element_Base->print_element()
#7 /home/sefe1yec/domains/sefertov.co.il/public_html/wp-content/plugins/elementor/includes/base/element-base.php(449): Elementor\Element_Base->print_content()
#8 /home/sefe1yec/domains/sefertov.co.il/public_html/wp-content/plugins/elementor/core/base/document.php(1711): Elementor\Element_Base->print_element()
#9 /home/sefe1yec/domains/sefertov.co.il/public_html/wp-content/plugins/elementor/core/base/document.php(1106): Elementor\Core\Base\Document->print_elements()
#10 /home/sefe1yec/domains/sefertov.co.il/public_html/wp-content/plugins/elementor/includes/frontend.php(1179): Elementor\Core\Base\Document->print_elements_with_wrapper()
#11 /home/sefe1yec/domains/sefertov.co.il/public_html/wp-content/plugins/elementor/includes/frontend.php(1074): Elementor\Frontend->get_builder_content()
#12 /home/sefe1yec/domains/sefertov.co.il/public_html/wp-includes/class-wp-hook.php(308): Elementor\Frontend->apply_builder_in_content()
#13 /home/sefe1yec/domains/sefertov.co.il/public_html/wp-includes/plugin.php(205): WP_Hook->apply_filters()
#14 /home/sefe1yec/domains/sefertov.co.il/public_html/wp-includes/rest-api/endpoints/class-wp-rest-posts-controller.php(1860): apply_filters()
#15 /home/sefe1yec/domains/sefertov.co.il/public_html/wp-includes/rest-api/endpoints/class-wp-rest-posts-controller.php(569): WP_REST_Posts_Controller->prepare_item_for_response()
#16 /home/sefe1yec/domains/sefertov.co.il/public_html/wp-includes/rest-api/class-wp-rest-server.php(1181): WP_REST_Posts_Controller->get_item()
#17 /home/sefe1yec/domains/sefertov.co.il/public_html/wp-includes/rest-api/class-wp-rest-server.php(1028): WP_REST_Server->respond_to_request()
#18 /home/sefe1yec/domains/sefertov.co.il/public_html/wp-includes/rest-api/class-wp-rest-server.php(442): WP_REST_Server->dispatch()
#19 /home/sefe1yec/domains/sefertov.co.il/public_html/wp-includes/rest-api.php(410): WP_REST_Server->serve_request()
#20 /home/sefe1yec/domains/sefertov.co.il/public_html/wp-includes/class-wp-hook.php(308): rest_api_loaded()
#21 /home/sefe1yec/domains/sefertov.co.il/public_html/wp-includes/class-wp-hook.php(332): WP_Hook->apply_filters()
#22 /home/sefe1yec/domains/sefertov.co.il/public_html/wp-includes/plugin.php(565): WP_Hook->do_action()
#23 /home/sefe1yec/domains/sefertov.co.il/public_html/wp-includes/class-wp.php(399): do_action_ref_array()
#24 /home/sefe1yec/domains/sefertov.co.il/public_html/wp-includes/class-wp.php(780): WP->parse_request()
#25 /home/sefe1yec/domains/sefertov.co.il/public_html/wp-includes/functions.php(1334): WP->main()
#26 /home/sefe1yec/domains/sefertov.co.il/public_html/wp-blog-header.php(16): wp()
#27 /home/sefe1yec/domains/sefertov.co.il/public_html/index.php(17): require('...')
#28 {main}
  thrown בקובץ /home/sefe1yec/domains/sefertov.co.il/public_html/wp-content/plugins/elementor-pro/modules/woocommerce/widgets/products.php בשורה 336

2023-07-01T17:39:46+00:00 CRITICAL Uncaught Error: Call to undefined function ElementorPro\Modules\Woocommerce\Widgets\wc_print_notices() in /home/sefe1yec/domains/sefertov.co.il/public_html/wp-content/plugins/elementor-pro/modules/woocommerce/widgets/products.php:336
Stack trace:
#0 /home/sefe1yec/domains/sefertov.co.il/public_html/wp-content/plugins/elementor/includes/base/controls-stack.php(2268): ElementorPro\Modules\Woocommerce\Widgets\Products->render()
#1 /home/sefe1yec/domains/sefertov.co.il/public_html/wp-content/plugins/elementor/includes/base/widget-base.php(609): Elementor\Controls_Stack->render_by_mode()
#2 /home/sefe1yec/domains/sefertov.co.il/public_html/wp-content/plugins/elementor/includes/base/widget-base.php(750): Elementor\Widget_Base->render_content()
#3 /home/sefe1yec/domains/sefertov.co.il/public_html/wp-content/plugins/elementor/includes/base/element-base.php(449): Elementor\Widget_Base->print_content()
#4 /home/sefe1yec/domains/sefertov.co.il/public_html/wp-content/plugins/elementor/includes/base/element-base.php(1354): Elementor\Element_Base->print_element()
#5 /home/sefe1yec/domains/sefertov.co.il/public_html/wp-content/plugins/elementor/includes/base/element-base.php(449): Elementor\Element_Base->print_content()
#6 /home/sefe1yec/domains/sefertov.co.il/public_html/wp-content/plugins/elementor/includes/base/element-base.php(1354): Elementor\Element_Base->print_element()
#7 /home/sefe1yec/domains/sefertov.co.il/public_html/wp-content/plugins/elementor/includes/base/element-base.php(449): Elementor\Element_Base->print_content()
#8 /home/sefe1yec/domains/sefertov.co.il/public_html/wp-content/plugins/elementor/core/base/document.php(1711): Elementor\Element_Base->print_element()
#9 /home/sefe1yec/domains/sefertov.co.il/public_html/wp-content/plugins/elementor/core/base/document.php(1106): Elementor\Core\Base\Document->print_elements()
#10 /home/sefe1yec/domains/sefertov.co.il/public_html/wp-content/plugins/elementor/includes/frontend.php(1179): Elementor\Core\Base\Document->print_elements_with_wrapper()
#11 /home/sefe1yec/domains/sefertov.co.il/public_html/wp-content/plugins/elementor/includes/frontend.php(1074): Elementor\Frontend->get_builder_content()
#12 /home/sefe1yec/domains/sefertov.co.il/public_html/wp-includes/class-wp-hook.php(308): Elementor\Frontend->apply_builder_in_content()
#13 /home/sefe1yec/domains/sefertov.co.il/public_html/wp-includes/plugin.php(205): WP_Hook->apply_filters()
#14 /home/sefe1yec/domains/sefertov.co.il/public_html/wp-includes/rest-api/endpoints/class-wp-rest-posts-controller.php(1860): apply_filters()
#15 /home/sefe1yec/domains/sefertov.co.il/public_html/wp-includes/rest-api/endpoints/class-wp-rest-posts-controller.php(569): WP_REST_Posts_Controller->prepare_item_for_response()
#16 /home/sefe1yec/domains/sefertov.co.il/public_html/wp-includes/rest-api/class-wp-rest-server.php(1181): WP_REST_Posts_Controller->get_item()
#17 /home/sefe1yec/domains/sefertov.co.il/public_html/wp-includes/rest-api/class-wp-rest-server.php(1028): WP_REST_Server->respond_to_request()
#18 /home/sefe1yec/domains/sefertov.co.il/public_html/wp-includes/rest-api/class-wp-rest-server.php(442): WP_REST_Server->dispatch()
#19 /home/sefe1yec/domains/sefertov.co.il/public_html/wp-includes/rest-api.php(410): WP_REST_Server->serve_request()
#20 /home/sefe1yec/domains/sefertov.co.il/public_html/wp-includes/class-wp-hook.php(308): rest_api_loaded()
#21 /home/sefe1yec/domains/sefertov.co.il/public_html/wp-includes/class-wp-hook.php(332): WP_Hook->apply_filters()
#22 /home/sefe1yec/domains/sefertov.co.il/public_html/wp-includes/plugin.php(565): WP_Hook->do_action()
#23 /home/sefe1yec/domains/sefertov.co.il/public_html/wp-includes/class-wp.php(399): do_action_ref_array()
#24 /home/sefe1yec/domains/sefertov.co.il/public_html/wp-includes/class-wp.php(780): WP->parse_request()
#25 /home/sefe1yec/domains/sefertov.co.il/public_html/wp-includes/functions.php(1334): WP->main()
#26 /home/sefe1yec/domains/sefertov.co.il/public_html/wp-blog-header.php(16): wp()
#27 /home/sefe1yec/domains/sefertov.co.il/public_html/index.php(17): require('...')
#28 {main}
  thrown בקובץ /home/sefe1yec/domains/sefertov.co.il/public_html/wp-content/plugins/elementor-pro/modules/woocommerce/widgets/products.php בשורה 336

2023-07-01T17:39:46+00:00 CRITICAL Uncaught Error: Call to undefined function ElementorPro\Modules\Woocommerce\Widgets\wc_print_notices() in /home/sefe1yec/domains/sefertov.co.il/public_html/wp-content/plugins/elementor-pro/modules/woocommerce/widgets/products.php:336
Stack trace:
#0 /home/sefe1yec/domains/sefertov.co.il/public_html/wp-content/plugins/elementor/includes/base/controls-stack.php(2268): ElementorPro\Modules\Woocommerce\Widgets\Products->render()
#1 /home/sefe1yec/domains/sefertov.co.il/public_html/wp-content/plugins/elementor/includes/base/widget-base.php(609): Elementor\Controls_Stack->render_by_mode()
#2 /home/sefe1yec/domains/sefertov.co.il/public_html/wp-content/plugins/elementor/includes/base/widget-base.php(750): Elementor\Widget_Base->render_content()
#3 /home/sefe1yec/domains/sefertov.co.il/public_html/wp-content/plugins/elementor/includes/base/element-base.php(449): Elementor\Widget_Base->print_content()
#4 /home/sefe1yec/domains/sefertov.co.il/public_html/wp-content/plugins/elementor/includes/base/element-base.php(1354): Elementor\Element_Base->print_element()
#5 /home/sefe1yec/domains/sefertov.co.il/public_html/wp-content/plugins/elementor/includes/base/element-base.php(449): Elementor\Element_Base->print_content()
#6 /home/sefe1yec/domains/sefertov.co.il/public_html/wp-content/plugins/elementor/includes/base/element-base.php(1354): Elementor\Element_Base->print_element()
#7 /home/sefe1yec/domains/sefertov.co.il/public_html/wp-content/plugins/elementor/includes/base/element-base.php(449): Elementor\Element_Base->print_content()
#8 /home/sefe1yec/domains/sefertov.co.il/public_html/wp-content/plugins/elementor/core/base/document.php(1711): Elementor\Element_Base->print_element()
#9 /home/sefe1yec/domains/sefertov.co.il/public_html/wp-content/plugins/elementor/core/base/document.php(1106): Elementor\Core\Base\Document->print_elements()
#10 /home/sefe1yec/domains/sefertov.co.il/public_html/wp-content/plugins/elementor/includes/frontend.php(1179): Elementor\Core\Base\Document->print_elements_with_wrapper()
#11 /home/sefe1yec/domains/sefertov.co.il/public_html/wp-content/plugins/elementor/includes/frontend.php(1074): Elementor\Frontend->get_builder_content()
#12 /home/sefe1yec/domains/sefertov.co.il/public_html/wp-includes/class-wp-hook.php(308): Elementor\Frontend->apply_builder_in_content()
#13 /home/sefe1yec/domains/sefertov.co.il/public_html/wp-includes/plugin.php(205): WP_Hook->apply_filters()
#14 /home/sefe1yec/domains/sefertov.co.il/public_html/wp-includes/rest-api/endpoints/class-wp-rest-posts-controller.php(1860): apply_filters()
#15 /home/sefe1yec/domains/sefertov.co.il/public_html/wp-includes/rest-api/endpoints/class-wp-rest-posts-controller.php(569): WP_REST_Posts_Controller->prepare_item_for_response()
#16 /home/sefe1yec/domains/sefertov.co.il/public_html/wp-includes/rest-api/class-wp-rest-server.php(1181): WP_REST_Posts_Controller->get_item()
#17 /home/sefe1yec/domains/sefertov.co.il/public_html/wp-includes/rest-api/class-wp-rest-server.php(1028): WP_REST_Server->respond_to_request()
#18 /home/sefe1yec/domains/sefertov.co.il/public_html/wp-includes/rest-api/class-wp-rest-server.php(442): WP_REST_Server->dispatch()
#19 /home/sefe1yec/domains/sefertov.co.il/public_html/wp-includes/rest-api.php(410): WP_REST_Server->serve_request()
#20 /home/sefe1yec/domains/sefertov.co.il/public_html/wp-includes/class-wp-hook.php(308): rest_api_loaded()
#21 /home/sefe1yec/domains/sefertov.co.il/public_html/wp-includes/class-wp-hook.php(332): WP_Hook->apply_filters()
#22 /home/sefe1yec/domains/sefertov.co.il/public_html/wp-includes/plugin.php(565): WP_Hook->do_action()
#23 /home/sefe1yec/domains/sefertov.co.il/public_html/wp-includes/class-wp.php(399): do_action_ref_array()
#24 /home/sefe1yec/domains/sefertov.co.il/public_html/wp-includes/class-wp.php(780): WP->parse_request()
#25 /home/sefe1yec/domains/sefertov.co.il/public_html/wp-includes/functions.php(1334): WP->main()
#26 /home/sefe1yec/domains/sefertov.co.il/public_html/wp-blog-header.php(16): wp()
#27 /home/sefe1yec/domains/sefertov.co.il/public_html/index.php(17): require('...')
#28 {main}
  thrown בקובץ /home/sefe1yec/domains/sefertov.co.il/public_html/wp-content/plugins/elementor-pro/modules/woocommerce/widgets/products.php בשורה 336

2023-07-01T17:39:46+00:00 CRITICAL Uncaught Error: Call to undefined function ElementorPro\Modules\Woocommerce\Widgets\wc_print_notices() in /home/sefe1yec/domains/sefertov.co.il/public_html/wp-content/plugins/elementor-pro/modules/woocommerce/widgets/products.php:336
Stack trace:
#0 /home/sefe1yec/domains/sefertov.co.il/public_html/wp-content/plugins/elementor/includes/base/controls-stack.php(2268): ElementorPro\Modules\Woocommerce\Widgets\Products->render()
#1 /home/sefe1yec/domains/sefertov.co.il/public_html/wp-content/plugins/elementor/includes/base/widget-base.php(609): Elementor\Controls_Stack->render_by_mode()
#2 /home/sefe1yec/domains/sefertov.co.il/public_html/wp-content/plugins/elementor/includes/base/widget-base.php(750): Elementor\Widget_Base->render_content()
#3 /home/sefe1yec/domains/sefertov.co.il/public_html/wp-content/plugins/elementor/includes/base/element-base.php(449): Elementor\Widget_Base->print_content()
#4 /home/sefe1yec/domains/sefertov.co.il/public_html/wp-content/plugins/elementor/includes/base/element-base.php(1354): Elementor\Element_Base->print_element()
#5 /home/sefe1yec/domains/sefertov.co.il/public_html/wp-content/plugins/elementor/includes/base/element-base.php(449): Elementor\Element_Base->print_content()
#6 /home/sefe1yec/domains/sefertov.co.il/public_html/wp-content/plugins/elementor/includes/base/element-base.php(1354): Elementor\Element_Base->print_element()
#7 /home/sefe1yec/domains/sefertov.co.il/public_html/wp-content/plugins/elementor/includes/base/element-base.php(449): Elementor\Element_Base->print_content()
#8 /home/sefe1yec/domains/sefertov.co.il/public_html/wp-content/plugins/elementor/core/base/document.php(1711): Elementor\Element_Base->print_element()
#9 /home/sefe1yec/domains/sefertov.co.il/public_html/wp-content/plugins/elementor/core/base/document.php(1106): Elementor\Core\Base\Document->print_elements()
#10 /home/sefe1yec/domains/sefertov.co.il/public_html/wp-content/plugins/elementor/includes/frontend.php(1179): Elementor\Core\Base\Document->print_elements_with_wrapper()
#11 /home/sefe1yec/domains/sefertov.co.il/public_html/wp-content/plugins/elementor/includes/frontend.php(1074): Elementor\Frontend->get_builder_content()
#12 /home/sefe1yec/domains/sefertov.co.il/public_html/wp-includes/class-wp-hook.php(308): Elementor\Frontend->apply_builder_in_content()
#13 /home/sefe1yec/domains/sefertov.co.il/public_html/wp-includes/plugin.php(205): WP_Hook->apply_filters()
#14 /home/sefe1yec/domains/sefertov.co.il/public_html/wp-includes/rest-api/endpoints/class-wp-rest-posts-controller.php(1860): apply_filters()
#15 /home/sefe1yec/domains/sefertov.co.il/public_html/wp-includes/rest-api/endpoints/class-wp-rest-posts-controller.php(569): WP_REST_Posts_Controller->prepare_item_for_response()
#16 /home/sefe1yec/domains/sefertov.co.il/public_html/wp-includes/rest-api/class-wp-rest-server.php(1181): WP_REST_Posts_Controller->get_item()
#17 /home/sefe1yec/domains/sefertov.co.il/public_html/wp-includes/rest-api/class-wp-rest-server.php(1028): WP_REST_Server->respond_to_request()
#18 /home/sefe1yec/domains/sefertov.co.il/public_html/wp-includes/rest-api/class-wp-rest-server.php(442): WP_REST_Server->dispatch()
#19 /home/sefe1yec/domains/sefertov.co.il/public_html/wp-includes/rest-api.php(410): WP_REST_Server->serve_request()
#20 /home/sefe1yec/domains/sefertov.co.il/public_html/wp-includes/class-wp-hook.php(308): rest_api_loaded()
#21 /home/sefe1yec/domains/sefertov.co.il/public_html/wp-includes/class-wp-hook.php(332): WP_Hook->apply_filters()
#22 /home/sefe1yec/domains/sefertov.co.il/public_html/wp-includes/plugin.php(565): WP_Hook->do_action()
#23 /home/sefe1yec/domains/sefertov.co.il/public_html/wp-includes/class-wp.php(399): do_action_ref_array()
#24 /home/sefe1yec/domains/sefertov.co.il/public_html/wp-includes/class-wp.php(780): WP->parse_request()
#25 /home/sefe1yec/domains/sefertov.co.il/public_html/wp-includes/functions.php(1334): WP->main()
#26 /home/sefe1yec/domains/sefertov.co.il/public_html/wp-blog-header.php(16): wp()
#27 /home/sefe1yec/domains/sefertov.co.il/public_html/index.php(17): require('...')
#28 {main}
  thrown בקובץ /home/sefe1yec/domains/sefertov.co.il/public_html/wp-content/plugins/elementor-pro/modules/woocommerce/widgets/products.php בשורה 336

