11-28-2022 @ 14:17:44 - ---[ New import started at 2022-11-28 14:17:44 ] PHP Memory: 128 MB, WP Memory: 128 MB
11-28-2022 @ 14:17:44 - Preparing for import.
11-28-2022 @ 14:17:44 - Row :1 - Parsing item.
11-28-2022 @ 14:17:44 - Row :1 - Processing item.
11-28-2022 @ 14:17:44 - Found simple product object. ID:937
11-28-2022 @ 14:17:44 - Row :1 - Product updated successfully.
11-28-2022 @ 14:17:44 - Row :2 - Parsing item.
11-28-2022 @ 14:17:44 - Row :2 - Processing item.
11-28-2022 @ 14:17:44 - Found simple product object. ID:938
11-28-2022 @ 14:17:44 - Row :2 - Product updated successfully.
11-28-2022 @ 14:17:44 - Row :3 - Parsing item.
11-28-2022 @ 14:17:44 - Row :3 - Processing item.
11-28-2022 @ 14:17:44 - Found simple product object. ID:939
11-28-2022 @ 14:17:44 - Row :3 - Product updated successfully.
11-28-2022 @ 14:17:44 - Row :4 - Parsing item.
11-28-2022 @ 14:17:44 - Row :4 - Processing item.
11-28-2022 @ 14:17:44 - Found simple product object. ID:940
11-28-2022 @ 14:17:44 - Row :4 - Product updated successfully.
11-28-2022 @ 14:17:44 - Row :5 - Parsing item.
11-28-2022 @ 14:17:44 - Row :5 - Processing item.
11-28-2022 @ 14:17:44 - Found simple product object. ID:941
11-28-2022 @ 14:17:44 - Row :5 - Product updated successfully.
11-28-2022 @ 14:17:44 - Row :6 - Parsing item.
11-28-2022 @ 14:17:44 - Row :6 - Processing item.
11-28-2022 @ 14:17:44 - Found simple product object. ID:942
11-28-2022 @ 14:17:44 - Row :6 - Product updated successfully.
11-28-2022 @ 14:17:44 - Row :7 - Parsing item.
11-28-2022 @ 14:17:44 - Row :7 - Processing item.
11-28-2022 @ 14:17:44 - Found simple product object. ID:943
11-28-2022 @ 14:17:44 - Row :7 - Product updated successfully.
11-28-2022 @ 14:17:44 - Row :8 - Parsing item.
11-28-2022 @ 14:17:44 - Row :8 - Processing item.
11-28-2022 @ 14:17:44 - Found simple product object. ID:944
11-28-2022 @ 14:17:44 - Row :8 - Product updated successfully.
11-28-2022 @ 14:17:44 - Row :9 - Parsing item.
11-28-2022 @ 14:17:44 - Row :9 - Processing item.
11-28-2022 @ 14:17:44 - Found simple product object. ID:945
11-28-2022 @ 14:17:44 - Row :9 - Product updated successfully.
11-28-2022 @ 14:17:44 - Row :10 - Parsing item.
11-28-2022 @ 14:17:44 - Row :10 - Processing item.
11-28-2022 @ 14:17:44 - Found simple product object. ID:946
11-28-2022 @ 14:17:44 - Row :10 - Product updated successfully.
11-28-2022 @ 14:17:46 - Preparing for import.
11-28-2022 @ 14:17:46 - Row :11 - Parsing item.
11-28-2022 @ 14:17:46 - Row :11 - Processing item.
11-28-2022 @ 14:17:46 - Found simple product object. ID:947
11-28-2022 @ 14:17:46 - Row :11 - Product updated successfully.
11-28-2022 @ 14:17:46 - Row :12 - Parsing item.
11-28-2022 @ 14:17:46 - Row :12 - Processing item.
11-28-2022 @ 14:17:46 - Found simple product object. ID:948
11-28-2022 @ 14:17:46 - Row :12 - Product updated successfully.
11-28-2022 @ 14:17:46 - Row :13 - Parsing item.
11-28-2022 @ 14:17:46 - Row :13 - Processing item.
11-28-2022 @ 14:17:46 - Found simple product object. ID:949
11-28-2022 @ 14:17:46 - Row :13 - Product updated successfully.
11-28-2022 @ 14:17:46 - Row :14 - Parsing item.
11-28-2022 @ 14:17:46 - Row :14 - Processing item.
11-28-2022 @ 14:17:46 - Found simple product object. ID:950
11-28-2022 @ 14:17:46 - Row :14 - Product updated successfully.
11-28-2022 @ 14:17:46 - Row :15 - Parsing item.
11-28-2022 @ 14:17:46 - Row :15 - Processing item.
11-28-2022 @ 14:17:46 - Found simple product object. ID:951
11-28-2022 @ 14:17:46 - Row :15 - Product updated successfully.
11-28-2022 @ 14:17:46 - Row :16 - Parsing item.
11-28-2022 @ 14:17:46 - Row :16 - Processing item.
11-28-2022 @ 14:17:46 - Found simple product object. ID:952
11-28-2022 @ 14:17:46 - Row :16 - Product updated successfully.
11-28-2022 @ 14:17:46 - Row :17 - Parsing item.
11-28-2022 @ 14:17:46 - Row :17 - Processing item.
11-28-2022 @ 14:17:46 - Found simple product object. ID:953
11-28-2022 @ 14:17:46 - Row :17 - Product updated successfully.
11-28-2022 @ 14:17:46 - Row :18 - Parsing item.
11-28-2022 @ 14:17:46 - Row :18 - Processing item.
11-28-2022 @ 14:17:46 - Found simple product object. ID:954
11-28-2022 @ 14:17:46 - Row :18 - Product updated successfully.
11-28-2022 @ 14:17:46 - Row :19 - Parsing item.
11-28-2022 @ 14:17:46 - Row :19 - Processing item.
11-28-2022 @ 14:17:46 - Found simple product object. ID:955
11-28-2022 @ 14:17:46 - Row :19 - Product updated successfully.
11-28-2022 @ 14:17:46 - Row :20 - Parsing item.
11-28-2022 @ 14:17:46 - Row :20 - Processing item.
11-28-2022 @ 14:17:46 - Found simple product object. ID:956
11-28-2022 @ 14:17:46 - Row :20 - Product updated successfully.
11-28-2022 @ 14:17:47 - Preparing for import.
11-28-2022 @ 14:17:47 - Row :21 - Parsing item.
11-28-2022 @ 14:17:47 - Row :21 - Processing item.
11-28-2022 @ 14:17:47 - Found simple product object. ID:957
11-28-2022 @ 14:17:47 - Row :21 - Product updated successfully.
11-28-2022 @ 14:17:47 - Row :22 - Parsing item.
11-28-2022 @ 14:17:47 - Row :22 - Processing item.
11-28-2022 @ 14:17:48 - Found simple product object. ID:958
11-28-2022 @ 14:17:48 - Row :22 - Product updated successfully.
11-28-2022 @ 14:17:48 - Row :23 - Parsing item.
11-28-2022 @ 14:17:48 - Row :23 - Processing item.
11-28-2022 @ 14:17:48 - Found simple product object. ID:959
11-28-2022 @ 14:17:48 - Row :23 - Product updated successfully.
11-28-2022 @ 14:17:48 - Row :24 - Parsing item.
11-28-2022 @ 14:17:48 - Row :24 - Processing item.
11-28-2022 @ 14:17:48 - Found simple product object. ID:960
11-28-2022 @ 14:17:48 - Row :24 - Product updated successfully.
11-28-2022 @ 14:17:48 - Row :25 - Parsing item.
11-28-2022 @ 14:17:48 - Row :25 - Processing item.
11-28-2022 @ 14:17:48 - Found simple product object. ID:961
11-28-2022 @ 14:17:48 - Row :25 - Product updated successfully.
11-28-2022 @ 14:17:48 - Row :26 - Parsing item.
11-28-2022 @ 14:17:48 - Row :26 - Processing item.
11-28-2022 @ 14:17:48 - Found simple product object. ID:962
11-28-2022 @ 14:17:48 - Row :26 - Product updated successfully.
11-28-2022 @ 14:17:48 - Row :27 - Parsing item.
11-28-2022 @ 14:17:48 - Row :27 - Processing item.
11-28-2022 @ 14:17:48 - Found simple product object. ID:963
11-28-2022 @ 14:17:48 - Row :27 - Product updated successfully.
11-28-2022 @ 14:17:48 - Row :28 - Parsing item.
11-28-2022 @ 14:17:48 - Row :28 - Processing item.
11-28-2022 @ 14:17:48 - Found simple product object. ID:964
11-28-2022 @ 14:17:48 - Row :28 - Product updated successfully.
11-28-2022 @ 14:17:48 - Row :29 - Parsing item.
11-28-2022 @ 14:17:48 - Row :29 - Processing item.
11-28-2022 @ 14:17:48 - Found simple product object. ID:965
11-28-2022 @ 14:17:48 - Row :29 - Product updated successfully.
11-28-2022 @ 14:17:48 - Row :30 - Parsing item.
11-28-2022 @ 14:17:48 - Row :30 - Processing item.
11-28-2022 @ 14:17:48 - Found simple product object. ID:966
11-28-2022 @ 14:17:48 - Row :30 - Product updated successfully.
11-28-2022 @ 14:17:49 - Preparing for import.
11-28-2022 @ 14:17:49 - Row :31 - Parsing item.
11-28-2022 @ 14:17:49 - Row :31 - Processing item.
11-28-2022 @ 14:17:49 - Found simple product object. ID:967
11-28-2022 @ 14:17:49 - Row :31 - Product updated successfully.
11-28-2022 @ 14:17:49 - Row :32 - Parsing item.
11-28-2022 @ 14:17:49 - Row :32 - Processing item.
11-28-2022 @ 14:17:49 - Found simple product object. ID:968
11-28-2022 @ 14:17:49 - Row :32 - Product updated successfully.
11-28-2022 @ 14:17:49 - Row :33 - Parsing item.
11-28-2022 @ 14:17:49 - Row :33 - Processing item.
11-28-2022 @ 14:17:49 - Found simple product object. ID:969
11-28-2022 @ 14:17:49 - Row :33 - Product updated successfully.
11-28-2022 @ 14:17:49 - Row :34 - Parsing item.
11-28-2022 @ 14:17:49 - Row :34 - Processing item.
11-28-2022 @ 14:17:49 - Found simple product object. ID:970
11-28-2022 @ 14:17:49 - Row :34 - Product updated successfully.
11-28-2022 @ 14:17:49 - Row :35 - Parsing item.
11-28-2022 @ 14:17:49 - Row :35 - Processing item.
11-28-2022 @ 14:17:49 - Found simple product object. ID:971
11-28-2022 @ 14:17:49 - Row :35 - Product updated successfully.
11-28-2022 @ 14:17:49 - Row :36 - Parsing item.
11-28-2022 @ 14:17:49 - Row :36 - Processing item.
11-28-2022 @ 14:17:49 - Found simple product object. ID:972
11-28-2022 @ 14:17:49 - Row :36 - Product updated successfully.
11-28-2022 @ 14:17:49 - Row :37 - Parsing item.
11-28-2022 @ 14:17:49 - Row :37 - Processing item.
11-28-2022 @ 14:17:49 - Found simple product object. ID:973
11-28-2022 @ 14:17:49 - Row :37 - Product updated successfully.
11-28-2022 @ 14:17:50 - Row :38 - Parsing item.
11-28-2022 @ 14:17:50 - Row :38 - Processing item.
11-28-2022 @ 14:17:50 - Found simple product object. ID:974
11-28-2022 @ 14:17:50 - Row :38 - Product updated successfully.
11-28-2022 @ 14:17:50 - Row :39 - Parsing item.
11-28-2022 @ 14:17:50 - Row :39 - Processing item.
11-28-2022 @ 14:17:50 - Found simple product object. ID:975
11-28-2022 @ 14:17:50 - Row :39 - Product updated successfully.
11-28-2022 @ 14:17:50 - Row :40 - Parsing item.
11-28-2022 @ 14:17:50 - Row :40 - Processing item.
11-28-2022 @ 14:17:50 - Found simple product object. ID:976
11-28-2022 @ 14:17:50 - Row :40 - Product updated successfully.
11-28-2022 @ 14:17:51 - Preparing for import.
11-28-2022 @ 14:17:51 - Row :41 - Parsing item.
11-28-2022 @ 14:17:51 - Row :41 - Processing item.
11-28-2022 @ 14:17:51 - Found simple product object. ID:977
11-28-2022 @ 14:17:51 - Row :41 - Product updated successfully.
11-28-2022 @ 14:17:51 - Row :42 - Parsing item.
11-28-2022 @ 14:17:51 - Row :42 - Processing item.
11-28-2022 @ 14:17:51 - Found simple product object. ID:978
11-28-2022 @ 14:17:51 - Row :42 - Product updated successfully.
11-28-2022 @ 14:17:51 - Row :43 - Parsing item.
11-28-2022 @ 14:17:51 - Row :43 - Processing item.
11-28-2022 @ 14:17:51 - Found simple product object. ID:979
11-28-2022 @ 14:17:51 - Row :43 - Product updated successfully.
11-28-2022 @ 14:17:51 - Row :44 - Parsing item.
11-28-2022 @ 14:17:51 - Row :44 - Processing item.
11-28-2022 @ 14:17:51 - Found simple product object. ID:980
11-28-2022 @ 14:17:51 - Row :44 - Product updated successfully.
11-28-2022 @ 14:17:51 - Row :45 - Parsing item.
11-28-2022 @ 14:17:51 - Row :45 - Processing item.
11-28-2022 @ 14:17:51 - Found simple product object. ID:981
11-28-2022 @ 14:17:51 - Row :45 - Product updated successfully.
11-28-2022 @ 14:17:51 - Row :46 - Parsing item.
11-28-2022 @ 14:17:51 - Row :46 - Processing item.
11-28-2022 @ 14:17:51 - Found simple product object. ID:982
11-28-2022 @ 14:17:51 - Row :46 - Product updated successfully.
11-28-2022 @ 14:17:51 - Row :47 - Parsing item.
11-28-2022 @ 14:17:51 - Row :47 - Processing item.
11-28-2022 @ 14:17:51 - Found simple product object. ID:983
11-28-2022 @ 14:17:51 - Row :47 - Product updated successfully.
11-28-2022 @ 14:17:51 - Row :48 - Parsing item.
11-28-2022 @ 14:17:51 - Row :48 - Processing item.
11-28-2022 @ 14:17:51 - Found simple product object. ID:984
11-28-2022 @ 14:17:51 - Row :48 - Product updated successfully.
11-28-2022 @ 14:17:51 - Row :49 - Parsing item.
11-28-2022 @ 14:17:51 - Row :49 - Processing item.
11-28-2022 @ 14:17:51 - Found simple product object. ID:985
11-28-2022 @ 14:17:51 - Row :49 - Product updated successfully.
11-28-2022 @ 14:17:51 - Row :50 - Parsing item.
11-28-2022 @ 14:17:51 - Row :50 - Processing item.
11-28-2022 @ 14:17:51 - Found simple product object. ID:986
11-28-2022 @ 14:17:51 - Row :50 - Product updated successfully.
11-28-2022 @ 14:17:52 - Preparing for import.
11-28-2022 @ 14:17:52 - Row :51 - Parsing item.
11-28-2022 @ 14:17:53 - Row :51 - Processing item.
11-28-2022 @ 14:17:53 - Found simple product object. ID:987
11-28-2022 @ 14:17:53 - Row :51 - Product updated successfully.
11-28-2022 @ 14:17:53 - Row :52 - Parsing item.
11-28-2022 @ 14:17:53 - Row :52 - Processing item.
11-28-2022 @ 14:17:53 - Found simple product object. ID:988
11-28-2022 @ 14:17:53 - Row :52 - Product updated successfully.
11-28-2022 @ 14:17:53 - Row :53 - Parsing item.
11-28-2022 @ 14:17:53 - Row :53 - Processing item.
11-28-2022 @ 14:17:53 - Found simple product object. ID:989
11-28-2022 @ 14:17:53 - Row :53 - Product updated successfully.
11-28-2022 @ 14:17:53 - Row :54 - Parsing item.
11-28-2022 @ 14:17:53 - Row :54 - Processing item.
11-28-2022 @ 14:17:53 - Found simple product object. ID:990
11-28-2022 @ 14:17:53 - Row :54 - Product updated successfully.
11-28-2022 @ 14:17:53 - Row :55 - Parsing item.
11-28-2022 @ 14:17:53 - Row :55 - Processing item.
11-28-2022 @ 14:17:53 - Found simple product object. ID:991
11-28-2022 @ 14:17:53 - Row :55 - Product updated successfully.
11-28-2022 @ 14:17:53 - Row :56 - Parsing item.
11-28-2022 @ 14:17:53 - Row :56 - Processing item.
11-28-2022 @ 14:17:53 - Found simple product object. ID:992
11-28-2022 @ 14:17:53 - Row :56 - Product updated successfully.
11-28-2022 @ 14:17:53 - Row :57 - Parsing item.
11-28-2022 @ 14:17:53 - Row :57 - Processing item.
11-28-2022 @ 14:17:53 - Found simple product object. ID:993
11-28-2022 @ 14:17:53 - Row :57 - Product updated successfully.
11-28-2022 @ 14:17:53 - Row :58 - Parsing item.
11-28-2022 @ 14:17:53 - Row :58 - Processing item.
11-28-2022 @ 14:17:53 - Found simple product object. ID:994
11-28-2022 @ 14:17:53 - Row :58 - Product updated successfully.
11-28-2022 @ 14:17:53 - Row :59 - Parsing item.
11-28-2022 @ 14:17:53 - Row :59 - Processing item.
11-28-2022 @ 14:17:53 - Found simple product object. ID:995
11-28-2022 @ 14:17:53 - Row :59 - Product updated successfully.
11-28-2022 @ 14:17:53 - Row :60 - Parsing item.
11-28-2022 @ 14:17:53 - Row :60 - Processing item.
11-28-2022 @ 14:17:53 - Found simple product object. ID:996
11-28-2022 @ 14:17:53 - Row :60 - Product updated successfully.
11-28-2022 @ 14:17:54 - Preparing for import.
11-28-2022 @ 14:17:54 - Row :61 - Parsing item.
11-28-2022 @ 14:17:54 - Row :61 - Processing item.
11-28-2022 @ 14:17:54 - Found simple product object. ID:997
11-28-2022 @ 14:17:54 - Row :61 - Product updated successfully.
11-28-2022 @ 14:17:54 - Row :62 - Parsing item.
11-28-2022 @ 14:17:54 - Row :62 - Processing item.
11-28-2022 @ 14:17:54 - Found simple product object. ID:998
11-28-2022 @ 14:17:54 - Row :62 - Product updated successfully.
11-28-2022 @ 14:17:54 - Row :63 - Parsing item.
11-28-2022 @ 14:17:54 - Row :63 - Processing item.
11-28-2022 @ 14:17:54 - Found simple product object. ID:999
11-28-2022 @ 14:17:54 - Row :63 - Product updated successfully.
11-28-2022 @ 14:17:54 - Row :64 - Parsing item.
11-28-2022 @ 14:17:54 - Row :64 - Processing item.
11-28-2022 @ 14:17:54 - Found simple product object. ID:1000
11-28-2022 @ 14:17:54 - Row :64 - Product updated successfully.
11-28-2022 @ 14:17:54 - Row :65 - Parsing item.
11-28-2022 @ 14:17:54 - Row :65 - Processing item.
11-28-2022 @ 14:17:54 - Found simple product object. ID:1001
11-28-2022 @ 14:17:54 - Row :65 - Product updated successfully.
11-28-2022 @ 14:17:54 - Row :66 - Parsing item.
11-28-2022 @ 14:17:54 - Row :66 - Processing item.
11-28-2022 @ 14:17:54 - Found simple product object. ID:1002
11-28-2022 @ 14:17:54 - Row :66 - Product updated successfully.
11-28-2022 @ 14:17:54 - Row :67 - Parsing item.
11-28-2022 @ 14:17:54 - Row :67 - Processing item.
11-28-2022 @ 14:17:54 - Found simple product object. ID:1003
11-28-2022 @ 14:17:54 - Row :67 - Product updated successfully.
11-28-2022 @ 14:17:54 - Row :68 - Parsing item.
11-28-2022 @ 14:17:54 - Row :68 - Processing item.
11-28-2022 @ 14:17:54 - Found simple product object. ID:1004
11-28-2022 @ 14:17:54 - Row :68 - Product updated successfully.
11-28-2022 @ 14:17:54 - Row :69 - Parsing item.
11-28-2022 @ 14:17:54 - Row :69 - Processing item.
11-28-2022 @ 14:17:54 - Found simple product object. ID:1005
11-28-2022 @ 14:17:54 - Row :69 - Product updated successfully.
11-28-2022 @ 14:17:54 - Row :70 - Parsing item.
11-28-2022 @ 14:17:55 - Row :70 - Processing item.
11-28-2022 @ 14:17:55 - Found simple product object. ID:1006
11-28-2022 @ 14:17:55 - Row :70 - Product updated successfully.
11-28-2022 @ 14:17:56 - Preparing for import.
11-28-2022 @ 14:17:56 - Row :71 - Parsing item.
11-28-2022 @ 14:17:56 - Row :71 - Processing item.
11-28-2022 @ 14:17:56 - Found simple product object. ID:1007
11-28-2022 @ 14:17:56 - Row :71 - Product updated successfully.
11-28-2022 @ 14:17:56 - Row :72 - Parsing item.
11-28-2022 @ 14:17:56 - Row :72 - Processing item.
11-28-2022 @ 14:17:56 - Found simple product object. ID:1008
11-28-2022 @ 14:17:56 - Row :72 - Product updated successfully.
11-28-2022 @ 14:17:56 - Row :73 - Parsing item.
11-28-2022 @ 14:17:56 - Row :73 - Processing item.
11-28-2022 @ 14:17:56 - Found simple product object. ID:1009
11-28-2022 @ 14:17:56 - Row :73 - Product updated successfully.
11-28-2022 @ 14:17:56 - Row :74 - Parsing item.
11-28-2022 @ 14:17:56 - Row :74 - Processing item.
11-28-2022 @ 14:17:56 - Found simple product object. ID:1010
11-28-2022 @ 14:17:56 - Row :74 - Product updated successfully.
11-28-2022 @ 14:17:56 - Row :75 - Parsing item.
11-28-2022 @ 14:17:56 - Row :75 - Processing item.
11-28-2022 @ 14:17:56 - Found simple product object. ID:1011
11-28-2022 @ 14:17:56 - Row :75 - Product updated successfully.
11-28-2022 @ 14:17:56 - Row :76 - Parsing item.
11-28-2022 @ 14:17:56 - Row :76 - Processing item.
11-28-2022 @ 14:17:56 - Found simple product object. ID:1012
11-28-2022 @ 14:17:56 - Row :76 - Product updated successfully.
11-28-2022 @ 14:17:56 - Row :77 - Parsing item.
11-28-2022 @ 14:17:56 - Row :77 - Processing item.
11-28-2022 @ 14:17:56 - Found simple product object. ID:1013
11-28-2022 @ 14:17:56 - Row :77 - Product updated successfully.
11-28-2022 @ 14:17:56 - Row :78 - Parsing item.
11-28-2022 @ 14:17:56 - Row :78 - Processing item.
11-28-2022 @ 14:17:56 - Found simple product object. ID:1014
11-28-2022 @ 14:17:56 - Row :78 - Product updated successfully.
11-28-2022 @ 14:17:56 - Row :79 - Parsing item.
11-28-2022 @ 14:17:56 - Row :79 - Processing item.
11-28-2022 @ 14:17:56 - Found simple product object. ID:1015
11-28-2022 @ 14:17:56 - Row :79 - Product updated successfully.
11-28-2022 @ 14:17:56 - Row :80 - Parsing item.
11-28-2022 @ 14:17:56 - Row :80 - Processing item.
11-28-2022 @ 14:17:56 - Found simple product object. ID:1016
11-28-2022 @ 14:17:56 - Row :80 - Product updated successfully.
11-28-2022 @ 14:17:57 - Preparing for import.
11-28-2022 @ 14:17:57 - Row :81 - Parsing item.
11-28-2022 @ 14:17:57 - Row :81 - Processing item.
11-28-2022 @ 14:17:57 - Found simple product object. ID:1017
11-28-2022 @ 14:17:57 - Row :81 - Product updated successfully.
11-28-2022 @ 14:17:57 - Row :82 - Parsing item.
11-28-2022 @ 14:17:57 - Row :82 - Processing item.
11-28-2022 @ 14:17:57 - Found simple product object. ID:1018
11-28-2022 @ 14:17:57 - Row :82 - Product updated successfully.
11-28-2022 @ 14:17:57 - Row :83 - Parsing item.
11-28-2022 @ 14:17:57 - Row :83 - Processing item.
11-28-2022 @ 14:17:57 - Found simple product object. ID:1019
11-28-2022 @ 14:17:58 - Row :83 - Product updated successfully.
11-28-2022 @ 14:17:58 - Row :84 - Parsing item.
11-28-2022 @ 14:17:58 - Row :84 - Processing item.
11-28-2022 @ 14:17:58 - Found simple product object. ID:1020
11-28-2022 @ 14:17:58 - Row :84 - Product updated successfully.
11-28-2022 @ 14:17:58 - Row :85 - Parsing item.
11-28-2022 @ 14:17:58 - Row :85 - Processing item.
11-28-2022 @ 14:17:58 - Found simple product object. ID:1021
11-28-2022 @ 14:17:58 - Row :85 - Product updated successfully.
11-28-2022 @ 14:17:58 - Row :86 - Parsing item.
11-28-2022 @ 14:17:58 - Row :86 - Processing item.
11-28-2022 @ 14:17:58 - Found simple product object. ID:1022
11-28-2022 @ 14:17:58 - Row :86 - Product updated successfully.
11-28-2022 @ 14:17:58 - Row :87 - Parsing item.
11-28-2022 @ 14:17:58 - Row :87 - Processing item.
11-28-2022 @ 14:17:58 - Found simple product object. ID:1023
11-28-2022 @ 14:17:58 - Row :87 - Product updated successfully.
11-28-2022 @ 14:17:58 - Row :88 - Parsing item.
11-28-2022 @ 14:17:58 - Row :88 - Processing item.
11-28-2022 @ 14:17:58 - Found simple product object. ID:1024
11-28-2022 @ 14:17:58 - Row :88 - Product updated successfully.
11-28-2022 @ 14:17:58 - Row :89 - Parsing item.
11-28-2022 @ 14:17:58 - Row :89 - Processing item.
11-28-2022 @ 14:17:58 - Found simple product object. ID:1025
11-28-2022 @ 14:17:58 - Row :89 - Product updated successfully.
11-28-2022 @ 14:17:58 - Row :90 - Parsing item.
11-28-2022 @ 14:17:58 - Row :90 - Processing item.
11-28-2022 @ 14:17:58 - Found simple product object. ID:1026
11-28-2022 @ 14:17:58 - Row :90 - Product updated successfully.
11-28-2022 @ 14:17:59 - Preparing for import.
11-28-2022 @ 14:17:59 - Row :91 - Parsing item.
11-28-2022 @ 14:17:59 - Row :91 - Processing item.
11-28-2022 @ 14:17:59 - Found simple product object. ID:1027
11-28-2022 @ 14:17:59 - Row :91 - Product updated successfully.
11-28-2022 @ 14:17:59 - Row :92 - Parsing item.
11-28-2022 @ 14:17:59 - Row :92 - Processing item.
11-28-2022 @ 14:17:59 - Found simple product object. ID:1028
11-28-2022 @ 14:17:59 - Row :92 - Product updated successfully.
11-28-2022 @ 14:17:59 - Row :93 - Parsing item.
11-28-2022 @ 14:17:59 - Row :93 - Processing item.
11-28-2022 @ 14:17:59 - Found simple product object. ID:1029
11-28-2022 @ 14:17:59 - Row :93 - Product updated successfully.
11-28-2022 @ 14:17:59 - Row :94 - Parsing item.
11-28-2022 @ 14:17:59 - Row :94 - Processing item.
11-28-2022 @ 14:17:59 - Found simple product object. ID:1030
11-28-2022 @ 14:17:59 - Row :94 - Product updated successfully.
11-28-2022 @ 14:17:59 - Row :95 - Parsing item.
11-28-2022 @ 14:17:59 - Row :95 - Processing item.
11-28-2022 @ 14:17:59 - Found simple product object. ID:1031
11-28-2022 @ 14:17:59 - Row :95 - Product updated successfully.
11-28-2022 @ 14:17:59 - Row :96 - Parsing item.
11-28-2022 @ 14:17:59 - Row :96 - Processing item.
11-28-2022 @ 14:17:59 - Found simple product object. ID:1032
11-28-2022 @ 14:17:59 - Row :96 - Product updated successfully.
11-28-2022 @ 14:17:59 - Row :97 - Parsing item.
11-28-2022 @ 14:17:59 - Row :97 - Processing item.
11-28-2022 @ 14:17:59 - Found simple product object. ID:1033
11-28-2022 @ 14:17:59 - Row :97 - Product updated successfully.
11-28-2022 @ 14:17:59 - Row :98 - Parsing item.
11-28-2022 @ 14:17:59 - Row :98 - Processing item.
11-28-2022 @ 14:17:59 - Found simple product object. ID:1034
11-28-2022 @ 14:17:59 - Row :98 - Product updated successfully.
11-28-2022 @ 14:17:59 - Row :99 - Parsing item.
11-28-2022 @ 14:17:59 - Row :99 - Processing item.
11-28-2022 @ 14:17:59 - Found simple product object. ID:1035
11-28-2022 @ 14:18:00 - Row :99 - Product updated successfully.
11-28-2022 @ 14:18:00 - Row :100 - Parsing item.
11-28-2022 @ 14:18:00 - Row :100 - Processing item.
11-28-2022 @ 14:18:00 - Found simple product object. ID:1036
11-28-2022 @ 14:18:00 - Row :100 - Product updated successfully.
11-28-2022 @ 14:18:01 - Preparing for import.
11-28-2022 @ 14:18:01 - Row :101 - Parsing item.
11-28-2022 @ 14:18:01 - Row :101 - Processing item.
11-28-2022 @ 14:18:01 - Found simple product object. ID:1037
11-28-2022 @ 14:18:01 - Row :101 - Product updated successfully.
11-28-2022 @ 14:18:01 - Row :102 - Parsing item.
11-28-2022 @ 14:18:01 - Row :102 - Processing item.
11-28-2022 @ 14:18:01 - Found simple product object. ID:1038
11-28-2022 @ 14:18:01 - Row :102 - Product updated successfully.
11-28-2022 @ 14:18:01 - Row :103 - Parsing item.
11-28-2022 @ 14:18:01 - Row :103 - Processing item.
11-28-2022 @ 14:18:01 - Found simple product object. ID:1039
11-28-2022 @ 14:18:01 - Row :103 - Product updated successfully.
11-28-2022 @ 14:18:01 - Row :104 - Parsing item.
11-28-2022 @ 14:18:01 - Row :104 - Processing item.
11-28-2022 @ 14:18:01 - Found simple product object. ID:1040
11-28-2022 @ 14:18:01 - Row :104 - Product updated successfully.
11-28-2022 @ 14:18:01 - Row :105 - Parsing item.
11-28-2022 @ 14:18:01 - Row :105 - Processing item.
11-28-2022 @ 14:18:01 - Found simple product object. ID:1041
11-28-2022 @ 14:18:01 - Row :105 - Product updated successfully.
11-28-2022 @ 14:18:01 - Row :106 - Parsing item.
11-28-2022 @ 14:18:01 - Row :106 - Processing item.
11-28-2022 @ 14:18:01 - Found simple product object. ID:1042
11-28-2022 @ 14:18:01 - Row :106 - Product updated successfully.
11-28-2022 @ 14:18:01 - Row :107 - Parsing item.
11-28-2022 @ 14:18:01 - Row :107 - Processing item.
11-28-2022 @ 14:18:01 - Found simple product object. ID:1043
11-28-2022 @ 14:18:01 - Row :107 - Product updated successfully.
11-28-2022 @ 14:18:01 - Row :108 - Parsing item.
11-28-2022 @ 14:18:01 - Row :108 - Processing item.
11-28-2022 @ 14:18:01 - Found simple product object. ID:1044
11-28-2022 @ 14:18:01 - Row :108 - Product updated successfully.
11-28-2022 @ 14:18:01 - Row :109 - Parsing item.
11-28-2022 @ 14:18:01 - Row :109 - Processing item.
11-28-2022 @ 14:18:01 - Found simple product object. ID:1045
11-28-2022 @ 14:18:01 - Row :109 - Product updated successfully.
11-28-2022 @ 14:18:01 - Row :110 - Parsing item.
11-28-2022 @ 14:18:01 - Row :110 - Processing item.
11-28-2022 @ 14:18:01 - Found simple product object. ID:1046
11-28-2022 @ 14:18:01 - Row :110 - Product updated successfully.
11-28-2022 @ 14:18:03 - Preparing for import.
11-28-2022 @ 14:18:03 - Row :111 - Parsing item.
11-28-2022 @ 14:18:03 - Row :111 - Processing item.
11-28-2022 @ 14:18:03 - Found simple product object. ID:1047
11-28-2022 @ 14:18:03 - Row :111 - Product updated successfully.
11-28-2022 @ 14:18:03 - Row :112 - Parsing item.
11-28-2022 @ 14:18:03 - Row :112 - Processing item.
11-28-2022 @ 14:18:03 - Found simple product object. ID:1048
11-28-2022 @ 14:18:03 - Row :112 - Product updated successfully.
11-28-2022 @ 14:18:03 - Row :113 - Parsing item.
11-28-2022 @ 14:18:03 - Row :113 - Processing item.
11-28-2022 @ 14:18:03 - Found simple product object. ID:1049
11-28-2022 @ 14:18:03 - Row :113 - Product updated successfully.
11-28-2022 @ 14:18:03 - Row :114 - Parsing item.
11-28-2022 @ 14:18:03 - Row :114 - Processing item.
11-28-2022 @ 14:18:03 - Found simple product object. ID:1050
11-28-2022 @ 14:18:03 - Row :114 - Product updated successfully.
11-28-2022 @ 14:18:03 - Row :115 - Parsing item.
11-28-2022 @ 14:18:03 - Row :115 - Processing item.
11-28-2022 @ 14:18:03 - Found simple product object. ID:1051
11-28-2022 @ 14:18:03 - Row :115 - Product updated successfully.
11-28-2022 @ 14:18:03 - Row :116 - Parsing item.
11-28-2022 @ 14:18:03 - Row :116 - Processing item.
11-28-2022 @ 14:18:03 - Found simple product object. ID:1052
11-28-2022 @ 14:18:03 - Row :116 - Product updated successfully.
11-28-2022 @ 14:18:03 - Row :117 - Parsing item.
11-28-2022 @ 14:18:03 - Row :117 - Processing item.
11-28-2022 @ 14:18:03 - Found simple product object. ID:1053
11-28-2022 @ 14:18:03 - Row :117 - Product updated successfully.
11-28-2022 @ 14:18:03 - Row :118 - Parsing item.
11-28-2022 @ 14:18:03 - Row :118 - Processing item.
11-28-2022 @ 14:18:03 - Found simple product object. ID:1054
11-28-2022 @ 14:18:03 - Row :118 - Product updated successfully.
11-28-2022 @ 14:18:03 - Row :119 - Parsing item.
11-28-2022 @ 14:18:03 - Row :119 - Processing item.
11-28-2022 @ 14:18:03 - Found simple product object. ID:1055
11-28-2022 @ 14:18:03 - Row :119 - Product updated successfully.
11-28-2022 @ 14:18:03 - Row :120 - Parsing item.
11-28-2022 @ 14:18:03 - Row :120 - Processing item.
11-28-2022 @ 14:18:03 - Found simple product object. ID:1056
11-28-2022 @ 14:18:03 - Row :120 - Product updated successfully.
11-28-2022 @ 14:18:04 - Preparing for import.
11-28-2022 @ 14:18:04 - Row :121 - Parsing item.
11-28-2022 @ 14:18:04 - Row :121 - Processing item.
11-28-2022 @ 14:18:04 - Found simple product object. ID:1057
11-28-2022 @ 14:18:04 - Row :121 - Product updated successfully.
11-28-2022 @ 14:18:04 - Row :122 - Parsing item.
11-28-2022 @ 14:18:04 - Row :122 - Processing item.
11-28-2022 @ 14:18:04 - Found simple product object. ID:1058
11-28-2022 @ 14:18:04 - Row :122 - Product updated successfully.
11-28-2022 @ 14:18:04 - Row :123 - Parsing item.
11-28-2022 @ 14:18:04 - Row :123 - Processing item.
11-28-2022 @ 14:18:04 - Found simple product object. ID:1059
11-28-2022 @ 14:18:04 - Row :123 - Product updated successfully.
11-28-2022 @ 14:18:04 - Row :124 - Parsing item.
11-28-2022 @ 14:18:04 - Row :124 - Processing item.
11-28-2022 @ 14:18:04 - Found simple product object. ID:1060
11-28-2022 @ 14:18:04 - Row :124 - Product updated successfully.
11-28-2022 @ 14:18:04 - Row :125 - Parsing item.
11-28-2022 @ 14:18:04 - Row :125 - Processing item.
11-28-2022 @ 14:18:04 - Found simple product object. ID:1061
11-28-2022 @ 14:18:04 - Row :125 - Product updated successfully.
11-28-2022 @ 14:18:04 - Row :126 - Parsing item.
11-28-2022 @ 14:18:04 - Row :126 - Processing item.
11-28-2022 @ 14:18:04 - Found simple product object. ID:1062
11-28-2022 @ 14:18:05 - Row :126 - Product updated successfully.
11-28-2022 @ 14:18:05 - Row :127 - Parsing item.
11-28-2022 @ 14:18:05 - Row :127 - Processing item.
11-28-2022 @ 14:18:05 - Found simple product object. ID:1063
11-28-2022 @ 14:18:05 - Row :127 - Product updated successfully.
11-28-2022 @ 14:18:05 - Row :128 - Parsing item.
11-28-2022 @ 14:18:05 - Row :128 - Processing item.
11-28-2022 @ 14:18:05 - Found simple product object. ID:1064
11-28-2022 @ 14:18:05 - Row :128 - Product updated successfully.
11-28-2022 @ 14:18:05 - Row :129 - Parsing item.
11-28-2022 @ 14:18:05 - Row :129 - Processing item.
11-28-2022 @ 14:18:05 - Found simple product object. ID:1065
11-28-2022 @ 14:18:05 - Row :129 - Product updated successfully.
11-28-2022 @ 14:18:05 - Row :130 - Parsing item.
11-28-2022 @ 14:18:05 - Row :130 - Processing item.
11-28-2022 @ 14:18:05 - Found simple product object. ID:1066
11-28-2022 @ 14:18:05 - Row :130 - Product updated successfully.
11-28-2022 @ 14:18:06 - Preparing for import.
11-28-2022 @ 14:18:06 - Row :131 - Parsing item.
11-28-2022 @ 14:18:06 - Row :131 - Processing item.
11-28-2022 @ 14:18:06 - Found simple product object. ID:1067
11-28-2022 @ 14:18:06 - Row :131 - Product updated successfully.
11-28-2022 @ 14:18:06 - Row :132 - Parsing item.
11-28-2022 @ 14:18:06 - Row :132 - Processing item.
11-28-2022 @ 14:18:06 - Found simple product object. ID:1068
11-28-2022 @ 14:18:06 - Row :132 - Product updated successfully.
11-28-2022 @ 14:18:06 - Row :133 - Parsing item.
11-28-2022 @ 14:18:06 - Row :133 - Processing item.
11-28-2022 @ 14:18:06 - Found simple product object. ID:1069
11-28-2022 @ 14:18:06 - Row :133 - Product updated successfully.
11-28-2022 @ 14:18:06 - Row :134 - Parsing item.
11-28-2022 @ 14:18:06 - Row :134 - Processing item.
11-28-2022 @ 14:18:06 - Found simple product object. ID:1070
11-28-2022 @ 14:18:06 - Row :134 - Product updated successfully.
11-28-2022 @ 14:18:06 - Row :135 - Parsing item.
11-28-2022 @ 14:18:06 - Row :135 - Processing item.
11-28-2022 @ 14:18:06 - Found simple product object. ID:1071
11-28-2022 @ 14:18:06 - Row :135 - Product updated successfully.
11-28-2022 @ 14:18:06 - Row :136 - Parsing item.
11-28-2022 @ 14:18:06 - Row :136 - Processing item.
11-28-2022 @ 14:18:06 - Found simple product object. ID:1072
11-28-2022 @ 14:18:06 - Row :136 - Product updated successfully.
11-28-2022 @ 14:18:06 - Row :137 - Parsing item.
11-28-2022 @ 14:18:06 - Row :137 - Processing item.
11-28-2022 @ 14:18:06 - Found simple product object. ID:1073
11-28-2022 @ 14:18:06 - Row :137 - Product updated successfully.
11-28-2022 @ 14:18:06 - Row :138 - Parsing item.
11-28-2022 @ 14:18:06 - Row :138 - Processing item.
11-28-2022 @ 14:18:06 - Found simple product object. ID:1074
11-28-2022 @ 14:18:06 - Row :138 - Product updated successfully.
11-28-2022 @ 14:18:06 - Row :139 - Parsing item.
11-28-2022 @ 14:18:06 - Row :139 - Processing item.
11-28-2022 @ 14:18:06 - Found simple product object. ID:1075
11-28-2022 @ 14:18:06 - Row :139 - Product updated successfully.
11-28-2022 @ 14:18:06 - Row :140 - Parsing item.
11-28-2022 @ 14:18:06 - Row :140 - Processing item.
11-28-2022 @ 14:18:06 - Found simple product object. ID:1076
11-28-2022 @ 14:18:06 - Row :140 - Product updated successfully.
11-28-2022 @ 14:18:07 - Preparing for import.
11-28-2022 @ 14:18:07 - Row :141 - Parsing item.
11-28-2022 @ 14:18:07 - Row :141 - Processing item.
11-28-2022 @ 14:18:08 - Found simple product object. ID:1077
11-28-2022 @ 14:18:08 - Row :141 - Product updated successfully.
11-28-2022 @ 14:18:08 - Row :142 - Parsing item.
11-28-2022 @ 14:18:08 - Row :142 - Processing item.
11-28-2022 @ 14:18:08 - Found simple product object. ID:1078
11-28-2022 @ 14:18:08 - Row :142 - Product updated successfully.
11-28-2022 @ 14:18:08 - Row :143 - Parsing item.
11-28-2022 @ 14:18:08 - Row :143 - Processing item.
11-28-2022 @ 14:18:08 - Found simple product object. ID:1079
11-28-2022 @ 14:18:08 - Row :143 - Product updated successfully.
11-28-2022 @ 14:18:08 - Row :144 - Parsing item.
11-28-2022 @ 14:18:08 - Row :144 - Processing item.
11-28-2022 @ 14:18:08 - Found simple product object. ID:1080
11-28-2022 @ 14:18:08 - Row :144 - Product updated successfully.
11-28-2022 @ 14:18:08 - Row :145 - Parsing item.
11-28-2022 @ 14:18:08 - Row :145 - Processing item.
11-28-2022 @ 14:18:08 - Found simple product object. ID:1081
11-28-2022 @ 14:18:08 - Row :145 - Product updated successfully.
11-28-2022 @ 14:18:08 - Row :146 - Parsing item.
11-28-2022 @ 14:18:08 - Row :146 - Processing item.
11-28-2022 @ 14:18:08 - Found simple product object. ID:1082
11-28-2022 @ 14:18:08 - Row :146 - Product updated successfully.
11-28-2022 @ 14:18:08 - Row :147 - Parsing item.
11-28-2022 @ 14:18:08 - Row :147 - Processing item.
11-28-2022 @ 14:18:08 - Found simple product object. ID:1083
11-28-2022 @ 14:18:08 - Row :147 - Product updated successfully.
11-28-2022 @ 14:18:08 - Row :148 - Parsing item.
11-28-2022 @ 14:18:08 - Row :148 - Processing item.
11-28-2022 @ 14:18:08 - Found simple product object. ID:1084
11-28-2022 @ 14:18:08 - Row :148 - Product updated successfully.
11-28-2022 @ 14:18:08 - Row :149 - Parsing item.
11-28-2022 @ 14:18:08 - Row :149 - Processing item.
11-28-2022 @ 14:18:08 - Found simple product object. ID:1085
11-28-2022 @ 14:18:08 - Row :149 - Product updated successfully.
11-28-2022 @ 14:18:08 - Row :150 - Parsing item.
11-28-2022 @ 14:18:08 - Row :150 - Processing item.
11-28-2022 @ 14:18:08 - Found simple product object. ID:1086
11-28-2022 @ 14:18:08 - Row :150 - Product updated successfully.
11-28-2022 @ 14:18:09 - Preparing for import.
11-28-2022 @ 14:18:09 - Row :151 - Parsing item.
11-28-2022 @ 14:18:09 - Row :151 - Processing item.
11-28-2022 @ 14:18:09 - Found simple product object. ID:1087
11-28-2022 @ 14:18:09 - Row :151 - Product updated successfully.
11-28-2022 @ 14:18:09 - Row :152 - Parsing item.
11-28-2022 @ 14:18:09 - Row :152 - Processing item.
11-28-2022 @ 14:18:09 - Found simple product object. ID:1088
11-28-2022 @ 14:18:09 - Row :152 - Product updated successfully.
11-28-2022 @ 14:18:09 - Row :153 - Parsing item.
11-28-2022 @ 14:18:09 - Row :153 - Processing item.
11-28-2022 @ 14:18:09 - Found simple product object. ID:1089
11-28-2022 @ 14:18:09 - Row :153 - Product updated successfully.
11-28-2022 @ 14:18:09 - Row :154 - Parsing item.
11-28-2022 @ 14:18:09 - Row :154 - Processing item.
11-28-2022 @ 14:18:09 - Found simple product object. ID:1090
11-28-2022 @ 14:18:09 - Row :154 - Product updated successfully.
11-28-2022 @ 14:18:09 - Row :155 - Parsing item.
11-28-2022 @ 14:18:09 - Row :155 - Processing item.
11-28-2022 @ 14:18:09 - Found simple product object. ID:1091
11-28-2022 @ 14:18:09 - Row :155 - Product updated successfully.
11-28-2022 @ 14:18:09 - Row :156 - Parsing item.
11-28-2022 @ 14:18:09 - Row :156 - Processing item.
11-28-2022 @ 14:18:09 - Found simple product object. ID:1092
11-28-2022 @ 14:18:09 - Row :156 - Product updated successfully.
11-28-2022 @ 14:18:09 - Row :157 - Parsing item.
11-28-2022 @ 14:18:09 - Row :157 - Processing item.
11-28-2022 @ 14:18:09 - Found simple product object. ID:1093
11-28-2022 @ 14:18:09 - Row :157 - Product updated successfully.
11-28-2022 @ 14:18:09 - Row :158 - Parsing item.
11-28-2022 @ 14:18:09 - Row :158 - Processing item.
11-28-2022 @ 14:18:09 - Found simple product object. ID:1094
11-28-2022 @ 14:18:09 - Row :158 - Product updated successfully.
11-28-2022 @ 14:18:09 - Row :159 - Parsing item.
11-28-2022 @ 14:18:10 - Row :159 - Processing item.
11-28-2022 @ 14:18:10 - Found simple product object. ID:1095
11-28-2022 @ 14:18:10 - Row :159 - Product updated successfully.
11-28-2022 @ 14:18:10 - Row :160 - Parsing item.
11-28-2022 @ 14:18:10 - Row :160 - Processing item.
11-28-2022 @ 14:18:10 - Found simple product object. ID:1096
11-28-2022 @ 14:18:10 - Row :160 - Product updated successfully.
11-28-2022 @ 14:18:11 - Preparing for import.
11-28-2022 @ 14:18:11 - Row :161 - Parsing item.
11-28-2022 @ 14:18:11 - Row :161 - Processing item.
11-28-2022 @ 14:18:11 - Found simple product object. ID:1097
11-28-2022 @ 14:18:11 - Row :161 - Product updated successfully.
11-28-2022 @ 14:18:11 - Row :162 - Parsing item.
11-28-2022 @ 14:18:11 - Row :162 - Processing item.
11-28-2022 @ 14:18:11 - Found simple product object. ID:1098
11-28-2022 @ 14:18:11 - Row :162 - Product updated successfully.
11-28-2022 @ 14:18:11 - Row :163 - Parsing item.
11-28-2022 @ 14:18:11 - Row :163 - Processing item.
11-28-2022 @ 14:18:11 - Found simple product object. ID:1099
11-28-2022 @ 14:18:11 - Row :163 - Product updated successfully.
11-28-2022 @ 14:18:11 - Row :164 - Parsing item.
11-28-2022 @ 14:18:11 - Row :164 - Processing item.
11-28-2022 @ 14:18:11 - Found simple product object. ID:1100
11-28-2022 @ 14:18:11 - Row :164 - Product updated successfully.
11-28-2022 @ 14:18:11 - Row :165 - Parsing item.
11-28-2022 @ 14:18:11 - Row :165 - Processing item.
11-28-2022 @ 14:18:11 - Found simple product object. ID:1101
11-28-2022 @ 14:18:11 - Row :165 - Product updated successfully.
11-28-2022 @ 14:18:11 - Row :166 - Parsing item.
11-28-2022 @ 14:18:11 - Row :166 - Processing item.
11-28-2022 @ 14:18:11 - Found simple product object. ID:1102
11-28-2022 @ 14:18:11 - Row :166 - Product updated successfully.
11-28-2022 @ 14:18:11 - Row :167 - Parsing item.
11-28-2022 @ 14:18:11 - Row :167 - Processing item.
11-28-2022 @ 14:18:11 - Found simple product object. ID:1103
11-28-2022 @ 14:18:11 - Row :167 - Product updated successfully.
11-28-2022 @ 14:18:11 - Row :168 - Parsing item.
11-28-2022 @ 14:18:11 - Row :168 - Processing item.
11-28-2022 @ 14:18:11 - Found simple product object. ID:1104
11-28-2022 @ 14:18:11 - Row :168 - Product updated successfully.
11-28-2022 @ 14:18:11 - Row :169 - Parsing item.
11-28-2022 @ 14:18:11 - Row :169 - Processing item.
11-28-2022 @ 14:18:11 - Found simple product object. ID:1105
11-28-2022 @ 14:18:11 - Row :169 - Product updated successfully.
11-28-2022 @ 14:18:11 - Row :170 - Parsing item.
11-28-2022 @ 14:18:11 - Row :170 - Processing item.
11-28-2022 @ 14:18:11 - Found simple product object. ID:1106
11-28-2022 @ 14:18:11 - Row :170 - Product updated successfully.
11-28-2022 @ 14:18:12 - Preparing for import.
11-28-2022 @ 14:18:12 - Row :171 - Parsing item.
11-28-2022 @ 14:18:12 - Row :171 - Processing item.
11-28-2022 @ 14:18:12 - Found simple product object. ID:1107
11-28-2022 @ 14:18:13 - Row :171 - Product updated successfully.
11-28-2022 @ 14:18:13 - Row :172 - Parsing item.
11-28-2022 @ 14:18:13 - Row :172 - Processing item.
11-28-2022 @ 14:18:13 - Found simple product object. ID:1108
11-28-2022 @ 14:18:13 - Row :172 - Product updated successfully.
11-28-2022 @ 14:18:13 - Row :173 - Parsing item.
11-28-2022 @ 14:18:13 - Row :173 - Processing item.
11-28-2022 @ 14:18:13 - Found simple product object. ID:1109
11-28-2022 @ 14:18:13 - Row :173 - Product updated successfully.
11-28-2022 @ 14:18:13 - Row :174 - Parsing item.
11-28-2022 @ 14:18:13 - Row :174 - Processing item.
11-28-2022 @ 14:18:13 - Found simple product object. ID:1110
11-28-2022 @ 14:18:13 - Row :174 - Product updated successfully.
11-28-2022 @ 14:18:13 - Row :175 - Parsing item.
11-28-2022 @ 14:18:13 - Row :175 - Processing item.
11-28-2022 @ 14:18:13 - Found simple product object. ID:1111
11-28-2022 @ 14:18:13 - Row :175 - Product updated successfully.
11-28-2022 @ 14:18:13 - Row :176 - Parsing item.
11-28-2022 @ 14:18:13 - Row :176 - Processing item.
11-28-2022 @ 14:18:13 - Found simple product object. ID:1112
11-28-2022 @ 14:18:13 - Row :176 - Product updated successfully.
11-28-2022 @ 14:18:13 - Row :177 - Parsing item.
11-28-2022 @ 14:18:13 - Row :177 - Processing item.
11-28-2022 @ 14:18:13 - Found simple product object. ID:1113
11-28-2022 @ 14:18:13 - Row :177 - Product updated successfully.
11-28-2022 @ 14:18:13 - Row :178 - Parsing item.
11-28-2022 @ 14:18:13 - Row :178 - Processing item.
11-28-2022 @ 14:18:13 - Found simple product object. ID:1114
11-28-2022 @ 14:18:13 - Row :178 - Product updated successfully.
11-28-2022 @ 14:18:13 - Row :179 - Parsing item.
11-28-2022 @ 14:18:13 - Row :179 - Processing item.
11-28-2022 @ 14:18:13 - Found simple product object. ID:1115
11-28-2022 @ 14:18:13 - Row :179 - Product updated successfully.
11-28-2022 @ 14:18:13 - Row :180 - Parsing item.
11-28-2022 @ 14:18:13 - Row :180 - Processing item.
11-28-2022 @ 14:18:13 - Found simple product object. ID:1116
11-28-2022 @ 14:18:13 - Row :180 - Product updated successfully.
11-28-2022 @ 14:18:14 - Preparing for import.
11-28-2022 @ 14:18:14 - Row :181 - Parsing item.
11-28-2022 @ 14:18:14 - Row :181 - Processing item.
11-28-2022 @ 14:18:14 - Found simple product object. ID:1117
11-28-2022 @ 14:18:14 - Row :181 - Product updated successfully.
11-28-2022 @ 14:18:14 - Row :182 - Parsing item.
11-28-2022 @ 14:18:14 - Row :182 - Processing item.
11-28-2022 @ 14:18:14 - Found simple product object. ID:1118
11-28-2022 @ 14:18:14 - Row :182 - Product updated successfully.
11-28-2022 @ 14:18:14 - Row :183 - Parsing item.
11-28-2022 @ 14:18:14 - Row :183 - Processing item.
11-28-2022 @ 14:18:14 - Found simple product object. ID:1119
11-28-2022 @ 14:18:14 - Row :183 - Product updated successfully.
11-28-2022 @ 14:18:14 - Row :184 - Parsing item.
11-28-2022 @ 14:18:14 - Row :184 - Processing item.
11-28-2022 @ 14:18:14 - Found simple product object. ID:1120
11-28-2022 @ 14:18:14 - Row :184 - Product updated successfully.
11-28-2022 @ 14:18:14 - Row :185 - Parsing item.
11-28-2022 @ 14:18:14 - Row :185 - Processing item.
11-28-2022 @ 14:18:14 - Found simple product object. ID:1121
11-28-2022 @ 14:18:14 - Row :185 - Product updated successfully.
11-28-2022 @ 14:18:14 - Row :186 - Parsing item.
11-28-2022 @ 14:18:14 - Row :186 - Processing item.
11-28-2022 @ 14:18:14 - Found simple product object. ID:1122
11-28-2022 @ 14:18:14 - Row :186 - Product updated successfully.
11-28-2022 @ 14:18:14 - Row :187 - Parsing item.
11-28-2022 @ 14:18:14 - Row :187 - Processing item.
11-28-2022 @ 14:18:14 - Found simple product object. ID:1123
11-28-2022 @ 14:18:15 - Row :187 - Product updated successfully.
11-28-2022 @ 14:18:15 - Row :188 - Parsing item.
11-28-2022 @ 14:18:15 - Row :188 - Processing item.
11-28-2022 @ 14:18:15 - Found simple product object. ID:1124
11-28-2022 @ 14:18:15 - Row :188 - Product updated successfully.
11-28-2022 @ 14:18:15 - Row :189 - Parsing item.
11-28-2022 @ 14:18:15 - Row :189 - Processing item.
11-28-2022 @ 14:18:15 - Found simple product object. ID:1125
11-28-2022 @ 14:18:15 - Row :189 - Product updated successfully.
11-28-2022 @ 14:18:15 - Row :190 - Parsing item.
11-28-2022 @ 14:18:15 - Row :190 - Processing item.
11-28-2022 @ 14:18:15 - Found simple product object. ID:1126
11-28-2022 @ 14:18:15 - Row :190 - Product updated successfully.
11-28-2022 @ 14:18:16 - Preparing for import.
11-28-2022 @ 14:18:16 - Row :191 - Parsing item.
11-28-2022 @ 14:18:16 - Row :191 - Processing item.
11-28-2022 @ 14:18:16 - Found simple product object. ID:1127
11-28-2022 @ 14:18:16 - Row :191 - Product updated successfully.
11-28-2022 @ 14:18:16 - Row :192 - Parsing item.
11-28-2022 @ 14:18:16 - Row :192 - Processing item.
11-28-2022 @ 14:18:16 - Found simple product object. ID:1128
11-28-2022 @ 14:18:16 - Row :192 - Product updated successfully.
11-28-2022 @ 14:18:16 - Row :193 - Parsing item.
11-28-2022 @ 14:18:16 - Row :193 - Processing item.
11-28-2022 @ 14:18:16 - Found simple product object. ID:1129
11-28-2022 @ 14:18:16 - Row :193 - Product updated successfully.
11-28-2022 @ 14:18:16 - Row :194 - Parsing item.
11-28-2022 @ 14:18:16 - Row :194 - Processing item.
11-28-2022 @ 14:18:16 - Found simple product object. ID:1130
11-28-2022 @ 14:18:16 - Row :194 - Product updated successfully.
11-28-2022 @ 14:18:16 - Row :195 - Parsing item.
11-28-2022 @ 14:18:16 - Row :195 - Processing item.
11-28-2022 @ 14:18:16 - Found simple product object. ID:1131
11-28-2022 @ 14:18:16 - Row :195 - Product updated successfully.
11-28-2022 @ 14:18:16 - Row :196 - Parsing item.
11-28-2022 @ 14:18:16 - Row :196 - Processing item.
11-28-2022 @ 14:18:16 - Found simple product object. ID:1132
11-28-2022 @ 14:18:16 - Row :196 - Product updated successfully.
11-28-2022 @ 14:18:16 - Row :197 - Parsing item.
11-28-2022 @ 14:18:16 - Row :197 - Processing item.
11-28-2022 @ 14:18:16 - Found simple product object. ID:1133
11-28-2022 @ 14:18:16 - Row :197 - Product updated successfully.
11-28-2022 @ 14:18:16 - Row :198 - Parsing item.
11-28-2022 @ 14:18:16 - Row :198 - Processing item.
11-28-2022 @ 14:18:16 - Found simple product object. ID:1134
11-28-2022 @ 14:18:16 - Row :198 - Product updated successfully.
11-28-2022 @ 14:18:16 - Row :199 - Parsing item.
11-28-2022 @ 14:18:16 - Row :199 - Processing item.
11-28-2022 @ 14:18:16 - Found simple product object. ID:1135
11-28-2022 @ 14:18:16 - Row :199 - Product updated successfully.
11-28-2022 @ 14:18:16 - Row :200 - Parsing item.
11-28-2022 @ 14:18:16 - Row :200 - Processing item.
11-28-2022 @ 14:18:16 - Found simple product object. ID:1136
11-28-2022 @ 14:18:16 - Row :200 - Product updated successfully.
11-28-2022 @ 14:18:18 - Preparing for import.
11-28-2022 @ 14:18:18 - Row :201 - Parsing item.
11-28-2022 @ 14:18:18 - Row :201 - Processing item.
11-28-2022 @ 14:18:18 - Found simple product object. ID:1137
11-28-2022 @ 14:18:18 - Row :201 - Product updated successfully.
11-28-2022 @ 14:18:18 - Row :202 - Parsing item.
11-28-2022 @ 14:18:18 - Row :202 - Processing item.
11-28-2022 @ 14:18:18 - Found simple product object. ID:1138
11-28-2022 @ 14:18:18 - Row :202 - Product updated successfully.
11-28-2022 @ 14:18:18 - Row :203 - Parsing item.
11-28-2022 @ 14:18:18 - Row :203 - Processing item.
11-28-2022 @ 14:18:18 - Found simple product object. ID:1139
11-28-2022 @ 14:18:18 - Row :203 - Product updated successfully.
11-28-2022 @ 14:18:18 - Row :204 - Parsing item.
11-28-2022 @ 14:18:18 - Row :204 - Processing item.
11-28-2022 @ 14:18:18 - Found simple product object. ID:1140
11-28-2022 @ 14:18:18 - Row :204 - Product updated successfully.
11-28-2022 @ 14:18:18 - Row :205 - Parsing item.
11-28-2022 @ 14:18:18 - Row :205 - Processing item.
11-28-2022 @ 14:18:18 - Found simple product object. ID:1141
11-28-2022 @ 14:18:18 - Row :205 - Product updated successfully.
11-28-2022 @ 14:18:18 - Row :206 - Parsing item.
11-28-2022 @ 14:18:18 - Row :206 - Processing item.
11-28-2022 @ 14:18:18 - Found simple product object. ID:1142
11-28-2022 @ 14:18:18 - Row :206 - Product updated successfully.
11-28-2022 @ 14:18:18 - Row :207 - Parsing item.
11-28-2022 @ 14:18:18 - Row :207 - Processing item.
11-28-2022 @ 14:18:18 - Found simple product object. ID:1143
11-28-2022 @ 14:18:18 - Row :207 - Product updated successfully.
11-28-2022 @ 14:18:18 - Row :208 - Parsing item.
11-28-2022 @ 14:18:18 - Row :208 - Processing item.
11-28-2022 @ 14:18:18 - Found simple product object. ID:1144
11-28-2022 @ 14:18:18 - Row :208 - Product updated successfully.
11-28-2022 @ 14:18:18 - Row :209 - Parsing item.
11-28-2022 @ 14:18:18 - Row :209 - Processing item.
11-28-2022 @ 14:18:18 - Found simple product object. ID:1145
11-28-2022 @ 14:18:18 - Row :209 - Product updated successfully.
11-28-2022 @ 14:18:18 - Row :210 - Parsing item.
11-28-2022 @ 14:18:18 - Row :210 - Processing item.
11-28-2022 @ 14:18:18 - Found simple product object. ID:1146
11-28-2022 @ 14:18:18 - Row :210 - Product updated successfully.
11-28-2022 @ 14:18:20 - Preparing for import.
11-28-2022 @ 14:18:20 - Row :211 - Parsing item.
11-28-2022 @ 14:18:20 - Row :211 - Processing item.
11-28-2022 @ 14:18:20 - Found simple product object. ID:1147
11-28-2022 @ 14:18:20 - Row :211 - Product updated successfully.
11-28-2022 @ 14:18:20 - Row :212 - Parsing item.
11-28-2022 @ 14:18:20 - Row :212 - Processing item.
11-28-2022 @ 14:18:20 - Found simple product object. ID:1148
11-28-2022 @ 14:18:20 - Row :212 - Product updated successfully.
11-28-2022 @ 14:18:20 - Row :213 - Parsing item.
11-28-2022 @ 14:18:20 - Row :213 - Processing item.
11-28-2022 @ 14:18:20 - Found simple product object. ID:1149
11-28-2022 @ 14:18:20 - Row :213 - Product updated successfully.
11-28-2022 @ 14:18:20 - Row :214 - Parsing item.
11-28-2022 @ 14:18:21 - Row :214 - Processing item.
11-28-2022 @ 14:18:21 - Found simple product object. ID:1150
11-28-2022 @ 14:18:21 - Row :214 - Product updated successfully.
11-28-2022 @ 14:18:21 - Row :215 - Parsing item.
11-28-2022 @ 14:18:21 - Row :215 - Processing item.
11-28-2022 @ 14:18:21 - Found simple product object. ID:1151
11-28-2022 @ 14:18:21 - Row :215 - Product updated successfully.
11-28-2022 @ 14:18:21 - Row :216 - Parsing item.
11-28-2022 @ 14:18:21 - Row :216 - Processing item.
11-28-2022 @ 14:18:21 - Found simple product object. ID:1152
11-28-2022 @ 14:18:21 - Row :216 - Product updated successfully.
11-28-2022 @ 14:18:21 - Row :217 - Parsing item.
11-28-2022 @ 14:18:21 - Row :217 - Processing item.
11-28-2022 @ 14:18:21 - Found simple product object. ID:1153
11-28-2022 @ 14:18:21 - Row :217 - Product updated successfully.
11-28-2022 @ 14:18:21 - Row :218 - Parsing item.
11-28-2022 @ 14:18:21 - Row :218 - Processing item.
11-28-2022 @ 14:18:21 - Found simple product object. ID:1154
11-28-2022 @ 14:18:21 - Row :218 - Product updated successfully.
11-28-2022 @ 14:18:21 - Row :219 - Parsing item.
11-28-2022 @ 14:18:21 - Row :219 - Processing item.
11-28-2022 @ 14:18:21 - Found simple product object. ID:1155
11-28-2022 @ 14:18:21 - Row :219 - Product updated successfully.
11-28-2022 @ 14:18:21 - Row :220 - Parsing item.
11-28-2022 @ 14:18:21 - Row :220 - Processing item.
11-28-2022 @ 14:18:21 - Found simple product object. ID:1156
11-28-2022 @ 14:18:21 - Row :220 - Product updated successfully.
