12-05-2022 @ 14:50:20 - ---[ New import started at 2022-12-05 14:50:20 ] PHP Memory: 128 MB, WP Memory: 128 MB
12-05-2022 @ 14:50:20 - Preparing for import.
12-05-2022 @ 14:50:20 - Row :1 - Parsing item.
12-05-2022 @ 14:50:20 - Importing as new product ID:100542
12-05-2022 @ 14:50:20 - Row :1 - Processing item.
12-05-2022 @ 14:50:20 - Found variation product object. ID:100542
12-05-2022 @ 14:50:20 - Row :1 - Product imported successfully.
12-05-2022 @ 14:50:20 - Row :2 - Parsing item.
12-05-2022 @ 14:50:20 - Importing as new product ID:106303
12-05-2022 @ 14:50:20 - Row :2 - Processing item.
12-05-2022 @ 14:50:20 - Found variation product object. ID:106303
12-05-2022 @ 14:50:20 - Row :2 - Product imported successfully.
12-05-2022 @ 14:50:20 - Row :3 - Parsing item.
12-05-2022 @ 14:50:20 - Importing as new product ID:114087
12-05-2022 @ 14:50:20 - Row :3 - Processing item.
12-05-2022 @ 14:50:20 - Found variation product object. ID:114087
12-05-2022 @ 14:50:20 - Row :3 - Product imported successfully.
12-05-2022 @ 14:50:20 - Row :4 - Parsing item.
12-05-2022 @ 14:50:20 - Importing as new product ID:114658
12-05-2022 @ 14:50:20 - Row :4 - Processing item.
12-05-2022 @ 14:50:20 - Found variation product object. ID:114658
12-05-2022 @ 14:50:20 - Row :4 - Product imported successfully.
12-05-2022 @ 14:50:20 - Row :5 - Parsing item.
12-05-2022 @ 14:50:20 - Importing as new product ID:124533
12-05-2022 @ 14:50:20 - Row :5 - Processing item.
12-05-2022 @ 14:50:20 - Found variation product object. ID:124533
12-05-2022 @ 14:50:21 - Row :5 - Product imported successfully.
12-05-2022 @ 14:50:21 - Row :6 - Parsing item.
12-05-2022 @ 14:50:21 - Importing as new product ID:124534
12-05-2022 @ 14:50:21 - Row :6 - Processing item.
12-05-2022 @ 14:50:21 - Found variation product object. ID:124534
12-05-2022 @ 14:50:21 - Row :6 - Product imported successfully.
12-05-2022 @ 14:50:21 - Row :7 - Parsing item.
12-05-2022 @ 14:50:21 - Importing as new product ID:124535
12-05-2022 @ 14:50:21 - Row :7 - Processing item.
12-05-2022 @ 14:50:21 - Found variation product object. ID:124535
12-05-2022 @ 14:50:21 - Row :7 - Product imported successfully.
12-05-2022 @ 14:50:21 - Row :8 - Parsing item.
12-05-2022 @ 14:50:21 - Importing as new product ID:124536
12-05-2022 @ 14:50:21 - Row :8 - Processing item.
12-05-2022 @ 14:50:21 - Found variation product object. ID:124536
12-05-2022 @ 14:50:21 - Row :8 - Product imported successfully.
12-05-2022 @ 14:50:21 - Row :9 - Parsing item.
12-05-2022 @ 14:50:21 - Importing as new product ID:132901
12-05-2022 @ 14:50:21 - Row :9 - Processing item.
12-05-2022 @ 14:50:21 - Found variation product object. ID:132901
12-05-2022 @ 14:50:21 - Row :9 - Product imported successfully.
12-05-2022 @ 14:50:21 - Row :10 - Parsing item.
12-05-2022 @ 14:50:21 - Importing as new product ID:135223
12-05-2022 @ 14:50:21 - Row :10 - Processing item.
12-05-2022 @ 14:50:21 - Found variation product object. ID:135223
12-05-2022 @ 14:50:21 - Row :10 - Product imported successfully.
12-05-2022 @ 14:50:21 - Preparing for import.
12-05-2022 @ 14:50:21 - Row :11 - Parsing item.
12-05-2022 @ 14:50:21 - Importing as new product ID:135461
12-05-2022 @ 14:50:21 - Row :11 - Processing item.
12-05-2022 @ 14:50:21 - Found variation product object. ID:135461
12-05-2022 @ 14:50:21 - Row :11 - Product imported successfully.
12-05-2022 @ 14:50:21 - Row :12 - Parsing item.
12-05-2022 @ 14:50:21 - Importing as new product ID:141168
12-05-2022 @ 14:50:21 - Row :12 - Processing item.
12-05-2022 @ 14:50:21 - Found variation product object. ID:141168
12-05-2022 @ 14:50:21 - Row :12 - Product imported successfully.
12-05-2022 @ 14:50:21 - Row :13 - Parsing item.
12-05-2022 @ 14:50:21 - Importing as new product ID:142087
12-05-2022 @ 14:50:21 - Row :13 - Processing item.
12-05-2022 @ 14:50:21 - Found variation product object. ID:142087
12-05-2022 @ 14:50:22 - Row :13 - Product imported successfully.
12-05-2022 @ 14:50:22 - Row :14 - Parsing item.
12-05-2022 @ 14:50:22 - Importing as new product ID:142088
12-05-2022 @ 14:50:22 - Row :14 - Processing item.
12-05-2022 @ 14:50:22 - Found variation product object. ID:142088
12-05-2022 @ 14:50:22 - Row :14 - Product imported successfully.
12-05-2022 @ 14:50:22 - Row :15 - Parsing item.
12-05-2022 @ 14:50:22 - Importing as new product ID:142392
12-05-2022 @ 14:50:22 - Row :15 - Processing item.
12-05-2022 @ 14:50:22 - Found variation product object. ID:142392
12-05-2022 @ 14:50:22 - Row :15 - Product imported successfully.
12-05-2022 @ 14:50:22 - Row :16 - Parsing item.
12-05-2022 @ 14:50:22 - Importing as new product ID:146933
12-05-2022 @ 14:50:22 - Row :16 - Processing item.
12-05-2022 @ 14:50:22 - Found variation product object. ID:146933
12-05-2022 @ 14:50:22 - Row :16 - Product imported successfully.
12-05-2022 @ 14:50:22 - Row :17 - Parsing item.
12-05-2022 @ 14:50:22 - Importing as new product ID:148205
12-05-2022 @ 14:50:22 - Row :17 - Processing item.
12-05-2022 @ 14:50:22 - Found variation product object. ID:148205
12-05-2022 @ 14:50:22 - Row :17 - Product imported successfully.
12-05-2022 @ 14:50:22 - Row :18 - Parsing item.
12-05-2022 @ 14:50:22 - Importing as new product ID:150692
12-05-2022 @ 14:50:22 - Row :18 - Processing item.
12-05-2022 @ 14:50:22 - Found variation product object. ID:150692
12-05-2022 @ 14:50:22 - Row :18 - Product imported successfully.
12-05-2022 @ 14:50:22 - Row :19 - Parsing item.
12-05-2022 @ 14:50:22 - Row :19 - Parsing failed. Reason: לא ניתן להוסיף את הפוסט למסד הנתונים.
12-05-2022 @ 14:50:22 - Row :20 - Parsing item.
12-05-2022 @ 14:50:22 - Row :20 - Parsing failed. Reason: לא ניתן להוסיף את הפוסט למסד הנתונים.
12-05-2022 @ 14:50:22 - Preparing for import.
12-05-2022 @ 14:50:22 - Row :21 - Parsing item.
12-05-2022 @ 14:50:22 - Importing as new product ID:155726
12-05-2022 @ 14:50:22 - Row :21 - Processing item.
12-05-2022 @ 14:50:22 - Found variation product object. ID:155726
12-05-2022 @ 14:50:22 - Row :21 - Product imported successfully.
12-05-2022 @ 14:50:22 - Row :22 - Parsing item.
12-05-2022 @ 14:50:22 - Importing as new product ID:155727
12-05-2022 @ 14:50:22 - Row :22 - Processing item.
12-05-2022 @ 14:50:22 - Found variation product object. ID:155727
12-05-2022 @ 14:50:22 - Row :22 - Product imported successfully.
12-05-2022 @ 14:50:22 - Row :23 - Parsing item.
12-05-2022 @ 14:50:22 - Importing as new product ID:155728
12-05-2022 @ 14:50:22 - Row :23 - Processing item.
12-05-2022 @ 14:50:22 - Found variation product object. ID:155728
12-05-2022 @ 14:50:23 - Row :23 - Product imported successfully.
12-05-2022 @ 14:50:23 - Row :24 - Parsing item.
12-05-2022 @ 14:50:23 - Importing as new product ID:155815
12-05-2022 @ 14:50:23 - Row :24 - Processing item.
12-05-2022 @ 14:50:23 - Found variation product object. ID:155815
12-05-2022 @ 14:50:23 - Row :24 - Product imported successfully.
12-05-2022 @ 14:50:23 - Row :25 - Parsing item.
12-05-2022 @ 14:50:23 - Importing as new product ID:155816
12-05-2022 @ 14:50:23 - Row :25 - Processing item.
12-05-2022 @ 14:50:23 - Found variation product object. ID:155816
12-05-2022 @ 14:50:23 - Row :25 - Product imported successfully.
12-05-2022 @ 14:50:23 - Row :26 - Parsing item.
12-05-2022 @ 14:50:23 - Importing as new product ID:156030
12-05-2022 @ 14:50:23 - Row :26 - Processing item.
12-05-2022 @ 14:50:23 - Found variation product object. ID:156030
12-05-2022 @ 14:50:23 - Row :26 - Product imported successfully.
12-05-2022 @ 14:50:23 - Row :27 - Parsing item.
12-05-2022 @ 14:50:23 - Importing as new product ID:156031
12-05-2022 @ 14:50:23 - Row :27 - Processing item.
12-05-2022 @ 14:50:23 - Found variation product object. ID:156031
12-05-2022 @ 14:50:23 - Row :27 - Product imported successfully.
12-05-2022 @ 14:50:23 - Row :28 - Parsing item.
12-05-2022 @ 14:50:23 - Importing as new product ID:157171
12-05-2022 @ 14:50:23 - Row :28 - Processing item.
12-05-2022 @ 14:50:23 - Found variation product object. ID:157171
12-05-2022 @ 14:50:23 - Row :28 - Product imported successfully.
12-05-2022 @ 14:50:23 - Row :29 - Parsing item.
12-05-2022 @ 14:50:23 - Importing as new product ID:157172
12-05-2022 @ 14:50:23 - Row :29 - Processing item.
12-05-2022 @ 14:50:23 - Found variation product object. ID:157172
12-05-2022 @ 14:50:23 - Row :29 - Product imported successfully.
12-05-2022 @ 14:50:23 - Row :30 - Parsing item.
12-05-2022 @ 14:50:23 - Importing as new product ID:157173
12-05-2022 @ 14:50:23 - Row :30 - Processing item.
12-05-2022 @ 14:50:23 - Found variation product object. ID:157173
12-05-2022 @ 14:50:23 - Row :30 - Product imported successfully.
12-05-2022 @ 14:50:23 - Preparing for import.
12-05-2022 @ 14:50:23 - Row :31 - Parsing item.
12-05-2022 @ 14:50:23 - Importing as new product ID:159351
12-05-2022 @ 14:50:23 - Row :31 - Processing item.
12-05-2022 @ 14:50:23 - Found variation product object. ID:159351
12-05-2022 @ 14:50:24 - Row :31 - Product imported successfully.
12-05-2022 @ 14:50:24 - Row :32 - Parsing item.
12-05-2022 @ 14:50:24 - Importing as new product ID:159352
12-05-2022 @ 14:50:24 - Row :32 - Processing item.
12-05-2022 @ 14:50:24 - Found variation product object. ID:159352
12-05-2022 @ 14:50:24 - Row :32 - Product imported successfully.
12-05-2022 @ 14:50:24 - Row :33 - Parsing item.
12-05-2022 @ 14:50:24 - Importing as new product ID:160094
12-05-2022 @ 14:50:24 - Row :33 - Processing item.
12-05-2022 @ 14:50:24 - Found variation product object. ID:160094
12-05-2022 @ 14:50:24 - Row :33 - Product imported successfully.
12-05-2022 @ 14:50:24 - Row :34 - Parsing item.
12-05-2022 @ 14:50:24 - Importing as new product ID:160095
12-05-2022 @ 14:50:24 - Row :34 - Processing item.
12-05-2022 @ 14:50:24 - Found variation product object. ID:160095
12-05-2022 @ 14:50:24 - Row :34 - Product imported successfully.
12-05-2022 @ 14:50:24 - Row :35 - Parsing item.
12-05-2022 @ 14:50:24 - Importing as new product ID:66800
12-05-2022 @ 14:50:24 - Row :35 - Processing item.
12-05-2022 @ 14:50:24 - Found variation product object. ID:66800
12-05-2022 @ 14:50:24 - Row :35 - Product imported successfully.
12-05-2022 @ 14:50:24 - Row :36 - Parsing item.
12-05-2022 @ 14:50:24 - Importing as new product ID:67739
12-05-2022 @ 14:50:24 - Row :36 - Processing item.
12-05-2022 @ 14:50:24 - Found variation product object. ID:67739
12-05-2022 @ 14:50:24 - Row :36 - Product imported successfully.
12-05-2022 @ 14:50:24 - Row :37 - Parsing item.
12-05-2022 @ 14:50:24 - Importing as new product ID:69307
12-05-2022 @ 14:50:24 - Row :37 - Processing item.
12-05-2022 @ 14:50:24 - Found variation product object. ID:69307
12-05-2022 @ 14:50:24 - Row :37 - Product imported successfully.
12-05-2022 @ 14:50:24 - Row :38 - Parsing item.
12-05-2022 @ 14:50:24 - Importing as new product ID:73527
12-05-2022 @ 14:50:24 - Row :38 - Processing item.
12-05-2022 @ 14:50:24 - Found variation product object. ID:73527
12-05-2022 @ 14:50:24 - Row :38 - Product imported successfully.
12-05-2022 @ 14:50:24 - Row :39 - Parsing item.
12-05-2022 @ 14:50:24 - Importing as new product ID:73802
12-05-2022 @ 14:50:24 - Row :39 - Processing item.
12-05-2022 @ 14:50:24 - Found variation product object. ID:73802
12-05-2022 @ 14:50:24 - Row :39 - Product imported successfully.
12-05-2022 @ 14:50:24 - Row :40 - Parsing item.
12-05-2022 @ 14:50:24 - Importing as new product ID:73803
12-05-2022 @ 14:50:24 - Row :40 - Processing item.
12-05-2022 @ 14:50:24 - Found variation product object. ID:73803
12-05-2022 @ 14:50:24 - Row :40 - Product imported successfully.
12-05-2022 @ 14:50:25 - Preparing for import.
12-05-2022 @ 14:50:25 - Row :41 - Parsing item.
12-05-2022 @ 14:50:25 - Importing as new product ID:73804
12-05-2022 @ 14:50:25 - Row :41 - Processing item.
12-05-2022 @ 14:50:25 - Found variation product object. ID:73804
12-05-2022 @ 14:50:25 - Row :41 - Product imported successfully.
12-05-2022 @ 14:50:25 - Row :42 - Parsing item.
12-05-2022 @ 14:50:25 - Importing as new product ID:73806
12-05-2022 @ 14:50:25 - Row :42 - Processing item.
12-05-2022 @ 14:50:25 - Found variation product object. ID:73806
12-05-2022 @ 14:50:25 - Row :42 - Product imported successfully.
12-05-2022 @ 14:50:25 - Row :43 - Parsing item.
12-05-2022 @ 14:50:25 - Importing as new product ID:73807
12-05-2022 @ 14:50:25 - Row :43 - Processing item.
12-05-2022 @ 14:50:25 - Found variation product object. ID:73807
12-05-2022 @ 14:50:25 - Row :43 - Product imported successfully.
12-05-2022 @ 14:50:25 - Row :44 - Parsing item.
12-05-2022 @ 14:50:25 - Importing as new product ID:73808
12-05-2022 @ 14:50:25 - Row :44 - Processing item.
12-05-2022 @ 14:50:25 - Found variation product object. ID:73808
12-05-2022 @ 14:50:25 - Row :44 - Product imported successfully.
12-05-2022 @ 14:50:25 - Row :45 - Parsing item.
12-05-2022 @ 14:50:25 - Importing as new product ID:73810
12-05-2022 @ 14:50:25 - Row :45 - Processing item.
12-05-2022 @ 14:50:25 - Found variation product object. ID:73810
12-05-2022 @ 14:50:25 - Row :45 - Product imported successfully.
12-05-2022 @ 14:50:25 - Row :46 - Parsing item.
12-05-2022 @ 14:50:25 - Importing as new product ID:73811
12-05-2022 @ 14:50:25 - Row :46 - Processing item.
12-05-2022 @ 14:50:25 - Found variation product object. ID:73811
12-05-2022 @ 14:50:25 - Row :46 - Product imported successfully.
12-05-2022 @ 14:50:25 - Row :47 - Parsing item.
12-05-2022 @ 14:50:25 - Importing as new product ID:73812
12-05-2022 @ 14:50:25 - Row :47 - Processing item.
12-05-2022 @ 14:50:25 - Found variation product object. ID:73812
12-05-2022 @ 14:50:25 - Row :47 - Product imported successfully.
12-05-2022 @ 14:50:25 - Row :48 - Parsing item.
12-05-2022 @ 14:50:25 - Importing as new product ID:73815
12-05-2022 @ 14:50:25 - Row :48 - Processing item.
12-05-2022 @ 14:50:25 - Found variation product object. ID:73815
12-05-2022 @ 14:50:25 - Row :48 - Product imported successfully.
12-05-2022 @ 14:50:25 - Row :49 - Parsing item.
12-05-2022 @ 14:50:25 - Importing as new product ID:73816
12-05-2022 @ 14:50:25 - Row :49 - Processing item.
12-05-2022 @ 14:50:25 - Found variation product object. ID:73816
12-05-2022 @ 14:50:25 - Row :49 - Product imported successfully.
12-05-2022 @ 14:50:25 - Row :50 - Parsing item.
12-05-2022 @ 14:50:25 - Importing as new product ID:73817
12-05-2022 @ 14:50:25 - Row :50 - Processing item.
12-05-2022 @ 14:50:25 - Found variation product object. ID:73817
12-05-2022 @ 14:50:25 - Row :50 - Product imported successfully.
12-05-2022 @ 14:50:26 - Preparing for import.
12-05-2022 @ 14:50:26 - Row :51 - Parsing item.
12-05-2022 @ 14:50:26 - Importing as new product ID:73818
12-05-2022 @ 14:50:26 - Row :51 - Processing item.
12-05-2022 @ 14:50:26 - Found variation product object. ID:73818
12-05-2022 @ 14:50:26 - Row :51 - Product imported successfully.
12-05-2022 @ 14:50:26 - Row :52 - Parsing item.
12-05-2022 @ 14:50:26 - Importing as new product ID:73819
12-05-2022 @ 14:50:26 - Row :52 - Processing item.
12-05-2022 @ 14:50:26 - Found variation product object. ID:73819
12-05-2022 @ 14:50:26 - Row :52 - Product imported successfully.
12-05-2022 @ 14:50:26 - Row :53 - Parsing item.
12-05-2022 @ 14:50:26 - Importing as new product ID:73820
12-05-2022 @ 14:50:26 - Row :53 - Processing item.
12-05-2022 @ 14:50:26 - Found variation product object. ID:73820
12-05-2022 @ 14:50:26 - Row :53 - Product imported successfully.
12-05-2022 @ 14:50:26 - Row :54 - Parsing item.
12-05-2022 @ 14:50:26 - Importing as new product ID:73821
12-05-2022 @ 14:50:26 - Row :54 - Processing item.
12-05-2022 @ 14:50:26 - Found variation product object. ID:73821
12-05-2022 @ 14:50:26 - Row :54 - Product imported successfully.
12-05-2022 @ 14:50:26 - Row :55 - Parsing item.
12-05-2022 @ 14:50:26 - Importing as new product ID:73822
12-05-2022 @ 14:50:26 - Row :55 - Processing item.
12-05-2022 @ 14:50:26 - Found variation product object. ID:73822
12-05-2022 @ 14:50:26 - Row :55 - Product imported successfully.
12-05-2022 @ 14:50:26 - Row :56 - Parsing item.
12-05-2022 @ 14:50:26 - Importing as new product ID:73823
12-05-2022 @ 14:50:26 - Row :56 - Processing item.
12-05-2022 @ 14:50:26 - Found variation product object. ID:73823
12-05-2022 @ 14:50:26 - Row :56 - Product imported successfully.
12-05-2022 @ 14:50:26 - Row :57 - Parsing item.
12-05-2022 @ 14:50:26 - Importing as new product ID:73825
12-05-2022 @ 14:50:26 - Row :57 - Processing item.
12-05-2022 @ 14:50:26 - Found variation product object. ID:73825
12-05-2022 @ 14:50:26 - Row :57 - Product imported successfully.
12-05-2022 @ 14:50:26 - Row :58 - Parsing item.
12-05-2022 @ 14:50:26 - Importing as new product ID:73826
12-05-2022 @ 14:50:26 - Row :58 - Processing item.
12-05-2022 @ 14:50:26 - Found variation product object. ID:73826
12-05-2022 @ 14:50:26 - Row :58 - Product imported successfully.
12-05-2022 @ 14:50:26 - Row :59 - Parsing item.
12-05-2022 @ 14:50:26 - Importing as new product ID:73827
12-05-2022 @ 14:50:26 - Row :59 - Processing item.
12-05-2022 @ 14:50:26 - Found variation product object. ID:73827
12-05-2022 @ 14:50:26 - Row :59 - Product imported successfully.
12-05-2022 @ 14:50:26 - Row :60 - Parsing item.
12-05-2022 @ 14:50:26 - Importing as new product ID:73828
12-05-2022 @ 14:50:26 - Row :60 - Processing item.
12-05-2022 @ 14:50:26 - Found variation product object. ID:73828
12-05-2022 @ 14:50:26 - Row :60 - Product imported successfully.
12-05-2022 @ 14:50:27 - Preparing for import.
12-05-2022 @ 14:50:27 - Row :61 - Parsing item.
12-05-2022 @ 14:50:27 - Importing as new product ID:73829
12-05-2022 @ 14:50:27 - Row :61 - Processing item.
12-05-2022 @ 14:50:27 - Found variation product object. ID:73829
12-05-2022 @ 14:50:27 - Row :61 - Product imported successfully.
12-05-2022 @ 14:50:27 - Row :62 - Parsing item.
12-05-2022 @ 14:50:27 - Importing as new product ID:73830
12-05-2022 @ 14:50:27 - Row :62 - Processing item.
12-05-2022 @ 14:50:27 - Found variation product object. ID:73830
12-05-2022 @ 14:50:27 - Row :62 - Product imported successfully.
12-05-2022 @ 14:50:27 - Row :63 - Parsing item.
12-05-2022 @ 14:50:27 - Importing as new product ID:73831
12-05-2022 @ 14:50:27 - Row :63 - Processing item.
12-05-2022 @ 14:50:27 - Found variation product object. ID:73831
12-05-2022 @ 14:50:27 - Row :63 - Product imported successfully.
12-05-2022 @ 14:50:27 - Row :64 - Parsing item.
12-05-2022 @ 14:50:27 - Importing as new product ID:73833
12-05-2022 @ 14:50:27 - Row :64 - Processing item.
12-05-2022 @ 14:50:27 - Found variation product object. ID:73833
12-05-2022 @ 14:50:27 - Row :64 - Product imported successfully.
12-05-2022 @ 14:50:27 - Row :65 - Parsing item.
12-05-2022 @ 14:50:27 - Importing as new product ID:73834
12-05-2022 @ 14:50:27 - Row :65 - Processing item.
12-05-2022 @ 14:50:27 - Found variation product object. ID:73834
12-05-2022 @ 14:50:27 - Row :65 - Product imported successfully.
12-05-2022 @ 14:50:27 - Row :66 - Parsing item.
12-05-2022 @ 14:50:27 - Importing as new product ID:73836
12-05-2022 @ 14:50:27 - Row :66 - Processing item.
12-05-2022 @ 14:50:27 - Found variation product object. ID:73836
12-05-2022 @ 14:50:27 - Row :66 - Product imported successfully.
12-05-2022 @ 14:50:27 - Row :67 - Parsing item.
12-05-2022 @ 14:50:27 - Importing as new product ID:73837
12-05-2022 @ 14:50:27 - Row :67 - Processing item.
12-05-2022 @ 14:50:27 - Found variation product object. ID:73837
12-05-2022 @ 14:50:27 - Row :67 - Product imported successfully.
12-05-2022 @ 14:50:27 - Row :68 - Parsing item.
12-05-2022 @ 14:50:27 - Importing as new product ID:73838
12-05-2022 @ 14:50:27 - Row :68 - Processing item.
12-05-2022 @ 14:50:27 - Found variation product object. ID:73838
12-05-2022 @ 14:50:27 - Row :68 - Product imported successfully.
12-05-2022 @ 14:50:27 - Row :69 - Parsing item.
12-05-2022 @ 14:50:27 - Importing as new product ID:73839
12-05-2022 @ 14:50:27 - Row :69 - Processing item.
12-05-2022 @ 14:50:27 - Found variation product object. ID:73839
12-05-2022 @ 14:50:27 - Row :69 - Product imported successfully.
12-05-2022 @ 14:50:27 - Row :70 - Parsing item.
12-05-2022 @ 14:50:27 - Importing as new product ID:73840
12-05-2022 @ 14:50:27 - Row :70 - Processing item.
12-05-2022 @ 14:50:27 - Found variation product object. ID:73840
12-05-2022 @ 14:50:27 - Row :70 - Product imported successfully.
12-05-2022 @ 14:50:28 - Preparing for import.
12-05-2022 @ 14:50:28 - Row :71 - Parsing item.
12-05-2022 @ 14:50:28 - Importing as new product ID:73841
12-05-2022 @ 14:50:28 - Row :71 - Processing item.
12-05-2022 @ 14:50:28 - Found variation product object. ID:73841
12-05-2022 @ 14:50:28 - Row :71 - Product imported successfully.
12-05-2022 @ 14:50:28 - Row :72 - Parsing item.
12-05-2022 @ 14:50:28 - Importing as new product ID:73842
12-05-2022 @ 14:50:28 - Row :72 - Processing item.
12-05-2022 @ 14:50:28 - Found variation product object. ID:73842
12-05-2022 @ 14:50:28 - Row :72 - Product imported successfully.
12-05-2022 @ 14:50:28 - Row :73 - Parsing item.
12-05-2022 @ 14:50:28 - Importing as new product ID:73843
12-05-2022 @ 14:50:28 - Row :73 - Processing item.
12-05-2022 @ 14:50:28 - Found variation product object. ID:73843
12-05-2022 @ 14:50:28 - Row :73 - Product imported successfully.
12-05-2022 @ 14:50:28 - Row :74 - Parsing item.
12-05-2022 @ 14:50:28 - Importing as new product ID:73844
12-05-2022 @ 14:50:28 - Row :74 - Processing item.
12-05-2022 @ 14:50:28 - Found variation product object. ID:73844
12-05-2022 @ 14:50:28 - Row :74 - Product imported successfully.
12-05-2022 @ 14:50:28 - Row :75 - Parsing item.
12-05-2022 @ 14:50:28 - Importing as new product ID:73848
12-05-2022 @ 14:50:28 - Row :75 - Processing item.
12-05-2022 @ 14:50:28 - Found variation product object. ID:73848
12-05-2022 @ 14:50:28 - Row :75 - Product imported successfully.
12-05-2022 @ 14:50:28 - Row :76 - Parsing item.
12-05-2022 @ 14:50:28 - Importing as new product ID:73850
12-05-2022 @ 14:50:28 - Row :76 - Processing item.
12-05-2022 @ 14:50:28 - Found variation product object. ID:73850
12-05-2022 @ 14:50:28 - Row :76 - Product imported successfully.
12-05-2022 @ 14:50:28 - Row :77 - Parsing item.
12-05-2022 @ 14:50:28 - Importing as new product ID:73851
12-05-2022 @ 14:50:28 - Row :77 - Processing item.
12-05-2022 @ 14:50:28 - Found variation product object. ID:73851
12-05-2022 @ 14:50:28 - Row :77 - Product imported successfully.
12-05-2022 @ 14:50:28 - Row :78 - Parsing item.
12-05-2022 @ 14:50:28 - Importing as new product ID:73852
12-05-2022 @ 14:50:28 - Row :78 - Processing item.
12-05-2022 @ 14:50:28 - Found variation product object. ID:73852
12-05-2022 @ 14:50:28 - Row :78 - Product imported successfully.
12-05-2022 @ 14:50:28 - Row :79 - Parsing item.
12-05-2022 @ 14:50:28 - Importing as new product ID:73853
12-05-2022 @ 14:50:28 - Row :79 - Processing item.
12-05-2022 @ 14:50:28 - Found variation product object. ID:73853
12-05-2022 @ 14:50:28 - Row :79 - Product imported successfully.
12-05-2022 @ 14:50:28 - Row :80 - Parsing item.
12-05-2022 @ 14:50:28 - Importing as new product ID:73854
12-05-2022 @ 14:50:28 - Row :80 - Processing item.
12-05-2022 @ 14:50:28 - Found variation product object. ID:73854
12-05-2022 @ 14:50:28 - Row :80 - Product imported successfully.
12-05-2022 @ 14:50:29 - Preparing for import.
12-05-2022 @ 14:50:29 - Row :81 - Parsing item.
12-05-2022 @ 14:50:29 - Importing as new product ID:73855
12-05-2022 @ 14:50:29 - Row :81 - Processing item.
12-05-2022 @ 14:50:29 - Found variation product object. ID:73855
12-05-2022 @ 14:50:29 - Row :81 - Product imported successfully.
12-05-2022 @ 14:50:29 - Row :82 - Parsing item.
12-05-2022 @ 14:50:29 - Importing as new product ID:73856
12-05-2022 @ 14:50:29 - Row :82 - Processing item.
12-05-2022 @ 14:50:29 - Found variation product object. ID:73856
12-05-2022 @ 14:50:29 - Row :82 - Product imported successfully.
12-05-2022 @ 14:50:29 - Row :83 - Parsing item.
12-05-2022 @ 14:50:29 - Importing as new product ID:73858
12-05-2022 @ 14:50:29 - Row :83 - Processing item.
12-05-2022 @ 14:50:29 - Found variation product object. ID:73858
12-05-2022 @ 14:50:29 - Row :83 - Product imported successfully.
12-05-2022 @ 14:50:29 - Row :84 - Parsing item.
12-05-2022 @ 14:50:29 - Importing as new product ID:73859
12-05-2022 @ 14:50:29 - Row :84 - Processing item.
12-05-2022 @ 14:50:29 - Found variation product object. ID:73859
12-05-2022 @ 14:50:29 - Row :84 - Product imported successfully.
12-05-2022 @ 14:50:29 - Row :85 - Parsing item.
12-05-2022 @ 14:50:29 - Importing as new product ID:73860
12-05-2022 @ 14:50:29 - Row :85 - Processing item.
12-05-2022 @ 14:50:29 - Found variation product object. ID:73860
12-05-2022 @ 14:50:29 - Row :85 - Product imported successfully.
12-05-2022 @ 14:50:29 - Row :86 - Parsing item.
12-05-2022 @ 14:50:29 - Importing as new product ID:73861
12-05-2022 @ 14:50:29 - Row :86 - Processing item.
12-05-2022 @ 14:50:29 - Found variation product object. ID:73861
12-05-2022 @ 14:50:29 - Row :86 - Product imported successfully.
12-05-2022 @ 14:50:29 - Row :87 - Parsing item.
12-05-2022 @ 14:50:29 - Importing as new product ID:73862
12-05-2022 @ 14:50:29 - Row :87 - Processing item.
12-05-2022 @ 14:50:29 - Found variation product object. ID:73862
12-05-2022 @ 14:50:29 - Row :87 - Product imported successfully.
12-05-2022 @ 14:50:29 - Row :88 - Parsing item.
12-05-2022 @ 14:50:29 - Importing as new product ID:73865
12-05-2022 @ 14:50:29 - Row :88 - Processing item.
12-05-2022 @ 14:50:29 - Found variation product object. ID:73865
12-05-2022 @ 14:50:29 - Row :88 - Product imported successfully.
12-05-2022 @ 14:50:29 - Row :89 - Parsing item.
12-05-2022 @ 14:50:29 - Importing as new product ID:73866
12-05-2022 @ 14:50:29 - Row :89 - Processing item.
12-05-2022 @ 14:50:29 - Found variation product object. ID:73866
12-05-2022 @ 14:50:29 - Row :89 - Product imported successfully.
12-05-2022 @ 14:50:29 - Row :90 - Parsing item.
12-05-2022 @ 14:50:29 - Importing as new product ID:73867
12-05-2022 @ 14:50:29 - Row :90 - Processing item.
12-05-2022 @ 14:50:29 - Found variation product object. ID:73867
12-05-2022 @ 14:50:29 - Row :90 - Product imported successfully.
12-05-2022 @ 14:50:30 - Preparing for import.
12-05-2022 @ 14:50:30 - Row :91 - Parsing item.
12-05-2022 @ 14:50:30 - Importing as new product ID:73868
12-05-2022 @ 14:50:30 - Row :91 - Processing item.
12-05-2022 @ 14:50:30 - Found variation product object. ID:73868
12-05-2022 @ 14:50:30 - Row :91 - Product imported successfully.
12-05-2022 @ 14:50:30 - Row :92 - Parsing item.
12-05-2022 @ 14:50:30 - Importing as new product ID:73870
12-05-2022 @ 14:50:30 - Row :92 - Processing item.
12-05-2022 @ 14:50:30 - Found variation product object. ID:73870
12-05-2022 @ 14:50:30 - Row :92 - Product imported successfully.
12-05-2022 @ 14:50:30 - Row :93 - Parsing item.
12-05-2022 @ 14:50:30 - Importing as new product ID:73871
12-05-2022 @ 14:50:30 - Row :93 - Processing item.
12-05-2022 @ 14:50:30 - Found variation product object. ID:73871
12-05-2022 @ 14:50:30 - Row :93 - Product imported successfully.
12-05-2022 @ 14:50:30 - Row :94 - Parsing item.
12-05-2022 @ 14:50:30 - Importing as new product ID:73872
12-05-2022 @ 14:50:30 - Row :94 - Processing item.
12-05-2022 @ 14:50:30 - Found variation product object. ID:73872
12-05-2022 @ 14:50:30 - Row :94 - Product imported successfully.
12-05-2022 @ 14:50:30 - Row :95 - Parsing item.
12-05-2022 @ 14:50:30 - Importing as new product ID:73873
12-05-2022 @ 14:50:30 - Row :95 - Processing item.
12-05-2022 @ 14:50:30 - Found variation product object. ID:73873
12-05-2022 @ 14:50:30 - Row :95 - Product imported successfully.
12-05-2022 @ 14:50:30 - Row :96 - Parsing item.
12-05-2022 @ 14:50:30 - Importing as new product ID:73874
12-05-2022 @ 14:50:30 - Row :96 - Processing item.
12-05-2022 @ 14:50:30 - Found variation product object. ID:73874
12-05-2022 @ 14:50:30 - Row :96 - Product imported successfully.
12-05-2022 @ 14:50:30 - Row :97 - Parsing item.
12-05-2022 @ 14:50:30 - Importing as new product ID:73875
12-05-2022 @ 14:50:30 - Row :97 - Processing item.
12-05-2022 @ 14:50:30 - Found variation product object. ID:73875
12-05-2022 @ 14:50:30 - Row :97 - Product imported successfully.
12-05-2022 @ 14:50:30 - Row :98 - Parsing item.
12-05-2022 @ 14:50:30 - Importing as new product ID:73876
12-05-2022 @ 14:50:30 - Row :98 - Processing item.
12-05-2022 @ 14:50:30 - Found variation product object. ID:73876
12-05-2022 @ 14:50:30 - Row :98 - Product imported successfully.
12-05-2022 @ 14:50:30 - Row :99 - Parsing item.
12-05-2022 @ 14:50:30 - Importing as new product ID:73877
12-05-2022 @ 14:50:30 - Row :99 - Processing item.
12-05-2022 @ 14:50:30 - Found variation product object. ID:73877
12-05-2022 @ 14:50:30 - Row :99 - Product imported successfully.
12-05-2022 @ 14:50:30 - Row :100 - Parsing item.
12-05-2022 @ 14:50:30 - Importing as new product ID:73880
12-05-2022 @ 14:50:30 - Row :100 - Processing item.
12-05-2022 @ 14:50:30 - Found variation product object. ID:73880
12-05-2022 @ 14:50:30 - Row :100 - Product imported successfully.
12-05-2022 @ 14:50:31 - Preparing for import.
12-05-2022 @ 14:50:31 - Row :101 - Parsing item.
12-05-2022 @ 14:50:31 - Importing as new product ID:73881
12-05-2022 @ 14:50:31 - Row :101 - Processing item.
12-05-2022 @ 14:50:31 - Found variation product object. ID:73881
12-05-2022 @ 14:50:31 - Row :101 - Product imported successfully.
12-05-2022 @ 14:50:31 - Row :102 - Parsing item.
12-05-2022 @ 14:50:31 - Importing as new product ID:73882
12-05-2022 @ 14:50:31 - Row :102 - Processing item.
12-05-2022 @ 14:50:31 - Found variation product object. ID:73882
12-05-2022 @ 14:50:31 - Row :102 - Product imported successfully.
12-05-2022 @ 14:50:31 - Row :103 - Parsing item.
12-05-2022 @ 14:50:31 - Importing as new product ID:73887
12-05-2022 @ 14:50:31 - Row :103 - Processing item.
12-05-2022 @ 14:50:31 - Found variation product object. ID:73887
12-05-2022 @ 14:50:31 - Row :103 - Product imported successfully.
12-05-2022 @ 14:50:31 - Row :104 - Parsing item.
12-05-2022 @ 14:50:31 - Importing as new product ID:73888
12-05-2022 @ 14:50:31 - Row :104 - Processing item.
12-05-2022 @ 14:50:31 - Found variation product object. ID:73888
12-05-2022 @ 14:50:31 - Row :104 - Product imported successfully.
12-05-2022 @ 14:50:31 - Row :105 - Parsing item.
12-05-2022 @ 14:50:31 - Importing as new product ID:73890
12-05-2022 @ 14:50:31 - Row :105 - Processing item.
12-05-2022 @ 14:50:31 - Found variation product object. ID:73890
12-05-2022 @ 14:50:31 - Row :105 - Product imported successfully.
12-05-2022 @ 14:50:31 - Row :106 - Parsing item.
12-05-2022 @ 14:50:31 - Importing as new product ID:73891
12-05-2022 @ 14:50:31 - Row :106 - Processing item.
12-05-2022 @ 14:50:31 - Found variation product object. ID:73891
12-05-2022 @ 14:50:31 - Row :106 - Product imported successfully.
12-05-2022 @ 14:50:31 - Row :107 - Parsing item.
12-05-2022 @ 14:50:31 - Importing as new product ID:73892
12-05-2022 @ 14:50:31 - Row :107 - Processing item.
12-05-2022 @ 14:50:31 - Found variation product object. ID:73892
12-05-2022 @ 14:50:31 - Row :107 - Product imported successfully.
12-05-2022 @ 14:50:31 - Row :108 - Parsing item.
12-05-2022 @ 14:50:31 - Importing as new product ID:73893
12-05-2022 @ 14:50:31 - Row :108 - Processing item.
12-05-2022 @ 14:50:31 - Found variation product object. ID:73893
12-05-2022 @ 14:50:31 - Row :108 - Product imported successfully.
12-05-2022 @ 14:50:31 - Row :109 - Parsing item.
12-05-2022 @ 14:50:31 - Importing as new product ID:73894
12-05-2022 @ 14:50:31 - Row :109 - Processing item.
12-05-2022 @ 14:50:31 - Found variation product object. ID:73894
12-05-2022 @ 14:50:31 - Row :109 - Product imported successfully.
12-05-2022 @ 14:50:31 - Row :110 - Parsing item.
12-05-2022 @ 14:50:31 - Importing as new product ID:73895
12-05-2022 @ 14:50:31 - Row :110 - Processing item.
12-05-2022 @ 14:50:31 - Found variation product object. ID:73895
12-05-2022 @ 14:50:31 - Row :110 - Product imported successfully.
12-05-2022 @ 14:50:32 - Preparing for import.
12-05-2022 @ 14:50:32 - Row :111 - Parsing item.
12-05-2022 @ 14:50:32 - Importing as new product ID:73896
12-05-2022 @ 14:50:32 - Row :111 - Processing item.
12-05-2022 @ 14:50:32 - Found variation product object. ID:73896
12-05-2022 @ 14:50:32 - Row :111 - Product imported successfully.
12-05-2022 @ 14:50:32 - Row :112 - Parsing item.
12-05-2022 @ 14:50:32 - Importing as new product ID:73897
12-05-2022 @ 14:50:32 - Row :112 - Processing item.
12-05-2022 @ 14:50:32 - Found variation product object. ID:73897
12-05-2022 @ 14:50:32 - Row :112 - Product imported successfully.
12-05-2022 @ 14:50:32 - Row :113 - Parsing item.
12-05-2022 @ 14:50:32 - Importing as new product ID:73898
12-05-2022 @ 14:50:32 - Row :113 - Processing item.
12-05-2022 @ 14:50:32 - Found variation product object. ID:73898
12-05-2022 @ 14:50:32 - Row :113 - Product imported successfully.
12-05-2022 @ 14:50:32 - Row :114 - Parsing item.
12-05-2022 @ 14:50:32 - Importing as new product ID:73899
12-05-2022 @ 14:50:32 - Row :114 - Processing item.
12-05-2022 @ 14:50:32 - Found variation product object. ID:73899
12-05-2022 @ 14:50:32 - Row :114 - Product imported successfully.
12-05-2022 @ 14:50:32 - Row :115 - Parsing item.
12-05-2022 @ 14:50:32 - Importing as new product ID:73900
12-05-2022 @ 14:50:32 - Row :115 - Processing item.
12-05-2022 @ 14:50:32 - Found variation product object. ID:73900
12-05-2022 @ 14:50:32 - Row :115 - Product imported successfully.
12-05-2022 @ 14:50:32 - Row :116 - Parsing item.
12-05-2022 @ 14:50:32 - Importing as new product ID:73902
12-05-2022 @ 14:50:32 - Row :116 - Processing item.
12-05-2022 @ 14:50:32 - Found variation product object. ID:73902
12-05-2022 @ 14:50:32 - Row :116 - Product imported successfully.
12-05-2022 @ 14:50:32 - Row :117 - Parsing item.
12-05-2022 @ 14:50:32 - Importing as new product ID:73903
12-05-2022 @ 14:50:32 - Row :117 - Processing item.
12-05-2022 @ 14:50:32 - Found variation product object. ID:73903
12-05-2022 @ 14:50:32 - Row :117 - Product imported successfully.
12-05-2022 @ 14:50:32 - Row :118 - Parsing item.
12-05-2022 @ 14:50:32 - Importing as new product ID:73904
12-05-2022 @ 14:50:32 - Row :118 - Processing item.
12-05-2022 @ 14:50:32 - Found variation product object. ID:73904
12-05-2022 @ 14:50:32 - Row :118 - Product imported successfully.
12-05-2022 @ 14:50:32 - Row :119 - Parsing item.
12-05-2022 @ 14:50:32 - Importing as new product ID:73906
12-05-2022 @ 14:50:32 - Row :119 - Processing item.
12-05-2022 @ 14:50:32 - Found variation product object. ID:73906
12-05-2022 @ 14:50:32 - Row :119 - Product imported successfully.
12-05-2022 @ 14:50:32 - Row :120 - Parsing item.
12-05-2022 @ 14:50:32 - Importing as new product ID:73913
12-05-2022 @ 14:50:32 - Row :120 - Processing item.
12-05-2022 @ 14:50:32 - Found variation product object. ID:73913
12-05-2022 @ 14:50:33 - Row :120 - Product imported successfully.
12-05-2022 @ 14:50:33 - Preparing for import.
12-05-2022 @ 14:50:33 - Row :121 - Parsing item.
12-05-2022 @ 14:50:33 - Importing as new product ID:73922
12-05-2022 @ 14:50:33 - Row :121 - Processing item.
12-05-2022 @ 14:50:33 - Found variation product object. ID:73922
12-05-2022 @ 14:50:33 - Row :121 - Product imported successfully.
12-05-2022 @ 14:50:33 - Row :122 - Parsing item.
12-05-2022 @ 14:50:33 - Importing as new product ID:73923
12-05-2022 @ 14:50:33 - Row :122 - Processing item.
12-05-2022 @ 14:50:33 - Found variation product object. ID:73923
12-05-2022 @ 14:50:33 - Row :122 - Product imported successfully.
12-05-2022 @ 14:50:33 - Row :123 - Parsing item.
12-05-2022 @ 14:50:33 - Importing as new product ID:73926
12-05-2022 @ 14:50:33 - Row :123 - Processing item.
12-05-2022 @ 14:50:33 - Found variation product object. ID:73926
12-05-2022 @ 14:50:33 - Row :123 - Product imported successfully.
12-05-2022 @ 14:50:33 - Row :124 - Parsing item.
12-05-2022 @ 14:50:33 - Importing as new product ID:73928
12-05-2022 @ 14:50:33 - Row :124 - Processing item.
12-05-2022 @ 14:50:33 - Found variation product object. ID:73928
12-05-2022 @ 14:50:33 - Row :124 - Product imported successfully.
12-05-2022 @ 14:50:33 - Row :125 - Parsing item.
12-05-2022 @ 14:50:33 - Importing as new product ID:73933
12-05-2022 @ 14:50:33 - Row :125 - Processing item.
12-05-2022 @ 14:50:33 - Found variation product object. ID:73933
12-05-2022 @ 14:50:33 - Row :125 - Product imported successfully.
12-05-2022 @ 14:50:33 - Row :126 - Parsing item.
12-05-2022 @ 14:50:33 - Importing as new product ID:73934
12-05-2022 @ 14:50:33 - Row :126 - Processing item.
12-05-2022 @ 14:50:33 - Found variation product object. ID:73934
12-05-2022 @ 14:50:33 - Row :126 - Product imported successfully.
12-05-2022 @ 14:50:33 - Row :127 - Parsing item.
12-05-2022 @ 14:50:33 - Importing as new product ID:75150
12-05-2022 @ 14:50:33 - Row :127 - Processing item.
12-05-2022 @ 14:50:33 - Found variation product object. ID:75150
12-05-2022 @ 14:50:33 - Row :127 - Product imported successfully.
12-05-2022 @ 14:50:33 - Row :128 - Parsing item.
12-05-2022 @ 14:50:33 - Importing as new product ID:75161
12-05-2022 @ 14:50:33 - Row :128 - Processing item.
12-05-2022 @ 14:50:33 - Found variation product object. ID:75161
12-05-2022 @ 14:50:33 - Row :128 - Product imported successfully.
12-05-2022 @ 14:50:33 - Row :129 - Parsing item.
12-05-2022 @ 14:50:33 - Importing as new product ID:78374
12-05-2022 @ 14:50:33 - Row :129 - Processing item.
12-05-2022 @ 14:50:33 - Found variation product object. ID:78374
12-05-2022 @ 14:50:34 - Row :129 - Product imported successfully.
12-05-2022 @ 14:50:34 - Row :130 - Parsing item.
12-05-2022 @ 14:50:34 - Importing as new product ID:81315
12-05-2022 @ 14:50:34 - Row :130 - Processing item.
12-05-2022 @ 14:50:34 - Found variation product object. ID:81315
12-05-2022 @ 14:50:34 - Row :130 - Product imported successfully.
12-05-2022 @ 14:50:34 - Preparing for import.
12-05-2022 @ 14:50:34 - Row :131 - Parsing item.
12-05-2022 @ 14:50:34 - Importing as new product ID:82105
12-05-2022 @ 14:50:34 - Row :131 - Processing item.
12-05-2022 @ 14:50:34 - Found variation product object. ID:82105
12-05-2022 @ 14:50:34 - Row :131 - Product imported successfully.
12-05-2022 @ 14:50:34 - Row :132 - Parsing item.
12-05-2022 @ 14:50:34 - Importing as new product ID:82130
12-05-2022 @ 14:50:34 - Row :132 - Processing item.
12-05-2022 @ 14:50:34 - Found variation product object. ID:82130
12-05-2022 @ 14:50:34 - Row :132 - Product imported successfully.
12-05-2022 @ 14:50:34 - Row :133 - Parsing item.
12-05-2022 @ 14:50:34 - Importing as new product ID:84050
12-05-2022 @ 14:50:34 - Row :133 - Processing item.
12-05-2022 @ 14:50:34 - Found variation product object. ID:84050
12-05-2022 @ 14:50:34 - Row :133 - Product imported successfully.
12-05-2022 @ 14:50:34 - Row :134 - Parsing item.
12-05-2022 @ 14:50:34 - Importing as new product ID:88040
12-05-2022 @ 14:50:34 - Row :134 - Processing item.
12-05-2022 @ 14:50:34 - Found variation product object. ID:88040
12-05-2022 @ 14:50:34 - Row :134 - Product imported successfully.
12-05-2022 @ 14:50:34 - Row :135 - Parsing item.
12-05-2022 @ 14:50:34 - Importing as new product ID:88608
12-05-2022 @ 14:50:34 - Row :135 - Processing item.
12-05-2022 @ 14:50:34 - Found variation product object. ID:88608
12-05-2022 @ 14:50:34 - Row :135 - Product imported successfully.
12-05-2022 @ 14:50:34 - Row :136 - Parsing item.
12-05-2022 @ 14:50:34 - Importing as new product ID:88751
12-05-2022 @ 14:50:34 - Row :136 - Processing item.
12-05-2022 @ 14:50:34 - Found variation product object. ID:88751
12-05-2022 @ 14:50:34 - Row :136 - Product imported successfully.
12-05-2022 @ 14:50:34 - Row :137 - Parsing item.
12-05-2022 @ 14:50:34 - Importing as new product ID:93177
12-05-2022 @ 14:50:34 - Row :137 - Processing item.
12-05-2022 @ 14:50:34 - Found variation product object. ID:93177
12-05-2022 @ 14:50:34 - Row :137 - Product imported successfully.
12-05-2022 @ 14:50:34 - Row :138 - Parsing item.
12-05-2022 @ 14:50:34 - Importing as new product ID:93953
12-05-2022 @ 14:50:34 - Row :138 - Processing item.
12-05-2022 @ 14:50:34 - Found variation product object. ID:93953
12-05-2022 @ 14:50:34 - Row :138 - Product imported successfully.
12-05-2022 @ 14:50:34 - Row :139 - Parsing item.
12-05-2022 @ 14:50:35 - Row :139 - Parsing failed. Reason: לא ניתן להוסיף את הפוסט למסד הנתונים.
12-05-2022 @ 14:50:35 - Row :140 - Parsing item.
12-05-2022 @ 14:50:35 - Row :140 - Parsing failed. Reason: לא ניתן להוסיף את הפוסט למסד הנתונים.
12-05-2022 @ 14:50:35 - Preparing for import.
12-05-2022 @ 14:50:35 - Row :141 - Parsing item.
12-05-2022 @ 14:50:35 - Importing as new product ID:97339
12-05-2022 @ 14:50:35 - Row :141 - Processing item.
12-05-2022 @ 14:50:35 - Found variation product object. ID:97339
12-05-2022 @ 14:50:35 - Row :141 - Product imported successfully.
12-05-2022 @ 14:50:35 - Row :142 - Parsing item.
12-05-2022 @ 14:50:35 - Importing as new product ID:99549
12-05-2022 @ 14:50:35 - Row :142 - Processing item.
12-05-2022 @ 14:50:35 - Found variation product object. ID:99549
12-05-2022 @ 14:50:35 - Row :142 - Product imported successfully.
12-05-2022 @ 14:50:35 - Row :143 - Parsing item.
12-05-2022 @ 14:50:35 - Importing as new product ID:99550
12-05-2022 @ 14:50:35 - Row :143 - Processing item.
12-05-2022 @ 14:50:35 - Found variation product object. ID:99550
12-05-2022 @ 14:50:35 - Row :143 - Product imported successfully.
12-05-2022 @ 14:50:35 - ---[ Import ended at 2022-12-05 14:50:35]---
