12-05-2022 @ 15:17:37 - ---[ New import started at 2022-12-05 15:17:37 ] PHP Memory: 128 MB, WP Memory: 128 MB
12-05-2022 @ 15:17:37 - Preparing for import.
12-05-2022 @ 15:17:37 - Row :1 - Parsing item.
12-05-2022 @ 15:17:37 - Importing as new product ID:100010
12-05-2022 @ 15:17:37 - Row :1 - Processing item.
12-05-2022 @ 15:17:37 - Found simple product object. ID:100010
12-05-2022 @ 15:17:37 - Row :1 - Product imported successfully.
12-05-2022 @ 15:17:37 - Row :2 - Parsing item.
12-05-2022 @ 15:17:37 - Importing as new product ID:100011
12-05-2022 @ 15:17:37 - Row :2 - Processing item.
12-05-2022 @ 15:17:37 - Found simple product object. ID:100011
12-05-2022 @ 15:17:37 - Row :2 - Product imported successfully.
12-05-2022 @ 15:17:37 - Row :3 - Parsing item.
12-05-2022 @ 15:17:37 - Importing as new product ID:100012
12-05-2022 @ 15:17:37 - Row :3 - Processing item.
12-05-2022 @ 15:17:37 - Found simple product object. ID:100012
12-05-2022 @ 15:17:37 - Row :3 - Product imported successfully.
12-05-2022 @ 15:17:37 - Row :4 - Parsing item.
12-05-2022 @ 15:17:37 - Importing as new product ID:100013
12-05-2022 @ 15:17:37 - Row :4 - Processing item.
12-05-2022 @ 15:17:37 - Found simple product object. ID:100013
12-05-2022 @ 15:17:37 - Row :4 - Product imported successfully.
12-05-2022 @ 15:17:37 - Row :5 - Parsing item.
12-05-2022 @ 15:17:37 - Importing as new product ID:100014
12-05-2022 @ 15:17:37 - Row :5 - Processing item.
12-05-2022 @ 15:17:37 - Found simple product object. ID:100014
12-05-2022 @ 15:17:37 - Row :5 - Product imported successfully.
12-05-2022 @ 15:17:37 - Row :6 - Parsing item.
12-05-2022 @ 15:17:37 - Importing as new product ID:100015
12-05-2022 @ 15:17:37 - Row :6 - Processing item.
12-05-2022 @ 15:17:37 - Found simple product object. ID:100015
12-05-2022 @ 15:17:37 - Row :6 - Product imported successfully.
12-05-2022 @ 15:17:37 - Row :7 - Parsing item.
12-05-2022 @ 15:17:37 - Importing as new product ID:100016
12-05-2022 @ 15:17:37 - Row :7 - Processing item.
12-05-2022 @ 15:17:37 - Found simple product object. ID:100016
12-05-2022 @ 15:17:37 - Row :7 - Product imported successfully.
12-05-2022 @ 15:17:37 - Row :8 - Parsing item.
12-05-2022 @ 15:17:37 - Importing as new product ID:100017
12-05-2022 @ 15:17:37 - Row :8 - Processing item.
12-05-2022 @ 15:17:37 - Found simple product object. ID:100017
12-05-2022 @ 15:17:37 - Row :8 - Product imported successfully.
12-05-2022 @ 15:17:37 - Row :9 - Parsing item.
12-05-2022 @ 15:17:37 - Importing as new product ID:100018
12-05-2022 @ 15:17:37 - Row :9 - Processing item.
12-05-2022 @ 15:17:37 - Found simple product object. ID:100018
12-05-2022 @ 15:17:37 - Row :9 - Product imported successfully.
12-05-2022 @ 15:17:37 - Row :10 - Parsing item.
12-05-2022 @ 15:17:37 - Importing as new product ID:100019
12-05-2022 @ 15:17:37 - Row :10 - Processing item.
12-05-2022 @ 15:17:37 - Found simple product object. ID:100019
12-05-2022 @ 15:17:37 - Row :10 - Product imported successfully.
12-05-2022 @ 15:17:38 - Preparing for import.
12-05-2022 @ 15:17:38 - Row :11 - Parsing item.
12-05-2022 @ 15:17:38 - Importing as new product ID:100020
12-05-2022 @ 15:17:38 - Row :11 - Processing item.
12-05-2022 @ 15:17:38 - Found simple product object. ID:100020
12-05-2022 @ 15:17:38 - Row :11 - Product imported successfully.
12-05-2022 @ 15:17:38 - Row :12 - Parsing item.
12-05-2022 @ 15:17:38 - Importing as new product ID:100021
12-05-2022 @ 15:17:38 - Row :12 - Processing item.
12-05-2022 @ 15:17:38 - Found simple product object. ID:100021
12-05-2022 @ 15:17:38 - Row :12 - Product imported successfully.
12-05-2022 @ 15:17:38 - Row :13 - Parsing item.
12-05-2022 @ 15:17:38 - Importing as new product ID:100022
12-05-2022 @ 15:17:38 - Row :13 - Processing item.
12-05-2022 @ 15:17:38 - Found simple product object. ID:100022
12-05-2022 @ 15:17:38 - Row :13 - Product imported successfully.
12-05-2022 @ 15:17:38 - Row :14 - Parsing item.
12-05-2022 @ 15:17:38 - Importing as new product ID:100023
12-05-2022 @ 15:17:38 - Row :14 - Processing item.
12-05-2022 @ 15:17:38 - Found simple product object. ID:100023
12-05-2022 @ 15:17:38 - Row :14 - Product imported successfully.
12-05-2022 @ 15:17:38 - Row :15 - Parsing item.
12-05-2022 @ 15:17:38 - Importing as new product ID:100024
12-05-2022 @ 15:17:38 - Row :15 - Processing item.
12-05-2022 @ 15:17:38 - Found simple product object. ID:100024
12-05-2022 @ 15:17:38 - Row :15 - Product imported successfully.
12-05-2022 @ 15:17:38 - Row :16 - Parsing item.
12-05-2022 @ 15:17:38 - Importing as new product ID:100025
12-05-2022 @ 15:17:38 - Row :16 - Processing item.
12-05-2022 @ 15:17:38 - Found simple product object. ID:100025
12-05-2022 @ 15:17:38 - Row :16 - Product imported successfully.
12-05-2022 @ 15:17:38 - Row :17 - Parsing item.
12-05-2022 @ 15:17:38 - Importing as new product ID:100026
12-05-2022 @ 15:17:38 - Row :17 - Processing item.
12-05-2022 @ 15:17:38 - Found simple product object. ID:100026
12-05-2022 @ 15:17:38 - Row :17 - Product imported successfully.
12-05-2022 @ 15:17:38 - Row :18 - Parsing item.
12-05-2022 @ 15:17:38 - Importing as new product ID:100027
12-05-2022 @ 15:17:38 - Row :18 - Processing item.
12-05-2022 @ 15:17:38 - Found simple product object. ID:100027
12-05-2022 @ 15:17:38 - Row :18 - Product imported successfully.
12-05-2022 @ 15:17:38 - Row :19 - Parsing item.
12-05-2022 @ 15:17:38 - Importing as new product ID:100028
12-05-2022 @ 15:17:38 - Row :19 - Processing item.
12-05-2022 @ 15:17:38 - Found simple product object. ID:100028
12-05-2022 @ 15:17:38 - Row :19 - Product imported successfully.
12-05-2022 @ 15:17:38 - Row :20 - Parsing item.
12-05-2022 @ 15:17:38 - Importing as new product ID:100029
12-05-2022 @ 15:17:38 - Row :20 - Processing item.
12-05-2022 @ 15:17:38 - Found simple product object. ID:100029
12-05-2022 @ 15:17:38 - Row :20 - Product imported successfully.
12-05-2022 @ 15:17:39 - Preparing for import.
12-05-2022 @ 15:17:39 - Row :21 - Parsing item.
12-05-2022 @ 15:17:39 - Importing as new product ID:100030
12-05-2022 @ 15:17:39 - Row :21 - Processing item.
12-05-2022 @ 15:17:39 - Found simple product object. ID:100030
12-05-2022 @ 15:17:39 - Row :21 - Product imported successfully.
12-05-2022 @ 15:17:39 - Row :22 - Parsing item.
12-05-2022 @ 15:17:39 - Importing as new product ID:100031
12-05-2022 @ 15:17:39 - Row :22 - Processing item.
12-05-2022 @ 15:17:39 - Found simple product object. ID:100031
12-05-2022 @ 15:17:39 - Row :22 - Product imported successfully.
12-05-2022 @ 15:17:39 - Row :23 - Parsing item.
12-05-2022 @ 15:17:39 - Importing as new product ID:100032
12-05-2022 @ 15:17:39 - Row :23 - Processing item.
12-05-2022 @ 15:17:39 - Found simple product object. ID:100032
12-05-2022 @ 15:17:39 - Row :23 - Product imported successfully.
12-05-2022 @ 15:17:39 - Row :24 - Parsing item.
12-05-2022 @ 15:17:39 - Importing as new product ID:100033
12-05-2022 @ 15:17:39 - Row :24 - Processing item.
12-05-2022 @ 15:17:39 - Found simple product object. ID:100033
12-05-2022 @ 15:17:39 - Row :24 - Product imported successfully.
12-05-2022 @ 15:17:39 - Row :25 - Parsing item.
12-05-2022 @ 15:17:39 - Importing as new product ID:100034
12-05-2022 @ 15:17:39 - Row :25 - Processing item.
12-05-2022 @ 15:17:39 - Found simple product object. ID:100034
12-05-2022 @ 15:17:39 - Row :25 - Product imported successfully.
12-05-2022 @ 15:17:39 - Row :26 - Parsing item.
12-05-2022 @ 15:17:39 - Importing as new product ID:100035
12-05-2022 @ 15:17:39 - Row :26 - Processing item.
12-05-2022 @ 15:17:39 - Found simple product object. ID:100035
12-05-2022 @ 15:17:39 - Row :26 - Product imported successfully.
12-05-2022 @ 15:17:39 - Row :27 - Parsing item.
12-05-2022 @ 15:17:39 - Importing as new product ID:100036
12-05-2022 @ 15:17:39 - Row :27 - Processing item.
12-05-2022 @ 15:17:39 - Found simple product object. ID:100036
12-05-2022 @ 15:17:39 - Row :27 - Product imported successfully.
12-05-2022 @ 15:17:39 - Row :28 - Parsing item.
12-05-2022 @ 15:17:39 - Importing as new product ID:100037
12-05-2022 @ 15:17:39 - Row :28 - Processing item.
12-05-2022 @ 15:17:39 - Found simple product object. ID:100037
12-05-2022 @ 15:17:39 - Row :28 - Product imported successfully.
12-05-2022 @ 15:17:39 - Row :29 - Parsing item.
12-05-2022 @ 15:17:39 - Importing as new product ID:100038
12-05-2022 @ 15:17:39 - Row :29 - Processing item.
12-05-2022 @ 15:17:39 - Found simple product object. ID:100038
12-05-2022 @ 15:17:39 - Row :29 - Product imported successfully.
12-05-2022 @ 15:17:39 - Row :30 - Parsing item.
12-05-2022 @ 15:17:39 - Importing as new product ID:100039
12-05-2022 @ 15:17:39 - Row :30 - Processing item.
12-05-2022 @ 15:17:39 - Found simple product object. ID:100039
12-05-2022 @ 15:17:39 - Row :30 - Product imported successfully.
12-05-2022 @ 15:17:40 - Preparing for import.
12-05-2022 @ 15:17:40 - Row :31 - Parsing item.
12-05-2022 @ 15:17:40 - Importing as new product ID:100040
12-05-2022 @ 15:17:40 - Row :31 - Processing item.
12-05-2022 @ 15:17:40 - Found simple product object. ID:100040
12-05-2022 @ 15:17:40 - Row :31 - Product imported successfully.
12-05-2022 @ 15:17:40 - Row :32 - Parsing item.
12-05-2022 @ 15:17:40 - Importing as new product ID:100041
12-05-2022 @ 15:17:40 - Row :32 - Processing item.
12-05-2022 @ 15:17:40 - Found simple product object. ID:100041
12-05-2022 @ 15:17:40 - Row :32 - Product imported successfully.
12-05-2022 @ 15:17:40 - ---[ Import ended at 2022-12-05 15:17:40]---
