09-30-2022 @ 07:32:17 - ---[ New import started at 2022-09-30 07:32:17 ] PHP Memory: 128 MB, WP Memory: 128 MB
09-30-2022 @ 07:32:17 - Preparing for import.
09-30-2022 @ 07:32:17 - Row :1 - Parsing item.
09-30-2022 @ 07:32:17 - Importing as new product ID:1
09-30-2022 @ 07:32:17 - Row :1 - Processing item.
09-30-2022 @ 07:32:17 - Found simple product object. ID:1
09-30-2022 @ 07:32:17 - Row :1 - Product imported successfully.
09-30-2022 @ 07:32:17 - Row :2 - Parsing item.
09-30-2022 @ 07:32:17 - Row :2 - Parsing failed. Reason: Product with same SKU already exists. SKU: 7502
09-30-2022 @ 07:32:17 - Row :3 - Parsing item.
09-30-2022 @ 07:32:17 - Row :3 - Parsing failed. Reason: Product with same SKU already exists. SKU: 7502
09-30-2022 @ 07:32:17 - Row :4 - Parsing item.
09-30-2022 @ 07:32:17 - Importing as new product ID:326
09-30-2022 @ 07:32:17 - Row :4 - Processing item.
09-30-2022 @ 07:32:17 - Found simple product object. ID:326
09-30-2022 @ 07:32:18 - Row :4 - Product imported successfully.
09-30-2022 @ 07:32:18 - Row :5 - Parsing item.
09-30-2022 @ 07:32:18 - Importing as new product ID:327
09-30-2022 @ 07:32:18 - Row :5 - Processing item.
09-30-2022 @ 07:32:18 - Found simple product object. ID:327
09-30-2022 @ 07:32:18 - Row :5 - Product imported successfully.
09-30-2022 @ 07:32:18 - Row :6 - Parsing item.
09-30-2022 @ 07:32:18 - Importing as new product ID:42
09-30-2022 @ 07:32:18 - Row :6 - Processing item.
09-30-2022 @ 07:32:18 - Found simple product object. ID:42
09-30-2022 @ 07:32:18 - Row :6 - Product imported successfully.
09-30-2022 @ 07:32:18 - Row :7 - Parsing item.
09-30-2022 @ 07:32:18 - Importing as new product ID:328
09-30-2022 @ 07:32:18 - Row :7 - Processing item.
09-30-2022 @ 07:32:18 - Found simple product object. ID:328
09-30-2022 @ 07:32:18 - Row :7 - Product imported successfully.
09-30-2022 @ 07:32:18 - Row :8 - Parsing item.
09-30-2022 @ 07:32:18 - Importing as new product ID:329
09-30-2022 @ 07:32:18 - Row :8 - Processing item.
09-30-2022 @ 07:32:18 - Found simple product object. ID:329
09-30-2022 @ 07:32:18 - Row :8 - Product imported successfully.
09-30-2022 @ 07:32:18 - Row :9 - Parsing item.
09-30-2022 @ 07:32:18 - Importing as new product ID:330
09-30-2022 @ 07:32:18 - Row :9 - Processing item.
09-30-2022 @ 07:32:18 - Found simple product object. ID:330
09-30-2022 @ 07:32:18 - Row :9 - Product imported successfully.
09-30-2022 @ 07:32:18 - Row :10 - Parsing item.
09-30-2022 @ 07:32:18 - Row :10 - Parsing failed. Reason: Product with same SKU already exists. SKU: 8105
09-30-2022 @ 07:32:19 - Preparing for import.
09-30-2022 @ 07:32:19 - Row :11 - Parsing item.
09-30-2022 @ 07:32:19 - Row :11 - Parsing failed. Reason: Product with same SKU already exists. SKU: 8105
09-30-2022 @ 07:32:19 - Row :12 - Parsing item.
09-30-2022 @ 07:32:19 - Row :12 - Parsing failed. Reason: Product with same SKU already exists. SKU: 7910
09-30-2022 @ 07:32:19 - Row :13 - Parsing item.
09-30-2022 @ 07:32:19 - Row :13 - Parsing failed. Reason: Product with same SKU already exists. SKU: 7910
09-30-2022 @ 07:32:19 - Row :14 - Parsing item.
09-30-2022 @ 07:32:19 - Row :14 - Parsing failed. Reason: Product with same SKU already exists. SKU: 7910
09-30-2022 @ 07:32:19 - Row :15 - Parsing item.
09-30-2022 @ 07:32:19 - Row :15 - Parsing failed. Reason: Product with same SKU already exists. SKU: 7910
09-30-2022 @ 07:32:19 - Row :16 - Parsing item.
09-30-2022 @ 07:32:19 - Row :16 - Parsing failed. Reason: Product with same SKU already exists. SKU: 7910
09-30-2022 @ 07:32:19 - Row :17 - Parsing item.
09-30-2022 @ 07:32:19 - Row :17 - Parsing failed. Reason: Product with same SKU already exists. SKU: 7910
09-30-2022 @ 07:32:19 - Row :18 - Parsing item.
09-30-2022 @ 07:32:19 - Row :18 - Parsing failed. Reason: Product with same SKU already exists. SKU: 7910
09-30-2022 @ 07:32:19 - Row :19 - Parsing item.
09-30-2022 @ 07:32:19 - Row :19 - Parsing failed. Reason: Product with same SKU already exists. SKU: 7910
09-30-2022 @ 07:32:19 - Row :20 - Parsing item.
09-30-2022 @ 07:32:19 - Row :20 - Parsing failed. Reason: Product with same SKU already exists. SKU: 7910
09-30-2022 @ 07:32:20 - Preparing for import.
09-30-2022 @ 07:32:20 - Row :21 - Parsing item.
09-30-2022 @ 07:32:20 - Row :21 - Parsing failed. Reason: Product with same SKU already exists. SKU: 8105
09-30-2022 @ 07:32:20 - Row :22 - Parsing item.
09-30-2022 @ 07:32:20 - Row :22 - Parsing failed. Reason: Product with same SKU already exists. SKU: 8105
09-30-2022 @ 07:32:20 - Row :23 - Parsing item.
09-30-2022 @ 07:32:20 - Row :23 - Parsing failed. Reason: Product with same SKU already exists. SKU: 7910
09-30-2022 @ 07:32:20 - Row :24 - Parsing item.
09-30-2022 @ 07:32:20 - Importing as new product ID:331
09-30-2022 @ 07:32:20 - Row :24 - Processing item.
09-30-2022 @ 07:32:20 - Found simple product object. ID:331
09-30-2022 @ 07:32:20 - Row :24 - Product imported successfully.
09-30-2022 @ 07:32:20 - Row :25 - Parsing item.
09-30-2022 @ 07:32:20 - Row :25 - Parsing failed. Reason: Product with same SKU already exists. SKU: 7910
09-30-2022 @ 07:32:20 - Row :26 - Parsing item.
09-30-2022 @ 07:32:20 - Row :26 - Parsing failed. Reason: Product with same SKU already exists. SKU: 7910
09-30-2022 @ 07:32:20 - Row :27 - Parsing item.
09-30-2022 @ 07:32:20 - Row :27 - Parsing failed. Reason: Product with same SKU already exists. SKU: 7910
09-30-2022 @ 07:32:20 - Row :28 - Parsing item.
09-30-2022 @ 07:32:20 - Row :28 - Parsing failed. Reason: Product with same SKU already exists. SKU: 7910
09-30-2022 @ 07:32:20 - Row :29 - Parsing item.
09-30-2022 @ 07:32:20 - Row :29 - Parsing failed. Reason: Product with same SKU already exists. SKU: 8105
09-30-2022 @ 07:32:20 - Row :30 - Parsing item.
09-30-2022 @ 07:32:20 - Row :30 - Parsing failed. Reason: Product with same SKU already exists. SKU: 6009
09-30-2022 @ 07:32:21 - Preparing for import.
09-30-2022 @ 07:32:21 - Row :31 - Parsing item.
09-30-2022 @ 07:32:21 - Row :31 - Parsing failed. Reason: Product with same SKU already exists. SKU: 6009
09-30-2022 @ 07:32:21 - Row :32 - Parsing item.
09-30-2022 @ 07:32:21 - Row :32 - Parsing failed. Reason: Product with same SKU already exists. SKU: 6009
09-30-2022 @ 07:32:21 - Row :33 - Parsing item.
09-30-2022 @ 07:32:21 - Row :33 - Parsing failed. Reason: Product with same SKU already exists. SKU: 6009
09-30-2022 @ 07:32:21 - Row :34 - Parsing item.
09-30-2022 @ 07:32:21 - Importing as new product ID:5
09-30-2022 @ 07:32:21 - Row :34 - Processing item.
09-30-2022 @ 07:32:21 - Found simple product object. ID:5
09-30-2022 @ 07:32:21 - Row :34 - Product imported successfully.
09-30-2022 @ 07:32:21 - Row :35 - Parsing item.
09-30-2022 @ 07:32:21 - Row :35 - Parsing failed. Reason: Product with same SKU already exists. SKU: 6110
09-30-2022 @ 07:32:21 - Row :36 - Parsing item.
09-30-2022 @ 07:32:21 - Row :36 - Parsing failed. Reason: Product with same SKU already exists. SKU: 7502
09-30-2022 @ 07:32:21 - Row :37 - Parsing item.
09-30-2022 @ 07:32:21 - Row :37 - Parsing failed. Reason: Product with same SKU already exists. SKU: 7910
09-30-2022 @ 07:32:21 - Row :38 - Parsing item.
09-30-2022 @ 07:32:21 - Row :38 - Parsing failed. Reason: Product with same SKU already exists. SKU: 6110
09-30-2022 @ 07:32:21 - Row :39 - Parsing item.
09-30-2022 @ 07:32:21 - Row :39 - Parsing failed. Reason: Product with same SKU already exists. SKU: 7910
09-30-2022 @ 07:32:21 - Row :40 - Parsing item.
09-30-2022 @ 07:32:21 - Row :40 - Parsing failed. Reason: Product with same SKU already exists. SKU: 7910
09-30-2022 @ 07:32:22 - Preparing for import.
09-30-2022 @ 07:32:22 - Row :41 - Parsing item.
09-30-2022 @ 07:32:22 - Row :41 - Parsing failed. Reason: Product with same SKU already exists. SKU: 7910
09-30-2022 @ 07:32:22 - Row :42 - Parsing item.
09-30-2022 @ 07:32:22 - Row :42 - Parsing failed. Reason: Product with same SKU already exists. SKU: 7910
09-30-2022 @ 07:32:22 - Row :43 - Parsing item.
09-30-2022 @ 07:32:22 - Row :43 - Parsing failed. Reason: Product with same SKU already exists. SKU: 7910
09-30-2022 @ 07:32:22 - Row :44 - Parsing item.
09-30-2022 @ 07:32:22 - Row :44 - Parsing failed. Reason: Product with same SKU already exists. SKU: 7910
09-30-2022 @ 07:32:22 - Row :45 - Parsing item.
09-30-2022 @ 07:32:22 - Row :45 - Parsing failed. Reason: Product with same SKU already exists. SKU: 7910
09-30-2022 @ 07:32:22 - Row :46 - Parsing item.
09-30-2022 @ 07:32:22 - Row :46 - Parsing failed. Reason: Product with same SKU already exists. SKU: 7910
09-30-2022 @ 07:32:22 - Row :47 - Parsing item.
09-30-2022 @ 07:32:22 - Row :47 - Parsing failed. Reason: Product with same SKU already exists. SKU: 7910
09-30-2022 @ 07:32:22 - Row :48 - Parsing item.
09-30-2022 @ 07:32:22 - Row :48 - Parsing failed. Reason: Product with same SKU already exists. SKU: 7910
09-30-2022 @ 07:32:22 - Row :49 - Parsing item.
09-30-2022 @ 07:32:22 - Importing as new product ID:332
09-30-2022 @ 07:32:22 - Row :49 - Processing item.
09-30-2022 @ 07:32:22 - Found simple product object. ID:332
09-30-2022 @ 07:32:22 - Row :49 - Product imported successfully.
09-30-2022 @ 07:32:22 - Row :50 - Parsing item.
09-30-2022 @ 07:32:22 - Importing as new product ID:333
09-30-2022 @ 07:32:22 - Row :50 - Processing item.
09-30-2022 @ 07:32:22 - Found simple product object. ID:333
09-30-2022 @ 07:32:22 - Row :50 - Product imported successfully.
09-30-2022 @ 07:32:23 - Preparing for import.
09-30-2022 @ 07:32:23 - Row :51 - Parsing item.
09-30-2022 @ 07:32:23 - Row :51 - Parsing failed. Reason: Product with same SKU already exists. SKU: 7506
09-30-2022 @ 07:32:23 - Row :52 - Parsing item.
09-30-2022 @ 07:32:23 - Row :52 - Parsing failed. Reason: Product with same SKU already exists. SKU: 7910
09-30-2022 @ 07:32:23 - Row :53 - Parsing item.
09-30-2022 @ 07:32:23 - Row :53 - Parsing failed. Reason: Product with same SKU already exists. SKU: 7910
09-30-2022 @ 07:32:23 - Row :54 - Parsing item.
09-30-2022 @ 07:32:23 - Row :54 - Parsing failed. Reason: Product with same SKU already exists. SKU: 7910
09-30-2022 @ 07:32:23 - Row :55 - Parsing item.
09-30-2022 @ 07:32:23 - Row :55 - Parsing failed. Reason: Product with same SKU already exists. SKU: 7910
09-30-2022 @ 07:32:23 - Row :56 - Parsing item.
09-30-2022 @ 07:32:23 - Row :56 - Parsing failed. Reason: Product with same SKU already exists. SKU: 7910
09-30-2022 @ 07:32:23 - Row :57 - Parsing item.
09-30-2022 @ 07:32:23 - Row :57 - Parsing failed. Reason: Product with same SKU already exists. SKU: 7102
09-30-2022 @ 07:32:23 - Row :58 - Parsing item.
09-30-2022 @ 07:32:23 - Importing as new product ID:334
09-30-2022 @ 07:32:23 - Row :58 - Processing item.
09-30-2022 @ 07:32:23 - Found simple product object. ID:334
09-30-2022 @ 07:32:24 - Row :58 - Product imported successfully.
09-30-2022 @ 07:32:24 - Row :59 - Parsing item.
09-30-2022 @ 07:32:24 - Row :59 - Parsing failed. Reason: Product with same SKU already exists. SKU: 7902
09-30-2022 @ 07:32:24 - Row :60 - Parsing item.
09-30-2022 @ 07:32:24 - Row :60 - Parsing failed. Reason: Product with same SKU already exists. SKU: 7502
09-30-2022 @ 07:32:25 - Preparing for import.
09-30-2022 @ 07:32:25 - Row :61 - Parsing item.
09-30-2022 @ 07:32:25 - Row :61 - Parsing failed. Reason: Product with same SKU already exists. SKU: 7502
09-30-2022 @ 07:32:25 - Row :62 - Parsing item.
09-30-2022 @ 07:32:25 - Row :62 - Parsing failed. Reason: Product with same SKU already exists. SKU: 7502
09-30-2022 @ 07:32:25 - Row :63 - Parsing item.
09-30-2022 @ 07:32:25 - Row :63 - Parsing failed. Reason: Product with same SKU already exists. SKU: 7502
09-30-2022 @ 07:32:25 - Row :64 - Parsing item.
09-30-2022 @ 07:32:25 - Row :64 - Parsing failed. Reason: Product with same SKU already exists. SKU: 7502
09-30-2022 @ 07:32:25 - Row :65 - Parsing item.
09-30-2022 @ 07:32:25 - Row :65 - Parsing failed. Reason: Product with same SKU already exists. SKU: 7502
09-30-2022 @ 07:32:25 - Row :66 - Parsing item.
09-30-2022 @ 07:32:25 - Row :66 - Parsing failed. Reason: Product with same SKU already exists. SKU: 7502
09-30-2022 @ 07:32:25 - Row :67 - Parsing item.
09-30-2022 @ 07:32:25 - Row :67 - Parsing failed. Reason: Product with same SKU already exists. SKU: 7502
09-30-2022 @ 07:32:25 - Row :68 - Parsing item.
09-30-2022 @ 07:32:25 - Row :68 - Parsing failed. Reason: Product with same SKU already exists. SKU: 7502
09-30-2022 @ 07:32:25 - Row :69 - Parsing item.
09-30-2022 @ 07:32:25 - Row :69 - Parsing failed. Reason: Product with same SKU already exists. SKU: 6110
09-30-2022 @ 07:32:25 - Row :70 - Parsing item.
09-30-2022 @ 07:32:25 - Row :70 - Parsing failed. Reason: Product with same SKU already exists. SKU: 6110
09-30-2022 @ 07:32:26 - Preparing for import.
09-30-2022 @ 07:32:26 - Row :71 - Parsing item.
09-30-2022 @ 07:32:26 - Row :71 - Parsing failed. Reason: Product with same SKU already exists. SKU: 6110
09-30-2022 @ 07:32:26 - Row :72 - Parsing item.
09-30-2022 @ 07:32:26 - Row :72 - Parsing failed. Reason: Product with same SKU already exists. SKU: 6110
09-30-2022 @ 07:32:26 - Row :73 - Parsing item.
09-30-2022 @ 07:32:26 - Row :73 - Parsing failed. Reason: Product with same SKU already exists. SKU: 6110
09-30-2022 @ 07:32:26 - Row :74 - Parsing item.
09-30-2022 @ 07:32:26 - Row :74 - Parsing failed. Reason: Product with same SKU already exists. SKU: 6110
09-30-2022 @ 07:32:26 - Row :75 - Parsing item.
09-30-2022 @ 07:32:26 - Row :75 - Parsing failed. Reason: Product with same SKU already exists. SKU: 6110
09-30-2022 @ 07:32:26 - Row :76 - Parsing item.
09-30-2022 @ 07:32:26 - Row :76 - Parsing failed. Reason: Product with same SKU already exists. SKU: 6110
09-30-2022 @ 07:32:26 - Row :77 - Parsing item.
09-30-2022 @ 07:32:26 - Importing as new product ID:335
09-30-2022 @ 07:32:26 - Row :77 - Processing item.
09-30-2022 @ 07:32:26 - Found simple product object. ID:335
09-30-2022 @ 07:32:26 - Row :77 - Product imported successfully.
09-30-2022 @ 07:32:26 - Row :78 - Parsing item.
09-30-2022 @ 07:32:26 - Importing as new product ID:336
09-30-2022 @ 07:32:26 - Row :78 - Processing item.
09-30-2022 @ 07:32:26 - Found simple product object. ID:336
09-30-2022 @ 07:32:26 - Row :78 - Product imported successfully.
09-30-2022 @ 07:32:26 - Row :79 - Parsing item.
09-30-2022 @ 07:32:26 - Row :79 - Parsing failed. Reason: Product with same SKU already exists. SKU: 6305
09-30-2022 @ 07:32:26 - Row :80 - Parsing item.
09-30-2022 @ 07:32:26 - Row :80 - Parsing failed. Reason: Product with same SKU already exists. SKU: 7910
09-30-2022 @ 07:32:27 - Preparing for import.
09-30-2022 @ 07:32:27 - Row :81 - Parsing item.
09-30-2022 @ 07:32:27 - Row :81 - Parsing failed. Reason: Product with same SKU already exists. SKU: 7910
09-30-2022 @ 07:32:27 - Row :82 - Parsing item.
09-30-2022 @ 07:32:27 - Row :82 - Parsing failed. Reason: Product with same SKU already exists. SKU: 7910
09-30-2022 @ 07:32:27 - Row :83 - Parsing item.
09-30-2022 @ 07:32:27 - Row :83 - Parsing failed. Reason: Product with same SKU already exists. SKU: 7910
09-30-2022 @ 07:32:27 - Row :84 - Parsing item.
09-30-2022 @ 07:32:27 - Row :84 - Parsing failed. Reason: Product with same SKU already exists. SKU: 7910
09-30-2022 @ 07:32:27 - Row :85 - Parsing item.
09-30-2022 @ 07:32:27 - Row :85 - Parsing failed. Reason: Product with same SKU already exists. SKU: 7910
09-30-2022 @ 07:32:27 - Row :86 - Parsing item.
09-30-2022 @ 07:32:27 - Importing as new product ID:337
09-30-2022 @ 07:32:27 - Row :86 - Processing item.
09-30-2022 @ 07:32:27 - Found simple product object. ID:337
09-30-2022 @ 07:32:27 - Row :86 - Product imported successfully.
09-30-2022 @ 07:32:27 - Row :87 - Parsing item.
09-30-2022 @ 07:32:27 - Row :87 - Parsing failed. Reason: Product with same SKU already exists. SKU: 7902
09-30-2022 @ 07:32:27 - Row :88 - Parsing item.
09-30-2022 @ 07:32:27 - Row :88 - Parsing failed. Reason: Product with same SKU already exists. SKU: 7502
09-30-2022 @ 07:32:27 - Row :89 - Parsing item.
09-30-2022 @ 07:32:27 - Row :89 - Parsing failed. Reason: Product with same SKU already exists. SKU: 7902
09-30-2022 @ 07:32:27 - Row :90 - Parsing item.
09-30-2022 @ 07:32:27 - Row :90 - Parsing failed. Reason: Product with same SKU already exists. SKU: 7902
09-30-2022 @ 07:32:28 - Preparing for import.
09-30-2022 @ 07:32:28 - Row :91 - Parsing item.
09-30-2022 @ 07:32:28 - Row :91 - Parsing failed. Reason: Product with same SKU already exists. SKU: 7502
09-30-2022 @ 07:32:28 - Row :92 - Parsing item.
09-30-2022 @ 07:32:28 - Row :92 - Parsing failed. Reason: Product with same SKU already exists. SKU: 7902
09-30-2022 @ 07:32:28 - Row :93 - Parsing item.
09-30-2022 @ 07:32:28 - Row :93 - Parsing failed. Reason: Product with same SKU already exists. SKU: 7502
09-30-2022 @ 07:32:28 - Row :94 - Parsing item.
09-30-2022 @ 07:32:28 - Row :94 - Parsing failed. Reason: Product with same SKU already exists. SKU: 7502
09-30-2022 @ 07:32:28 - Row :95 - Parsing item.
09-30-2022 @ 07:32:28 - Row :95 - Parsing failed. Reason: Product with same SKU already exists. SKU: 7502
09-30-2022 @ 07:32:28 - Row :96 - Parsing item.
09-30-2022 @ 07:32:28 - Row :96 - Parsing failed. Reason: Product with same SKU already exists. SKU: 7502
09-30-2022 @ 07:32:28 - Row :97 - Parsing item.
09-30-2022 @ 07:32:28 - Row :97 - Parsing failed. Reason: Product with same SKU already exists. SKU: 7502
09-30-2022 @ 07:32:28 - Row :98 - Parsing item.
09-30-2022 @ 07:32:28 - Row :98 - Parsing failed. Reason: Product with same SKU already exists. SKU: 7502
09-30-2022 @ 07:32:28 - Row :99 - Parsing item.
09-30-2022 @ 07:32:28 - Importing as new product ID:338
09-30-2022 @ 07:32:28 - Row :99 - Processing item.
09-30-2022 @ 07:32:28 - Found simple product object. ID:338
09-30-2022 @ 07:32:28 - Row :99 - Product imported successfully.
09-30-2022 @ 07:32:28 - Row :100 - Parsing item.
09-30-2022 @ 07:32:28 - Importing as new product ID:339
09-30-2022 @ 07:32:28 - Row :100 - Processing item.
09-30-2022 @ 07:32:28 - Found simple product object. ID:339
09-30-2022 @ 07:32:28 - Row :100 - Product imported successfully.
09-30-2022 @ 07:32:28 - ---[ Import ended at 2022-09-30 07:32:28]---
