12-11-2022 @ 06:28:52 - ---[ New import started at 2022-12-11 06:28:52 ] PHP Memory: 256 MB, WP Memory: 51 B
12-11-2022 @ 06:28:52 - Preparing for import.
12-11-2022 @ 06:28:52 - Row :1 - Parsing item.
12-11-2022 @ 06:28:52 - Row :1 - Processing item.
12-11-2022 @ 06:28:52 - Found variation product object. ID:160892
12-11-2022 @ 06:28:52 - Row :1 - Product updated successfully.
12-11-2022 @ 06:28:52 - Row :2 - Parsing item.
12-11-2022 @ 06:28:52 - Row :2 - Processing item.
12-11-2022 @ 06:28:52 - Found variation product object. ID:160891
12-11-2022 @ 06:28:52 - Row :2 - Product updated successfully.
12-11-2022 @ 06:28:52 - Row :3 - Parsing item.
12-11-2022 @ 06:28:52 - Row :3 - Processing item.
12-11-2022 @ 06:28:52 - Found variation product object. ID:160890
12-11-2022 @ 06:28:52 - Row :3 - Product updated successfully.
12-11-2022 @ 06:28:52 - Row :4 - Parsing item.
12-11-2022 @ 06:28:52 - Row :4 - Processing item.
12-11-2022 @ 06:28:52 - Found variation product object. ID:160889
12-11-2022 @ 06:28:52 - Row :4 - Product updated successfully.
12-11-2022 @ 06:28:52 - Row :5 - Parsing item.
12-11-2022 @ 06:28:52 - Row :5 - Processing item.
12-11-2022 @ 06:28:52 - Found variation product object. ID:160888
12-11-2022 @ 06:28:52 - Row :5 - Product updated successfully.
12-11-2022 @ 06:28:52 - Row :6 - Parsing item.
12-11-2022 @ 06:28:52 - Row :6 - Processing item.
12-11-2022 @ 06:28:52 - Found variation product object. ID:160887
12-11-2022 @ 06:28:52 - Row :6 - Product updated successfully.
12-11-2022 @ 06:28:52 - Row :7 - Parsing item.
12-11-2022 @ 06:28:52 - Row :7 - Processing item.
12-11-2022 @ 06:28:52 - Found variation product object. ID:160886
12-11-2022 @ 06:28:52 - Row :7 - Product updated successfully.
12-11-2022 @ 06:28:52 - Row :8 - Parsing item.
12-11-2022 @ 06:28:52 - Row :8 - Processing item.
12-11-2022 @ 06:28:52 - Found variation product object. ID:160885
12-11-2022 @ 06:28:52 - Row :8 - Product updated successfully.
12-11-2022 @ 06:28:52 - Row :9 - Parsing item.
12-11-2022 @ 06:28:52 - Row :9 - Processing item.
12-11-2022 @ 06:28:52 - Found variation product object. ID:160884
12-11-2022 @ 06:28:52 - Row :9 - Product updated successfully.
12-11-2022 @ 06:28:52 - Row :10 - Parsing item.
12-11-2022 @ 06:28:52 - Row :10 - Processing item.
12-11-2022 @ 06:28:52 - Found variation product object. ID:160883
12-11-2022 @ 06:28:52 - Row :10 - Product updated successfully.
12-11-2022 @ 06:28:53 - Preparing for import.
12-11-2022 @ 06:28:53 - Row :11 - Parsing item.
12-11-2022 @ 06:28:53 - Row :11 - Processing item.
12-11-2022 @ 06:28:53 - Found variation product object. ID:160882
12-11-2022 @ 06:28:53 - Row :11 - Product updated successfully.
12-11-2022 @ 06:28:53 - Row :12 - Parsing item.
12-11-2022 @ 06:28:53 - Row :12 - Processing item.
12-11-2022 @ 06:28:53 - Found variation product object. ID:160881
12-11-2022 @ 06:28:53 - Row :12 - Product updated successfully.
12-11-2022 @ 06:28:53 - Row :13 - Parsing item.
12-11-2022 @ 06:28:53 - Row :13 - Processing item.
12-11-2022 @ 06:28:53 - Found variation product object. ID:160880
12-11-2022 @ 06:28:53 - Row :13 - Product updated successfully.
12-11-2022 @ 06:28:53 - Row :14 - Parsing item.
12-11-2022 @ 06:28:53 - Row :14 - Processing item.
12-11-2022 @ 06:28:53 - Found variation product object. ID:160879
12-11-2022 @ 06:28:53 - Row :14 - Product updated successfully.
12-11-2022 @ 06:28:53 - Row :15 - Parsing item.
12-11-2022 @ 06:28:53 - Row :15 - Processing item.
12-11-2022 @ 06:28:53 - Found variation product object. ID:160878
12-11-2022 @ 06:28:53 - Row :15 - Product updated successfully.
12-11-2022 @ 06:28:53 - Row :16 - Parsing item.
12-11-2022 @ 06:28:53 - Row :16 - Processing item.
12-11-2022 @ 06:28:53 - Found variation product object. ID:160877
12-11-2022 @ 06:28:53 - Row :16 - Product updated successfully.
12-11-2022 @ 06:28:53 - Row :17 - Parsing item.
12-11-2022 @ 06:28:53 - Row :17 - Processing item.
12-11-2022 @ 06:28:53 - Found variation product object. ID:160876
12-11-2022 @ 06:28:53 - Row :17 - Product updated successfully.
12-11-2022 @ 06:28:53 - Row :18 - Parsing item.
12-11-2022 @ 06:28:53 - Row :18 - Processing item.
12-11-2022 @ 06:28:53 - Found variation product object. ID:160875
12-11-2022 @ 06:28:53 - Row :18 - Product updated successfully.
12-11-2022 @ 06:28:53 - Row :19 - Parsing item.
12-11-2022 @ 06:28:53 - Row :19 - Processing item.
12-11-2022 @ 06:28:53 - Found variation product object. ID:160874
12-11-2022 @ 06:28:53 - Row :19 - Product updated successfully.
12-11-2022 @ 06:28:53 - Row :20 - Parsing item.
12-11-2022 @ 06:28:53 - Row :20 - Processing item.
12-11-2022 @ 06:28:53 - Found variation product object. ID:160873
12-11-2022 @ 06:28:53 - Row :20 - Product updated successfully.
12-11-2022 @ 06:28:54 - Preparing for import.
12-11-2022 @ 06:28:54 - Row :21 - Parsing item.
12-11-2022 @ 06:28:54 - Row :21 - Processing item.
12-11-2022 @ 06:28:54 - Found variation product object. ID:160872
12-11-2022 @ 06:28:54 - Row :21 - Product updated successfully.
12-11-2022 @ 06:28:54 - Row :22 - Parsing item.
12-11-2022 @ 06:28:54 - Row :22 - Processing item.
12-11-2022 @ 06:28:54 - Found variation product object. ID:160871
12-11-2022 @ 06:28:54 - Row :22 - Product updated successfully.
12-11-2022 @ 06:28:54 - Row :23 - Parsing item.
12-11-2022 @ 06:28:54 - Row :23 - Processing item.
12-11-2022 @ 06:28:54 - Found variation product object. ID:160870
12-11-2022 @ 06:28:54 - Row :23 - Product updated successfully.
12-11-2022 @ 06:28:54 - Row :24 - Parsing item.
12-11-2022 @ 06:28:54 - Row :24 - Processing item.
12-11-2022 @ 06:28:54 - Found variation product object. ID:160869
12-11-2022 @ 06:28:54 - Row :24 - Product updated successfully.
12-11-2022 @ 06:28:54 - Row :25 - Parsing item.
12-11-2022 @ 06:28:54 - Row :25 - Processing item.
12-11-2022 @ 06:28:54 - Found variation product object. ID:160868
12-11-2022 @ 06:28:54 - Row :25 - Product updated successfully.
12-11-2022 @ 06:28:54 - Row :26 - Parsing item.
12-11-2022 @ 06:28:54 - Row :26 - Processing item.
12-11-2022 @ 06:28:54 - Found variation product object. ID:160867
12-11-2022 @ 06:28:54 - Row :26 - Product updated successfully.
12-11-2022 @ 06:28:54 - Row :27 - Parsing item.
12-11-2022 @ 06:28:54 - Row :27 - Processing item.
12-11-2022 @ 06:28:54 - Found variation product object. ID:160866
12-11-2022 @ 06:28:54 - Row :27 - Product updated successfully.
12-11-2022 @ 06:28:54 - Row :28 - Parsing item.
12-11-2022 @ 06:28:54 - Row :28 - Processing item.
12-11-2022 @ 06:28:54 - Found variation product object. ID:160865
12-11-2022 @ 06:28:54 - Row :28 - Product updated successfully.
12-11-2022 @ 06:28:54 - Row :29 - Parsing item.
12-11-2022 @ 06:28:54 - Row :29 - Processing item.
12-11-2022 @ 06:28:54 - Found variation product object. ID:160864
12-11-2022 @ 06:28:54 - Row :29 - Product updated successfully.
12-11-2022 @ 06:28:54 - Row :30 - Parsing item.
12-11-2022 @ 06:28:54 - Row :30 - Processing item.
12-11-2022 @ 06:28:54 - Found variation product object. ID:160863
12-11-2022 @ 06:28:54 - Row :30 - Product updated successfully.
12-11-2022 @ 06:28:55 - Preparing for import.
12-11-2022 @ 06:28:55 - Row :31 - Parsing item.
12-11-2022 @ 06:28:55 - Row :31 - Processing item.
12-11-2022 @ 06:28:55 - Found variation product object. ID:160862
12-11-2022 @ 06:28:55 - Row :31 - Product updated successfully.
12-11-2022 @ 06:28:55 - Row :32 - Parsing item.
12-11-2022 @ 06:28:55 - Row :32 - Processing item.
12-11-2022 @ 06:28:55 - Found variation product object. ID:160861
12-11-2022 @ 06:28:55 - Row :32 - Product updated successfully.
12-11-2022 @ 06:28:55 - Row :33 - Parsing item.
12-11-2022 @ 06:28:55 - Row :33 - Processing item.
12-11-2022 @ 06:28:55 - Found variation product object. ID:160860
12-11-2022 @ 06:28:55 - Row :33 - Product updated successfully.
12-11-2022 @ 06:28:55 - Row :34 - Parsing item.
12-11-2022 @ 06:28:55 - Row :34 - Processing item.
12-11-2022 @ 06:28:55 - Found variation product object. ID:160859
12-11-2022 @ 06:28:55 - Row :34 - Product updated successfully.
12-11-2022 @ 06:28:55 - Row :35 - Parsing item.
12-11-2022 @ 06:28:55 - Row :35 - Processing item.
12-11-2022 @ 06:28:55 - Found variation product object. ID:160858
12-11-2022 @ 06:28:55 - Row :35 - Product updated successfully.
12-11-2022 @ 06:28:55 - Row :36 - Parsing item.
12-11-2022 @ 06:28:55 - Row :36 - Processing item.
12-11-2022 @ 06:28:55 - Found variation product object. ID:160857
12-11-2022 @ 06:28:55 - Row :36 - Product updated successfully.
12-11-2022 @ 06:28:55 - Row :37 - Parsing item.
12-11-2022 @ 06:28:55 - Row :37 - Processing item.
12-11-2022 @ 06:28:55 - Found variation product object. ID:160856
12-11-2022 @ 06:28:55 - Row :37 - Product updated successfully.
12-11-2022 @ 06:28:55 - Row :38 - Parsing item.
12-11-2022 @ 06:28:55 - Row :38 - Processing item.
12-11-2022 @ 06:28:55 - Found variation product object. ID:160855
12-11-2022 @ 06:28:55 - Row :38 - Product updated successfully.
12-11-2022 @ 06:28:55 - Row :39 - Parsing item.
12-11-2022 @ 06:28:55 - Row :39 - Processing item.
12-11-2022 @ 06:28:55 - Found variation product object. ID:160854
12-11-2022 @ 06:28:55 - Row :39 - Product updated successfully.
12-11-2022 @ 06:28:55 - Row :40 - Parsing item.
12-11-2022 @ 06:28:55 - Row :40 - Processing item.
12-11-2022 @ 06:28:55 - Found variation product object. ID:160853
12-11-2022 @ 06:28:55 - Row :40 - Product updated successfully.
12-11-2022 @ 06:28:55 - Preparing for import.
12-11-2022 @ 06:28:55 - Row :41 - Parsing item.
12-11-2022 @ 06:28:55 - Row :41 - Processing item.
12-11-2022 @ 06:28:55 - Found variation product object. ID:160852
12-11-2022 @ 06:28:55 - Row :41 - Product updated successfully.
12-11-2022 @ 06:28:55 - Row :42 - Parsing item.
12-11-2022 @ 06:28:55 - Row :42 - Processing item.
12-11-2022 @ 06:28:55 - Found variation product object. ID:160851
12-11-2022 @ 06:28:55 - Row :42 - Product updated successfully.
12-11-2022 @ 06:28:55 - Row :43 - Parsing item.
12-11-2022 @ 06:28:55 - Row :43 - Processing item.
12-11-2022 @ 06:28:55 - Found variation product object. ID:160850
12-11-2022 @ 06:28:55 - Row :43 - Product updated successfully.
12-11-2022 @ 06:28:55 - Row :44 - Parsing item.
12-11-2022 @ 06:28:55 - Row :44 - Processing item.
12-11-2022 @ 06:28:55 - Found variation product object. ID:160849
12-11-2022 @ 06:28:55 - Row :44 - Product updated successfully.
12-11-2022 @ 06:28:55 - Row :45 - Parsing item.
12-11-2022 @ 06:28:55 - Row :45 - Processing item.
12-11-2022 @ 06:28:55 - Found variation product object. ID:160848
12-11-2022 @ 06:28:55 - Row :45 - Product updated successfully.
12-11-2022 @ 06:28:55 - Row :46 - Parsing item.
12-11-2022 @ 06:28:55 - Row :46 - Processing item.
12-11-2022 @ 06:28:55 - Found variation product object. ID:160847
12-11-2022 @ 06:28:55 - Row :46 - Product updated successfully.
12-11-2022 @ 06:28:55 - Row :47 - Parsing item.
12-11-2022 @ 06:28:55 - Row :47 - Processing item.
12-11-2022 @ 06:28:55 - Found variation product object. ID:160846
12-11-2022 @ 06:28:55 - Row :47 - Product updated successfully.
12-11-2022 @ 06:28:55 - Row :48 - Parsing item.
12-11-2022 @ 06:28:55 - Row :48 - Processing item.
12-11-2022 @ 06:28:55 - Found variation product object. ID:160845
12-11-2022 @ 06:28:55 - Row :48 - Product updated successfully.
12-11-2022 @ 06:28:55 - Row :49 - Parsing item.
12-11-2022 @ 06:28:55 - Row :49 - Processing item.
12-11-2022 @ 06:28:55 - Found variation product object. ID:160844
12-11-2022 @ 06:28:55 - Row :49 - Product updated successfully.
12-11-2022 @ 06:28:55 - Row :50 - Parsing item.
12-11-2022 @ 06:28:55 - Row :50 - Processing item.
12-11-2022 @ 06:28:55 - Found variation product object. ID:160843
12-11-2022 @ 06:28:55 - Row :50 - Product updated successfully.
12-11-2022 @ 06:28:56 - Preparing for import.
12-11-2022 @ 06:28:56 - Row :51 - Parsing item.
12-11-2022 @ 06:28:56 - Row :51 - Processing item.
12-11-2022 @ 06:28:56 - Found variation product object. ID:160842
12-11-2022 @ 06:28:56 - Row :51 - Product updated successfully.
12-11-2022 @ 06:28:56 - Row :52 - Parsing item.
12-11-2022 @ 06:28:56 - Row :52 - Processing item.
12-11-2022 @ 06:28:56 - Found variation product object. ID:160841
12-11-2022 @ 06:28:56 - Row :52 - Product updated successfully.
12-11-2022 @ 06:28:56 - Row :53 - Parsing item.
12-11-2022 @ 06:28:56 - Row :53 - Processing item.
12-11-2022 @ 06:28:56 - Found variation product object. ID:160840
12-11-2022 @ 06:28:56 - Row :53 - Product updated successfully.
12-11-2022 @ 06:28:56 - Row :54 - Parsing item.
12-11-2022 @ 06:28:56 - Row :54 - Processing item.
12-11-2022 @ 06:28:56 - Found variation product object. ID:160839
12-11-2022 @ 06:28:56 - Row :54 - Product updated successfully.
12-11-2022 @ 06:28:56 - Row :55 - Parsing item.
12-11-2022 @ 06:28:56 - Row :55 - Processing item.
12-11-2022 @ 06:28:56 - Found variation product object. ID:160838
12-11-2022 @ 06:28:56 - Row :55 - Product updated successfully.
12-11-2022 @ 06:28:56 - Row :56 - Parsing item.
12-11-2022 @ 06:28:56 - Row :56 - Processing item.
12-11-2022 @ 06:28:56 - Found variation product object. ID:160837
12-11-2022 @ 06:28:56 - Row :56 - Product updated successfully.
12-11-2022 @ 06:28:56 - Row :57 - Parsing item.
12-11-2022 @ 06:28:56 - Row :57 - Processing item.
12-11-2022 @ 06:28:56 - Found variation product object. ID:160836
12-11-2022 @ 06:28:56 - Row :57 - Product updated successfully.
12-11-2022 @ 06:28:56 - Row :58 - Parsing item.
12-11-2022 @ 06:28:56 - Row :58 - Processing item.
12-11-2022 @ 06:28:56 - Found variation product object. ID:160835
12-11-2022 @ 06:28:56 - Row :58 - Product updated successfully.
12-11-2022 @ 06:28:56 - Row :59 - Parsing item.
12-11-2022 @ 06:28:56 - Row :59 - Processing item.
12-11-2022 @ 06:28:56 - Found variation product object. ID:160834
12-11-2022 @ 06:28:56 - Row :59 - Product updated successfully.
12-11-2022 @ 06:28:56 - Row :60 - Parsing item.
12-11-2022 @ 06:28:56 - Row :60 - Processing item.
12-11-2022 @ 06:28:56 - Found variation product object. ID:160833
12-11-2022 @ 06:28:56 - Row :60 - Product updated successfully.
12-11-2022 @ 06:28:57 - Preparing for import.
12-11-2022 @ 06:28:57 - Row :61 - Parsing item.
12-11-2022 @ 06:28:57 - Row :61 - Processing item.
12-11-2022 @ 06:28:57 - Found variation product object. ID:160832
12-11-2022 @ 06:28:57 - Row :61 - Product updated successfully.
12-11-2022 @ 06:28:57 - Row :62 - Parsing item.
12-11-2022 @ 06:28:57 - Row :62 - Processing item.
12-11-2022 @ 06:28:57 - Found variation product object. ID:160831
12-11-2022 @ 06:28:57 - Row :62 - Product updated successfully.
12-11-2022 @ 06:28:57 - Row :63 - Parsing item.
12-11-2022 @ 06:28:57 - Row :63 - Processing item.
12-11-2022 @ 06:28:57 - Found variation product object. ID:160830
12-11-2022 @ 06:28:57 - Row :63 - Product updated successfully.
12-11-2022 @ 06:28:57 - Row :64 - Parsing item.
12-11-2022 @ 06:28:57 - Row :64 - Processing item.
12-11-2022 @ 06:28:57 - Found variation product object. ID:160829
12-11-2022 @ 06:28:57 - Row :64 - Product updated successfully.
12-11-2022 @ 06:28:57 - Row :65 - Parsing item.
12-11-2022 @ 06:28:57 - Row :65 - Processing item.
12-11-2022 @ 06:28:57 - Found variation product object. ID:160828
12-11-2022 @ 06:28:57 - Row :65 - Product updated successfully.
12-11-2022 @ 06:28:57 - Row :66 - Parsing item.
12-11-2022 @ 06:28:57 - Importing as new product ID:160827
12-11-2022 @ 06:28:57 - Row :66 - Processing item.
12-11-2022 @ 06:28:57 - Found simple product object. ID:160827
12-11-2022 @ 06:28:57 - Row :66 - Product imported successfully.
12-11-2022 @ 06:28:57 - Row :67 - Parsing item.
12-11-2022 @ 06:28:57 - Row :67 - Processing item.
12-11-2022 @ 06:28:57 - Found variation product object. ID:160826
12-11-2022 @ 06:28:57 - Row :67 - Product updated successfully.
12-11-2022 @ 06:28:57 - Row :68 - Parsing item.
12-11-2022 @ 06:28:57 - Row :68 - Processing item.
12-11-2022 @ 06:28:57 - Found variation product object. ID:160825
12-11-2022 @ 06:28:57 - Row :68 - Product updated successfully.
12-11-2022 @ 06:28:57 - Row :69 - Parsing item.
12-11-2022 @ 06:28:57 - Row :69 - Processing item.
12-11-2022 @ 06:28:57 - Found variation product object. ID:160824
12-11-2022 @ 06:28:57 - Row :69 - Product updated successfully.
12-11-2022 @ 06:28:57 - Row :70 - Parsing item.
12-11-2022 @ 06:28:57 - Row :70 - Processing item.
12-11-2022 @ 06:28:57 - Found variation product object. ID:160823
12-11-2022 @ 06:28:57 - Row :70 - Product updated successfully.
12-11-2022 @ 06:28:57 - Preparing for import.
12-11-2022 @ 06:28:57 - Row :71 - Parsing item.
12-11-2022 @ 06:28:57 - Row :71 - Processing item.
12-11-2022 @ 06:28:57 - Found variation product object. ID:160822
12-11-2022 @ 06:28:57 - Row :71 - Product updated successfully.
12-11-2022 @ 06:28:57 - Row :72 - Parsing item.
12-11-2022 @ 06:28:57 - Row :72 - Processing item.
12-11-2022 @ 06:28:57 - Found variation product object. ID:160821
12-11-2022 @ 06:28:57 - Row :72 - Product updated successfully.
12-11-2022 @ 06:28:57 - Row :73 - Parsing item.
12-11-2022 @ 06:28:57 - Row :73 - Processing item.
12-11-2022 @ 06:28:57 - Found variation product object. ID:160820
12-11-2022 @ 06:28:57 - Row :73 - Product updated successfully.
12-11-2022 @ 06:28:57 - Row :74 - Parsing item.
12-11-2022 @ 06:28:57 - Row :74 - Processing item.
12-11-2022 @ 06:28:57 - Found variation product object. ID:160819
12-11-2022 @ 06:28:57 - Row :74 - Product updated successfully.
12-11-2022 @ 06:28:57 - Row :75 - Parsing item.
12-11-2022 @ 06:28:57 - Row :75 - Processing item.
12-11-2022 @ 06:28:57 - Found variation product object. ID:160818
12-11-2022 @ 06:28:57 - Row :75 - Product updated successfully.
12-11-2022 @ 06:28:57 - Row :76 - Parsing item.
12-11-2022 @ 06:28:57 - Row :76 - Processing item.
12-11-2022 @ 06:28:57 - Found variation product object. ID:160817
12-11-2022 @ 06:28:57 - Row :76 - Product updated successfully.
12-11-2022 @ 06:28:57 - Row :77 - Parsing item.
12-11-2022 @ 06:28:57 - Row :77 - Processing item.
12-11-2022 @ 06:28:57 - Found variation product object. ID:160816
12-11-2022 @ 06:28:58 - Row :77 - Product updated successfully.
12-11-2022 @ 06:28:58 - Row :78 - Parsing item.
12-11-2022 @ 06:28:58 - Row :78 - Processing item.
12-11-2022 @ 06:28:58 - Found variation product object. ID:160815
12-11-2022 @ 06:28:58 - Row :78 - Product updated successfully.
12-11-2022 @ 06:28:58 - Row :79 - Parsing item.
12-11-2022 @ 06:28:58 - Row :79 - Processing item.
12-11-2022 @ 06:28:58 - Found variation product object. ID:160814
12-11-2022 @ 06:28:58 - Row :79 - Product updated successfully.
12-11-2022 @ 06:28:58 - Row :80 - Parsing item.
12-11-2022 @ 06:28:58 - Row :80 - Processing item.
12-11-2022 @ 06:28:58 - Found variation product object. ID:160813
12-11-2022 @ 06:28:58 - Row :80 - Product updated successfully.
12-11-2022 @ 06:28:58 - Preparing for import.
12-11-2022 @ 06:28:58 - Row :81 - Parsing item.
12-11-2022 @ 06:28:58 - Row :81 - Processing item.
12-11-2022 @ 06:28:58 - Found variation product object. ID:160812
12-11-2022 @ 06:28:58 - Row :81 - Product updated successfully.
12-11-2022 @ 06:28:58 - Row :82 - Parsing item.
12-11-2022 @ 06:28:58 - Row :82 - Processing item.
12-11-2022 @ 06:28:58 - Found variation product object. ID:160811
12-11-2022 @ 06:28:58 - Row :82 - Product updated successfully.
12-11-2022 @ 06:28:58 - Row :83 - Parsing item.
12-11-2022 @ 06:28:58 - Row :83 - Processing item.
12-11-2022 @ 06:28:58 - Found variation product object. ID:160810
12-11-2022 @ 06:28:58 - Row :83 - Product updated successfully.
12-11-2022 @ 06:28:58 - Row :84 - Parsing item.
12-11-2022 @ 06:28:58 - Row :84 - Processing item.
12-11-2022 @ 06:28:58 - Found variation product object. ID:160809
12-11-2022 @ 06:28:58 - Row :84 - Product updated successfully.
12-11-2022 @ 06:28:58 - Row :85 - Parsing item.
12-11-2022 @ 06:28:58 - Row :85 - Processing item.
12-11-2022 @ 06:28:58 - Found variation product object. ID:160808
12-11-2022 @ 06:28:58 - Row :85 - Product updated successfully.
12-11-2022 @ 06:28:58 - Row :86 - Parsing item.
12-11-2022 @ 06:28:58 - Row :86 - Processing item.
12-11-2022 @ 06:28:58 - Found variation product object. ID:160807
12-11-2022 @ 06:28:58 - Row :86 - Product updated successfully.
12-11-2022 @ 06:28:58 - Row :87 - Parsing item.
12-11-2022 @ 06:28:58 - Row :87 - Processing item.
12-11-2022 @ 06:28:58 - Found variation product object. ID:160806
12-11-2022 @ 06:28:58 - Row :87 - Product updated successfully.
12-11-2022 @ 06:28:58 - Row :88 - Parsing item.
12-11-2022 @ 06:28:58 - Row :88 - Processing item.
12-11-2022 @ 06:28:58 - Found variation product object. ID:160805
12-11-2022 @ 06:28:58 - Row :88 - Product updated successfully.
12-11-2022 @ 06:28:58 - Row :89 - Parsing item.
12-11-2022 @ 06:28:58 - Row :89 - Processing item.
12-11-2022 @ 06:28:58 - Found variation product object. ID:160804
12-11-2022 @ 06:28:58 - Row :89 - Product updated successfully.
12-11-2022 @ 06:28:58 - Row :90 - Parsing item.
12-11-2022 @ 06:28:58 - Row :90 - Processing item.
12-11-2022 @ 06:28:58 - Found variation product object. ID:160803
12-11-2022 @ 06:28:58 - Row :90 - Product updated successfully.
12-11-2022 @ 06:28:59 - Preparing for import.
12-11-2022 @ 06:28:59 - Row :91 - Parsing item.
12-11-2022 @ 06:28:59 - Row :91 - Processing item.
12-11-2022 @ 06:28:59 - Found variation product object. ID:160802
12-11-2022 @ 06:28:59 - Row :91 - Product updated successfully.
12-11-2022 @ 06:28:59 - Row :92 - Parsing item.
12-11-2022 @ 06:28:59 - Row :92 - Processing item.
12-11-2022 @ 06:28:59 - Found variation product object. ID:160801
12-11-2022 @ 06:28:59 - Row :92 - Product updated successfully.
12-11-2022 @ 06:28:59 - Row :93 - Parsing item.
12-11-2022 @ 06:28:59 - Row :93 - Processing item.
12-11-2022 @ 06:28:59 - Found variation product object. ID:160800
12-11-2022 @ 06:28:59 - Row :93 - Product updated successfully.
12-11-2022 @ 06:28:59 - Row :94 - Parsing item.
12-11-2022 @ 06:28:59 - Row :94 - Processing item.
12-11-2022 @ 06:28:59 - Found variation product object. ID:160799
12-11-2022 @ 06:28:59 - Row :94 - Product updated successfully.
12-11-2022 @ 06:28:59 - Row :95 - Parsing item.
12-11-2022 @ 06:28:59 - Row :95 - Processing item.
12-11-2022 @ 06:28:59 - Found variation product object. ID:160798
12-11-2022 @ 06:28:59 - Row :95 - Product updated successfully.
12-11-2022 @ 06:28:59 - Row :96 - Parsing item.
12-11-2022 @ 06:28:59 - Importing as new product ID:160797
12-11-2022 @ 06:28:59 - Row :96 - Processing item.
12-11-2022 @ 06:28:59 - Found simple product object. ID:160797
12-11-2022 @ 06:28:59 - Row :96 - Product imported successfully.
12-11-2022 @ 06:28:59 - Row :97 - Parsing item.
12-11-2022 @ 06:28:59 - Row :97 - Processing item.
12-11-2022 @ 06:28:59 - Found variation product object. ID:160796
12-11-2022 @ 06:28:59 - Row :97 - Product updated successfully.
12-11-2022 @ 06:28:59 - Row :98 - Parsing item.
12-11-2022 @ 06:28:59 - Row :98 - Processing item.
12-11-2022 @ 06:28:59 - Found variation product object. ID:160795
12-11-2022 @ 06:28:59 - Row :98 - Product updated successfully.
12-11-2022 @ 06:28:59 - Row :99 - Parsing item.
12-11-2022 @ 06:28:59 - Row :99 - Processing item.
12-11-2022 @ 06:28:59 - Found variation product object. ID:160794
12-11-2022 @ 06:28:59 - Row :99 - Product updated successfully.
12-11-2022 @ 06:28:59 - Row :100 - Parsing item.
12-11-2022 @ 06:28:59 - Row :100 - Processing item.
12-11-2022 @ 06:28:59 - Found variation product object. ID:160793
12-11-2022 @ 06:28:59 - Row :100 - Product updated successfully.
12-11-2022 @ 06:28:59 - Preparing for import.
12-11-2022 @ 06:28:59 - Row :101 - Parsing item.
12-11-2022 @ 06:28:59 - Row :101 - Processing item.
12-11-2022 @ 06:28:59 - Found variation product object. ID:160792
12-11-2022 @ 06:29:00 - Row :101 - Product updated successfully.
12-11-2022 @ 06:29:00 - Row :102 - Parsing item.
12-11-2022 @ 06:29:00 - Row :102 - Processing item.
12-11-2022 @ 06:29:00 - Found variation product object. ID:160791
12-11-2022 @ 06:29:00 - Row :102 - Product updated successfully.
12-11-2022 @ 06:29:00 - Row :103 - Parsing item.
12-11-2022 @ 06:29:00 - Row :103 - Processing item.
12-11-2022 @ 06:29:00 - Found variation product object. ID:160790
12-11-2022 @ 06:29:00 - Row :103 - Product updated successfully.
12-11-2022 @ 06:29:00 - Row :104 - Parsing item.
12-11-2022 @ 06:29:00 - Row :104 - Processing item.
12-11-2022 @ 06:29:00 - Found variation product object. ID:160789
12-11-2022 @ 06:29:00 - Row :104 - Product updated successfully.
12-11-2022 @ 06:29:00 - Row :105 - Parsing item.
12-11-2022 @ 06:29:00 - Row :105 - Processing item.
12-11-2022 @ 06:29:00 - Found variation product object. ID:160788
12-11-2022 @ 06:29:00 - Row :105 - Product updated successfully.
12-11-2022 @ 06:29:00 - Row :106 - Parsing item.
12-11-2022 @ 06:29:00 - Row :106 - Processing item.
12-11-2022 @ 06:29:00 - Found variation product object. ID:160787
12-11-2022 @ 06:29:00 - Row :106 - Product updated successfully.
12-11-2022 @ 06:29:00 - Row :107 - Parsing item.
12-11-2022 @ 06:29:00 - Row :107 - Processing item.
12-11-2022 @ 06:29:00 - Found variation product object. ID:160786
12-11-2022 @ 06:29:00 - Row :107 - Product updated successfully.
12-11-2022 @ 06:29:00 - Row :108 - Parsing item.
12-11-2022 @ 06:29:00 - Row :108 - Processing item.
12-11-2022 @ 06:29:00 - Found variation product object. ID:160785
12-11-2022 @ 06:29:00 - Row :108 - Product updated successfully.
12-11-2022 @ 06:29:00 - Row :109 - Parsing item.
12-11-2022 @ 06:29:00 - Row :109 - Processing item.
12-11-2022 @ 06:29:00 - Found variation product object. ID:160784
12-11-2022 @ 06:29:00 - Row :109 - Product updated successfully.
12-11-2022 @ 06:29:00 - Row :110 - Parsing item.
12-11-2022 @ 06:29:00 - Row :110 - Processing item.
12-11-2022 @ 06:29:00 - Found variation product object. ID:160783
12-11-2022 @ 06:29:00 - Row :110 - Product updated successfully.
12-11-2022 @ 06:29:00 - Preparing for import.
12-11-2022 @ 06:29:00 - Row :111 - Parsing item.
12-11-2022 @ 06:29:00 - Row :111 - Processing item.
12-11-2022 @ 06:29:00 - Found variation product object. ID:160782
12-11-2022 @ 06:29:00 - Row :111 - Product updated successfully.
12-11-2022 @ 06:29:00 - Row :112 - Parsing item.
12-11-2022 @ 06:29:00 - Importing as new product ID:160781
12-11-2022 @ 06:29:00 - Row :112 - Processing item.
12-11-2022 @ 06:29:00 - Found simple product object. ID:160781
12-11-2022 @ 06:29:00 - Row :112 - Product imported successfully.
12-11-2022 @ 06:29:00 - Row :113 - Parsing item.
12-11-2022 @ 06:29:00 - Row :113 - Processing item.
12-11-2022 @ 06:29:00 - Found variation product object. ID:160780
12-11-2022 @ 06:29:00 - Row :113 - Product updated successfully.
12-11-2022 @ 06:29:00 - Row :114 - Parsing item.
12-11-2022 @ 06:29:00 - Row :114 - Processing item.
12-11-2022 @ 06:29:00 - Found variation product object. ID:160779
12-11-2022 @ 06:29:00 - Row :114 - Product updated successfully.
12-11-2022 @ 06:29:00 - Row :115 - Parsing item.
12-11-2022 @ 06:29:00 - Row :115 - Processing item.
12-11-2022 @ 06:29:00 - Found variation product object. ID:160778
12-11-2022 @ 06:29:00 - Row :115 - Product updated successfully.
12-11-2022 @ 06:29:00 - Row :116 - Parsing item.
12-11-2022 @ 06:29:00 - Row :116 - Processing item.
12-11-2022 @ 06:29:00 - Found variation product object. ID:160777
12-11-2022 @ 06:29:00 - Row :116 - Product updated successfully.
12-11-2022 @ 06:29:00 - Row :117 - Parsing item.
12-11-2022 @ 06:29:00 - Row :117 - Processing item.
12-11-2022 @ 06:29:00 - Found variation product object. ID:160776
12-11-2022 @ 06:29:00 - Row :117 - Product updated successfully.
12-11-2022 @ 06:29:00 - Row :118 - Parsing item.
12-11-2022 @ 06:29:00 - Row :118 - Processing item.
12-11-2022 @ 06:29:00 - Found variation product object. ID:160775
12-11-2022 @ 06:29:00 - Row :118 - Product updated successfully.
12-11-2022 @ 06:29:00 - Row :119 - Parsing item.
12-11-2022 @ 06:29:00 - Row :119 - Processing item.
12-11-2022 @ 06:29:00 - Found variation product object. ID:160774
12-11-2022 @ 06:29:00 - Row :119 - Product updated successfully.
12-11-2022 @ 06:29:00 - Row :120 - Parsing item.
12-11-2022 @ 06:29:00 - Row :120 - Processing item.
12-11-2022 @ 06:29:00 - Found variation product object. ID:160773
12-11-2022 @ 06:29:00 - Row :120 - Product updated successfully.
12-11-2022 @ 06:29:01 - Preparing for import.
12-11-2022 @ 06:29:01 - Row :121 - Parsing item.
12-11-2022 @ 06:29:01 - Row :121 - Processing item.
12-11-2022 @ 06:29:01 - Found variation product object. ID:160772
12-11-2022 @ 06:29:01 - Row :121 - Product updated successfully.
12-11-2022 @ 06:29:01 - Row :122 - Parsing item.
12-11-2022 @ 06:29:01 - Row :122 - Processing item.
12-11-2022 @ 06:29:01 - Found variation product object. ID:160771
12-11-2022 @ 06:29:01 - Row :122 - Product updated successfully.
12-11-2022 @ 06:29:01 - Row :123 - Parsing item.
12-11-2022 @ 06:29:01 - Row :123 - Processing item.
12-11-2022 @ 06:29:01 - Found variation product object. ID:160770
12-11-2022 @ 06:29:01 - Row :123 - Product updated successfully.
12-11-2022 @ 06:29:01 - Row :124 - Parsing item.
12-11-2022 @ 06:29:01 - Row :124 - Processing item.
12-11-2022 @ 06:29:01 - Found variation product object. ID:160769
12-11-2022 @ 06:29:01 - Row :124 - Product updated successfully.
12-11-2022 @ 06:29:01 - Row :125 - Parsing item.
12-11-2022 @ 06:29:01 - Row :125 - Processing item.
12-11-2022 @ 06:29:01 - Found variation product object. ID:160768
12-11-2022 @ 06:29:01 - Row :125 - Product updated successfully.
12-11-2022 @ 06:29:01 - Row :126 - Parsing item.
12-11-2022 @ 06:29:01 - Row :126 - Processing item.
12-11-2022 @ 06:29:01 - Found variation product object. ID:160767
12-11-2022 @ 06:29:01 - Row :126 - Product updated successfully.
12-11-2022 @ 06:29:01 - Row :127 - Parsing item.
12-11-2022 @ 06:29:01 - Row :127 - Processing item.
12-11-2022 @ 06:29:01 - Found variation product object. ID:160766
12-11-2022 @ 06:29:01 - Row :127 - Product updated successfully.
12-11-2022 @ 06:29:01 - Row :128 - Parsing item.
12-11-2022 @ 06:29:01 - Row :128 - Processing item.
12-11-2022 @ 06:29:01 - Found variation product object. ID:160765
12-11-2022 @ 06:29:01 - Row :128 - Product updated successfully.
12-11-2022 @ 06:29:01 - Row :129 - Parsing item.
12-11-2022 @ 06:29:01 - Row :129 - Processing item.
12-11-2022 @ 06:29:01 - Found variation product object. ID:160764
12-11-2022 @ 06:29:01 - Row :129 - Product updated successfully.
12-11-2022 @ 06:29:01 - Row :130 - Parsing item.
12-11-2022 @ 06:29:01 - Row :130 - Processing item.
12-11-2022 @ 06:29:01 - Found variation product object. ID:160763
12-11-2022 @ 06:29:01 - Row :130 - Product updated successfully.
12-11-2022 @ 06:29:02 - Preparing for import.
12-11-2022 @ 06:29:02 - Row :131 - Parsing item.
12-11-2022 @ 06:29:02 - Row :131 - Processing item.
12-11-2022 @ 06:29:02 - Found variation product object. ID:160762
12-11-2022 @ 06:29:02 - Row :131 - Product updated successfully.
12-11-2022 @ 06:29:02 - Row :132 - Parsing item.
12-11-2022 @ 06:29:02 - Row :132 - Processing item.
12-11-2022 @ 06:29:02 - Found variation product object. ID:160761
12-11-2022 @ 06:29:02 - Row :132 - Product updated successfully.
12-11-2022 @ 06:29:02 - Row :133 - Parsing item.
12-11-2022 @ 06:29:02 - Row :133 - Processing item.
12-11-2022 @ 06:29:02 - Found variation product object. ID:160760
12-11-2022 @ 06:29:02 - Row :133 - Product updated successfully.
12-11-2022 @ 06:29:02 - Row :134 - Parsing item.
12-11-2022 @ 06:29:02 - Row :134 - Processing item.
12-11-2022 @ 06:29:02 - Found variation product object. ID:160759
12-11-2022 @ 06:29:02 - Row :134 - Product updated successfully.
12-11-2022 @ 06:29:02 - Row :135 - Parsing item.
12-11-2022 @ 06:29:02 - Row :135 - Processing item.
12-11-2022 @ 06:29:02 - Found variation product object. ID:160758
12-11-2022 @ 06:29:02 - Row :135 - Product updated successfully.
12-11-2022 @ 06:29:02 - Row :136 - Parsing item.
12-11-2022 @ 06:29:02 - Row :136 - Processing item.
12-11-2022 @ 06:29:02 - Found variation product object. ID:160757
12-11-2022 @ 06:29:02 - Row :136 - Product updated successfully.
12-11-2022 @ 06:29:02 - Row :137 - Parsing item.
12-11-2022 @ 06:29:02 - Row :137 - Processing item.
12-11-2022 @ 06:29:02 - Found variation product object. ID:160756
12-11-2022 @ 06:29:02 - Row :137 - Product updated successfully.
12-11-2022 @ 06:29:02 - Row :138 - Parsing item.
12-11-2022 @ 06:29:02 - Row :138 - Processing item.
12-11-2022 @ 06:29:02 - Found variation product object. ID:160755
12-11-2022 @ 06:29:02 - Row :138 - Product updated successfully.
12-11-2022 @ 06:29:02 - Row :139 - Parsing item.
12-11-2022 @ 06:29:02 - Row :139 - Processing item.
12-11-2022 @ 06:29:02 - Found variation product object. ID:160754
12-11-2022 @ 06:29:02 - Row :139 - Product updated successfully.
12-11-2022 @ 06:29:02 - Row :140 - Parsing item.
12-11-2022 @ 06:29:02 - Row :140 - Processing item.
12-11-2022 @ 06:29:02 - Found variation product object. ID:160753
12-11-2022 @ 06:29:02 - Row :140 - Product updated successfully.
12-11-2022 @ 06:29:02 - Preparing for import.
12-11-2022 @ 06:29:02 - Row :141 - Parsing item.
12-11-2022 @ 06:29:02 - Row :141 - Processing item.
12-11-2022 @ 06:29:02 - Found variation product object. ID:160752
12-11-2022 @ 06:29:02 - Row :141 - Product updated successfully.
12-11-2022 @ 06:29:02 - Row :142 - Parsing item.
12-11-2022 @ 06:29:02 - Row :142 - Processing item.
12-11-2022 @ 06:29:02 - Found variation product object. ID:160751
12-11-2022 @ 06:29:02 - Row :142 - Product updated successfully.
12-11-2022 @ 06:29:02 - Row :143 - Parsing item.
12-11-2022 @ 06:29:02 - Row :143 - Processing item.
12-11-2022 @ 06:29:02 - Found variation product object. ID:160750
12-11-2022 @ 06:29:02 - Row :143 - Product updated successfully.
12-11-2022 @ 06:29:02 - Row :144 - Parsing item.
12-11-2022 @ 06:29:02 - Row :144 - Processing item.
12-11-2022 @ 06:29:02 - Found variation product object. ID:160749
12-11-2022 @ 06:29:02 - Row :144 - Product updated successfully.
12-11-2022 @ 06:29:02 - Row :145 - Parsing item.
12-11-2022 @ 06:29:02 - Row :145 - Processing item.
12-11-2022 @ 06:29:02 - Found variation product object. ID:160748
12-11-2022 @ 06:29:02 - Row :145 - Product updated successfully.
12-11-2022 @ 06:29:02 - Row :146 - Parsing item.
12-11-2022 @ 06:29:02 - Importing as new product ID:160747
12-11-2022 @ 06:29:02 - Row :146 - Processing item.
12-11-2022 @ 06:29:02 - Found simple product object. ID:160747
12-11-2022 @ 06:29:02 - Row :146 - Product imported successfully.
12-11-2022 @ 06:29:02 - Row :147 - Parsing item.
12-11-2022 @ 06:29:02 - Row :147 - Processing item.
12-11-2022 @ 06:29:02 - Found variation product object. ID:160746
12-11-2022 @ 06:29:02 - Row :147 - Product updated successfully.
12-11-2022 @ 06:29:02 - Row :148 - Parsing item.
12-11-2022 @ 06:29:02 - Row :148 - Processing item.
12-11-2022 @ 06:29:02 - Found variation product object. ID:160745
12-11-2022 @ 06:29:02 - Row :148 - Product updated successfully.
12-11-2022 @ 06:29:02 - Row :149 - Parsing item.
12-11-2022 @ 06:29:02 - Row :149 - Processing item.
12-11-2022 @ 06:29:02 - Found variation product object. ID:160744
12-11-2022 @ 06:29:02 - Row :149 - Product updated successfully.
12-11-2022 @ 06:29:02 - Row :150 - Parsing item.
12-11-2022 @ 06:29:02 - Row :150 - Processing item.
12-11-2022 @ 06:29:02 - Found variation product object. ID:160743
12-11-2022 @ 06:29:02 - Row :150 - Product updated successfully.
12-11-2022 @ 06:29:03 - Preparing for import.
12-11-2022 @ 06:29:03 - Row :151 - Parsing item.
12-11-2022 @ 06:29:03 - Row :151 - Processing item.
12-11-2022 @ 06:29:03 - Found variation product object. ID:160742
12-11-2022 @ 06:29:03 - Row :151 - Product updated successfully.
12-11-2022 @ 06:29:03 - Row :152 - Parsing item.
12-11-2022 @ 06:29:03 - Row :152 - Processing item.
12-11-2022 @ 06:29:03 - Found variation product object. ID:160741
12-11-2022 @ 06:29:03 - Row :152 - Product updated successfully.
12-11-2022 @ 06:29:03 - Row :153 - Parsing item.
12-11-2022 @ 06:29:03 - Row :153 - Processing item.
12-11-2022 @ 06:29:03 - Found variation product object. ID:160740
12-11-2022 @ 06:29:03 - Row :153 - Product updated successfully.
12-11-2022 @ 06:29:03 - Row :154 - Parsing item.
12-11-2022 @ 06:29:03 - Row :154 - Processing item.
12-11-2022 @ 06:29:03 - Found variation product object. ID:160739
12-11-2022 @ 06:29:03 - Row :154 - Product updated successfully.
12-11-2022 @ 06:29:03 - Row :155 - Parsing item.
12-11-2022 @ 06:29:03 - Row :155 - Processing item.
12-11-2022 @ 06:29:03 - Found variation product object. ID:160738
12-11-2022 @ 06:29:03 - Row :155 - Product updated successfully.
12-11-2022 @ 06:29:03 - Row :156 - Parsing item.
12-11-2022 @ 06:29:03 - Importing as new product ID:160737
12-11-2022 @ 06:29:03 - Row :156 - Processing item.
12-11-2022 @ 06:29:03 - Found simple product object. ID:160737
12-11-2022 @ 06:29:03 - Row :156 - Product imported successfully.
12-11-2022 @ 06:29:03 - Row :157 - Parsing item.
12-11-2022 @ 06:29:03 - Row :157 - Processing item.
12-11-2022 @ 06:29:03 - Found variation product object. ID:160736
12-11-2022 @ 06:29:03 - Row :157 - Product updated successfully.
12-11-2022 @ 06:29:03 - Row :158 - Parsing item.
12-11-2022 @ 06:29:03 - Row :158 - Processing item.
12-11-2022 @ 06:29:03 - Found variation product object. ID:160735
12-11-2022 @ 06:29:03 - Row :158 - Product updated successfully.
12-11-2022 @ 06:29:03 - Row :159 - Parsing item.
12-11-2022 @ 06:29:03 - Row :159 - Processing item.
12-11-2022 @ 06:29:03 - Found variation product object. ID:160734
12-11-2022 @ 06:29:03 - Row :159 - Product updated successfully.
12-11-2022 @ 06:29:03 - Row :160 - Parsing item.
12-11-2022 @ 06:29:03 - Row :160 - Processing item.
12-11-2022 @ 06:29:03 - Found variation product object. ID:160733
12-11-2022 @ 06:29:03 - Row :160 - Product updated successfully.
12-11-2022 @ 06:29:04 - Preparing for import.
12-11-2022 @ 06:29:04 - Row :161 - Parsing item.
12-11-2022 @ 06:29:04 - Row :161 - Processing item.
12-11-2022 @ 06:29:04 - Found variation product object. ID:160732
12-11-2022 @ 06:29:04 - Row :161 - Product updated successfully.
12-11-2022 @ 06:29:04 - Row :162 - Parsing item.
12-11-2022 @ 06:29:04 - Row :162 - Processing item.
12-11-2022 @ 06:29:04 - Found variation product object. ID:160731
12-11-2022 @ 06:29:04 - Row :162 - Product updated successfully.
12-11-2022 @ 06:29:04 - Row :163 - Parsing item.
12-11-2022 @ 06:29:04 - Importing as new product ID:160730
12-11-2022 @ 06:29:04 - Row :163 - Processing item.
12-11-2022 @ 06:29:04 - Found simple product object. ID:160730
12-11-2022 @ 06:29:04 - Row :163 - Product imported successfully.
12-11-2022 @ 06:29:04 - Row :164 - Parsing item.
12-11-2022 @ 06:29:04 - Row :164 - Processing item.
12-11-2022 @ 06:29:04 - Found variation product object. ID:160729
12-11-2022 @ 06:29:04 - Row :164 - Product updated successfully.
12-11-2022 @ 06:29:04 - Row :165 - Parsing item.
12-11-2022 @ 06:29:04 - Row :165 - Processing item.
12-11-2022 @ 06:29:04 - Found variation product object. ID:160728
12-11-2022 @ 06:29:04 - Row :165 - Product updated successfully.
12-11-2022 @ 06:29:04 - Row :166 - Parsing item.
12-11-2022 @ 06:29:04 - Row :166 - Processing item.
12-11-2022 @ 06:29:04 - Found variation product object. ID:160727
12-11-2022 @ 06:29:04 - Row :166 - Product updated successfully.
12-11-2022 @ 06:29:04 - Row :167 - Parsing item.
12-11-2022 @ 06:29:04 - Row :167 - Processing item.
12-11-2022 @ 06:29:04 - Found variation product object. ID:160726
12-11-2022 @ 06:29:04 - Row :167 - Product updated successfully.
12-11-2022 @ 06:29:04 - Row :168 - Parsing item.
12-11-2022 @ 06:29:04 - Row :168 - Processing item.
12-11-2022 @ 06:29:04 - Found variation product object. ID:160725
12-11-2022 @ 06:29:04 - Row :168 - Product updated successfully.
12-11-2022 @ 06:29:04 - Row :169 - Parsing item.
12-11-2022 @ 06:29:04 - Row :169 - Processing item.
12-11-2022 @ 06:29:04 - Found variation product object. ID:160724
12-11-2022 @ 06:29:04 - Row :169 - Product updated successfully.
12-11-2022 @ 06:29:04 - Row :170 - Parsing item.
12-11-2022 @ 06:29:04 - Row :170 - Processing item.
12-11-2022 @ 06:29:04 - Found variation product object. ID:160723
12-11-2022 @ 06:29:04 - Row :170 - Product updated successfully.
12-11-2022 @ 06:29:06 - Preparing for import.
12-11-2022 @ 06:29:06 - Row :171 - Parsing item.
12-11-2022 @ 06:29:06 - Row :171 - Processing item.
12-11-2022 @ 06:29:06 - Found variation product object. ID:160722
12-11-2022 @ 06:29:06 - Row :171 - Product updated successfully.
12-11-2022 @ 06:29:06 - Row :172 - Parsing item.
12-11-2022 @ 06:29:06 - Row :172 - Processing item.
12-11-2022 @ 06:29:06 - Found variation product object. ID:160721
12-11-2022 @ 06:29:06 - Row :172 - Product updated successfully.
12-11-2022 @ 06:29:06 - Row :173 - Parsing item.
12-11-2022 @ 06:29:06 - Row :173 - Processing item.
12-11-2022 @ 06:29:06 - Found variation product object. ID:160720
12-11-2022 @ 06:29:06 - Row :173 - Product updated successfully.
12-11-2022 @ 06:29:06 - Row :174 - Parsing item.
12-11-2022 @ 06:29:06 - Row :174 - Processing item.
12-11-2022 @ 06:29:06 - Found variation product object. ID:160719
12-11-2022 @ 06:29:06 - Row :174 - Product updated successfully.
12-11-2022 @ 06:29:06 - Row :175 - Parsing item.
12-11-2022 @ 06:29:06 - Row :175 - Processing item.
12-11-2022 @ 06:29:06 - Found variation product object. ID:160718
12-11-2022 @ 06:29:06 - Row :175 - Product updated successfully.
12-11-2022 @ 06:29:06 - Row :176 - Parsing item.
12-11-2022 @ 06:29:06 - Row :176 - Processing item.
12-11-2022 @ 06:29:06 - Found variation product object. ID:160717
12-11-2022 @ 06:29:06 - Row :176 - Product updated successfully.
12-11-2022 @ 06:29:06 - Row :177 - Parsing item.
12-11-2022 @ 06:29:06 - Importing as new product ID:160716
12-11-2022 @ 06:29:06 - Row :177 - Processing item.
12-11-2022 @ 06:29:06 - Found simple product object. ID:160716
12-11-2022 @ 06:29:06 - Row :177 - Product imported successfully.
12-11-2022 @ 06:29:06 - Row :178 - Parsing item.
12-11-2022 @ 06:29:06 - Row :178 - Processing item.
12-11-2022 @ 06:29:06 - Found variation product object. ID:160715
12-11-2022 @ 06:29:06 - Row :178 - Product updated successfully.
12-11-2022 @ 06:29:06 - Row :179 - Parsing item.
12-11-2022 @ 06:29:06 - Row :179 - Processing item.
12-11-2022 @ 06:29:06 - Found variation product object. ID:160714
12-11-2022 @ 06:29:06 - Row :179 - Product updated successfully.
12-11-2022 @ 06:29:06 - Row :180 - Parsing item.
12-11-2022 @ 06:29:06 - Row :180 - Processing item.
12-11-2022 @ 06:29:06 - Found variation product object. ID:160713
12-11-2022 @ 06:29:06 - Row :180 - Product updated successfully.
12-11-2022 @ 06:29:06 - Preparing for import.
12-11-2022 @ 06:29:06 - Row :181 - Parsing item.
12-11-2022 @ 06:29:06 - Row :181 - Processing item.
12-11-2022 @ 06:29:06 - Found variation product object. ID:160712
12-11-2022 @ 06:29:06 - Row :181 - Product updated successfully.
12-11-2022 @ 06:29:06 - Row :182 - Parsing item.
12-11-2022 @ 06:29:06 - Row :182 - Processing item.
12-11-2022 @ 06:29:06 - Found variation product object. ID:160711
12-11-2022 @ 06:29:06 - Row :182 - Product updated successfully.
12-11-2022 @ 06:29:06 - Row :183 - Parsing item.
12-11-2022 @ 06:29:06 - Row :183 - Processing item.
12-11-2022 @ 06:29:06 - Found variation product object. ID:160710
12-11-2022 @ 06:29:06 - Row :183 - Product updated successfully.
12-11-2022 @ 06:29:06 - Row :184 - Parsing item.
12-11-2022 @ 06:29:06 - Row :184 - Processing item.
12-11-2022 @ 06:29:06 - Found variation product object. ID:160709
12-11-2022 @ 06:29:06 - Row :184 - Product updated successfully.
12-11-2022 @ 06:29:06 - Row :185 - Parsing item.
12-11-2022 @ 06:29:06 - Row :185 - Processing item.
12-11-2022 @ 06:29:06 - Found variation product object. ID:160708
12-11-2022 @ 06:29:06 - Row :185 - Product updated successfully.
12-11-2022 @ 06:29:06 - Row :186 - Parsing item.
12-11-2022 @ 06:29:06 - Row :186 - Processing item.
12-11-2022 @ 06:29:06 - Found variation product object. ID:160707
12-11-2022 @ 06:29:06 - Row :186 - Product updated successfully.
12-11-2022 @ 06:29:06 - Row :187 - Parsing item.
12-11-2022 @ 06:29:06 - Row :187 - Processing item.
12-11-2022 @ 06:29:06 - Found variation product object. ID:160706
12-11-2022 @ 06:29:06 - Row :187 - Product updated successfully.
12-11-2022 @ 06:29:06 - Row :188 - Parsing item.
12-11-2022 @ 06:29:06 - Row :188 - Processing item.
12-11-2022 @ 06:29:06 - Found variation product object. ID:160705
12-11-2022 @ 06:29:06 - Row :188 - Product updated successfully.
12-11-2022 @ 06:29:06 - Row :189 - Parsing item.
12-11-2022 @ 06:29:06 - Row :189 - Processing item.
12-11-2022 @ 06:29:06 - Found variation product object. ID:160704
12-11-2022 @ 06:29:06 - Row :189 - Product updated successfully.
12-11-2022 @ 06:29:06 - Row :190 - Parsing item.
12-11-2022 @ 06:29:06 - Row :190 - Processing item.
12-11-2022 @ 06:29:06 - Found variation product object. ID:160703
12-11-2022 @ 06:29:06 - Row :190 - Product updated successfully.
