12-11-2022 @ 16:11:08 - ---[ New import started at 2022-12-11 16:11:08 ] PHP Memory: 256 MB, WP Memory: 51 B
12-11-2022 @ 16:11:08 - Preparing for import.
12-11-2022 @ 16:11:08 - Row :1 - Parsing item.
12-11-2022 @ 16:11:08 - Row :1 - Processing item.
12-11-2022 @ 16:11:08 - Found variation product object. ID:100541
12-11-2022 @ 16:11:08 - Row :1 - Product updated successfully.
12-11-2022 @ 16:11:08 - Row :2 - Parsing item.
12-11-2022 @ 16:11:08 - Row :2 - Processing item.
12-11-2022 @ 16:11:08 - Found variation product object. ID:100601
12-11-2022 @ 16:11:08 - Row :2 - Product updated successfully.
12-11-2022 @ 16:11:08 - Row :3 - Parsing item.
12-11-2022 @ 16:11:08 - Row :3 - Processing item.
12-11-2022 @ 16:11:08 - Found variation product object. ID:101170
12-11-2022 @ 16:11:08 - Row :3 - Product updated successfully.
12-11-2022 @ 16:11:08 - Row :4 - Parsing item.
12-11-2022 @ 16:11:08 - Row :4 - Processing item.
12-11-2022 @ 16:11:08 - Found variation product object. ID:102064
12-11-2022 @ 16:11:08 - Row :4 - Product updated successfully.
12-11-2022 @ 16:11:08 - Row :5 - Parsing item.
12-11-2022 @ 16:11:08 - Row :5 - Processing item.
12-11-2022 @ 16:11:08 - Found variation product object. ID:102561
12-11-2022 @ 16:11:08 - Row :5 - Product updated successfully.
12-11-2022 @ 16:11:08 - Row :6 - Parsing item.
12-11-2022 @ 16:11:08 - Row :6 - Processing item.
12-11-2022 @ 16:11:08 - Found variation product object. ID:102835
12-11-2022 @ 16:11:08 - Row :6 - Product updated successfully.
12-11-2022 @ 16:11:08 - Row :7 - Parsing item.
12-11-2022 @ 16:11:08 - Row :7 - Processing item.
12-11-2022 @ 16:11:08 - Found variation product object. ID:103144
12-11-2022 @ 16:11:08 - Row :7 - Product updated successfully.
12-11-2022 @ 16:11:08 - Row :8 - Parsing item.
12-11-2022 @ 16:11:08 - Row :8 - Processing item.
12-11-2022 @ 16:11:08 - Found variation product object. ID:103181
12-11-2022 @ 16:11:08 - Row :8 - Product updated successfully.
12-11-2022 @ 16:11:08 - Row :9 - Parsing item.
12-11-2022 @ 16:11:08 - Row :9 - Processing item.
12-11-2022 @ 16:11:08 - Found variation product object. ID:103379
12-11-2022 @ 16:11:08 - Row :9 - Product updated successfully.
12-11-2022 @ 16:11:08 - Row :10 - Parsing item.
12-11-2022 @ 16:11:08 - Row :10 - Processing item.
12-11-2022 @ 16:11:08 - Found variation product object. ID:105780
12-11-2022 @ 16:11:08 - Row :10 - Product updated successfully.
12-11-2022 @ 16:11:08 - Preparing for import.
12-11-2022 @ 16:11:08 - Row :11 - Parsing item.
12-11-2022 @ 16:11:08 - Row :11 - Processing item.
12-11-2022 @ 16:11:08 - Found variation product object. ID:106301
12-11-2022 @ 16:11:08 - Row :11 - Product updated successfully.
12-11-2022 @ 16:11:08 - Row :12 - Parsing item.
12-11-2022 @ 16:11:08 - Row :12 - Processing item.
12-11-2022 @ 16:11:08 - Found variation product object. ID:106345
12-11-2022 @ 16:11:08 - Row :12 - Product updated successfully.
12-11-2022 @ 16:11:08 - Row :13 - Parsing item.
12-11-2022 @ 16:11:08 - Row :13 - Processing item.
12-11-2022 @ 16:11:08 - Found variation product object. ID:107117
12-11-2022 @ 16:11:08 - Row :13 - Product updated successfully.
12-11-2022 @ 16:11:08 - Row :14 - Parsing item.
12-11-2022 @ 16:11:08 - Row :14 - Processing item.
12-11-2022 @ 16:11:08 - Found variation product object. ID:107118
12-11-2022 @ 16:11:08 - Row :14 - Product updated successfully.
12-11-2022 @ 16:11:08 - Row :15 - Parsing item.
12-11-2022 @ 16:11:08 - Row :15 - Processing item.
12-11-2022 @ 16:11:08 - Found variation product object. ID:107316
12-11-2022 @ 16:11:08 - Row :15 - Product updated successfully.
12-11-2022 @ 16:11:08 - Row :16 - Parsing item.
12-11-2022 @ 16:11:08 - Row :16 - Processing item.
12-11-2022 @ 16:11:08 - Found variation product object. ID:107327
12-11-2022 @ 16:11:08 - Row :16 - Product updated successfully.
12-11-2022 @ 16:11:08 - Row :17 - Parsing item.
12-11-2022 @ 16:11:08 - Row :17 - Processing item.
12-11-2022 @ 16:11:08 - Found variation product object. ID:107328
12-11-2022 @ 16:11:08 - Row :17 - Product updated successfully.
12-11-2022 @ 16:11:08 - Row :18 - Parsing item.
12-11-2022 @ 16:11:08 - Row :18 - Processing item.
12-11-2022 @ 16:11:08 - Found variation product object. ID:107395
12-11-2022 @ 16:11:08 - Row :18 - Product updated successfully.
12-11-2022 @ 16:11:08 - Row :19 - Parsing item.
12-11-2022 @ 16:11:08 - Row :19 - Processing item.
12-11-2022 @ 16:11:08 - Found variation product object. ID:107396
12-11-2022 @ 16:11:08 - Row :19 - Product updated successfully.
12-11-2022 @ 16:11:08 - Row :20 - Parsing item.
12-11-2022 @ 16:11:08 - Row :20 - Processing item.
12-11-2022 @ 16:11:08 - Found variation product object. ID:107397
12-11-2022 @ 16:11:08 - Row :20 - Product updated successfully.
12-11-2022 @ 16:11:09 - Preparing for import.
12-11-2022 @ 16:11:09 - Row :21 - Parsing item.
12-11-2022 @ 16:11:09 - Row :21 - Processing item.
12-11-2022 @ 16:11:09 - Found variation product object. ID:107884
12-11-2022 @ 16:11:09 - Row :21 - Product updated successfully.
12-11-2022 @ 16:11:09 - Row :22 - Parsing item.
12-11-2022 @ 16:11:09 - Row :22 - Processing item.
12-11-2022 @ 16:11:09 - Found variation product object. ID:107921
12-11-2022 @ 16:11:09 - Row :22 - Product updated successfully.
12-11-2022 @ 16:11:09 - Row :23 - Parsing item.
12-11-2022 @ 16:11:09 - Row :23 - Processing item.
12-11-2022 @ 16:11:09 - Found variation product object. ID:108044
12-11-2022 @ 16:11:09 - Row :23 - Product updated successfully.
12-11-2022 @ 16:11:09 - Row :24 - Parsing item.
12-11-2022 @ 16:11:09 - Row :24 - Processing item.
12-11-2022 @ 16:11:09 - Found variation product object. ID:108375
12-11-2022 @ 16:11:09 - Row :24 - Product updated successfully.
12-11-2022 @ 16:11:09 - Row :25 - Parsing item.
12-11-2022 @ 16:11:09 - Row :25 - Processing item.
12-11-2022 @ 16:11:09 - Found variation product object. ID:108376
12-11-2022 @ 16:11:09 - Row :25 - Product updated successfully.
12-11-2022 @ 16:11:09 - Row :26 - Parsing item.
12-11-2022 @ 16:11:09 - Row :26 - Processing item.
12-11-2022 @ 16:11:09 - Found variation product object. ID:108709
12-11-2022 @ 16:11:09 - Row :26 - Product updated successfully.
12-11-2022 @ 16:11:09 - Row :27 - Parsing item.
12-11-2022 @ 16:11:09 - Row :27 - Processing item.
12-11-2022 @ 16:11:09 - Found variation product object. ID:109145
12-11-2022 @ 16:11:09 - Row :27 - Product updated successfully.
12-11-2022 @ 16:11:09 - Row :28 - Parsing item.
12-11-2022 @ 16:11:09 - Row :28 - Processing item.
12-11-2022 @ 16:11:09 - Found variation product object. ID:109813
12-11-2022 @ 16:11:09 - Row :28 - Product updated successfully.
12-11-2022 @ 16:11:09 - Row :29 - Parsing item.
12-11-2022 @ 16:11:09 - Row :29 - Processing item.
12-11-2022 @ 16:11:09 - Found variation product object. ID:111137
12-11-2022 @ 16:11:09 - Row :29 - Product updated successfully.
12-11-2022 @ 16:11:09 - Row :30 - Parsing item.
12-11-2022 @ 16:11:09 - Row :30 - Processing item.
12-11-2022 @ 16:11:09 - Found variation product object. ID:111606
12-11-2022 @ 16:11:09 - Row :30 - Product updated successfully.
12-11-2022 @ 16:11:10 - Preparing for import.
12-11-2022 @ 16:11:10 - Row :31 - Parsing item.
12-11-2022 @ 16:11:10 - Row :31 - Processing item.
12-11-2022 @ 16:11:10 - Found variation product object. ID:111826
12-11-2022 @ 16:11:10 - Row :31 - Product updated successfully.
12-11-2022 @ 16:11:10 - Row :32 - Parsing item.
12-11-2022 @ 16:11:10 - Row :32 - Processing item.
12-11-2022 @ 16:11:10 - Found variation product object. ID:111879
12-11-2022 @ 16:11:10 - Row :32 - Product updated successfully.
12-11-2022 @ 16:11:10 - Row :33 - Parsing item.
12-11-2022 @ 16:11:10 - Row :33 - Processing item.
12-11-2022 @ 16:11:10 - Found variation product object. ID:111880
12-11-2022 @ 16:11:10 - Row :33 - Product updated successfully.
12-11-2022 @ 16:11:10 - Row :34 - Parsing item.
12-11-2022 @ 16:11:10 - Row :34 - Processing item.
12-11-2022 @ 16:11:10 - Found variation product object. ID:113550
12-11-2022 @ 16:11:10 - Row :34 - Product updated successfully.
12-11-2022 @ 16:11:10 - Row :35 - Parsing item.
12-11-2022 @ 16:11:10 - Row :35 - Processing item.
12-11-2022 @ 16:11:10 - Found variation product object. ID:114141
12-11-2022 @ 16:11:10 - Row :35 - Product updated successfully.
12-11-2022 @ 16:11:10 - Row :36 - Parsing item.
12-11-2022 @ 16:11:10 - Row :36 - Processing item.
12-11-2022 @ 16:11:10 - Found variation product object. ID:114311
12-11-2022 @ 16:11:10 - Row :36 - Product updated successfully.
12-11-2022 @ 16:11:10 - Row :37 - Parsing item.
12-11-2022 @ 16:11:10 - Row :37 - Processing item.
12-11-2022 @ 16:11:10 - Found variation product object. ID:114632
12-11-2022 @ 16:11:10 - Row :37 - Product updated successfully.
12-11-2022 @ 16:11:10 - Row :38 - Parsing item.
12-11-2022 @ 16:11:10 - Row :38 - Processing item.
12-11-2022 @ 16:11:10 - Found variation product object. ID:114659
12-11-2022 @ 16:11:10 - Row :38 - Product updated successfully.
12-11-2022 @ 16:11:10 - Row :39 - Parsing item.
12-11-2022 @ 16:11:10 - Row :39 - Processing item.
12-11-2022 @ 16:11:10 - Found variation product object. ID:115086
12-11-2022 @ 16:11:10 - Row :39 - Product updated successfully.
12-11-2022 @ 16:11:10 - Row :40 - Parsing item.
12-11-2022 @ 16:11:10 - Row :40 - Processing item.
12-11-2022 @ 16:11:10 - Found variation product object. ID:116014
12-11-2022 @ 16:11:10 - Row :40 - Product updated successfully.
12-11-2022 @ 16:11:10 - Preparing for import.
12-11-2022 @ 16:11:10 - Row :41 - Parsing item.
12-11-2022 @ 16:11:10 - Row :41 - Processing item.
12-11-2022 @ 16:11:10 - Found variation product object. ID:116211
12-11-2022 @ 16:11:10 - Row :41 - Product updated successfully.
12-11-2022 @ 16:11:10 - Row :42 - Parsing item.
12-11-2022 @ 16:11:10 - Row :42 - Processing item.
12-11-2022 @ 16:11:10 - Found variation product object. ID:116392
12-11-2022 @ 16:11:10 - Row :42 - Product updated successfully.
12-11-2022 @ 16:11:10 - Row :43 - Parsing item.
12-11-2022 @ 16:11:10 - Row :43 - Processing item.
12-11-2022 @ 16:11:10 - Found variation product object. ID:116956
12-11-2022 @ 16:11:10 - Row :43 - Product updated successfully.
12-11-2022 @ 16:11:10 - Row :44 - Parsing item.
12-11-2022 @ 16:11:10 - Row :44 - Processing item.
12-11-2022 @ 16:11:10 - Found variation product object. ID:117571
12-11-2022 @ 16:11:10 - Row :44 - Product updated successfully.
12-11-2022 @ 16:11:10 - Row :45 - Parsing item.
12-11-2022 @ 16:11:10 - Row :45 - Processing item.
12-11-2022 @ 16:11:10 - Found variation product object. ID:117885
12-11-2022 @ 16:11:10 - Row :45 - Product updated successfully.
12-11-2022 @ 16:11:10 - Row :46 - Parsing item.
12-11-2022 @ 16:11:10 - Row :46 - Processing item.
12-11-2022 @ 16:11:10 - Found variation product object. ID:117970
12-11-2022 @ 16:11:10 - Row :46 - Product updated successfully.
12-11-2022 @ 16:11:10 - Row :47 - Parsing item.
12-11-2022 @ 16:11:10 - Row :47 - Processing item.
12-11-2022 @ 16:11:10 - Found variation product object. ID:118063
12-11-2022 @ 16:11:10 - Row :47 - Product updated successfully.
12-11-2022 @ 16:11:10 - Row :48 - Parsing item.
12-11-2022 @ 16:11:10 - Row :48 - Processing item.
12-11-2022 @ 16:11:10 - Found variation product object. ID:119155
12-11-2022 @ 16:11:10 - Row :48 - Product updated successfully.
12-11-2022 @ 16:11:10 - Row :49 - Parsing item.
12-11-2022 @ 16:11:10 - Row :49 - Processing item.
12-11-2022 @ 16:11:10 - Found variation product object. ID:121021
12-11-2022 @ 16:11:10 - Row :49 - Product updated successfully.
12-11-2022 @ 16:11:10 - Row :50 - Parsing item.
12-11-2022 @ 16:11:10 - Row :50 - Processing item.
12-11-2022 @ 16:11:10 - Found variation product object. ID:121022
12-11-2022 @ 16:11:10 - Row :50 - Product updated successfully.
12-11-2022 @ 16:11:11 - Preparing for import.
12-11-2022 @ 16:11:11 - Row :51 - Parsing item.
12-11-2022 @ 16:11:11 - Row :51 - Processing item.
12-11-2022 @ 16:11:11 - Found variation product object. ID:121440
12-11-2022 @ 16:11:11 - Row :51 - Product updated successfully.
12-11-2022 @ 16:11:11 - Row :52 - Parsing item.
12-11-2022 @ 16:11:11 - Row :52 - Processing item.
12-11-2022 @ 16:11:11 - Found variation product object. ID:121441
12-11-2022 @ 16:11:11 - Row :52 - Product updated successfully.
12-11-2022 @ 16:11:11 - Row :53 - Parsing item.
12-11-2022 @ 16:11:11 - Row :53 - Processing item.
12-11-2022 @ 16:11:11 - Found variation product object. ID:122741
12-11-2022 @ 16:11:11 - Row :53 - Product updated successfully.
12-11-2022 @ 16:11:11 - Row :54 - Parsing item.
12-11-2022 @ 16:11:11 - Row :54 - Processing item.
12-11-2022 @ 16:11:11 - Found variation product object. ID:122866
12-11-2022 @ 16:11:11 - Row :54 - Product updated successfully.
12-11-2022 @ 16:11:11 - Row :55 - Parsing item.
12-11-2022 @ 16:11:11 - Row :55 - Processing item.
12-11-2022 @ 16:11:11 - Found variation product object. ID:122867
12-11-2022 @ 16:11:11 - Row :55 - Product updated successfully.
12-11-2022 @ 16:11:11 - Row :56 - Parsing item.
12-11-2022 @ 16:11:11 - Row :56 - Processing item.
12-11-2022 @ 16:11:11 - Found variation product object. ID:122868
12-11-2022 @ 16:11:11 - Row :56 - Product updated successfully.
12-11-2022 @ 16:11:11 - Row :57 - Parsing item.
12-11-2022 @ 16:11:11 - Row :57 - Processing item.
12-11-2022 @ 16:11:11 - Found variation product object. ID:123361
12-11-2022 @ 16:11:11 - Row :57 - Product updated successfully.
12-11-2022 @ 16:11:11 - Row :58 - Parsing item.
12-11-2022 @ 16:11:11 - Row :58 - Processing item.
12-11-2022 @ 16:11:11 - Found variation product object. ID:123479
12-11-2022 @ 16:11:11 - Row :58 - Product updated successfully.
12-11-2022 @ 16:11:11 - Row :59 - Parsing item.
12-11-2022 @ 16:11:11 - Row :59 - Processing item.
12-11-2022 @ 16:11:11 - Found variation product object. ID:123480
12-11-2022 @ 16:11:11 - Row :59 - Product updated successfully.
12-11-2022 @ 16:11:11 - Row :60 - Parsing item.
12-11-2022 @ 16:11:11 - Row :60 - Processing item.
12-11-2022 @ 16:11:11 - Found variation product object. ID:123823
12-11-2022 @ 16:11:11 - Row :60 - Product updated successfully.
12-11-2022 @ 16:11:12 - Preparing for import.
12-11-2022 @ 16:11:12 - Row :61 - Parsing item.
12-11-2022 @ 16:11:12 - Row :61 - Processing item.
12-11-2022 @ 16:11:12 - Found variation product object. ID:123960
12-11-2022 @ 16:11:12 - Row :61 - Product updated successfully.
12-11-2022 @ 16:11:12 - Row :62 - Parsing item.
12-11-2022 @ 16:11:12 - Row :62 - Processing item.
12-11-2022 @ 16:11:12 - Found variation product object. ID:123961
12-11-2022 @ 16:11:12 - Row :62 - Product updated successfully.
12-11-2022 @ 16:11:12 - Row :63 - Parsing item.
12-11-2022 @ 16:11:12 - Row :63 - Processing item.
12-11-2022 @ 16:11:12 - Found variation product object. ID:124085
12-11-2022 @ 16:11:12 - Row :63 - Product updated successfully.
12-11-2022 @ 16:11:12 - Row :64 - Parsing item.
12-11-2022 @ 16:11:12 - Row :64 - Processing item.
12-11-2022 @ 16:11:12 - Found variation product object. ID:124694
12-11-2022 @ 16:11:12 - Row :64 - Product updated successfully.
12-11-2022 @ 16:11:12 - Row :65 - Parsing item.
12-11-2022 @ 16:11:12 - Row :65 - Processing item.
12-11-2022 @ 16:11:12 - Found variation product object. ID:124913
12-11-2022 @ 16:11:12 - Row :65 - Product updated successfully.
12-11-2022 @ 16:11:12 - Row :66 - Parsing item.
12-11-2022 @ 16:11:12 - Row :66 - Processing item.
12-11-2022 @ 16:11:12 - Found variation product object. ID:125072
12-11-2022 @ 16:11:12 - Row :66 - Product updated successfully.
12-11-2022 @ 16:11:12 - Row :67 - Parsing item.
12-11-2022 @ 16:11:12 - Row :67 - Processing item.
12-11-2022 @ 16:11:12 - Found variation product object. ID:125791
12-11-2022 @ 16:11:12 - Row :67 - Product updated successfully.
12-11-2022 @ 16:11:12 - Row :68 - Parsing item.
12-11-2022 @ 16:11:12 - Row :68 - Processing item.
12-11-2022 @ 16:11:12 - Found variation product object. ID:126735
12-11-2022 @ 16:11:12 - Row :68 - Product updated successfully.
12-11-2022 @ 16:11:12 - Row :69 - Parsing item.
12-11-2022 @ 16:11:12 - Row :69 - Processing item.
12-11-2022 @ 16:11:12 - Found variation product object. ID:126774
12-11-2022 @ 16:11:12 - Row :69 - Product updated successfully.
12-11-2022 @ 16:11:12 - Row :70 - Parsing item.
12-11-2022 @ 16:11:12 - Row :70 - Processing item.
12-11-2022 @ 16:11:12 - Found variation product object. ID:126924
12-11-2022 @ 16:11:12 - Row :70 - Product updated successfully.
12-11-2022 @ 16:11:12 - Preparing for import.
12-11-2022 @ 16:11:12 - Row :71 - Parsing item.
12-11-2022 @ 16:11:12 - Row :71 - Processing item.
12-11-2022 @ 16:11:12 - Found variation product object. ID:127074
12-11-2022 @ 16:11:12 - Row :71 - Product updated successfully.
12-11-2022 @ 16:11:12 - Row :72 - Parsing item.
12-11-2022 @ 16:11:12 - Row :72 - Processing item.
12-11-2022 @ 16:11:12 - Found variation product object. ID:127075
12-11-2022 @ 16:11:12 - Row :72 - Product updated successfully.
12-11-2022 @ 16:11:12 - Row :73 - Parsing item.
12-11-2022 @ 16:11:12 - Row :73 - Processing item.
12-11-2022 @ 16:11:12 - Found variation product object. ID:127137
12-11-2022 @ 16:11:12 - Row :73 - Product updated successfully.
12-11-2022 @ 16:11:12 - Row :74 - Parsing item.
12-11-2022 @ 16:11:12 - Row :74 - Processing item.
12-11-2022 @ 16:11:12 - Found variation product object. ID:127663
12-11-2022 @ 16:11:12 - Row :74 - Product updated successfully.
12-11-2022 @ 16:11:12 - Row :75 - Parsing item.
12-11-2022 @ 16:11:12 - Row :75 - Processing item.
12-11-2022 @ 16:11:12 - Found variation product object. ID:127664
12-11-2022 @ 16:11:12 - Row :75 - Product updated successfully.
12-11-2022 @ 16:11:12 - Row :76 - Parsing item.
12-11-2022 @ 16:11:12 - Row :76 - Processing item.
12-11-2022 @ 16:11:12 - Found variation product object. ID:127695
12-11-2022 @ 16:11:12 - Row :76 - Product updated successfully.
12-11-2022 @ 16:11:12 - Row :77 - Parsing item.
12-11-2022 @ 16:11:12 - Row :77 - Processing item.
12-11-2022 @ 16:11:12 - Found variation product object. ID:128282
12-11-2022 @ 16:11:12 - Row :77 - Product updated successfully.
12-11-2022 @ 16:11:12 - Row :78 - Parsing item.
12-11-2022 @ 16:11:12 - Row :78 - Processing item.
12-11-2022 @ 16:11:12 - Found variation product object. ID:128477
12-11-2022 @ 16:11:12 - Row :78 - Product updated successfully.
12-11-2022 @ 16:11:12 - Row :79 - Parsing item.
12-11-2022 @ 16:11:12 - Row :79 - Processing item.
12-11-2022 @ 16:11:12 - Found variation product object. ID:128478
12-11-2022 @ 16:11:12 - Row :79 - Product updated successfully.
12-11-2022 @ 16:11:12 - Row :80 - Parsing item.
12-11-2022 @ 16:11:12 - Row :80 - Processing item.
12-11-2022 @ 16:11:12 - Found variation product object. ID:128479
12-11-2022 @ 16:11:12 - Row :80 - Product updated successfully.
12-11-2022 @ 16:11:13 - Preparing for import.
12-11-2022 @ 16:11:13 - Row :81 - Parsing item.
12-11-2022 @ 16:11:13 - Row :81 - Processing item.
12-11-2022 @ 16:11:13 - Found variation product object. ID:128543
12-11-2022 @ 16:11:13 - Row :81 - Product updated successfully.
12-11-2022 @ 16:11:13 - Row :82 - Parsing item.
12-11-2022 @ 16:11:13 - Row :82 - Processing item.
12-11-2022 @ 16:11:13 - Found variation product object. ID:128544
12-11-2022 @ 16:11:13 - Row :82 - Product updated successfully.
12-11-2022 @ 16:11:13 - Row :83 - Parsing item.
12-11-2022 @ 16:11:13 - Row :83 - Processing item.
12-11-2022 @ 16:11:13 - Found variation product object. ID:128662
12-11-2022 @ 16:11:13 - Row :83 - Product updated successfully.
12-11-2022 @ 16:11:13 - Row :84 - Parsing item.
12-11-2022 @ 16:11:13 - Row :84 - Processing item.
12-11-2022 @ 16:11:13 - Found variation product object. ID:128663
12-11-2022 @ 16:11:13 - Row :84 - Product updated successfully.
12-11-2022 @ 16:11:13 - Row :85 - Parsing item.
12-11-2022 @ 16:11:13 - Row :85 - Processing item.
12-11-2022 @ 16:11:13 - Found variation product object. ID:129712
12-11-2022 @ 16:11:13 - Row :85 - Product updated successfully.
12-11-2022 @ 16:11:13 - Row :86 - Parsing item.
12-11-2022 @ 16:11:13 - Row :86 - Processing item.
12-11-2022 @ 16:11:13 - Found variation product object. ID:129713
12-11-2022 @ 16:11:13 - Row :86 - Product updated successfully.
12-11-2022 @ 16:11:13 - Row :87 - Parsing item.
12-11-2022 @ 16:11:13 - Row :87 - Processing item.
12-11-2022 @ 16:11:13 - Found variation product object. ID:129984
12-11-2022 @ 16:11:13 - Row :87 - Product updated successfully.
12-11-2022 @ 16:11:13 - Row :88 - Parsing item.
12-11-2022 @ 16:11:13 - Row :88 - Processing item.
12-11-2022 @ 16:11:13 - Found variation product object. ID:129985
12-11-2022 @ 16:11:13 - Row :88 - Product updated successfully.
12-11-2022 @ 16:11:13 - Row :89 - Parsing item.
12-11-2022 @ 16:11:13 - Row :89 - Processing item.
12-11-2022 @ 16:11:13 - Found variation product object. ID:129986
12-11-2022 @ 16:11:13 - Row :89 - Product updated successfully.
12-11-2022 @ 16:11:13 - Row :90 - Parsing item.
12-11-2022 @ 16:11:13 - Row :90 - Processing item.
12-11-2022 @ 16:11:13 - Found variation product object. ID:129987
12-11-2022 @ 16:11:13 - Row :90 - Product updated successfully.
12-11-2022 @ 16:11:14 - Preparing for import.
12-11-2022 @ 16:11:14 - Row :91 - Parsing item.
12-11-2022 @ 16:11:14 - Row :91 - Processing item.
12-11-2022 @ 16:11:14 - Found variation product object. ID:129991
12-11-2022 @ 16:11:14 - Row :91 - Product updated successfully.
12-11-2022 @ 16:11:14 - Row :92 - Parsing item.
12-11-2022 @ 16:11:14 - Row :92 - Processing item.
12-11-2022 @ 16:11:14 - Found variation product object. ID:129992
12-11-2022 @ 16:11:14 - Row :92 - Product updated successfully.
12-11-2022 @ 16:11:14 - Row :93 - Parsing item.
12-11-2022 @ 16:11:14 - Row :93 - Processing item.
12-11-2022 @ 16:11:14 - Found variation product object. ID:129993
12-11-2022 @ 16:11:14 - Row :93 - Product updated successfully.
12-11-2022 @ 16:11:14 - Row :94 - Parsing item.
12-11-2022 @ 16:11:14 - Row :94 - Processing item.
12-11-2022 @ 16:11:14 - Found variation product object. ID:129994
12-11-2022 @ 16:11:14 - Row :94 - Product updated successfully.
12-11-2022 @ 16:11:14 - Row :95 - Parsing item.
12-11-2022 @ 16:11:14 - Row :95 - Processing item.
12-11-2022 @ 16:11:14 - Found variation product object. ID:129995
12-11-2022 @ 16:11:14 - Row :95 - Product updated successfully.
12-11-2022 @ 16:11:14 - Row :96 - Parsing item.
12-11-2022 @ 16:11:14 - Row :96 - Processing item.
12-11-2022 @ 16:11:14 - Found variation product object. ID:129996
12-11-2022 @ 16:11:14 - Row :96 - Product updated successfully.
12-11-2022 @ 16:11:14 - Row :97 - Parsing item.
12-11-2022 @ 16:11:14 - Row :97 - Processing item.
12-11-2022 @ 16:11:14 - Found variation product object. ID:129997
12-11-2022 @ 16:11:14 - Row :97 - Product updated successfully.
12-11-2022 @ 16:11:14 - Row :98 - Parsing item.
12-11-2022 @ 16:11:14 - Row :98 - Processing item.
12-11-2022 @ 16:11:14 - Found variation product object. ID:129998
12-11-2022 @ 16:11:14 - Row :98 - Product updated successfully.
12-11-2022 @ 16:11:14 - Row :99 - Parsing item.
12-11-2022 @ 16:11:14 - Row :99 - Processing item.
12-11-2022 @ 16:11:14 - Found variation product object. ID:130684
12-11-2022 @ 16:11:14 - Row :99 - Product updated successfully.
12-11-2022 @ 16:11:14 - Row :100 - Parsing item.
12-11-2022 @ 16:11:14 - Row :100 - Processing item.
12-11-2022 @ 16:11:14 - Found variation product object. ID:130685
12-11-2022 @ 16:11:14 - Row :100 - Product updated successfully.
12-11-2022 @ 16:11:14 - Preparing for import.
12-11-2022 @ 16:11:14 - Row :101 - Parsing item.
12-11-2022 @ 16:11:14 - Row :101 - Processing item.
12-11-2022 @ 16:11:14 - Found variation product object. ID:130686
12-11-2022 @ 16:11:14 - Row :101 - Product updated successfully.
12-11-2022 @ 16:11:14 - Row :102 - Parsing item.
12-11-2022 @ 16:11:14 - Row :102 - Processing item.
12-11-2022 @ 16:11:14 - Found variation product object. ID:130735
12-11-2022 @ 16:11:14 - Row :102 - Product updated successfully.
12-11-2022 @ 16:11:14 - Row :103 - Parsing item.
12-11-2022 @ 16:11:14 - Row :103 - Processing item.
12-11-2022 @ 16:11:14 - Found variation product object. ID:130736
12-11-2022 @ 16:11:14 - Row :103 - Product updated successfully.
12-11-2022 @ 16:11:14 - Row :104 - Parsing item.
12-11-2022 @ 16:11:14 - Row :104 - Processing item.
12-11-2022 @ 16:11:14 - Found variation product object. ID:130929
12-11-2022 @ 16:11:14 - Row :104 - Product updated successfully.
12-11-2022 @ 16:11:14 - Row :105 - Parsing item.
12-11-2022 @ 16:11:14 - Row :105 - Processing item.
12-11-2022 @ 16:11:14 - Found variation product object. ID:130930
12-11-2022 @ 16:11:14 - Row :105 - Product updated successfully.
12-11-2022 @ 16:11:14 - Row :106 - Parsing item.
12-11-2022 @ 16:11:14 - Row :106 - Processing item.
12-11-2022 @ 16:11:14 - Found variation product object. ID:131200
12-11-2022 @ 16:11:14 - Row :106 - Product updated successfully.
12-11-2022 @ 16:11:14 - Row :107 - Parsing item.
12-11-2022 @ 16:11:14 - Row :107 - Processing item.
12-11-2022 @ 16:11:14 - Found variation product object. ID:131201
12-11-2022 @ 16:11:14 - Row :107 - Product updated successfully.
12-11-2022 @ 16:11:14 - Row :108 - Parsing item.
12-11-2022 @ 16:11:14 - Row :108 - Processing item.
12-11-2022 @ 16:11:14 - Found variation product object. ID:131202
12-11-2022 @ 16:11:14 - Row :108 - Product updated successfully.
12-11-2022 @ 16:11:14 - Row :109 - Parsing item.
12-11-2022 @ 16:11:14 - Row :109 - Processing item.
12-11-2022 @ 16:11:14 - Found variation product object. ID:131209
12-11-2022 @ 16:11:14 - Row :109 - Product updated successfully.
12-11-2022 @ 16:11:14 - Row :110 - Parsing item.
12-11-2022 @ 16:11:14 - Row :110 - Processing item.
12-11-2022 @ 16:11:14 - Found variation product object. ID:131460
12-11-2022 @ 16:11:14 - Row :110 - Product updated successfully.
12-11-2022 @ 16:11:15 - Preparing for import.
12-11-2022 @ 16:11:15 - Row :111 - Parsing item.
12-11-2022 @ 16:11:15 - Row :111 - Processing item.
12-11-2022 @ 16:11:15 - Found variation product object. ID:131461
12-11-2022 @ 16:11:15 - Row :111 - Product updated successfully.
12-11-2022 @ 16:11:15 - Row :112 - Parsing item.
12-11-2022 @ 16:11:15 - Row :112 - Processing item.
12-11-2022 @ 16:11:15 - Found variation product object. ID:131462
12-11-2022 @ 16:11:15 - Row :112 - Product updated successfully.
12-11-2022 @ 16:11:15 - Row :113 - Parsing item.
12-11-2022 @ 16:11:15 - Row :113 - Processing item.
12-11-2022 @ 16:11:15 - Found variation product object. ID:132001
12-11-2022 @ 16:11:15 - Row :113 - Product updated successfully.
12-11-2022 @ 16:11:15 - Row :114 - Parsing item.
12-11-2022 @ 16:11:15 - Row :114 - Processing item.
12-11-2022 @ 16:11:15 - Found variation product object. ID:132891
12-11-2022 @ 16:11:15 - Row :114 - Product updated successfully.
12-11-2022 @ 16:11:15 - Row :115 - Parsing item.
12-11-2022 @ 16:11:15 - Row :115 - Processing item.
12-11-2022 @ 16:11:15 - Found variation product object. ID:132892
12-11-2022 @ 16:11:15 - Row :115 - Product updated successfully.
12-11-2022 @ 16:11:15 - Row :116 - Parsing item.
12-11-2022 @ 16:11:15 - Row :116 - Processing item.
12-11-2022 @ 16:11:15 - Found variation product object. ID:132893
12-11-2022 @ 16:11:15 - Row :116 - Product updated successfully.
12-11-2022 @ 16:11:15 - Row :117 - Parsing item.
12-11-2022 @ 16:11:15 - Row :117 - Processing item.
12-11-2022 @ 16:11:15 - Found variation product object. ID:132900
12-11-2022 @ 16:11:15 - Row :117 - Product updated successfully.
12-11-2022 @ 16:11:15 - Row :118 - Parsing item.
12-11-2022 @ 16:11:15 - Row :118 - Processing item.
12-11-2022 @ 16:11:15 - Found variation product object. ID:132902
12-11-2022 @ 16:11:15 - Row :118 - Product updated successfully.
12-11-2022 @ 16:11:15 - Row :119 - Parsing item.
12-11-2022 @ 16:11:15 - Row :119 - Processing item.
12-11-2022 @ 16:11:15 - Found variation product object. ID:132903
12-11-2022 @ 16:11:15 - Row :119 - Product updated successfully.
12-11-2022 @ 16:11:15 - Row :120 - Parsing item.
12-11-2022 @ 16:11:15 - Row :120 - Processing item.
12-11-2022 @ 16:11:15 - Found variation product object. ID:132904
12-11-2022 @ 16:11:15 - Row :120 - Product updated successfully.
12-11-2022 @ 16:11:16 - Preparing for import.
12-11-2022 @ 16:11:16 - Row :121 - Parsing item.
12-11-2022 @ 16:11:16 - Row :121 - Processing item.
12-11-2022 @ 16:11:16 - Found variation product object. ID:132905
12-11-2022 @ 16:11:16 - Row :121 - Product updated successfully.
12-11-2022 @ 16:11:16 - Row :122 - Parsing item.
12-11-2022 @ 16:11:16 - Row :122 - Processing item.
12-11-2022 @ 16:11:16 - Found variation product object. ID:132906
12-11-2022 @ 16:11:16 - Row :122 - Product updated successfully.
12-11-2022 @ 16:11:16 - Row :123 - Parsing item.
12-11-2022 @ 16:11:16 - Row :123 - Processing item.
12-11-2022 @ 16:11:16 - Found variation product object. ID:132907
12-11-2022 @ 16:11:16 - Row :123 - Product updated successfully.
12-11-2022 @ 16:11:16 - Row :124 - Parsing item.
12-11-2022 @ 16:11:16 - Row :124 - Processing item.
12-11-2022 @ 16:11:16 - Found variation product object. ID:132908
12-11-2022 @ 16:11:16 - Row :124 - Product updated successfully.
12-11-2022 @ 16:11:16 - Row :125 - Parsing item.
12-11-2022 @ 16:11:16 - Row :125 - Processing item.
12-11-2022 @ 16:11:16 - Found variation product object. ID:132909
12-11-2022 @ 16:11:16 - Row :125 - Product updated successfully.
12-11-2022 @ 16:11:16 - Row :126 - Parsing item.
12-11-2022 @ 16:11:16 - Row :126 - Processing item.
12-11-2022 @ 16:11:16 - Found variation product object. ID:134054
12-11-2022 @ 16:11:16 - Row :126 - Product updated successfully.
12-11-2022 @ 16:11:16 - Row :127 - Parsing item.
12-11-2022 @ 16:11:16 - Row :127 - Processing item.
12-11-2022 @ 16:11:16 - Found variation product object. ID:134055
12-11-2022 @ 16:11:16 - Row :127 - Product updated successfully.
12-11-2022 @ 16:11:16 - Row :128 - Parsing item.
12-11-2022 @ 16:11:16 - Row :128 - Processing item.
12-11-2022 @ 16:11:16 - Found variation product object. ID:134056
12-11-2022 @ 16:11:16 - Row :128 - Product updated successfully.
12-11-2022 @ 16:11:16 - Row :129 - Parsing item.
12-11-2022 @ 16:11:16 - Row :129 - Processing item.
12-11-2022 @ 16:11:16 - Found variation product object. ID:134521
12-11-2022 @ 16:11:16 - Row :129 - Product updated successfully.
12-11-2022 @ 16:11:16 - Row :130 - Parsing item.
12-11-2022 @ 16:11:16 - Row :130 - Processing item.
12-11-2022 @ 16:11:16 - Found variation product object. ID:134705
12-11-2022 @ 16:11:16 - Row :130 - Product updated successfully.
12-11-2022 @ 16:11:16 - Preparing for import.
12-11-2022 @ 16:11:16 - Row :131 - Parsing item.
12-11-2022 @ 16:11:16 - Row :131 - Processing item.
12-11-2022 @ 16:11:16 - Found variation product object. ID:134706
12-11-2022 @ 16:11:16 - Row :131 - Product updated successfully.
12-11-2022 @ 16:11:16 - Row :132 - Parsing item.
12-11-2022 @ 16:11:16 - Row :132 - Processing item.
12-11-2022 @ 16:11:16 - Found variation product object. ID:134708
12-11-2022 @ 16:11:16 - Row :132 - Product updated successfully.
12-11-2022 @ 16:11:16 - Row :133 - Parsing item.
12-11-2022 @ 16:11:16 - Row :133 - Processing item.
12-11-2022 @ 16:11:16 - Found variation product object. ID:135221
12-11-2022 @ 16:11:16 - Row :133 - Product updated successfully.
12-11-2022 @ 16:11:16 - Row :134 - Parsing item.
12-11-2022 @ 16:11:16 - Row :134 - Processing item.
12-11-2022 @ 16:11:16 - Found variation product object. ID:135224
12-11-2022 @ 16:11:16 - Row :134 - Product updated successfully.
12-11-2022 @ 16:11:16 - Row :135 - Parsing item.
12-11-2022 @ 16:11:16 - Row :135 - Processing item.
12-11-2022 @ 16:11:16 - Found variation product object. ID:135352
12-11-2022 @ 16:11:16 - Row :135 - Product updated successfully.
12-11-2022 @ 16:11:16 - Row :136 - Parsing item.
12-11-2022 @ 16:11:16 - Row :136 - Processing item.
12-11-2022 @ 16:11:16 - Found variation product object. ID:135392
12-11-2022 @ 16:11:16 - Row :136 - Product updated successfully.
12-11-2022 @ 16:11:16 - Row :137 - Parsing item.
12-11-2022 @ 16:11:16 - Row :137 - Processing item.
12-11-2022 @ 16:11:16 - Found variation product object. ID:135393
12-11-2022 @ 16:11:16 - Row :137 - Product updated successfully.
12-11-2022 @ 16:11:16 - Row :138 - Parsing item.
12-11-2022 @ 16:11:16 - Row :138 - Processing item.
12-11-2022 @ 16:11:16 - Found variation product object. ID:135460
12-11-2022 @ 16:11:17 - Row :138 - Product updated successfully.
12-11-2022 @ 16:11:17 - Row :139 - Parsing item.
12-11-2022 @ 16:11:17 - Row :139 - Processing item.
12-11-2022 @ 16:11:17 - Found variation product object. ID:135514
12-11-2022 @ 16:11:17 - Row :139 - Product updated successfully.
12-11-2022 @ 16:11:17 - Row :140 - Parsing item.
12-11-2022 @ 16:11:17 - Row :140 - Processing item.
12-11-2022 @ 16:11:17 - Found variation product object. ID:136122
12-11-2022 @ 16:11:17 - Row :140 - Product updated successfully.
12-11-2022 @ 16:11:17 - Preparing for import.
12-11-2022 @ 16:11:17 - Row :141 - Parsing item.
12-11-2022 @ 16:11:17 - Row :141 - Processing item.
12-11-2022 @ 16:11:17 - Found variation product object. ID:136209
12-11-2022 @ 16:11:17 - Row :141 - Product updated successfully.
12-11-2022 @ 16:11:17 - Row :142 - Parsing item.
12-11-2022 @ 16:11:17 - Row :142 - Processing item.
12-11-2022 @ 16:11:17 - Found variation product object. ID:136539
12-11-2022 @ 16:11:17 - Row :142 - Product updated successfully.
12-11-2022 @ 16:11:17 - Row :143 - Parsing item.
12-11-2022 @ 16:11:17 - Row :143 - Processing item.
12-11-2022 @ 16:11:17 - Found variation product object. ID:136540
12-11-2022 @ 16:11:17 - Row :143 - Product updated successfully.
12-11-2022 @ 16:11:17 - Row :144 - Parsing item.
12-11-2022 @ 16:11:17 - Row :144 - Processing item.
12-11-2022 @ 16:11:17 - Found variation product object. ID:136541
12-11-2022 @ 16:11:17 - Row :144 - Product updated successfully.
12-11-2022 @ 16:11:17 - Row :145 - Parsing item.
12-11-2022 @ 16:11:17 - Row :145 - Processing item.
12-11-2022 @ 16:11:17 - Found variation product object. ID:136965
12-11-2022 @ 16:11:17 - Row :145 - Product updated successfully.
12-11-2022 @ 16:11:17 - Row :146 - Parsing item.
12-11-2022 @ 16:11:17 - Row :146 - Processing item.
12-11-2022 @ 16:11:17 - Found variation product object. ID:136966
12-11-2022 @ 16:11:17 - Row :146 - Product updated successfully.
12-11-2022 @ 16:11:17 - Row :147 - Parsing item.
12-11-2022 @ 16:11:17 - Row :147 - Processing item.
12-11-2022 @ 16:11:17 - Found variation product object. ID:136967
12-11-2022 @ 16:11:17 - Row :147 - Product updated successfully.
12-11-2022 @ 16:11:17 - Row :148 - Parsing item.
12-11-2022 @ 16:11:17 - Row :148 - Processing item.
12-11-2022 @ 16:11:17 - Found variation product object. ID:137065
12-11-2022 @ 16:11:17 - Row :148 - Product updated successfully.
12-11-2022 @ 16:11:17 - Row :149 - Parsing item.
12-11-2022 @ 16:11:17 - Row :149 - Processing item.
12-11-2022 @ 16:11:17 - Found variation product object. ID:137117
12-11-2022 @ 16:11:17 - Row :149 - Product updated successfully.
12-11-2022 @ 16:11:17 - Row :150 - Parsing item.
12-11-2022 @ 16:11:17 - Row :150 - Processing item.
12-11-2022 @ 16:11:17 - Found variation product object. ID:137414
12-11-2022 @ 16:11:17 - Row :150 - Product updated successfully.
12-11-2022 @ 16:11:18 - Preparing for import.
12-11-2022 @ 16:11:18 - Row :151 - Parsing item.
12-11-2022 @ 16:11:18 - Row :151 - Processing item.
12-11-2022 @ 16:11:18 - Found variation product object. ID:137415
12-11-2022 @ 16:11:18 - Row :151 - Product updated successfully.
12-11-2022 @ 16:11:18 - Row :152 - Parsing item.
12-11-2022 @ 16:11:18 - Row :152 - Processing item.
12-11-2022 @ 16:11:18 - Found variation product object. ID:137416
12-11-2022 @ 16:11:18 - Row :152 - Product updated successfully.
12-11-2022 @ 16:11:18 - Row :153 - Parsing item.
12-11-2022 @ 16:11:18 - Row :153 - Processing item.
12-11-2022 @ 16:11:18 - Found variation product object. ID:137709
12-11-2022 @ 16:11:18 - Row :153 - Product updated successfully.
12-11-2022 @ 16:11:18 - Row :154 - Parsing item.
12-11-2022 @ 16:11:18 - Row :154 - Processing item.
12-11-2022 @ 16:11:18 - Found variation product object. ID:137840
12-11-2022 @ 16:11:18 - Row :154 - Product updated successfully.
12-11-2022 @ 16:11:18 - Row :155 - Parsing item.
12-11-2022 @ 16:11:18 - Row :155 - Processing item.
12-11-2022 @ 16:11:18 - Found variation product object. ID:137841
12-11-2022 @ 16:11:18 - Row :155 - Product updated successfully.
12-11-2022 @ 16:11:18 - Row :156 - Parsing item.
12-11-2022 @ 16:11:18 - Row :156 - Processing item.
12-11-2022 @ 16:11:18 - Found variation product object. ID:137842
12-11-2022 @ 16:11:18 - Row :156 - Product updated successfully.
12-11-2022 @ 16:11:18 - Row :157 - Parsing item.
12-11-2022 @ 16:11:18 - Row :157 - Processing item.
12-11-2022 @ 16:11:18 - Found variation product object. ID:137843
12-11-2022 @ 16:11:18 - Row :157 - Product updated successfully.
12-11-2022 @ 16:11:18 - Row :158 - Parsing item.
12-11-2022 @ 16:11:18 - Row :158 - Processing item.
12-11-2022 @ 16:11:18 - Found variation product object. ID:137844
12-11-2022 @ 16:11:18 - Row :158 - Product updated successfully.
12-11-2022 @ 16:11:18 - Row :159 - Parsing item.
12-11-2022 @ 16:11:18 - Row :159 - Processing item.
12-11-2022 @ 16:11:18 - Found variation product object. ID:138081
12-11-2022 @ 16:11:18 - Row :159 - Product updated successfully.
12-11-2022 @ 16:11:18 - Row :160 - Parsing item.
12-11-2022 @ 16:11:18 - Row :160 - Processing item.
12-11-2022 @ 16:11:18 - Found variation product object. ID:138082
12-11-2022 @ 16:11:18 - Row :160 - Product updated successfully.
12-11-2022 @ 16:11:19 - Preparing for import.
12-11-2022 @ 16:11:19 - Row :161 - Parsing item.
12-11-2022 @ 16:11:19 - Row :161 - Processing item.
12-11-2022 @ 16:11:19 - Found variation product object. ID:138400
12-11-2022 @ 16:11:19 - Row :161 - Product updated successfully.
12-11-2022 @ 16:11:19 - Row :162 - Parsing item.
12-11-2022 @ 16:11:19 - Row :162 - Processing item.
12-11-2022 @ 16:11:19 - Found variation product object. ID:138401
12-11-2022 @ 16:11:19 - Row :162 - Product updated successfully.
12-11-2022 @ 16:11:19 - Row :163 - Parsing item.
12-11-2022 @ 16:11:19 - Row :163 - Processing item.
12-11-2022 @ 16:11:19 - Found variation product object. ID:138418
12-11-2022 @ 16:11:19 - Row :163 - Product updated successfully.
12-11-2022 @ 16:11:19 - Row :164 - Parsing item.
12-11-2022 @ 16:11:19 - Row :164 - Processing item.
12-11-2022 @ 16:11:19 - Found variation product object. ID:138587
12-11-2022 @ 16:11:19 - Row :164 - Product updated successfully.
12-11-2022 @ 16:11:19 - Row :165 - Parsing item.
12-11-2022 @ 16:11:19 - Row :165 - Processing item.
12-11-2022 @ 16:11:19 - Found variation product object. ID:138588
12-11-2022 @ 16:11:19 - Row :165 - Product updated successfully.
12-11-2022 @ 16:11:19 - Row :166 - Parsing item.
12-11-2022 @ 16:11:19 - Row :166 - Processing item.
12-11-2022 @ 16:11:19 - Found variation product object. ID:138681
12-11-2022 @ 16:11:19 - Row :166 - Product updated successfully.
12-11-2022 @ 16:11:19 - Row :167 - Parsing item.
12-11-2022 @ 16:11:19 - Row :167 - Processing item.
12-11-2022 @ 16:11:19 - Found variation product object. ID:139373
12-11-2022 @ 16:11:19 - Row :167 - Product updated successfully.
12-11-2022 @ 16:11:19 - Row :168 - Parsing item.
12-11-2022 @ 16:11:19 - Row :168 - Processing item.
12-11-2022 @ 16:11:19 - Found variation product object. ID:139374
12-11-2022 @ 16:11:19 - Row :168 - Product updated successfully.
12-11-2022 @ 16:11:19 - Row :169 - Parsing item.
12-11-2022 @ 16:11:19 - Row :169 - Processing item.
12-11-2022 @ 16:11:19 - Found variation product object. ID:139375
12-11-2022 @ 16:11:19 - Row :169 - Product updated successfully.
12-11-2022 @ 16:11:19 - Row :170 - Parsing item.
12-11-2022 @ 16:11:19 - Row :170 - Processing item.
12-11-2022 @ 16:11:19 - Found variation product object. ID:139376
12-11-2022 @ 16:11:19 - Row :170 - Product updated successfully.
12-11-2022 @ 16:11:19 - Preparing for import.
12-11-2022 @ 16:11:19 - Row :171 - Parsing item.
12-11-2022 @ 16:11:19 - Row :171 - Processing item.
12-11-2022 @ 16:11:19 - Found variation product object. ID:139377
12-11-2022 @ 16:11:19 - Row :171 - Product updated successfully.
12-11-2022 @ 16:11:19 - Row :172 - Parsing item.
12-11-2022 @ 16:11:19 - Row :172 - Processing item.
12-11-2022 @ 16:11:19 - Found variation product object. ID:139378
12-11-2022 @ 16:11:19 - Row :172 - Product updated successfully.
12-11-2022 @ 16:11:19 - Row :173 - Parsing item.
12-11-2022 @ 16:11:19 - Row :173 - Processing item.
12-11-2022 @ 16:11:19 - Found variation product object. ID:140193
12-11-2022 @ 16:11:19 - Row :173 - Product updated successfully.
12-11-2022 @ 16:11:19 - Row :174 - Parsing item.
12-11-2022 @ 16:11:19 - Row :174 - Processing item.
12-11-2022 @ 16:11:19 - Found variation product object. ID:140194
12-11-2022 @ 16:11:19 - Row :174 - Product updated successfully.
12-11-2022 @ 16:11:19 - Row :175 - Parsing item.
12-11-2022 @ 16:11:19 - Row :175 - Processing item.
12-11-2022 @ 16:11:19 - Found variation product object. ID:140195
12-11-2022 @ 16:11:19 - Row :175 - Product updated successfully.
12-11-2022 @ 16:11:19 - Row :176 - Parsing item.
12-11-2022 @ 16:11:19 - Row :176 - Processing item.
12-11-2022 @ 16:11:19 - Found variation product object. ID:140632
12-11-2022 @ 16:11:19 - Row :176 - Product updated successfully.
12-11-2022 @ 16:11:19 - Row :177 - Parsing item.
12-11-2022 @ 16:11:19 - Row :177 - Processing item.
12-11-2022 @ 16:11:19 - Found variation product object. ID:140633
12-11-2022 @ 16:11:19 - Row :177 - Product updated successfully.
12-11-2022 @ 16:11:19 - Row :178 - Parsing item.
12-11-2022 @ 16:11:19 - Row :178 - Processing item.
12-11-2022 @ 16:11:19 - Found variation product object. ID:140634
12-11-2022 @ 16:11:19 - Row :178 - Product updated successfully.
12-11-2022 @ 16:11:19 - Row :179 - Parsing item.
12-11-2022 @ 16:11:19 - Row :179 - Processing item.
12-11-2022 @ 16:11:19 - Found variation product object. ID:141167
12-11-2022 @ 16:11:19 - Row :179 - Product updated successfully.
12-11-2022 @ 16:11:19 - Row :180 - Parsing item.
12-11-2022 @ 16:11:19 - Row :180 - Processing item.
12-11-2022 @ 16:11:19 - Found variation product object. ID:141916
12-11-2022 @ 16:11:19 - Row :180 - Product updated successfully.
12-11-2022 @ 16:11:20 - Preparing for import.
12-11-2022 @ 16:11:20 - Row :181 - Parsing item.
12-11-2022 @ 16:11:20 - Row :181 - Processing item.
12-11-2022 @ 16:11:20 - Found variation product object. ID:141917
12-11-2022 @ 16:11:20 - Row :181 - Product updated successfully.
12-11-2022 @ 16:11:20 - Row :182 - Parsing item.
12-11-2022 @ 16:11:20 - Row :182 - Processing item.
12-11-2022 @ 16:11:20 - Found variation product object. ID:141918
12-11-2022 @ 16:11:20 - Row :182 - Product updated successfully.
12-11-2022 @ 16:11:20 - Row :183 - Parsing item.
12-11-2022 @ 16:11:20 - Row :183 - Processing item.
12-11-2022 @ 16:11:20 - Found variation product object. ID:141989
12-11-2022 @ 16:11:20 - Row :183 - Product updated successfully.
12-11-2022 @ 16:11:20 - Row :184 - Parsing item.
12-11-2022 @ 16:11:20 - Row :184 - Processing item.
12-11-2022 @ 16:11:20 - Found variation product object. ID:142040
12-11-2022 @ 16:11:20 - Row :184 - Product updated successfully.
12-11-2022 @ 16:11:20 - Row :185 - Parsing item.
12-11-2022 @ 16:11:20 - Row :185 - Processing item.
12-11-2022 @ 16:11:20 - Found variation product object. ID:142041
12-11-2022 @ 16:11:20 - Row :185 - Product updated successfully.
12-11-2022 @ 16:11:20 - Row :186 - Parsing item.
12-11-2022 @ 16:11:20 - Row :186 - Processing item.
12-11-2022 @ 16:11:20 - Found variation product object. ID:142085
12-11-2022 @ 16:11:20 - Row :186 - Product updated successfully.
12-11-2022 @ 16:11:20 - Row :187 - Parsing item.
12-11-2022 @ 16:11:20 - Row :187 - Processing item.
12-11-2022 @ 16:11:20 - Found variation product object. ID:142086
12-11-2022 @ 16:11:20 - Row :187 - Product updated successfully.
12-11-2022 @ 16:11:20 - Row :188 - Parsing item.
12-11-2022 @ 16:11:20 - Row :188 - Processing item.
12-11-2022 @ 16:11:20 - Found variation product object. ID:142391
12-11-2022 @ 16:11:20 - Row :188 - Product updated successfully.
12-11-2022 @ 16:11:20 - Row :189 - Parsing item.
12-11-2022 @ 16:11:20 - Row :189 - Processing item.
12-11-2022 @ 16:11:20 - Found variation product object. ID:142393
12-11-2022 @ 16:11:20 - Row :189 - Product updated successfully.
12-11-2022 @ 16:11:20 - Row :190 - Parsing item.
12-11-2022 @ 16:11:20 - Row :190 - Processing item.
12-11-2022 @ 16:11:20 - Found variation product object. ID:142394
12-11-2022 @ 16:11:20 - Row :190 - Product updated successfully.
12-11-2022 @ 16:11:21 - Preparing for import.
12-11-2022 @ 16:11:21 - Row :191 - Parsing item.
12-11-2022 @ 16:11:21 - Row :191 - Processing item.
12-11-2022 @ 16:11:21 - Found variation product object. ID:142812
12-11-2022 @ 16:11:21 - Row :191 - Product updated successfully.
12-11-2022 @ 16:11:21 - Row :192 - Parsing item.
12-11-2022 @ 16:11:21 - Row :192 - Processing item.
12-11-2022 @ 16:11:21 - Found variation product object. ID:144254
12-11-2022 @ 16:11:21 - Row :192 - Product updated successfully.
12-11-2022 @ 16:11:21 - Row :193 - Parsing item.
12-11-2022 @ 16:11:21 - Row :193 - Processing item.
12-11-2022 @ 16:11:21 - Found variation product object. ID:144255
12-11-2022 @ 16:11:21 - Row :193 - Product updated successfully.
12-11-2022 @ 16:11:21 - Row :194 - Parsing item.
12-11-2022 @ 16:11:21 - Row :194 - Processing item.
12-11-2022 @ 16:11:21 - Found variation product object. ID:144274
12-11-2022 @ 16:11:21 - Row :194 - Product updated successfully.
12-11-2022 @ 16:11:21 - Row :195 - Parsing item.
12-11-2022 @ 16:11:21 - Row :195 - Processing item.
12-11-2022 @ 16:11:21 - Found variation product object. ID:144772
12-11-2022 @ 16:11:21 - Row :195 - Product updated successfully.
12-11-2022 @ 16:11:21 - Row :196 - Parsing item.
12-11-2022 @ 16:11:21 - Row :196 - Processing item.
12-11-2022 @ 16:11:21 - Found variation product object. ID:144845
12-11-2022 @ 16:11:21 - Row :196 - Product updated successfully.
12-11-2022 @ 16:11:21 - Row :197 - Parsing item.
12-11-2022 @ 16:11:21 - Row :197 - Processing item.
12-11-2022 @ 16:11:21 - Found variation product object. ID:145863
12-11-2022 @ 16:11:21 - Row :197 - Product updated successfully.
12-11-2022 @ 16:11:21 - Row :198 - Parsing item.
12-11-2022 @ 16:11:21 - Row :198 - Processing item.
12-11-2022 @ 16:11:21 - Found variation product object. ID:145971
12-11-2022 @ 16:11:21 - Row :198 - Product updated successfully.
12-11-2022 @ 16:11:21 - Row :199 - Parsing item.
12-11-2022 @ 16:11:21 - Row :199 - Processing item.
12-11-2022 @ 16:11:21 - Found variation product object. ID:145972
12-11-2022 @ 16:11:21 - Row :199 - Product updated successfully.
12-11-2022 @ 16:11:21 - Row :200 - Parsing item.
12-11-2022 @ 16:11:21 - Row :200 - Processing item.
12-11-2022 @ 16:11:21 - Found variation product object. ID:146173
12-11-2022 @ 16:11:21 - Row :200 - Product updated successfully.
12-11-2022 @ 16:11:21 - Preparing for import.
12-11-2022 @ 16:11:21 - Row :201 - Parsing item.
12-11-2022 @ 16:11:21 - Row :201 - Processing item.
12-11-2022 @ 16:11:21 - Found variation product object. ID:146242
12-11-2022 @ 16:11:21 - Row :201 - Product updated successfully.
12-11-2022 @ 16:11:21 - Row :202 - Parsing item.
12-11-2022 @ 16:11:21 - Row :202 - Processing item.
12-11-2022 @ 16:11:21 - Found variation product object. ID:146243
12-11-2022 @ 16:11:21 - Row :202 - Product updated successfully.
12-11-2022 @ 16:11:21 - Row :203 - Parsing item.
12-11-2022 @ 16:11:21 - Row :203 - Processing item.
12-11-2022 @ 16:11:21 - Found variation product object. ID:146385
12-11-2022 @ 16:11:21 - Row :203 - Product updated successfully.
12-11-2022 @ 16:11:21 - Row :204 - Parsing item.
12-11-2022 @ 16:11:21 - Row :204 - Processing item.
12-11-2022 @ 16:11:21 - Found variation product object. ID:146387
12-11-2022 @ 16:11:21 - Row :204 - Product updated successfully.
12-11-2022 @ 16:11:21 - Row :205 - Parsing item.
12-11-2022 @ 16:11:21 - Row :205 - Processing item.
12-11-2022 @ 16:11:21 - Found variation product object. ID:146388
12-11-2022 @ 16:11:21 - Row :205 - Product updated successfully.
12-11-2022 @ 16:11:21 - Row :206 - Parsing item.
12-11-2022 @ 16:11:21 - Row :206 - Processing item.
12-11-2022 @ 16:11:21 - Found variation product object. ID:146851
12-11-2022 @ 16:11:21 - Row :206 - Product updated successfully.
12-11-2022 @ 16:11:21 - Row :207 - Parsing item.
12-11-2022 @ 16:11:21 - Row :207 - Processing item.
12-11-2022 @ 16:11:21 - Found variation product object. ID:148203
12-11-2022 @ 16:11:21 - Row :207 - Product updated successfully.
12-11-2022 @ 16:11:21 - Row :208 - Parsing item.
12-11-2022 @ 16:11:21 - Row :208 - Processing item.
12-11-2022 @ 16:11:21 - Found variation product object. ID:148204
12-11-2022 @ 16:11:21 - Row :208 - Product updated successfully.
12-11-2022 @ 16:11:21 - Row :209 - Parsing item.
12-11-2022 @ 16:11:21 - Row :209 - Processing item.
12-11-2022 @ 16:11:21 - Found variation product object. ID:148557
12-11-2022 @ 16:11:21 - Row :209 - Product updated successfully.
12-11-2022 @ 16:11:21 - Row :210 - Parsing item.
12-11-2022 @ 16:11:21 - Row :210 - Processing item.
12-11-2022 @ 16:11:21 - Found variation product object. ID:148558
12-11-2022 @ 16:11:21 - Row :210 - Product updated successfully.
12-11-2022 @ 16:11:22 - Preparing for import.
12-11-2022 @ 16:11:22 - Row :211 - Parsing item.
12-11-2022 @ 16:11:22 - Row :211 - Processing item.
12-11-2022 @ 16:11:22 - Found variation product object. ID:148559
12-11-2022 @ 16:11:22 - Row :211 - Product updated successfully.
12-11-2022 @ 16:11:22 - Row :212 - Parsing item.
12-11-2022 @ 16:11:22 - Row :212 - Processing item.
12-11-2022 @ 16:11:22 - Found variation product object. ID:148560
12-11-2022 @ 16:11:22 - Row :212 - Product updated successfully.
12-11-2022 @ 16:11:22 - Row :213 - Parsing item.
12-11-2022 @ 16:11:22 - Row :213 - Processing item.
12-11-2022 @ 16:11:22 - Found variation product object. ID:148561
12-11-2022 @ 16:11:22 - Row :213 - Product updated successfully.
12-11-2022 @ 16:11:22 - Row :214 - Parsing item.
12-11-2022 @ 16:11:22 - Row :214 - Processing item.
12-11-2022 @ 16:11:22 - Found variation product object. ID:148563
12-11-2022 @ 16:11:22 - Row :214 - Product updated successfully.
12-11-2022 @ 16:11:22 - Row :215 - Parsing item.
12-11-2022 @ 16:11:22 - Row :215 - Processing item.
12-11-2022 @ 16:11:22 - Found variation product object. ID:148614
12-11-2022 @ 16:11:22 - Row :215 - Product updated successfully.
12-11-2022 @ 16:11:22 - Row :216 - Parsing item.
12-11-2022 @ 16:11:22 - Row :216 - Processing item.
12-11-2022 @ 16:11:22 - Found variation product object. ID:148615
12-11-2022 @ 16:11:22 - Row :216 - Product updated successfully.
12-11-2022 @ 16:11:22 - Row :217 - Parsing item.
12-11-2022 @ 16:11:22 - Row :217 - Processing item.
12-11-2022 @ 16:11:22 - Found variation product object. ID:148721
12-11-2022 @ 16:11:22 - Row :217 - Product updated successfully.
12-11-2022 @ 16:11:22 - Row :218 - Parsing item.
12-11-2022 @ 16:11:22 - Row :218 - Processing item.
12-11-2022 @ 16:11:22 - Found variation product object. ID:148722
12-11-2022 @ 16:11:22 - Row :218 - Product updated successfully.
12-11-2022 @ 16:11:22 - Row :219 - Parsing item.
12-11-2022 @ 16:11:22 - Row :219 - Processing item.
12-11-2022 @ 16:11:22 - Found variation product object. ID:149511
12-11-2022 @ 16:11:22 - Row :219 - Product updated successfully.
12-11-2022 @ 16:11:22 - Row :220 - Parsing item.
12-11-2022 @ 16:11:22 - Row :220 - Processing item.
12-11-2022 @ 16:11:22 - Found variation product object. ID:149512
12-11-2022 @ 16:11:22 - Row :220 - Product updated successfully.
12-11-2022 @ 16:11:23 - Preparing for import.
12-11-2022 @ 16:11:23 - Row :221 - Parsing item.
12-11-2022 @ 16:11:23 - Row :221 - Processing item.
12-11-2022 @ 16:11:23 - Found variation product object. ID:149513
12-11-2022 @ 16:11:23 - Row :221 - Product updated successfully.
12-11-2022 @ 16:11:23 - Row :222 - Parsing item.
12-11-2022 @ 16:11:23 - Row :222 - Processing item.
12-11-2022 @ 16:11:23 - Found variation product object. ID:149859
12-11-2022 @ 16:11:23 - Row :222 - Product updated successfully.
12-11-2022 @ 16:11:23 - Row :223 - Parsing item.
12-11-2022 @ 16:11:23 - Row :223 - Processing item.
12-11-2022 @ 16:11:23 - Found variation product object. ID:150357
12-11-2022 @ 16:11:23 - Row :223 - Product updated successfully.
12-11-2022 @ 16:11:23 - Row :224 - Parsing item.
12-11-2022 @ 16:11:23 - Row :224 - Processing item.
12-11-2022 @ 16:11:23 - Found variation product object. ID:150358
12-11-2022 @ 16:11:23 - Row :224 - Product updated successfully.
12-11-2022 @ 16:11:23 - Row :225 - Parsing item.
12-11-2022 @ 16:11:23 - Row :225 - Processing item.
12-11-2022 @ 16:11:23 - Found variation product object. ID:150371
12-11-2022 @ 16:11:23 - Row :225 - Product updated successfully.
12-11-2022 @ 16:11:23 - Row :226 - Parsing item.
12-11-2022 @ 16:11:23 - Row :226 - Processing item.
12-11-2022 @ 16:11:23 - Found variation product object. ID:150653
12-11-2022 @ 16:11:23 - Row :226 - Product updated successfully.
12-11-2022 @ 16:11:23 - Row :227 - Parsing item.
12-11-2022 @ 16:11:23 - Row :227 - Processing item.
12-11-2022 @ 16:11:23 - Found variation product object. ID:150654
12-11-2022 @ 16:11:23 - Row :227 - Product updated successfully.
12-11-2022 @ 16:11:23 - Row :228 - Parsing item.
12-11-2022 @ 16:11:23 - Row :228 - Processing item.
12-11-2022 @ 16:11:23 - Found variation product object. ID:150655
12-11-2022 @ 16:11:23 - Row :228 - Product updated successfully.
12-11-2022 @ 16:11:23 - Row :229 - Parsing item.
12-11-2022 @ 16:11:23 - Row :229 - Processing item.
12-11-2022 @ 16:11:23 - Found variation product object. ID:150691
12-11-2022 @ 16:11:23 - Row :229 - Product updated successfully.
12-11-2022 @ 16:11:23 - Row :230 - Parsing item.
12-11-2022 @ 16:11:23 - Row :230 - Processing item.
12-11-2022 @ 16:11:23 - Found variation product object. ID:150907
12-11-2022 @ 16:11:23 - Row :230 - Product updated successfully.
12-11-2022 @ 16:11:23 - Preparing for import.
12-11-2022 @ 16:11:23 - Row :231 - Parsing item.
12-11-2022 @ 16:11:23 - Row :231 - Processing item.
12-11-2022 @ 16:11:23 - Found variation product object. ID:150908
12-11-2022 @ 16:11:23 - Row :231 - Product updated successfully.
12-11-2022 @ 16:11:23 - Row :232 - Parsing item.
12-11-2022 @ 16:11:23 - Row :232 - Processing item.
12-11-2022 @ 16:11:23 - Found variation product object. ID:150909
12-11-2022 @ 16:11:23 - Row :232 - Product updated successfully.
12-11-2022 @ 16:11:23 - Row :233 - Parsing item.
12-11-2022 @ 16:11:23 - Row :233 - Processing item.
12-11-2022 @ 16:11:23 - Found variation product object. ID:151636
12-11-2022 @ 16:11:23 - Row :233 - Product updated successfully.
12-11-2022 @ 16:11:23 - Row :234 - Parsing item.
12-11-2022 @ 16:11:23 - Row :234 - Processing item.
12-11-2022 @ 16:11:23 - Found variation product object. ID:151637
12-11-2022 @ 16:11:23 - Row :234 - Product updated successfully.
12-11-2022 @ 16:11:23 - Row :235 - Parsing item.
12-11-2022 @ 16:11:23 - Row :235 - Processing item.
12-11-2022 @ 16:11:23 - Found variation product object. ID:151655
12-11-2022 @ 16:11:23 - Row :235 - Product updated successfully.
12-11-2022 @ 16:11:23 - Row :236 - Parsing item.
12-11-2022 @ 16:11:23 - Row :236 - Processing item.
12-11-2022 @ 16:11:23 - Found variation product object. ID:151656
12-11-2022 @ 16:11:23 - Row :236 - Product updated successfully.
12-11-2022 @ 16:11:23 - Row :237 - Parsing item.
12-11-2022 @ 16:11:23 - Row :237 - Processing item.
12-11-2022 @ 16:11:23 - Found variation product object. ID:151657
12-11-2022 @ 16:11:23 - Row :237 - Product updated successfully.
12-11-2022 @ 16:11:23 - Row :238 - Parsing item.
12-11-2022 @ 16:11:23 - Row :238 - Processing item.
12-11-2022 @ 16:11:23 - Found variation product object. ID:151658
12-11-2022 @ 16:11:23 - Row :238 - Product updated successfully.
12-11-2022 @ 16:11:23 - Row :239 - Parsing item.
12-11-2022 @ 16:11:23 - Row :239 - Processing item.
12-11-2022 @ 16:11:23 - Found variation product object. ID:151659
12-11-2022 @ 16:11:23 - Row :239 - Product updated successfully.
12-11-2022 @ 16:11:23 - Row :240 - Parsing item.
12-11-2022 @ 16:11:23 - Row :240 - Processing item.
12-11-2022 @ 16:11:23 - Found variation product object. ID:152247
12-11-2022 @ 16:11:23 - Row :240 - Product updated successfully.
12-11-2022 @ 16:11:24 - Preparing for import.
12-11-2022 @ 16:11:24 - Row :241 - Parsing item.
12-11-2022 @ 16:11:24 - Row :241 - Processing item.
12-11-2022 @ 16:11:24 - Found variation product object. ID:152758
12-11-2022 @ 16:11:24 - Row :241 - Product updated successfully.
12-11-2022 @ 16:11:24 - Row :242 - Parsing item.
12-11-2022 @ 16:11:24 - Row :242 - Processing item.
12-11-2022 @ 16:11:24 - Found variation product object. ID:152759
12-11-2022 @ 16:11:24 - Row :242 - Product updated successfully.
12-11-2022 @ 16:11:24 - Row :243 - Parsing item.
12-11-2022 @ 16:11:24 - Row :243 - Processing item.
12-11-2022 @ 16:11:24 - Found variation product object. ID:153411
12-11-2022 @ 16:11:24 - Row :243 - Product updated successfully.
12-11-2022 @ 16:11:24 - Row :244 - Parsing item.
12-11-2022 @ 16:11:24 - Row :244 - Processing item.
12-11-2022 @ 16:11:24 - Found variation product object. ID:154095
12-11-2022 @ 16:11:24 - Row :244 - Product updated successfully.
12-11-2022 @ 16:11:24 - Row :245 - Parsing item.
12-11-2022 @ 16:11:24 - Row :245 - Processing item.
12-11-2022 @ 16:11:24 - Found variation product object. ID:154096
12-11-2022 @ 16:11:24 - Row :245 - Product updated successfully.
12-11-2022 @ 16:11:24 - Row :246 - Parsing item.
12-11-2022 @ 16:11:24 - Row :246 - Processing item.
12-11-2022 @ 16:11:24 - Found variation product object. ID:154914
12-11-2022 @ 16:11:24 - Row :246 - Product updated successfully.
12-11-2022 @ 16:11:24 - Row :247 - Parsing item.
12-11-2022 @ 16:11:24 - Row :247 - Processing item.
12-11-2022 @ 16:11:24 - Found variation product object. ID:154915
12-11-2022 @ 16:11:24 - Row :247 - Product updated successfully.
12-11-2022 @ 16:11:24 - Row :248 - Parsing item.
12-11-2022 @ 16:11:24 - Row :248 - Processing item.
12-11-2022 @ 16:11:24 - Found variation product object. ID:155607
12-11-2022 @ 16:11:24 - Row :248 - Product updated successfully.
12-11-2022 @ 16:11:24 - Row :249 - Parsing item.
12-11-2022 @ 16:11:24 - Row :249 - Processing item.
12-11-2022 @ 16:11:24 - Found variation product object. ID:155608
12-11-2022 @ 16:11:24 - Row :249 - Product updated successfully.
12-11-2022 @ 16:11:24 - Row :250 - Parsing item.
12-11-2022 @ 16:11:24 - Row :250 - Processing item.
12-11-2022 @ 16:11:24 - Found variation product object. ID:155813
12-11-2022 @ 16:11:24 - Row :250 - Product updated successfully.
12-11-2022 @ 16:11:25 - Preparing for import.
12-11-2022 @ 16:11:25 - Row :251 - Parsing item.
12-11-2022 @ 16:11:25 - Row :251 - Processing item.
12-11-2022 @ 16:11:25 - Found variation product object. ID:155814
12-11-2022 @ 16:11:25 - Row :251 - Product updated successfully.
12-11-2022 @ 16:11:25 - Row :252 - Parsing item.
12-11-2022 @ 16:11:25 - Row :252 - Processing item.
12-11-2022 @ 16:11:25 - Found variation product object. ID:155834
12-11-2022 @ 16:11:25 - Row :252 - Product updated successfully.
12-11-2022 @ 16:11:25 - Row :253 - Parsing item.
12-11-2022 @ 16:11:25 - Row :253 - Processing item.
12-11-2022 @ 16:11:25 - Found variation product object. ID:155835
12-11-2022 @ 16:11:25 - Row :253 - Product updated successfully.
12-11-2022 @ 16:11:25 - Row :254 - Parsing item.
12-11-2022 @ 16:11:25 - Row :254 - Processing item.
12-11-2022 @ 16:11:25 - Found variation product object. ID:156038
12-11-2022 @ 16:11:25 - Row :254 - Product updated successfully.
12-11-2022 @ 16:11:25 - Row :255 - Parsing item.
12-11-2022 @ 16:11:25 - Row :255 - Processing item.
12-11-2022 @ 16:11:25 - Found variation product object. ID:156039
12-11-2022 @ 16:11:25 - Row :255 - Product updated successfully.
12-11-2022 @ 16:11:25 - Row :256 - Parsing item.
12-11-2022 @ 16:11:25 - Row :256 - Processing item.
12-11-2022 @ 16:11:25 - Found variation product object. ID:156041
12-11-2022 @ 16:11:25 - Row :256 - Product updated successfully.
12-11-2022 @ 16:11:25 - Row :257 - Parsing item.
12-11-2022 @ 16:11:25 - Row :257 - Processing item.
12-11-2022 @ 16:11:25 - Found variation product object. ID:156042
12-11-2022 @ 16:11:25 - Row :257 - Product updated successfully.
12-11-2022 @ 16:11:25 - Row :258 - Parsing item.
12-11-2022 @ 16:11:25 - Row :258 - Processing item.
12-11-2022 @ 16:11:25 - Found variation product object. ID:156043
12-11-2022 @ 16:11:25 - Row :258 - Product updated successfully.
12-11-2022 @ 16:11:25 - Row :259 - Parsing item.
12-11-2022 @ 16:11:25 - Row :259 - Processing item.
12-11-2022 @ 16:11:25 - Found variation product object. ID:157080
12-11-2022 @ 16:11:25 - Row :259 - Product updated successfully.
12-11-2022 @ 16:11:25 - Row :260 - Parsing item.
12-11-2022 @ 16:11:25 - Row :260 - Processing item.
12-11-2022 @ 16:11:25 - Found variation product object. ID:157081
12-11-2022 @ 16:11:25 - Row :260 - Product updated successfully.
12-11-2022 @ 16:11:25 - Preparing for import.
12-11-2022 @ 16:11:25 - Row :261 - Parsing item.
12-11-2022 @ 16:11:25 - Row :261 - Processing item.
12-11-2022 @ 16:11:25 - Found variation product object. ID:157082
12-11-2022 @ 16:11:25 - Row :261 - Product updated successfully.
12-11-2022 @ 16:11:25 - Row :262 - Parsing item.
12-11-2022 @ 16:11:25 - Row :262 - Processing item.
12-11-2022 @ 16:11:25 - Found variation product object. ID:157083
12-11-2022 @ 16:11:25 - Row :262 - Product updated successfully.
12-11-2022 @ 16:11:25 - Row :263 - Parsing item.
12-11-2022 @ 16:11:25 - Row :263 - Processing item.
12-11-2022 @ 16:11:25 - Found variation product object. ID:157089
12-11-2022 @ 16:11:25 - Row :263 - Product updated successfully.
12-11-2022 @ 16:11:25 - Row :264 - Parsing item.
12-11-2022 @ 16:11:25 - Row :264 - Processing item.
12-11-2022 @ 16:11:25 - Found variation product object. ID:157140
12-11-2022 @ 16:11:25 - Row :264 - Product updated successfully.
12-11-2022 @ 16:11:25 - Row :265 - Parsing item.
12-11-2022 @ 16:11:25 - Row :265 - Processing item.
12-11-2022 @ 16:11:25 - Found variation product object. ID:157141
12-11-2022 @ 16:11:25 - Row :265 - Product updated successfully.
12-11-2022 @ 16:11:25 - Row :266 - Parsing item.
12-11-2022 @ 16:11:25 - Row :266 - Processing item.
12-11-2022 @ 16:11:25 - Found variation product object. ID:157174
12-11-2022 @ 16:11:25 - Row :266 - Product updated successfully.
12-11-2022 @ 16:11:25 - Row :267 - Parsing item.
12-11-2022 @ 16:11:25 - Row :267 - Processing item.
12-11-2022 @ 16:11:25 - Found variation product object. ID:157175
12-11-2022 @ 16:11:25 - Row :267 - Product updated successfully.
12-11-2022 @ 16:11:25 - Row :268 - Parsing item.
12-11-2022 @ 16:11:25 - Row :268 - Processing item.
12-11-2022 @ 16:11:25 - Found variation product object. ID:157176
12-11-2022 @ 16:11:25 - Row :268 - Product updated successfully.
12-11-2022 @ 16:11:25 - Row :269 - Parsing item.
12-11-2022 @ 16:11:25 - Row :269 - Processing item.
12-11-2022 @ 16:11:25 - Found variation product object. ID:157898
12-11-2022 @ 16:11:26 - Row :269 - Product updated successfully.
12-11-2022 @ 16:11:26 - Row :270 - Parsing item.
12-11-2022 @ 16:11:26 - Row :270 - Processing item.
12-11-2022 @ 16:11:26 - Found variation product object. ID:157899
12-11-2022 @ 16:11:26 - Row :270 - Product updated successfully.
12-11-2022 @ 16:11:26 - Preparing for import.
12-11-2022 @ 16:11:26 - Row :271 - Parsing item.
12-11-2022 @ 16:11:26 - Row :271 - Processing item.
12-11-2022 @ 16:11:26 - Found variation product object. ID:157900
12-11-2022 @ 16:11:26 - Row :271 - Product updated successfully.
12-11-2022 @ 16:11:26 - Row :272 - Parsing item.
12-11-2022 @ 16:11:26 - Row :272 - Processing item.
12-11-2022 @ 16:11:26 - Found variation product object. ID:157901
12-11-2022 @ 16:11:26 - Row :272 - Product updated successfully.
12-11-2022 @ 16:11:26 - Row :273 - Parsing item.
12-11-2022 @ 16:11:26 - Row :273 - Processing item.
12-11-2022 @ 16:11:26 - Found variation product object. ID:157902
12-11-2022 @ 16:11:26 - Row :273 - Product updated successfully.
12-11-2022 @ 16:11:26 - Row :274 - Parsing item.
12-11-2022 @ 16:11:26 - Row :274 - Processing item.
12-11-2022 @ 16:11:26 - Found variation product object. ID:158324
12-11-2022 @ 16:11:26 - Row :274 - Product updated successfully.
12-11-2022 @ 16:11:26 - Row :275 - Parsing item.
12-11-2022 @ 16:11:26 - Row :275 - Processing item.
12-11-2022 @ 16:11:26 - Found variation product object. ID:158325
12-11-2022 @ 16:11:26 - Row :275 - Product updated successfully.
12-11-2022 @ 16:11:26 - Row :276 - Parsing item.
12-11-2022 @ 16:11:26 - Row :276 - Processing item.
12-11-2022 @ 16:11:26 - Found variation product object. ID:158748
12-11-2022 @ 16:11:26 - Row :276 - Product updated successfully.
12-11-2022 @ 16:11:26 - Row :277 - Parsing item.
12-11-2022 @ 16:11:26 - Row :277 - Processing item.
12-11-2022 @ 16:11:26 - Found variation product object. ID:158749
12-11-2022 @ 16:11:26 - Row :277 - Product updated successfully.
12-11-2022 @ 16:11:26 - Row :278 - Parsing item.
12-11-2022 @ 16:11:26 - Row :278 - Processing item.
12-11-2022 @ 16:11:26 - Found variation product object. ID:158750
12-11-2022 @ 16:11:26 - Row :278 - Product updated successfully.
12-11-2022 @ 16:11:26 - Row :279 - Parsing item.
12-11-2022 @ 16:11:26 - Row :279 - Processing item.
12-11-2022 @ 16:11:26 - Found variation product object. ID:158751
12-11-2022 @ 16:11:26 - Row :279 - Product updated successfully.
12-11-2022 @ 16:11:26 - Row :280 - Parsing item.
12-11-2022 @ 16:11:26 - Row :280 - Processing item.
12-11-2022 @ 16:11:26 - Found variation product object. ID:158752
12-11-2022 @ 16:11:26 - Row :280 - Product updated successfully.
12-11-2022 @ 16:11:27 - Preparing for import.
12-11-2022 @ 16:11:27 - Row :281 - Parsing item.
12-11-2022 @ 16:11:27 - Row :281 - Processing item.
12-11-2022 @ 16:11:27 - Found variation product object. ID:158753
12-11-2022 @ 16:11:27 - Row :281 - Product updated successfully.
12-11-2022 @ 16:11:27 - Row :282 - Parsing item.
12-11-2022 @ 16:11:27 - Row :282 - Processing item.
12-11-2022 @ 16:11:27 - Found variation product object. ID:158754
12-11-2022 @ 16:11:27 - Row :282 - Product updated successfully.
12-11-2022 @ 16:11:27 - Row :283 - Parsing item.
12-11-2022 @ 16:11:27 - Row :283 - Processing item.
12-11-2022 @ 16:11:27 - Found variation product object. ID:158802
12-11-2022 @ 16:11:27 - Row :283 - Product updated successfully.
12-11-2022 @ 16:11:27 - Row :284 - Parsing item.
12-11-2022 @ 16:11:27 - Row :284 - Processing item.
12-11-2022 @ 16:11:27 - Found variation product object. ID:159204
12-11-2022 @ 16:11:27 - Row :284 - Product updated successfully.
12-11-2022 @ 16:11:27 - Row :285 - Parsing item.
12-11-2022 @ 16:11:27 - Row :285 - Processing item.
12-11-2022 @ 16:11:27 - Found variation product object. ID:159245
12-11-2022 @ 16:11:27 - Row :285 - Product updated successfully.
12-11-2022 @ 16:11:27 - Row :286 - Parsing item.
12-11-2022 @ 16:11:27 - Row :286 - Processing item.
12-11-2022 @ 16:11:27 - Found variation product object. ID:159246
12-11-2022 @ 16:11:27 - Row :286 - Product updated successfully.
12-11-2022 @ 16:11:27 - Row :287 - Parsing item.
12-11-2022 @ 16:11:27 - Row :287 - Processing item.
12-11-2022 @ 16:11:27 - Found variation product object. ID:159700
12-11-2022 @ 16:11:27 - Row :287 - Product updated successfully.
12-11-2022 @ 16:11:27 - Row :288 - Parsing item.
12-11-2022 @ 16:11:27 - Row :288 - Processing item.
12-11-2022 @ 16:11:27 - Found variation product object. ID:159701
12-11-2022 @ 16:11:27 - Row :288 - Product updated successfully.
12-11-2022 @ 16:11:27 - Row :289 - Parsing item.
12-11-2022 @ 16:11:27 - Row :289 - Processing item.
12-11-2022 @ 16:11:27 - Found variation product object. ID:160084
12-11-2022 @ 16:11:27 - Row :289 - Product updated successfully.
12-11-2022 @ 16:11:27 - Row :290 - Parsing item.
12-11-2022 @ 16:11:27 - Row :290 - Processing item.
12-11-2022 @ 16:11:27 - Found variation product object. ID:160085
12-11-2022 @ 16:11:27 - Row :290 - Product updated successfully.
12-11-2022 @ 16:11:27 - Preparing for import.
12-11-2022 @ 16:11:27 - Row :291 - Parsing item.
12-11-2022 @ 16:11:27 - Row :291 - Processing item.
12-11-2022 @ 16:11:27 - Found variation product object. ID:160086
12-11-2022 @ 16:11:27 - Row :291 - Product updated successfully.
12-11-2022 @ 16:11:27 - Row :292 - Parsing item.
12-11-2022 @ 16:11:27 - Row :292 - Processing item.
12-11-2022 @ 16:11:27 - Found variation product object. ID:160087
12-11-2022 @ 16:11:27 - Row :292 - Product updated successfully.
12-11-2022 @ 16:11:27 - Row :293 - Parsing item.
12-11-2022 @ 16:11:27 - Row :293 - Processing item.
12-11-2022 @ 16:11:27 - Found variation product object. ID:160088
12-11-2022 @ 16:11:27 - Row :293 - Product updated successfully.
12-11-2022 @ 16:11:27 - Row :294 - Parsing item.
12-11-2022 @ 16:11:27 - Row :294 - Processing item.
12-11-2022 @ 16:11:27 - Found variation product object. ID:160239
12-11-2022 @ 16:11:27 - Row :294 - Product updated successfully.
12-11-2022 @ 16:11:27 - Row :295 - Parsing item.
12-11-2022 @ 16:11:27 - Row :295 - Processing item.
12-11-2022 @ 16:11:27 - Found variation product object. ID:160240
12-11-2022 @ 16:11:27 - Row :295 - Product updated successfully.
12-11-2022 @ 16:11:27 - Row :296 - Parsing item.
12-11-2022 @ 16:11:27 - Row :296 - Processing item.
12-11-2022 @ 16:11:27 - Found variation product object. ID:160668
12-11-2022 @ 16:11:27 - Row :296 - Product updated successfully.
12-11-2022 @ 16:11:27 - Row :297 - Parsing item.
12-11-2022 @ 16:11:27 - Row :297 - Processing item.
12-11-2022 @ 16:11:27 - Found variation product object. ID:160669
12-11-2022 @ 16:11:27 - Row :297 - Product updated successfully.
12-11-2022 @ 16:11:27 - Row :298 - Parsing item.
12-11-2022 @ 16:11:28 - Row :298 - Processing item.
12-11-2022 @ 16:11:28 - Found variation product object. ID:160670
12-11-2022 @ 16:11:28 - Row :298 - Product updated successfully.
12-11-2022 @ 16:11:28 - Row :299 - Parsing item.
12-11-2022 @ 16:11:28 - Row :299 - Processing item.
12-11-2022 @ 16:11:28 - Found variation product object. ID:41157
12-11-2022 @ 16:11:28 - Row :299 - Product updated successfully.
12-11-2022 @ 16:11:28 - Row :300 - Parsing item.
12-11-2022 @ 16:11:28 - Row :300 - Processing item.
12-11-2022 @ 16:11:28 - Found variation product object. ID:41380
12-11-2022 @ 16:11:28 - Row :300 - Product updated successfully.
12-11-2022 @ 16:11:28 - Preparing for import.
12-11-2022 @ 16:11:28 - Row :301 - Parsing item.
12-11-2022 @ 16:11:28 - Row :301 - Processing item.
12-11-2022 @ 16:11:28 - Found variation product object. ID:42202
12-11-2022 @ 16:11:28 - Row :301 - Product updated successfully.
12-11-2022 @ 16:11:28 - Row :302 - Parsing item.
12-11-2022 @ 16:11:28 - Row :302 - Processing item.
12-11-2022 @ 16:11:28 - Found variation product object. ID:43108
12-11-2022 @ 16:11:28 - Row :302 - Product updated successfully.
12-11-2022 @ 16:11:28 - Row :303 - Parsing item.
12-11-2022 @ 16:11:28 - Row :303 - Processing item.
12-11-2022 @ 16:11:28 - Found variation product object. ID:43118
12-11-2022 @ 16:11:28 - Row :303 - Product updated successfully.
12-11-2022 @ 16:11:28 - Row :304 - Parsing item.
12-11-2022 @ 16:11:28 - Row :304 - Processing item.
12-11-2022 @ 16:11:28 - Found variation product object. ID:45194
12-11-2022 @ 16:11:28 - Row :304 - Product updated successfully.
12-11-2022 @ 16:11:28 - Row :305 - Parsing item.
12-11-2022 @ 16:11:28 - Row :305 - Processing item.
12-11-2022 @ 16:11:28 - Found variation product object. ID:47149
12-11-2022 @ 16:11:28 - Row :305 - Product updated successfully.
12-11-2022 @ 16:11:28 - Row :306 - Parsing item.
12-11-2022 @ 16:11:28 - Row :306 - Processing item.
12-11-2022 @ 16:11:28 - Found variation product object. ID:47374
12-11-2022 @ 16:11:28 - Row :306 - Product updated successfully.
12-11-2022 @ 16:11:28 - Row :307 - Parsing item.
12-11-2022 @ 16:11:28 - Row :307 - Processing item.
12-11-2022 @ 16:11:28 - Found variation product object. ID:47469
12-11-2022 @ 16:11:28 - Row :307 - Product updated successfully.
12-11-2022 @ 16:11:28 - Row :308 - Parsing item.
12-11-2022 @ 16:11:28 - Row :308 - Processing item.
12-11-2022 @ 16:11:28 - Found variation product object. ID:49027
12-11-2022 @ 16:11:28 - Row :308 - Product updated successfully.
12-11-2022 @ 16:11:28 - Row :309 - Parsing item.
12-11-2022 @ 16:11:28 - Row :309 - Processing item.
12-11-2022 @ 16:11:28 - Found variation product object. ID:50272
12-11-2022 @ 16:11:28 - Row :309 - Product updated successfully.
12-11-2022 @ 16:11:28 - Row :310 - Parsing item.
12-11-2022 @ 16:11:28 - Row :310 - Processing item.
12-11-2022 @ 16:11:28 - Found variation product object. ID:53196
12-11-2022 @ 16:11:28 - Row :310 - Product updated successfully.
12-11-2022 @ 16:11:29 - Preparing for import.
12-11-2022 @ 16:11:29 - Row :311 - Parsing item.
12-11-2022 @ 16:11:29 - Row :311 - Processing item.
12-11-2022 @ 16:11:29 - Found variation product object. ID:55005
12-11-2022 @ 16:11:29 - Row :311 - Product updated successfully.
12-11-2022 @ 16:11:29 - Row :312 - Parsing item.
12-11-2022 @ 16:11:29 - Row :312 - Processing item.
12-11-2022 @ 16:11:29 - Found variation product object. ID:55203
12-11-2022 @ 16:11:29 - Row :312 - Product updated successfully.
12-11-2022 @ 16:11:29 - Row :313 - Parsing item.
12-11-2022 @ 16:11:29 - Row :313 - Processing item.
12-11-2022 @ 16:11:29 - Found variation product object. ID:56046
12-11-2022 @ 16:11:29 - Row :313 - Product updated successfully.
12-11-2022 @ 16:11:29 - Row :314 - Parsing item.
12-11-2022 @ 16:11:29 - Row :314 - Processing item.
12-11-2022 @ 16:11:29 - Found variation product object. ID:57044
12-11-2022 @ 16:11:29 - Row :314 - Product updated successfully.
12-11-2022 @ 16:11:29 - Row :315 - Parsing item.
12-11-2022 @ 16:11:29 - Row :315 - Processing item.
12-11-2022 @ 16:11:29 - Found variation product object. ID:58502
12-11-2022 @ 16:11:29 - Row :315 - Product updated successfully.
12-11-2022 @ 16:11:29 - Row :316 - Parsing item.
12-11-2022 @ 16:11:29 - Row :316 - Processing item.
12-11-2022 @ 16:11:29 - Found variation product object. ID:58503
12-11-2022 @ 16:11:29 - Row :316 - Product updated successfully.
12-11-2022 @ 16:11:29 - Row :317 - Parsing item.
12-11-2022 @ 16:11:29 - Row :317 - Processing item.
12-11-2022 @ 16:11:29 - Found variation product object. ID:58507
12-11-2022 @ 16:11:29 - Row :317 - Product updated successfully.
12-11-2022 @ 16:11:29 - Row :318 - Parsing item.
12-11-2022 @ 16:11:29 - Row :318 - Processing item.
12-11-2022 @ 16:11:29 - Found variation product object. ID:58515
12-11-2022 @ 16:11:29 - Row :318 - Product updated successfully.
12-11-2022 @ 16:11:29 - Row :319 - Parsing item.
12-11-2022 @ 16:11:29 - Row :319 - Processing item.
12-11-2022 @ 16:11:29 - Found variation product object. ID:58521
12-11-2022 @ 16:11:29 - Row :319 - Product updated successfully.
12-11-2022 @ 16:11:29 - Row :320 - Parsing item.
12-11-2022 @ 16:11:29 - Row :320 - Processing item.
12-11-2022 @ 16:11:29 - Found variation product object. ID:58527
12-11-2022 @ 16:11:29 - Row :320 - Product updated successfully.
12-11-2022 @ 16:11:29 - Preparing for import.
12-11-2022 @ 16:11:29 - Row :321 - Parsing item.
12-11-2022 @ 16:11:29 - Row :321 - Processing item.
12-11-2022 @ 16:11:29 - Found variation product object. ID:58542
12-11-2022 @ 16:11:29 - Row :321 - Product updated successfully.
12-11-2022 @ 16:11:29 - ---[ Import ended at 2022-12-11 16:11:29]---
