10-02-2022 @ 12:46:23 - ---[ New import started at 2022-10-02 12:46:23 ] PHP Memory: 128 MB, WP Memory: 128 MB
10-02-2022 @ 12:46:23 - Preparing for import.
10-02-2022 @ 12:46:23 - Row :1 - Parsing item.
10-02-2022 @ 12:46:23 - Row :1 - Parsing failed. Reason: התוכן, הכותרת והתקציר ריקים.
10-02-2022 @ 12:46:23 - Row :2 - Parsing item.
10-02-2022 @ 12:46:23 - Row :2 - Parsing failed. Reason: התוכן, הכותרת והתקציר ריקים.
10-02-2022 @ 12:46:23 - Row :3 - Parsing item.
10-02-2022 @ 12:46:23 - Row :3 - Parsing failed. Reason: התוכן, הכותרת והתקציר ריקים.
10-02-2022 @ 12:46:23 - Row :4 - Parsing item.
10-02-2022 @ 12:46:23 - Row :4 - Parsing failed. Reason: התוכן, הכותרת והתקציר ריקים.
10-02-2022 @ 12:46:23 - Row :5 - Parsing item.
10-02-2022 @ 12:46:23 - Row :5 - Parsing failed. Reason: התוכן, הכותרת והתקציר ריקים.
10-02-2022 @ 12:46:23 - Row :6 - Parsing item.
10-02-2022 @ 12:46:23 - Row :6 - Parsing failed. Reason: התוכן, הכותרת והתקציר ריקים.
10-02-2022 @ 12:46:23 - Row :7 - Parsing item.
10-02-2022 @ 12:46:23 - Row :7 - Parsing failed. Reason: התוכן, הכותרת והתקציר ריקים.
10-02-2022 @ 12:46:23 - Row :8 - Parsing item.
10-02-2022 @ 12:46:23 - Row :8 - Parsing failed. Reason: התוכן, הכותרת והתקציר ריקים.
10-02-2022 @ 12:46:23 - Row :9 - Parsing item.
10-02-2022 @ 12:46:23 - Row :9 - Parsing failed. Reason: התוכן, הכותרת והתקציר ריקים.
10-02-2022 @ 12:46:23 - Row :10 - Parsing item.
10-02-2022 @ 12:46:23 - Row :10 - Parsing failed. Reason: התוכן, הכותרת והתקציר ריקים.
10-02-2022 @ 12:46:23 - Preparing for import.
10-02-2022 @ 12:46:23 - Row :11 - Parsing item.
10-02-2022 @ 12:46:23 - Row :11 - Parsing failed. Reason: התוכן, הכותרת והתקציר ריקים.
10-02-2022 @ 12:46:23 - Row :12 - Parsing item.
10-02-2022 @ 12:46:23 - Row :12 - Parsing failed. Reason: התוכן, הכותרת והתקציר ריקים.
10-02-2022 @ 12:46:23 - Row :13 - Parsing item.
10-02-2022 @ 12:46:23 - Row :13 - Parsing failed. Reason: התוכן, הכותרת והתקציר ריקים.
10-02-2022 @ 12:46:23 - Row :14 - Parsing item.
10-02-2022 @ 12:46:23 - Row :14 - Parsing failed. Reason: התוכן, הכותרת והתקציר ריקים.
10-02-2022 @ 12:46:23 - Row :15 - Parsing item.
10-02-2022 @ 12:46:23 - Row :15 - Parsing failed. Reason: התוכן, הכותרת והתקציר ריקים.
10-02-2022 @ 12:46:23 - Row :16 - Parsing item.
10-02-2022 @ 12:46:23 - Row :16 - Parsing failed. Reason: התוכן, הכותרת והתקציר ריקים.
10-02-2022 @ 12:46:23 - Row :17 - Parsing item.
10-02-2022 @ 12:46:23 - Row :17 - Parsing failed. Reason: התוכן, הכותרת והתקציר ריקים.
10-02-2022 @ 12:46:23 - Row :18 - Parsing item.
10-02-2022 @ 12:46:23 - Row :18 - Parsing failed. Reason: התוכן, הכותרת והתקציר ריקים.
10-02-2022 @ 12:46:23 - Row :19 - Parsing item.
10-02-2022 @ 12:46:23 - Row :19 - Parsing failed. Reason: התוכן, הכותרת והתקציר ריקים.
10-02-2022 @ 12:46:23 - Row :20 - Parsing item.
10-02-2022 @ 12:46:23 - Row :20 - Parsing failed. Reason: התוכן, הכותרת והתקציר ריקים.
10-02-2022 @ 12:46:24 - Preparing for import.
10-02-2022 @ 12:46:24 - Row :21 - Parsing item.
10-02-2022 @ 12:46:24 - Row :21 - Parsing failed. Reason: התוכן, הכותרת והתקציר ריקים.
10-02-2022 @ 12:46:24 - Row :22 - Parsing item.
10-02-2022 @ 12:46:24 - Row :22 - Parsing failed. Reason: התוכן, הכותרת והתקציר ריקים.
10-02-2022 @ 12:46:24 - Row :23 - Parsing item.
10-02-2022 @ 12:46:24 - Row :23 - Parsing failed. Reason: התוכן, הכותרת והתקציר ריקים.
10-02-2022 @ 12:46:24 - Row :24 - Parsing item.
10-02-2022 @ 12:46:24 - Row :24 - Parsing failed. Reason: התוכן, הכותרת והתקציר ריקים.
10-02-2022 @ 12:46:24 - Row :25 - Parsing item.
10-02-2022 @ 12:46:24 - Row :25 - Parsing failed. Reason: התוכן, הכותרת והתקציר ריקים.
10-02-2022 @ 12:46:24 - Row :26 - Parsing item.
10-02-2022 @ 12:46:24 - Row :26 - Parsing failed. Reason: התוכן, הכותרת והתקציר ריקים.
10-02-2022 @ 12:46:24 - Row :27 - Parsing item.
10-02-2022 @ 12:46:24 - Row :27 - Parsing failed. Reason: התוכן, הכותרת והתקציר ריקים.
10-02-2022 @ 12:46:24 - Row :28 - Parsing item.
10-02-2022 @ 12:46:24 - Row :28 - Parsing failed. Reason: התוכן, הכותרת והתקציר ריקים.
10-02-2022 @ 12:46:24 - Row :29 - Parsing item.
10-02-2022 @ 12:46:24 - Row :29 - Parsing failed. Reason: התוכן, הכותרת והתקציר ריקים.
10-02-2022 @ 12:46:24 - Row :30 - Parsing item.
10-02-2022 @ 12:46:24 - Row :30 - Parsing failed. Reason: התוכן, הכותרת והתקציר ריקים.
10-02-2022 @ 12:46:24 - Preparing for import.
10-02-2022 @ 12:46:24 - Row :31 - Parsing item.
10-02-2022 @ 12:46:24 - Row :31 - Parsing failed. Reason: התוכן, הכותרת והתקציר ריקים.
10-02-2022 @ 12:46:24 - Row :32 - Parsing item.
10-02-2022 @ 12:46:24 - Row :32 - Parsing failed. Reason: התוכן, הכותרת והתקציר ריקים.
10-02-2022 @ 12:46:24 - Row :33 - Parsing item.
10-02-2022 @ 12:46:24 - Row :33 - Parsing failed. Reason: התוכן, הכותרת והתקציר ריקים.
10-02-2022 @ 12:46:24 - Row :34 - Parsing item.
10-02-2022 @ 12:46:24 - Row :34 - Parsing failed. Reason: התוכן, הכותרת והתקציר ריקים.
10-02-2022 @ 12:46:24 - Row :35 - Parsing item.
10-02-2022 @ 12:46:24 - Row :35 - Parsing failed. Reason: התוכן, הכותרת והתקציר ריקים.
10-02-2022 @ 12:46:24 - Row :36 - Parsing item.
10-02-2022 @ 12:46:24 - Row :36 - Parsing failed. Reason: התוכן, הכותרת והתקציר ריקים.
10-02-2022 @ 12:46:24 - Row :37 - Parsing item.
10-02-2022 @ 12:46:24 - Row :37 - Parsing failed. Reason: התוכן, הכותרת והתקציר ריקים.
10-02-2022 @ 12:46:24 - Row :38 - Parsing item.
10-02-2022 @ 12:46:24 - Row :38 - Parsing failed. Reason: התוכן, הכותרת והתקציר ריקים.
10-02-2022 @ 12:46:24 - Row :39 - Parsing item.
10-02-2022 @ 12:46:24 - Row :39 - Parsing failed. Reason: התוכן, הכותרת והתקציר ריקים.
10-02-2022 @ 12:46:24 - Row :40 - Parsing item.
10-02-2022 @ 12:46:24 - Row :40 - Parsing failed. Reason: התוכן, הכותרת והתקציר ריקים.
10-02-2022 @ 12:46:25 - Preparing for import.
10-02-2022 @ 12:46:25 - Row :41 - Parsing item.
10-02-2022 @ 12:46:25 - Row :41 - Parsing failed. Reason: התוכן, הכותרת והתקציר ריקים.
10-02-2022 @ 12:46:25 - Row :42 - Parsing item.
10-02-2022 @ 12:46:25 - Row :42 - Parsing failed. Reason: התוכן, הכותרת והתקציר ריקים.
10-02-2022 @ 12:46:25 - Row :43 - Parsing item.
10-02-2022 @ 12:46:25 - Row :43 - Parsing failed. Reason: התוכן, הכותרת והתקציר ריקים.
10-02-2022 @ 12:46:25 - Row :44 - Parsing item.
10-02-2022 @ 12:46:25 - Row :44 - Parsing failed. Reason: התוכן, הכותרת והתקציר ריקים.
10-02-2022 @ 12:46:25 - Row :45 - Parsing item.
10-02-2022 @ 12:46:25 - Row :45 - Parsing failed. Reason: התוכן, הכותרת והתקציר ריקים.
10-02-2022 @ 12:46:25 - Row :46 - Parsing item.
10-02-2022 @ 12:46:25 - Row :46 - Parsing failed. Reason: התוכן, הכותרת והתקציר ריקים.
10-02-2022 @ 12:46:25 - Row :47 - Parsing item.
10-02-2022 @ 12:46:25 - Row :47 - Parsing failed. Reason: התוכן, הכותרת והתקציר ריקים.
10-02-2022 @ 12:46:25 - Row :48 - Parsing item.
10-02-2022 @ 12:46:25 - Row :48 - Parsing failed. Reason: התוכן, הכותרת והתקציר ריקים.
10-02-2022 @ 12:46:25 - Row :49 - Parsing item.
10-02-2022 @ 12:46:25 - Row :49 - Parsing failed. Reason: התוכן, הכותרת והתקציר ריקים.
10-02-2022 @ 12:46:25 - Row :50 - Parsing item.
10-02-2022 @ 12:46:25 - Row :50 - Parsing failed. Reason: התוכן, הכותרת והתקציר ריקים.
10-02-2022 @ 12:46:25 - ---[ Import ended at 2022-10-02 12:46:25]---
