12-18-2022 @ 12:56:19 - ---[ New import started at 2022-12-18 12:56:19 ] PHP Memory: 256 MB, WP Memory: 51 B
12-18-2022 @ 12:56:19 - Preparing for import.
12-18-2022 @ 12:56:19 - Row :1 - Parsing item.
12-18-2022 @ 12:56:19 - Row :1 - Processing item.
12-18-2022 @ 12:56:19 - Found variation product object. ID:160892
12-18-2022 @ 12:56:19 - Row :1 - Product updated successfully.
12-18-2022 @ 12:56:19 - Row :2 - Parsing item.
12-18-2022 @ 12:56:19 - Row :2 - Processing item.
12-18-2022 @ 12:56:19 - Found variation product object. ID:160891
12-18-2022 @ 12:56:19 - Row :2 - Product updated successfully.
12-18-2022 @ 12:56:19 - Row :3 - Parsing item.
12-18-2022 @ 12:56:19 - Row :3 - Processing item.
12-18-2022 @ 12:56:19 - Found variation product object. ID:160890
12-18-2022 @ 12:56:19 - Row :3 - Product updated successfully.
12-18-2022 @ 12:56:19 - Row :4 - Parsing item.
12-18-2022 @ 12:56:19 - Row :4 - Processing item.
12-18-2022 @ 12:56:19 - Found variation product object. ID:160889
12-18-2022 @ 12:56:19 - Row :4 - Product updated successfully.
12-18-2022 @ 12:56:19 - Row :5 - Parsing item.
12-18-2022 @ 12:56:19 - Row :5 - Processing item.
12-18-2022 @ 12:56:19 - Found variation product object. ID:160888
12-18-2022 @ 12:56:19 - Row :5 - Product updated successfully.
12-18-2022 @ 12:56:19 - Row :6 - Parsing item.
12-18-2022 @ 12:56:19 - Row :6 - Processing item.
12-18-2022 @ 12:56:19 - Found variation product object. ID:160887
12-18-2022 @ 12:56:19 - Row :6 - Product updated successfully.
12-18-2022 @ 12:56:19 - Row :7 - Parsing item.
12-18-2022 @ 12:56:19 - Row :7 - Processing item.
12-18-2022 @ 12:56:19 - Found variation product object. ID:160886
12-18-2022 @ 12:56:19 - Row :7 - Product updated successfully.
12-18-2022 @ 12:56:19 - Row :8 - Parsing item.
12-18-2022 @ 12:56:19 - Row :8 - Processing item.
12-18-2022 @ 12:56:19 - Found variation product object. ID:160885
12-18-2022 @ 12:56:19 - Row :8 - Product updated successfully.
12-18-2022 @ 12:56:19 - Row :9 - Parsing item.
12-18-2022 @ 12:56:19 - Row :9 - Processing item.
12-18-2022 @ 12:56:19 - Found variation product object. ID:160884
12-18-2022 @ 12:56:19 - Row :9 - Product updated successfully.
12-18-2022 @ 12:56:19 - Row :10 - Parsing item.
12-18-2022 @ 12:56:19 - Row :10 - Processing item.
12-18-2022 @ 12:56:19 - Found variation product object. ID:160883
12-18-2022 @ 12:56:19 - Row :10 - Product updated successfully.
12-18-2022 @ 12:56:21 - Preparing for import.
12-18-2022 @ 12:56:21 - Row :11 - Parsing item.
12-18-2022 @ 12:56:21 - Row :11 - Processing item.
12-18-2022 @ 12:56:21 - Found variation product object. ID:160883
12-18-2022 @ 12:56:21 - Row :11 - Product updated successfully.
12-18-2022 @ 12:56:21 - Row :12 - Parsing item.
12-18-2022 @ 12:56:21 - Row :12 - Processing item.
12-18-2022 @ 12:56:21 - Found variation product object. ID:160882
12-18-2022 @ 12:56:21 - Row :12 - Product updated successfully.
12-18-2022 @ 12:56:21 - Row :13 - Parsing item.
12-18-2022 @ 12:56:21 - Row :13 - Processing item.
12-18-2022 @ 12:56:21 - Found variation product object. ID:160881
12-18-2022 @ 12:56:21 - Row :13 - Product updated successfully.
12-18-2022 @ 12:56:21 - Row :14 - Parsing item.
12-18-2022 @ 12:56:21 - Row :14 - Processing item.
12-18-2022 @ 12:56:21 - Found variation product object. ID:160880
12-18-2022 @ 12:56:21 - Row :14 - Product updated successfully.
12-18-2022 @ 12:56:21 - Row :15 - Parsing item.
12-18-2022 @ 12:56:21 - Row :15 - Processing item.
12-18-2022 @ 12:56:21 - Found variation product object. ID:160879
12-18-2022 @ 12:56:21 - Row :15 - Product updated successfully.
12-18-2022 @ 12:56:21 - Row :16 - Parsing item.
12-18-2022 @ 12:56:21 - Row :16 - Processing item.
12-18-2022 @ 12:56:21 - Found variation product object. ID:160878
12-18-2022 @ 12:56:21 - Row :16 - Product updated successfully.
12-18-2022 @ 12:56:21 - Row :17 - Parsing item.
12-18-2022 @ 12:56:21 - Row :17 - Processing item.
12-18-2022 @ 12:56:21 - Found variation product object. ID:160877
12-18-2022 @ 12:56:21 - Row :17 - Product updated successfully.
12-18-2022 @ 12:56:21 - Row :18 - Parsing item.
12-18-2022 @ 12:56:21 - Row :18 - Processing item.
12-18-2022 @ 12:56:21 - Found variation product object. ID:160876
12-18-2022 @ 12:56:21 - Row :18 - Product updated successfully.
12-18-2022 @ 12:56:21 - Row :19 - Parsing item.
12-18-2022 @ 12:56:21 - Row :19 - Processing item.
12-18-2022 @ 12:56:21 - Found variation product object. ID:160875
12-18-2022 @ 12:56:21 - Row :19 - Product updated successfully.
12-18-2022 @ 12:56:21 - Row :20 - Parsing item.
12-18-2022 @ 12:56:21 - Row :20 - Processing item.
12-18-2022 @ 12:56:21 - Found variation product object. ID:160874
12-18-2022 @ 12:56:21 - Row :20 - Product updated successfully.
12-18-2022 @ 12:56:22 - Preparing for import.
12-18-2022 @ 12:56:22 - Row :21 - Parsing item.
12-18-2022 @ 12:56:22 - Row :21 - Processing item.
12-18-2022 @ 12:56:22 - Found variation product object. ID:160873
12-18-2022 @ 12:56:22 - Row :21 - Product updated successfully.
12-18-2022 @ 12:56:22 - Row :22 - Parsing item.
12-18-2022 @ 12:56:22 - Row :22 - Processing item.
12-18-2022 @ 12:56:22 - Found variation product object. ID:160872
12-18-2022 @ 12:56:22 - Row :22 - Product updated successfully.
12-18-2022 @ 12:56:22 - Row :23 - Parsing item.
12-18-2022 @ 12:56:22 - Row :23 - Processing item.
12-18-2022 @ 12:56:22 - Found variation product object. ID:160871
12-18-2022 @ 12:56:22 - Row :23 - Product updated successfully.
12-18-2022 @ 12:56:22 - Row :24 - Parsing item.
12-18-2022 @ 12:56:22 - Row :24 - Processing item.
12-18-2022 @ 12:56:22 - Found variation product object. ID:160870
12-18-2022 @ 12:56:22 - Row :24 - Product updated successfully.
12-18-2022 @ 12:56:22 - Row :25 - Parsing item.
12-18-2022 @ 12:56:22 - Row :25 - Processing item.
12-18-2022 @ 12:56:22 - Found variation product object. ID:160869
12-18-2022 @ 12:56:22 - Row :25 - Product updated successfully.
12-18-2022 @ 12:56:22 - Row :26 - Parsing item.
12-18-2022 @ 12:56:22 - Row :26 - Processing item.
12-18-2022 @ 12:56:22 - Found variation product object. ID:160868
12-18-2022 @ 12:56:22 - Row :26 - Product updated successfully.
12-18-2022 @ 12:56:22 - Row :27 - Parsing item.
12-18-2022 @ 12:56:22 - Row :27 - Processing item.
12-18-2022 @ 12:56:22 - Found variation product object. ID:160867
12-18-2022 @ 12:56:22 - Row :27 - Product updated successfully.
12-18-2022 @ 12:56:22 - Row :28 - Parsing item.
12-18-2022 @ 12:56:22 - Row :28 - Processing item.
12-18-2022 @ 12:56:22 - Found variation product object. ID:160866
12-18-2022 @ 12:56:22 - Row :28 - Product updated successfully.
12-18-2022 @ 12:56:22 - Row :29 - Parsing item.
12-18-2022 @ 12:56:22 - Row :29 - Processing item.
12-18-2022 @ 12:56:22 - Found variation product object. ID:160865
12-18-2022 @ 12:56:23 - Row :29 - Product updated successfully.
12-18-2022 @ 12:56:23 - Row :30 - Parsing item.
12-18-2022 @ 12:56:23 - Row :30 - Processing item.
12-18-2022 @ 12:56:23 - Found variation product object. ID:160864
12-18-2022 @ 12:56:23 - Row :30 - Product updated successfully.
12-18-2022 @ 12:56:24 - Preparing for import.
12-18-2022 @ 12:56:24 - Row :31 - Parsing item.
12-18-2022 @ 12:56:24 - Row :31 - Processing item.
12-18-2022 @ 12:56:24 - Found variation product object. ID:160863
12-18-2022 @ 12:56:24 - Row :31 - Product updated successfully.
12-18-2022 @ 12:56:24 - Row :32 - Parsing item.
12-18-2022 @ 12:56:24 - Row :32 - Processing item.
12-18-2022 @ 12:56:24 - Found variation product object. ID:160862
12-18-2022 @ 12:56:24 - Row :32 - Product updated successfully.
12-18-2022 @ 12:56:24 - Row :33 - Parsing item.
12-18-2022 @ 12:56:24 - Row :33 - Processing item.
12-18-2022 @ 12:56:24 - Found variation product object. ID:160861
12-18-2022 @ 12:56:24 - Row :33 - Product updated successfully.
12-18-2022 @ 12:56:24 - Row :34 - Parsing item.
12-18-2022 @ 12:56:24 - Row :34 - Processing item.
12-18-2022 @ 12:56:24 - Found variation product object. ID:160860
12-18-2022 @ 12:56:24 - Row :34 - Product updated successfully.
12-18-2022 @ 12:56:24 - Row :35 - Parsing item.
12-18-2022 @ 12:56:24 - Row :35 - Processing item.
12-18-2022 @ 12:56:24 - Found variation product object. ID:160859
12-18-2022 @ 12:56:24 - Row :35 - Product updated successfully.
12-18-2022 @ 12:56:24 - Row :36 - Parsing item.
12-18-2022 @ 12:56:24 - Row :36 - Processing item.
12-18-2022 @ 12:56:24 - Found variation product object. ID:160858
12-18-2022 @ 12:56:24 - Row :36 - Product updated successfully.
12-18-2022 @ 12:56:24 - Row :37 - Parsing item.
12-18-2022 @ 12:56:24 - Row :37 - Processing item.
12-18-2022 @ 12:56:24 - Found variation product object. ID:160857
12-18-2022 @ 12:56:24 - Row :37 - Product updated successfully.
12-18-2022 @ 12:56:24 - Row :38 - Parsing item.
12-18-2022 @ 12:56:24 - Row :38 - Processing item.
12-18-2022 @ 12:56:24 - Found variation product object. ID:160856
12-18-2022 @ 12:56:24 - Row :38 - Product updated successfully.
12-18-2022 @ 12:56:24 - Row :39 - Parsing item.
12-18-2022 @ 12:56:24 - Row :39 - Processing item.
12-18-2022 @ 12:56:24 - Found variation product object. ID:160855
12-18-2022 @ 12:56:24 - Row :39 - Product updated successfully.
12-18-2022 @ 12:56:24 - Row :40 - Parsing item.
12-18-2022 @ 12:56:24 - Row :40 - Processing item.
12-18-2022 @ 12:56:24 - Found variation product object. ID:160854
12-18-2022 @ 12:56:24 - Row :40 - Product updated successfully.
12-18-2022 @ 12:56:25 - Preparing for import.
12-18-2022 @ 12:56:25 - Row :41 - Parsing item.
12-18-2022 @ 12:56:25 - Row :41 - Processing item.
12-18-2022 @ 12:56:25 - Found variation product object. ID:160853
12-18-2022 @ 12:56:25 - Row :41 - Product updated successfully.
12-18-2022 @ 12:56:25 - Row :42 - Parsing item.
12-18-2022 @ 12:56:25 - Row :42 - Processing item.
12-18-2022 @ 12:56:25 - Found variation product object. ID:160852
12-18-2022 @ 12:56:25 - Row :42 - Product updated successfully.
12-18-2022 @ 12:56:25 - Row :43 - Parsing item.
12-18-2022 @ 12:56:25 - Row :43 - Processing item.
12-18-2022 @ 12:56:25 - Found variation product object. ID:160851
12-18-2022 @ 12:56:25 - Row :43 - Product updated successfully.
12-18-2022 @ 12:56:25 - Row :44 - Parsing item.
12-18-2022 @ 12:56:25 - Row :44 - Processing item.
12-18-2022 @ 12:56:25 - Found variation product object. ID:160850
12-18-2022 @ 12:56:25 - Row :44 - Product updated successfully.
12-18-2022 @ 12:56:25 - Row :45 - Parsing item.
12-18-2022 @ 12:56:25 - Row :45 - Processing item.
12-18-2022 @ 12:56:25 - Found variation product object. ID:160849
12-18-2022 @ 12:56:25 - Row :45 - Product updated successfully.
12-18-2022 @ 12:56:25 - Row :46 - Parsing item.
12-18-2022 @ 12:56:25 - Row :46 - Processing item.
12-18-2022 @ 12:56:25 - Found variation product object. ID:160848
12-18-2022 @ 12:56:25 - Row :46 - Product updated successfully.
12-18-2022 @ 12:56:25 - Row :47 - Parsing item.
12-18-2022 @ 12:56:25 - Row :47 - Processing item.
12-18-2022 @ 12:56:25 - Found variation product object. ID:160847
12-18-2022 @ 12:56:25 - Row :47 - Product updated successfully.
12-18-2022 @ 12:56:25 - Row :48 - Parsing item.
12-18-2022 @ 12:56:25 - Row :48 - Processing item.
12-18-2022 @ 12:56:25 - Found variation product object. ID:160846
12-18-2022 @ 12:56:25 - Row :48 - Product updated successfully.
12-18-2022 @ 12:56:25 - Row :49 - Parsing item.
12-18-2022 @ 12:56:25 - Row :49 - Processing item.
12-18-2022 @ 12:56:25 - Found variation product object. ID:160845
12-18-2022 @ 12:56:25 - Row :49 - Product updated successfully.
12-18-2022 @ 12:56:25 - Row :50 - Parsing item.
12-18-2022 @ 12:56:25 - Row :50 - Processing item.
12-18-2022 @ 12:56:25 - Found variation product object. ID:160844
12-18-2022 @ 12:56:25 - Row :50 - Product updated successfully.
12-18-2022 @ 12:56:27 - Preparing for import.
12-18-2022 @ 12:56:27 - Row :51 - Parsing item.
12-18-2022 @ 12:56:27 - Row :51 - Processing item.
12-18-2022 @ 12:56:27 - Found variation product object. ID:160843
12-18-2022 @ 12:56:27 - Row :51 - Product updated successfully.
12-18-2022 @ 12:56:27 - Row :52 - Parsing item.
12-18-2022 @ 12:56:27 - Row :52 - Processing item.
12-18-2022 @ 12:56:27 - Found variation product object. ID:160842
12-18-2022 @ 12:56:27 - Row :52 - Product updated successfully.
12-18-2022 @ 12:56:27 - Row :53 - Parsing item.
12-18-2022 @ 12:56:27 - Row :53 - Processing item.
12-18-2022 @ 12:56:27 - Found variation product object. ID:160841
12-18-2022 @ 12:56:27 - Row :53 - Product updated successfully.
12-18-2022 @ 12:56:27 - Row :54 - Parsing item.
12-18-2022 @ 12:56:27 - Row :54 - Processing item.
12-18-2022 @ 12:56:27 - Found variation product object. ID:160840
12-18-2022 @ 12:56:27 - Row :54 - Product updated successfully.
12-18-2022 @ 12:56:27 - Row :55 - Parsing item.
12-18-2022 @ 12:56:27 - Row :55 - Processing item.
12-18-2022 @ 12:56:27 - Found variation product object. ID:160839
12-18-2022 @ 12:56:27 - Row :55 - Product updated successfully.
12-18-2022 @ 12:56:27 - Row :56 - Parsing item.
12-18-2022 @ 12:56:27 - Row :56 - Processing item.
12-18-2022 @ 12:56:27 - Found variation product object. ID:160838
12-18-2022 @ 12:56:27 - Row :56 - Product updated successfully.
12-18-2022 @ 12:56:27 - Row :57 - Parsing item.
12-18-2022 @ 12:56:27 - Row :57 - Processing item.
12-18-2022 @ 12:56:27 - Found variation product object. ID:160837
12-18-2022 @ 12:56:27 - Row :57 - Product updated successfully.
12-18-2022 @ 12:56:27 - Row :58 - Parsing item.
12-18-2022 @ 12:56:27 - Row :58 - Processing item.
12-18-2022 @ 12:56:27 - Found variation product object. ID:160836
12-18-2022 @ 12:56:27 - Row :58 - Product updated successfully.
12-18-2022 @ 12:56:27 - Row :59 - Parsing item.
12-18-2022 @ 12:56:27 - Row :59 - Processing item.
12-18-2022 @ 12:56:27 - Found variation product object. ID:160835
12-18-2022 @ 12:56:27 - Row :59 - Product updated successfully.
12-18-2022 @ 12:56:27 - Row :60 - Parsing item.
12-18-2022 @ 12:56:27 - Row :60 - Processing item.
12-18-2022 @ 12:56:27 - Found variation product object. ID:160834
12-18-2022 @ 12:56:27 - Row :60 - Product updated successfully.
12-18-2022 @ 12:56:28 - Preparing for import.
12-18-2022 @ 12:56:28 - Row :61 - Parsing item.
12-18-2022 @ 12:56:28 - Row :61 - Processing item.
12-18-2022 @ 12:56:28 - Found variation product object. ID:160833
12-18-2022 @ 12:56:28 - Row :61 - Product updated successfully.
12-18-2022 @ 12:56:28 - Row :62 - Parsing item.
12-18-2022 @ 12:56:28 - Row :62 - Processing item.
12-18-2022 @ 12:56:28 - Found variation product object. ID:160832
12-18-2022 @ 12:56:28 - Row :62 - Product updated successfully.
12-18-2022 @ 12:56:28 - Row :63 - Parsing item.
12-18-2022 @ 12:56:28 - Row :63 - Processing item.
12-18-2022 @ 12:56:28 - Found variation product object. ID:160831
12-18-2022 @ 12:56:28 - Row :63 - Product updated successfully.
12-18-2022 @ 12:56:28 - Row :64 - Parsing item.
12-18-2022 @ 12:56:28 - Row :64 - Processing item.
12-18-2022 @ 12:56:28 - Found variation product object. ID:160830
12-18-2022 @ 12:56:28 - Row :64 - Product updated successfully.
12-18-2022 @ 12:56:28 - Row :65 - Parsing item.
12-18-2022 @ 12:56:28 - Row :65 - Processing item.
12-18-2022 @ 12:56:28 - Found variation product object. ID:160829
12-18-2022 @ 12:56:28 - Row :65 - Product updated successfully.
12-18-2022 @ 12:56:28 - Row :66 - Parsing item.
12-18-2022 @ 12:56:28 - Row :66 - Processing item.
12-18-2022 @ 12:56:28 - Found variation product object. ID:160828
12-18-2022 @ 12:56:28 - Row :66 - Product updated successfully.
12-18-2022 @ 12:56:28 - Row :67 - Parsing item.
12-18-2022 @ 12:56:28 - Row :67 - Processing item.
12-18-2022 @ 12:56:28 - Found simple product object. ID:160827
12-18-2022 @ 12:56:28 - Row :67 - Product updated successfully.
12-18-2022 @ 12:56:28 - Row :68 - Parsing item.
12-18-2022 @ 12:56:28 - Row :68 - Processing item.
12-18-2022 @ 12:56:28 - Found variation product object. ID:160826
12-18-2022 @ 12:56:28 - Row :68 - Product updated successfully.
12-18-2022 @ 12:56:28 - Row :69 - Parsing item.
12-18-2022 @ 12:56:28 - Row :69 - Processing item.
12-18-2022 @ 12:56:28 - Found variation product object. ID:160825
12-18-2022 @ 12:56:28 - Row :69 - Product updated successfully.
12-18-2022 @ 12:56:28 - Row :70 - Parsing item.
12-18-2022 @ 12:56:28 - Row :70 - Processing item.
12-18-2022 @ 12:56:28 - Found variation product object. ID:160824
12-18-2022 @ 12:56:28 - Row :70 - Product updated successfully.
12-18-2022 @ 12:56:30 - Preparing for import.
12-18-2022 @ 12:56:30 - Row :71 - Parsing item.
12-18-2022 @ 12:56:30 - Row :71 - Processing item.
12-18-2022 @ 12:56:30 - Found variation product object. ID:160823
12-18-2022 @ 12:56:30 - Row :71 - Product updated successfully.
12-18-2022 @ 12:56:30 - Row :72 - Parsing item.
12-18-2022 @ 12:56:30 - Row :72 - Processing item.
12-18-2022 @ 12:56:30 - Found variation product object. ID:160822
12-18-2022 @ 12:56:30 - Row :72 - Product updated successfully.
12-18-2022 @ 12:56:30 - Row :73 - Parsing item.
12-18-2022 @ 12:56:30 - Row :73 - Processing item.
12-18-2022 @ 12:56:30 - Found variation product object. ID:160821
12-18-2022 @ 12:56:30 - Row :73 - Product updated successfully.
12-18-2022 @ 12:56:30 - Row :74 - Parsing item.
12-18-2022 @ 12:56:30 - Row :74 - Processing item.
12-18-2022 @ 12:56:30 - Found variation product object. ID:160820
12-18-2022 @ 12:56:30 - Row :74 - Product updated successfully.
12-18-2022 @ 12:56:30 - Row :75 - Parsing item.
12-18-2022 @ 12:56:30 - Row :75 - Processing item.
12-18-2022 @ 12:56:30 - Found variation product object. ID:160819
12-18-2022 @ 12:56:30 - Row :75 - Product updated successfully.
12-18-2022 @ 12:56:30 - Row :76 - Parsing item.
12-18-2022 @ 12:56:30 - Row :76 - Processing item.
12-18-2022 @ 12:56:30 - Found variation product object. ID:160818
12-18-2022 @ 12:56:30 - Row :76 - Product updated successfully.
12-18-2022 @ 12:56:30 - Row :77 - Parsing item.
12-18-2022 @ 12:56:30 - Row :77 - Processing item.
12-18-2022 @ 12:56:30 - Found variation product object. ID:160817
12-18-2022 @ 12:56:30 - Row :77 - Product updated successfully.
12-18-2022 @ 12:56:30 - Row :78 - Parsing item.
12-18-2022 @ 12:56:30 - Row :78 - Processing item.
12-18-2022 @ 12:56:30 - Found variation product object. ID:160816
12-18-2022 @ 12:56:30 - Row :78 - Product updated successfully.
12-18-2022 @ 12:56:30 - Row :79 - Parsing item.
12-18-2022 @ 12:56:30 - Row :79 - Processing item.
12-18-2022 @ 12:56:30 - Found variation product object. ID:160815
12-18-2022 @ 12:56:30 - Row :79 - Product updated successfully.
12-18-2022 @ 12:56:30 - Row :80 - Parsing item.
12-18-2022 @ 12:56:30 - Row :80 - Processing item.
12-18-2022 @ 12:56:30 - Found variation product object. ID:160814
12-18-2022 @ 12:56:30 - Row :80 - Product updated successfully.
12-18-2022 @ 12:56:31 - Preparing for import.
12-18-2022 @ 12:56:31 - Row :81 - Parsing item.
12-18-2022 @ 12:56:31 - Row :81 - Processing item.
12-18-2022 @ 12:56:31 - Found variation product object. ID:160813
12-18-2022 @ 12:56:31 - Row :81 - Product updated successfully.
12-18-2022 @ 12:56:31 - Row :82 - Parsing item.
12-18-2022 @ 12:56:31 - Row :82 - Processing item.
12-18-2022 @ 12:56:31 - Found variation product object. ID:160812
12-18-2022 @ 12:56:31 - Row :82 - Product updated successfully.
12-18-2022 @ 12:56:31 - Row :83 - Parsing item.
12-18-2022 @ 12:56:31 - Row :83 - Processing item.
12-18-2022 @ 12:56:31 - Found variation product object. ID:160811
12-18-2022 @ 12:56:31 - Row :83 - Product updated successfully.
12-18-2022 @ 12:56:31 - Row :84 - Parsing item.
12-18-2022 @ 12:56:31 - Row :84 - Processing item.
12-18-2022 @ 12:56:31 - Found variation product object. ID:160810
12-18-2022 @ 12:56:31 - Row :84 - Product updated successfully.
12-18-2022 @ 12:56:31 - Row :85 - Parsing item.
12-18-2022 @ 12:56:31 - Row :85 - Processing item.
12-18-2022 @ 12:56:31 - Found variation product object. ID:160809
12-18-2022 @ 12:56:31 - Row :85 - Product updated successfully.
12-18-2022 @ 12:56:31 - Row :86 - Parsing item.
12-18-2022 @ 12:56:31 - Row :86 - Processing item.
12-18-2022 @ 12:56:31 - Found variation product object. ID:160808
12-18-2022 @ 12:56:31 - Row :86 - Product updated successfully.
12-18-2022 @ 12:56:31 - Row :87 - Parsing item.
12-18-2022 @ 12:56:31 - Row :87 - Processing item.
12-18-2022 @ 12:56:31 - Found variation product object. ID:160807
12-18-2022 @ 12:56:31 - Row :87 - Product updated successfully.
12-18-2022 @ 12:56:31 - Row :88 - Parsing item.
12-18-2022 @ 12:56:31 - Row :88 - Processing item.
12-18-2022 @ 12:56:31 - Found variation product object. ID:160806
12-18-2022 @ 12:56:31 - Row :88 - Product updated successfully.
12-18-2022 @ 12:56:31 - Row :89 - Parsing item.
12-18-2022 @ 12:56:31 - Row :89 - Processing item.
12-18-2022 @ 12:56:31 - Found variation product object. ID:160805
12-18-2022 @ 12:56:32 - Row :89 - Product updated successfully.
12-18-2022 @ 12:56:32 - Row :90 - Parsing item.
12-18-2022 @ 12:56:32 - Row :90 - Processing item.
12-18-2022 @ 12:56:32 - Found variation product object. ID:160804
12-18-2022 @ 12:56:32 - Row :90 - Product updated successfully.
12-18-2022 @ 12:56:33 - Preparing for import.
12-18-2022 @ 12:56:33 - Row :91 - Parsing item.
12-18-2022 @ 12:56:33 - Row :91 - Processing item.
12-18-2022 @ 12:56:33 - Found variation product object. ID:160803
12-18-2022 @ 12:56:33 - Row :91 - Product updated successfully.
12-18-2022 @ 12:56:33 - Row :92 - Parsing item.
12-18-2022 @ 12:56:33 - Row :92 - Processing item.
12-18-2022 @ 12:56:33 - Found variation product object. ID:160802
12-18-2022 @ 12:56:33 - Row :92 - Product updated successfully.
12-18-2022 @ 12:56:33 - Row :93 - Parsing item.
12-18-2022 @ 12:56:33 - Row :93 - Processing item.
12-18-2022 @ 12:56:33 - Found variation product object. ID:160801
12-18-2022 @ 12:56:33 - Row :93 - Product updated successfully.
12-18-2022 @ 12:56:33 - Row :94 - Parsing item.
12-18-2022 @ 12:56:33 - Row :94 - Processing item.
12-18-2022 @ 12:56:33 - Found variation product object. ID:160800
12-18-2022 @ 12:56:33 - Row :94 - Product updated successfully.
12-18-2022 @ 12:56:33 - Row :95 - Parsing item.
12-18-2022 @ 12:56:33 - Row :95 - Processing item.
12-18-2022 @ 12:56:33 - Found variation product object. ID:160799
12-18-2022 @ 12:56:33 - Row :95 - Product updated successfully.
12-18-2022 @ 12:56:33 - Row :96 - Parsing item.
12-18-2022 @ 12:56:33 - Row :96 - Processing item.
12-18-2022 @ 12:56:33 - Found variation product object. ID:160798
12-18-2022 @ 12:56:33 - Row :96 - Product updated successfully.
12-18-2022 @ 12:56:33 - Row :97 - Parsing item.
12-18-2022 @ 12:56:33 - Row :97 - Processing item.
12-18-2022 @ 12:56:33 - Found simple product object. ID:160797
12-18-2022 @ 12:56:33 - Row :97 - Product updated successfully.
12-18-2022 @ 12:56:33 - Row :98 - Parsing item.
12-18-2022 @ 12:56:33 - Row :98 - Processing item.
12-18-2022 @ 12:56:33 - Found variation product object. ID:160796
12-18-2022 @ 12:56:33 - Row :98 - Product updated successfully.
12-18-2022 @ 12:56:33 - Row :99 - Parsing item.
12-18-2022 @ 12:56:33 - Row :99 - Processing item.
12-18-2022 @ 12:56:33 - Found variation product object. ID:160795
12-18-2022 @ 12:56:33 - Row :99 - Product updated successfully.
12-18-2022 @ 12:56:33 - Row :100 - Parsing item.
12-18-2022 @ 12:56:33 - Row :100 - Processing item.
12-18-2022 @ 12:56:33 - Found variation product object. ID:160794
12-18-2022 @ 12:56:33 - Row :100 - Product updated successfully.
12-18-2022 @ 12:56:34 - Preparing for import.
12-18-2022 @ 12:56:34 - Row :101 - Parsing item.
12-18-2022 @ 12:56:34 - Row :101 - Processing item.
12-18-2022 @ 12:56:34 - Found variation product object. ID:160793
12-18-2022 @ 12:56:34 - Row :101 - Product updated successfully.
12-18-2022 @ 12:56:34 - Row :102 - Parsing item.
12-18-2022 @ 12:56:34 - Row :102 - Processing item.
12-18-2022 @ 12:56:34 - Found variation product object. ID:160792
12-18-2022 @ 12:56:34 - Row :102 - Product updated successfully.
12-18-2022 @ 12:56:34 - Row :103 - Parsing item.
12-18-2022 @ 12:56:34 - Row :103 - Processing item.
12-18-2022 @ 12:56:34 - Found variation product object. ID:160791
12-18-2022 @ 12:56:34 - Row :103 - Product updated successfully.
12-18-2022 @ 12:56:34 - Row :104 - Parsing item.
12-18-2022 @ 12:56:34 - Row :104 - Processing item.
12-18-2022 @ 12:56:34 - Found variation product object. ID:160790
12-18-2022 @ 12:56:34 - Row :104 - Product updated successfully.
12-18-2022 @ 12:56:34 - Row :105 - Parsing item.
12-18-2022 @ 12:56:34 - Row :105 - Processing item.
12-18-2022 @ 12:56:34 - Found variation product object. ID:160789
12-18-2022 @ 12:56:34 - Row :105 - Product updated successfully.
12-18-2022 @ 12:56:34 - Row :106 - Parsing item.
12-18-2022 @ 12:56:34 - Row :106 - Processing item.
12-18-2022 @ 12:56:34 - Found variation product object. ID:160788
12-18-2022 @ 12:56:34 - Row :106 - Product updated successfully.
12-18-2022 @ 12:56:34 - Row :107 - Parsing item.
12-18-2022 @ 12:56:34 - Row :107 - Processing item.
12-18-2022 @ 12:56:34 - Found variation product object. ID:160787
12-18-2022 @ 12:56:34 - Row :107 - Product updated successfully.
12-18-2022 @ 12:56:34 - Row :108 - Parsing item.
12-18-2022 @ 12:56:34 - Row :108 - Processing item.
12-18-2022 @ 12:56:34 - Found variation product object. ID:160786
12-18-2022 @ 12:56:34 - Row :108 - Product updated successfully.
12-18-2022 @ 12:56:34 - Row :109 - Parsing item.
12-18-2022 @ 12:56:34 - Row :109 - Processing item.
12-18-2022 @ 12:56:34 - Found variation product object. ID:160785
12-18-2022 @ 12:56:34 - Row :109 - Product updated successfully.
12-18-2022 @ 12:56:34 - Row :110 - Parsing item.
12-18-2022 @ 12:56:34 - Row :110 - Processing item.
12-18-2022 @ 12:56:34 - Found variation product object. ID:160784
12-18-2022 @ 12:56:34 - Row :110 - Product updated successfully.
12-18-2022 @ 12:56:36 - Preparing for import.
12-18-2022 @ 12:56:36 - Row :111 - Parsing item.
12-18-2022 @ 12:56:36 - Row :111 - Processing item.
12-18-2022 @ 12:56:36 - Found variation product object. ID:160783
12-18-2022 @ 12:56:36 - Row :111 - Product updated successfully.
12-18-2022 @ 12:56:36 - Row :112 - Parsing item.
12-18-2022 @ 12:56:36 - Row :112 - Processing item.
12-18-2022 @ 12:56:36 - Found variation product object. ID:160782
12-18-2022 @ 12:56:36 - Row :112 - Product updated successfully.
12-18-2022 @ 12:56:36 - Row :113 - Parsing item.
12-18-2022 @ 12:56:36 - Row :113 - Processing item.
12-18-2022 @ 12:56:36 - Found simple product object. ID:160781
12-18-2022 @ 12:56:36 - Row :113 - Product updated successfully.
12-18-2022 @ 12:56:36 - Row :114 - Parsing item.
12-18-2022 @ 12:56:36 - Row :114 - Processing item.
12-18-2022 @ 12:56:36 - Found variation product object. ID:160780
12-18-2022 @ 12:56:36 - Row :114 - Product updated successfully.
12-18-2022 @ 12:56:36 - Row :115 - Parsing item.
12-18-2022 @ 12:56:36 - Row :115 - Processing item.
12-18-2022 @ 12:56:36 - Found variation product object. ID:160779
12-18-2022 @ 12:56:36 - Row :115 - Product updated successfully.
12-18-2022 @ 12:56:36 - Row :116 - Parsing item.
12-18-2022 @ 12:56:36 - Row :116 - Processing item.
12-18-2022 @ 12:56:36 - Found variation product object. ID:160778
12-18-2022 @ 12:56:36 - Row :116 - Product updated successfully.
12-18-2022 @ 12:56:36 - Row :117 - Parsing item.
12-18-2022 @ 12:56:36 - Row :117 - Processing item.
12-18-2022 @ 12:56:36 - Found variation product object. ID:160777
12-18-2022 @ 12:56:36 - Row :117 - Product updated successfully.
12-18-2022 @ 12:56:36 - Row :118 - Parsing item.
12-18-2022 @ 12:56:36 - Row :118 - Processing item.
12-18-2022 @ 12:56:36 - Found variation product object. ID:160776
12-18-2022 @ 12:56:36 - Row :118 - Product updated successfully.
12-18-2022 @ 12:56:36 - Row :119 - Parsing item.
12-18-2022 @ 12:56:36 - Row :119 - Processing item.
12-18-2022 @ 12:56:36 - Found variation product object. ID:160775
12-18-2022 @ 12:56:36 - Row :119 - Product updated successfully.
12-18-2022 @ 12:56:36 - Row :120 - Parsing item.
12-18-2022 @ 12:56:36 - Row :120 - Processing item.
12-18-2022 @ 12:56:36 - Found variation product object. ID:160774
12-18-2022 @ 12:56:36 - Row :120 - Product updated successfully.
12-18-2022 @ 12:56:37 - Preparing for import.
12-18-2022 @ 12:56:37 - Row :121 - Parsing item.
12-18-2022 @ 12:56:37 - Row :121 - Processing item.
12-18-2022 @ 12:56:37 - Found variation product object. ID:160773
12-18-2022 @ 12:56:37 - Row :121 - Product updated successfully.
12-18-2022 @ 12:56:37 - Row :122 - Parsing item.
12-18-2022 @ 12:56:37 - Row :122 - Processing item.
12-18-2022 @ 12:56:37 - Found variation product object. ID:160772
12-18-2022 @ 12:56:37 - Row :122 - Product updated successfully.
12-18-2022 @ 12:56:37 - Row :123 - Parsing item.
12-18-2022 @ 12:56:37 - Row :123 - Processing item.
12-18-2022 @ 12:56:37 - Found variation product object. ID:160771
12-18-2022 @ 12:56:37 - Row :123 - Product updated successfully.
12-18-2022 @ 12:56:37 - Row :124 - Parsing item.
12-18-2022 @ 12:56:37 - Row :124 - Processing item.
12-18-2022 @ 12:56:37 - Found variation product object. ID:160770
12-18-2022 @ 12:56:37 - Row :124 - Product updated successfully.
12-18-2022 @ 12:56:37 - Row :125 - Parsing item.
12-18-2022 @ 12:56:37 - Row :125 - Processing item.
12-18-2022 @ 12:56:37 - Found variation product object. ID:160769
12-18-2022 @ 12:56:37 - Row :125 - Product updated successfully.
12-18-2022 @ 12:56:37 - Row :126 - Parsing item.
12-18-2022 @ 12:56:37 - Row :126 - Processing item.
12-18-2022 @ 12:56:37 - Found variation product object. ID:160768
12-18-2022 @ 12:56:37 - Row :126 - Product updated successfully.
12-18-2022 @ 12:56:37 - Row :127 - Parsing item.
12-18-2022 @ 12:56:37 - Row :127 - Processing item.
12-18-2022 @ 12:56:37 - Found variation product object. ID:160767
12-18-2022 @ 12:56:38 - Row :127 - Product updated successfully.
12-18-2022 @ 12:56:38 - Row :128 - Parsing item.
12-18-2022 @ 12:56:38 - Row :128 - Processing item.
12-18-2022 @ 12:56:38 - Found variation product object. ID:160766
12-18-2022 @ 12:56:38 - Row :128 - Product updated successfully.
12-18-2022 @ 12:56:38 - Row :129 - Parsing item.
12-18-2022 @ 12:56:38 - Row :129 - Processing item.
12-18-2022 @ 12:56:38 - Found variation product object. ID:160765
12-18-2022 @ 12:56:38 - Row :129 - Product updated successfully.
12-18-2022 @ 12:56:38 - Row :130 - Parsing item.
12-18-2022 @ 12:56:38 - Row :130 - Processing item.
12-18-2022 @ 12:56:38 - Found variation product object. ID:160764
12-18-2022 @ 12:56:38 - Row :130 - Product updated successfully.
12-18-2022 @ 12:56:39 - Preparing for import.
12-18-2022 @ 12:56:39 - Row :131 - Parsing item.
12-18-2022 @ 12:56:39 - Row :131 - Processing item.
12-18-2022 @ 12:56:39 - Found variation product object. ID:160763
12-18-2022 @ 12:56:39 - Row :131 - Product updated successfully.
12-18-2022 @ 12:56:39 - Row :132 - Parsing item.
12-18-2022 @ 12:56:39 - Row :132 - Processing item.
12-18-2022 @ 12:56:39 - Found variation product object. ID:160762
12-18-2022 @ 12:56:39 - Row :132 - Product updated successfully.
12-18-2022 @ 12:56:39 - Row :133 - Parsing item.
12-18-2022 @ 12:56:39 - Row :133 - Processing item.
12-18-2022 @ 12:56:39 - Found variation product object. ID:160761
12-18-2022 @ 12:56:39 - Row :133 - Product updated successfully.
12-18-2022 @ 12:56:39 - Row :134 - Parsing item.
12-18-2022 @ 12:56:39 - Row :134 - Processing item.
12-18-2022 @ 12:56:39 - Found variation product object. ID:160760
12-18-2022 @ 12:56:39 - Row :134 - Product updated successfully.
12-18-2022 @ 12:56:39 - Row :135 - Parsing item.
12-18-2022 @ 12:56:39 - Row :135 - Processing item.
12-18-2022 @ 12:56:39 - Found variation product object. ID:160759
12-18-2022 @ 12:56:39 - Row :135 - Product updated successfully.
12-18-2022 @ 12:56:39 - Row :136 - Parsing item.
12-18-2022 @ 12:56:39 - Row :136 - Processing item.
12-18-2022 @ 12:56:39 - Found variation product object. ID:160758
12-18-2022 @ 12:56:39 - Row :136 - Product updated successfully.
12-18-2022 @ 12:56:39 - Row :137 - Parsing item.
12-18-2022 @ 12:56:39 - Row :137 - Processing item.
12-18-2022 @ 12:56:39 - Found variation product object. ID:160757
12-18-2022 @ 12:56:39 - Row :137 - Product updated successfully.
12-18-2022 @ 12:56:39 - Row :138 - Parsing item.
12-18-2022 @ 12:56:39 - Row :138 - Processing item.
12-18-2022 @ 12:56:39 - Found variation product object. ID:160756
12-18-2022 @ 12:56:39 - Row :138 - Product updated successfully.
12-18-2022 @ 12:56:39 - Row :139 - Parsing item.
12-18-2022 @ 12:56:39 - Row :139 - Processing item.
12-18-2022 @ 12:56:39 - Found variation product object. ID:160755
12-18-2022 @ 12:56:39 - Row :139 - Product updated successfully.
12-18-2022 @ 12:56:39 - Row :140 - Parsing item.
12-18-2022 @ 12:56:39 - Row :140 - Processing item.
12-18-2022 @ 12:56:39 - Found variation product object. ID:160754
12-18-2022 @ 12:56:39 - Row :140 - Product updated successfully.
12-18-2022 @ 12:56:40 - Preparing for import.
12-18-2022 @ 12:56:40 - Row :141 - Parsing item.
12-18-2022 @ 12:56:40 - Row :141 - Processing item.
12-18-2022 @ 12:56:40 - Found variation product object. ID:160753
12-18-2022 @ 12:56:40 - Row :141 - Product updated successfully.
12-18-2022 @ 12:56:40 - Row :142 - Parsing item.
12-18-2022 @ 12:56:40 - Row :142 - Processing item.
12-18-2022 @ 12:56:40 - Found variation product object. ID:160752
12-18-2022 @ 12:56:40 - Row :142 - Product updated successfully.
12-18-2022 @ 12:56:40 - Row :143 - Parsing item.
12-18-2022 @ 12:56:40 - Row :143 - Processing item.
12-18-2022 @ 12:56:40 - Found variation product object. ID:160751
12-18-2022 @ 12:56:40 - Row :143 - Product updated successfully.
12-18-2022 @ 12:56:40 - Row :144 - Parsing item.
12-18-2022 @ 12:56:40 - Row :144 - Processing item.
12-18-2022 @ 12:56:40 - Found variation product object. ID:160750
12-18-2022 @ 12:56:40 - Row :144 - Product updated successfully.
12-18-2022 @ 12:56:40 - Row :145 - Parsing item.
12-18-2022 @ 12:56:40 - Row :145 - Processing item.
12-18-2022 @ 12:56:40 - Found variation product object. ID:160749
12-18-2022 @ 12:56:40 - Row :145 - Product updated successfully.
12-18-2022 @ 12:56:40 - Row :146 - Parsing item.
12-18-2022 @ 12:56:40 - Row :146 - Processing item.
12-18-2022 @ 12:56:40 - Found variation product object. ID:160748
12-18-2022 @ 12:56:40 - Row :146 - Product updated successfully.
12-18-2022 @ 12:56:40 - Row :147 - Parsing item.
12-18-2022 @ 12:56:40 - Row :147 - Processing item.
12-18-2022 @ 12:56:40 - Found simple product object. ID:160747
12-18-2022 @ 12:56:40 - Row :147 - Product updated successfully.
12-18-2022 @ 12:56:40 - Row :148 - Parsing item.
12-18-2022 @ 12:56:40 - Row :148 - Processing item.
12-18-2022 @ 12:56:40 - Found variation product object. ID:160746
12-18-2022 @ 12:56:40 - Row :148 - Product updated successfully.
12-18-2022 @ 12:56:40 - Row :149 - Parsing item.
12-18-2022 @ 12:56:40 - Row :149 - Processing item.
12-18-2022 @ 12:56:40 - Found variation product object. ID:160745
12-18-2022 @ 12:56:41 - Row :149 - Product updated successfully.
12-18-2022 @ 12:56:41 - Row :150 - Parsing item.
12-18-2022 @ 12:56:41 - Row :150 - Processing item.
12-18-2022 @ 12:56:41 - Found variation product object. ID:160744
12-18-2022 @ 12:56:41 - Row :150 - Product updated successfully.
12-18-2022 @ 12:56:42 - Preparing for import.
12-18-2022 @ 12:56:42 - Row :151 - Parsing item.
12-18-2022 @ 12:56:42 - Row :151 - Processing item.
12-18-2022 @ 12:56:42 - Found variation product object. ID:160743
12-18-2022 @ 12:56:42 - Row :151 - Product updated successfully.
12-18-2022 @ 12:56:42 - Row :152 - Parsing item.
12-18-2022 @ 12:56:42 - Row :152 - Processing item.
12-18-2022 @ 12:56:42 - Found variation product object. ID:160742
12-18-2022 @ 12:56:42 - Row :152 - Product updated successfully.
12-18-2022 @ 12:56:42 - Row :153 - Parsing item.
12-18-2022 @ 12:56:42 - Row :153 - Processing item.
12-18-2022 @ 12:56:42 - Found variation product object. ID:160741
12-18-2022 @ 12:56:42 - Row :153 - Product updated successfully.
12-18-2022 @ 12:56:42 - Row :154 - Parsing item.
12-18-2022 @ 12:56:42 - Row :154 - Processing item.
12-18-2022 @ 12:56:42 - Found variation product object. ID:160740
12-18-2022 @ 12:56:42 - Row :154 - Product updated successfully.
12-18-2022 @ 12:56:42 - Row :155 - Parsing item.
12-18-2022 @ 12:56:42 - Row :155 - Processing item.
12-18-2022 @ 12:56:42 - Found variation product object. ID:160739
12-18-2022 @ 12:56:42 - Row :155 - Product updated successfully.
12-18-2022 @ 12:56:42 - Row :156 - Parsing item.
12-18-2022 @ 12:56:42 - Row :156 - Processing item.
12-18-2022 @ 12:56:42 - Found variation product object. ID:160738
12-18-2022 @ 12:56:42 - Row :156 - Product updated successfully.
12-18-2022 @ 12:56:42 - Row :157 - Parsing item.
12-18-2022 @ 12:56:42 - Row :157 - Processing item.
12-18-2022 @ 12:56:42 - Found simple product object. ID:160737
12-18-2022 @ 12:56:42 - Row :157 - Product updated successfully.
12-18-2022 @ 12:56:42 - Row :158 - Parsing item.
12-18-2022 @ 12:56:42 - Row :158 - Processing item.
12-18-2022 @ 12:56:42 - Found variation product object. ID:160736
12-18-2022 @ 12:56:42 - Row :158 - Product updated successfully.
12-18-2022 @ 12:56:42 - Row :159 - Parsing item.
12-18-2022 @ 12:56:42 - Row :159 - Processing item.
12-18-2022 @ 12:56:42 - Found variation product object. ID:160735
12-18-2022 @ 12:56:42 - Row :159 - Product updated successfully.
12-18-2022 @ 12:56:42 - Row :160 - Parsing item.
12-18-2022 @ 12:56:42 - Row :160 - Processing item.
12-18-2022 @ 12:56:42 - Found variation product object. ID:160734
12-18-2022 @ 12:56:42 - Row :160 - Product updated successfully.
12-18-2022 @ 12:56:43 - Preparing for import.
12-18-2022 @ 12:56:43 - Row :161 - Parsing item.
12-18-2022 @ 12:56:43 - Row :161 - Processing item.
12-18-2022 @ 12:56:43 - Found variation product object. ID:160733
12-18-2022 @ 12:56:43 - Row :161 - Product updated successfully.
12-18-2022 @ 12:56:43 - Row :162 - Parsing item.
12-18-2022 @ 12:56:43 - Row :162 - Processing item.
12-18-2022 @ 12:56:43 - Found variation product object. ID:160732
12-18-2022 @ 12:56:44 - Row :162 - Product updated successfully.
12-18-2022 @ 12:56:44 - Row :163 - Parsing item.
12-18-2022 @ 12:56:44 - Row :163 - Processing item.
12-18-2022 @ 12:56:44 - Found variation product object. ID:160731
12-18-2022 @ 12:56:44 - Row :163 - Product updated successfully.
12-18-2022 @ 12:56:44 - Row :164 - Parsing item.
12-18-2022 @ 12:56:44 - Row :164 - Processing item.
12-18-2022 @ 12:56:44 - Found simple product object. ID:160730
12-18-2022 @ 12:56:44 - Row :164 - Product updated successfully.
12-18-2022 @ 12:56:44 - Row :165 - Parsing item.
12-18-2022 @ 12:56:44 - Row :165 - Processing item.
12-18-2022 @ 12:56:44 - Found variation product object. ID:160729
12-18-2022 @ 12:56:44 - Row :165 - Product updated successfully.
12-18-2022 @ 12:56:44 - Row :166 - Parsing item.
12-18-2022 @ 12:56:44 - Row :166 - Processing item.
12-18-2022 @ 12:56:44 - Found variation product object. ID:160728
12-18-2022 @ 12:56:44 - Row :166 - Product updated successfully.
12-18-2022 @ 12:56:44 - Row :167 - Parsing item.
12-18-2022 @ 12:56:44 - Row :167 - Processing item.
12-18-2022 @ 12:56:44 - Found variation product object. ID:160727
12-18-2022 @ 12:56:44 - Row :167 - Product updated successfully.
12-18-2022 @ 12:56:44 - Row :168 - Parsing item.
12-18-2022 @ 12:56:44 - Row :168 - Processing item.
12-18-2022 @ 12:56:44 - Found variation product object. ID:160726
12-18-2022 @ 12:56:44 - Row :168 - Product updated successfully.
12-18-2022 @ 12:56:44 - Row :169 - Parsing item.
12-18-2022 @ 12:56:44 - Row :169 - Processing item.
12-18-2022 @ 12:56:44 - Found variation product object. ID:160725
12-18-2022 @ 12:56:44 - Row :169 - Product updated successfully.
12-18-2022 @ 12:56:44 - Row :170 - Parsing item.
12-18-2022 @ 12:56:44 - Row :170 - Processing item.
12-18-2022 @ 12:56:44 - Found variation product object. ID:160724
12-18-2022 @ 12:56:44 - Row :170 - Product updated successfully.
12-18-2022 @ 12:56:45 - Preparing for import.
12-18-2022 @ 12:56:45 - Row :171 - Parsing item.
12-18-2022 @ 12:56:45 - Row :171 - Processing item.
12-18-2022 @ 12:56:45 - Found variation product object. ID:160723
12-18-2022 @ 12:56:45 - Row :171 - Product updated successfully.
12-18-2022 @ 12:56:45 - Row :172 - Parsing item.
12-18-2022 @ 12:56:45 - Row :172 - Processing item.
12-18-2022 @ 12:56:45 - Found variation product object. ID:160722
12-18-2022 @ 12:56:45 - Row :172 - Product updated successfully.
12-18-2022 @ 12:56:45 - Row :173 - Parsing item.
12-18-2022 @ 12:56:45 - Row :173 - Processing item.
12-18-2022 @ 12:56:45 - Found variation product object. ID:160721
12-18-2022 @ 12:56:45 - Row :173 - Product updated successfully.
12-18-2022 @ 12:56:45 - Row :174 - Parsing item.
12-18-2022 @ 12:56:45 - Row :174 - Processing item.
12-18-2022 @ 12:56:45 - Found variation product object. ID:160720
12-18-2022 @ 12:56:45 - Row :174 - Product updated successfully.
12-18-2022 @ 12:56:45 - Row :175 - Parsing item.
12-18-2022 @ 12:56:45 - Row :175 - Processing item.
12-18-2022 @ 12:56:45 - Found variation product object. ID:160719
12-18-2022 @ 12:56:45 - Row :175 - Product updated successfully.
12-18-2022 @ 12:56:45 - Row :176 - Parsing item.
12-18-2022 @ 12:56:45 - Row :176 - Processing item.
12-18-2022 @ 12:56:45 - Found variation product object. ID:160718
12-18-2022 @ 12:56:45 - Row :176 - Product updated successfully.
12-18-2022 @ 12:56:45 - Row :177 - Parsing item.
12-18-2022 @ 12:56:45 - Row :177 - Processing item.
12-18-2022 @ 12:56:45 - Found variation product object. ID:160717
12-18-2022 @ 12:56:45 - Row :177 - Product updated successfully.
12-18-2022 @ 12:56:45 - Row :178 - Parsing item.
12-18-2022 @ 12:56:45 - Row :178 - Processing item.
12-18-2022 @ 12:56:45 - Found simple product object. ID:160716
12-18-2022 @ 12:56:45 - Row :178 - Product updated successfully.
12-18-2022 @ 12:56:45 - Row :179 - Parsing item.
12-18-2022 @ 12:56:45 - Row :179 - Processing item.
12-18-2022 @ 12:56:45 - Found variation product object. ID:160715
12-18-2022 @ 12:56:45 - Row :179 - Product updated successfully.
12-18-2022 @ 12:56:45 - Row :180 - Parsing item.
12-18-2022 @ 12:56:45 - Row :180 - Processing item.
12-18-2022 @ 12:56:45 - Found variation product object. ID:160714
12-18-2022 @ 12:56:45 - Row :180 - Product updated successfully.
12-18-2022 @ 12:56:46 - Preparing for import.
12-18-2022 @ 12:56:46 - Row :181 - Parsing item.
12-18-2022 @ 12:56:46 - Row :181 - Processing item.
12-18-2022 @ 12:56:46 - Found variation product object. ID:160713
12-18-2022 @ 12:56:46 - Row :181 - Product updated successfully.
12-18-2022 @ 12:56:46 - Row :182 - Parsing item.
12-18-2022 @ 12:56:46 - Row :182 - Processing item.
12-18-2022 @ 12:56:46 - Found variation product object. ID:160712
12-18-2022 @ 12:56:46 - Row :182 - Product updated successfully.
12-18-2022 @ 12:56:46 - Row :183 - Parsing item.
12-18-2022 @ 12:56:46 - Row :183 - Processing item.
12-18-2022 @ 12:56:46 - Found variation product object. ID:160711
12-18-2022 @ 12:56:46 - Row :183 - Product updated successfully.
12-18-2022 @ 12:56:46 - Row :184 - Parsing item.
12-18-2022 @ 12:56:46 - Row :184 - Processing item.
12-18-2022 @ 12:56:46 - Found variation product object. ID:160710
12-18-2022 @ 12:56:46 - Row :184 - Product updated successfully.
12-18-2022 @ 12:56:46 - Row :185 - Parsing item.
12-18-2022 @ 12:56:46 - Row :185 - Processing item.
12-18-2022 @ 12:56:46 - Found variation product object. ID:160709
12-18-2022 @ 12:56:46 - Row :185 - Product updated successfully.
12-18-2022 @ 12:56:46 - Row :186 - Parsing item.
12-18-2022 @ 12:56:46 - Row :186 - Processing item.
12-18-2022 @ 12:56:46 - Found variation product object. ID:160708
12-18-2022 @ 12:56:47 - Row :186 - Product updated successfully.
12-18-2022 @ 12:56:47 - Row :187 - Parsing item.
12-18-2022 @ 12:56:47 - Row :187 - Processing item.
12-18-2022 @ 12:56:47 - Found variation product object. ID:160707
12-18-2022 @ 12:56:47 - Row :187 - Product updated successfully.
12-18-2022 @ 12:56:47 - Row :188 - Parsing item.
12-18-2022 @ 12:56:47 - Row :188 - Processing item.
12-18-2022 @ 12:56:47 - Found variation product object. ID:160706
12-18-2022 @ 12:56:47 - Row :188 - Product updated successfully.
12-18-2022 @ 12:56:47 - Row :189 - Parsing item.
12-18-2022 @ 12:56:47 - Row :189 - Processing item.
12-18-2022 @ 12:56:47 - Found variation product object. ID:160705
12-18-2022 @ 12:56:47 - Row :189 - Product updated successfully.
12-18-2022 @ 12:56:47 - Row :190 - Parsing item.
12-18-2022 @ 12:56:47 - Row :190 - Processing item.
12-18-2022 @ 12:56:47 - Found variation product object. ID:160704
12-18-2022 @ 12:56:47 - Row :190 - Product updated successfully.
12-18-2022 @ 12:56:48 - Preparing for import.
12-18-2022 @ 12:56:48 - Row :191 - Parsing item.
12-18-2022 @ 12:56:48 - Row :191 - Processing item.
12-18-2022 @ 12:56:48 - Found variation product object. ID:160703
12-18-2022 @ 12:56:48 - Row :191 - Product updated successfully.
12-18-2022 @ 12:56:48 - Row :192 - Parsing item.
12-18-2022 @ 12:56:48 - Row :192 - Processing item.
12-18-2022 @ 12:56:48 - Found variation product object. ID:160702
12-18-2022 @ 12:56:48 - Row :192 - Product updated successfully.
12-18-2022 @ 12:56:48 - Row :193 - Parsing item.
12-18-2022 @ 12:56:48 - Row :193 - Processing item.
12-18-2022 @ 12:56:48 - Found simple product object. ID:160701
12-18-2022 @ 12:56:48 - Row :193 - Product updated successfully.
12-18-2022 @ 12:56:48 - Row :194 - Parsing item.
12-18-2022 @ 12:56:48 - Row :194 - Processing item.
12-18-2022 @ 12:56:48 - Found variation product object. ID:160700
12-18-2022 @ 12:56:48 - Row :194 - Product updated successfully.
12-18-2022 @ 12:56:48 - Row :195 - Parsing item.
12-18-2022 @ 12:56:48 - Row :195 - Processing item.
12-18-2022 @ 12:56:48 - Found variation product object. ID:160699
12-18-2022 @ 12:56:48 - Row :195 - Product updated successfully.
12-18-2022 @ 12:56:48 - Row :196 - Parsing item.
12-18-2022 @ 12:56:48 - Row :196 - Processing item.
12-18-2022 @ 12:56:48 - Found variation product object. ID:160698
12-18-2022 @ 12:56:48 - Row :196 - Product updated successfully.
12-18-2022 @ 12:56:48 - Row :197 - Parsing item.
12-18-2022 @ 12:56:48 - Row :197 - Processing item.
12-18-2022 @ 12:56:48 - Found variation product object. ID:160697
12-18-2022 @ 12:56:48 - Row :197 - Product updated successfully.
12-18-2022 @ 12:56:48 - Row :198 - Parsing item.
12-18-2022 @ 12:56:48 - Row :198 - Processing item.
12-18-2022 @ 12:56:48 - Found variation product object. ID:160696
12-18-2022 @ 12:56:48 - Row :198 - Product updated successfully.
12-18-2022 @ 12:56:48 - Row :199 - Parsing item.
12-18-2022 @ 12:56:48 - Row :199 - Processing item.
12-18-2022 @ 12:56:48 - Found variation product object. ID:160695
12-18-2022 @ 12:56:48 - Row :199 - Product updated successfully.
12-18-2022 @ 12:56:48 - Row :200 - Parsing item.
12-18-2022 @ 12:56:48 - Row :200 - Processing item.
12-18-2022 @ 12:56:48 - Found simple product object. ID:160694
12-18-2022 @ 12:56:48 - Row :200 - Product updated successfully.
12-18-2022 @ 12:56:49 - Preparing for import.
12-18-2022 @ 12:56:49 - Row :201 - Parsing item.
12-18-2022 @ 12:56:49 - Row :201 - Processing item.
12-18-2022 @ 12:56:49 - Found variation product object. ID:160693
12-18-2022 @ 12:56:49 - Row :201 - Product updated successfully.
12-18-2022 @ 12:56:49 - Row :202 - Parsing item.
12-18-2022 @ 12:56:49 - Row :202 - Processing item.
12-18-2022 @ 12:56:49 - Found simple product object. ID:160692
12-18-2022 @ 12:56:49 - Row :202 - Product updated successfully.
12-18-2022 @ 12:56:49 - Row :203 - Parsing item.
12-18-2022 @ 12:56:49 - Row :203 - Processing item.
12-18-2022 @ 12:56:49 - Found variation product object. ID:160691
12-18-2022 @ 12:56:49 - Row :203 - Product updated successfully.
12-18-2022 @ 12:56:49 - Row :204 - Parsing item.
12-18-2022 @ 12:56:49 - Row :204 - Processing item.
12-18-2022 @ 12:56:49 - Found variation product object. ID:160690
12-18-2022 @ 12:56:49 - Row :204 - Product updated successfully.
12-18-2022 @ 12:56:49 - Row :205 - Parsing item.
12-18-2022 @ 12:56:49 - Row :205 - Processing item.
12-18-2022 @ 12:56:49 - Found variation product object. ID:160689
12-18-2022 @ 12:56:49 - Row :205 - Product updated successfully.
12-18-2022 @ 12:56:49 - Row :206 - Parsing item.
12-18-2022 @ 12:56:49 - Row :206 - Processing item.
12-18-2022 @ 12:56:49 - Found variation product object. ID:160688
12-18-2022 @ 12:56:49 - Row :206 - Product updated successfully.
12-18-2022 @ 12:56:49 - Row :207 - Parsing item.
12-18-2022 @ 12:56:49 - Row :207 - Processing item.
12-18-2022 @ 12:56:49 - Found variation product object. ID:160687
12-18-2022 @ 12:56:49 - Row :207 - Product updated successfully.
12-18-2022 @ 12:56:49 - Row :208 - Parsing item.
12-18-2022 @ 12:56:49 - Row :208 - Processing item.
12-18-2022 @ 12:56:49 - Found variation product object. ID:160686
12-18-2022 @ 12:56:49 - Row :208 - Product updated successfully.
12-18-2022 @ 12:56:49 - Row :209 - Parsing item.
12-18-2022 @ 12:56:49 - Row :209 - Processing item.
12-18-2022 @ 12:56:50 - Found variation product object. ID:160685
12-18-2022 @ 12:56:50 - Row :209 - Product updated successfully.
12-18-2022 @ 12:56:50 - Row :210 - Parsing item.
12-18-2022 @ 12:56:50 - Row :210 - Processing item.
12-18-2022 @ 12:56:50 - Found variation product object. ID:160684
12-18-2022 @ 12:56:50 - Row :210 - Product updated successfully.
12-18-2022 @ 12:56:51 - Preparing for import.
12-18-2022 @ 12:56:51 - Row :211 - Parsing item.
12-18-2022 @ 12:56:51 - Row :211 - Processing item.
12-18-2022 @ 12:56:51 - Found variation product object. ID:160683
12-18-2022 @ 12:56:51 - Row :211 - Product updated successfully.
12-18-2022 @ 12:56:51 - Row :212 - Parsing item.
12-18-2022 @ 12:56:51 - Row :212 - Processing item.
12-18-2022 @ 12:56:51 - Found variation product object. ID:160682
12-18-2022 @ 12:56:51 - Row :212 - Product updated successfully.
12-18-2022 @ 12:56:51 - Row :213 - Parsing item.
12-18-2022 @ 12:56:51 - Row :213 - Processing item.
12-18-2022 @ 12:56:51 - Found variation product object. ID:160681
12-18-2022 @ 12:56:51 - Row :213 - Product updated successfully.
12-18-2022 @ 12:56:51 - Row :214 - Parsing item.
12-18-2022 @ 12:56:51 - Row :214 - Processing item.
12-18-2022 @ 12:56:51 - Found variation product object. ID:160680
12-18-2022 @ 12:56:51 - Row :214 - Product updated successfully.
12-18-2022 @ 12:56:51 - Row :215 - Parsing item.
12-18-2022 @ 12:56:51 - Row :215 - Processing item.
12-18-2022 @ 12:56:51 - Found variation product object. ID:160679
12-18-2022 @ 12:56:51 - Row :215 - Product updated successfully.
12-18-2022 @ 12:56:51 - Row :216 - Parsing item.
12-18-2022 @ 12:56:51 - Row :216 - Processing item.
12-18-2022 @ 12:56:51 - Found variation product object. ID:160678
12-18-2022 @ 12:56:51 - Row :216 - Product updated successfully.
12-18-2022 @ 12:56:51 - Row :217 - Parsing item.
12-18-2022 @ 12:56:51 - Row :217 - Processing item.
12-18-2022 @ 12:56:51 - Found variation product object. ID:160677
12-18-2022 @ 12:56:51 - Row :217 - Product updated successfully.
12-18-2022 @ 12:56:51 - Row :218 - Parsing item.
12-18-2022 @ 12:56:51 - Row :218 - Processing item.
12-18-2022 @ 12:56:51 - Found variation product object. ID:160676
12-18-2022 @ 12:56:51 - Row :218 - Product updated successfully.
12-18-2022 @ 12:56:51 - Row :219 - Parsing item.
12-18-2022 @ 12:56:51 - Row :219 - Processing item.
12-18-2022 @ 12:56:51 - Found variation product object. ID:160675
12-18-2022 @ 12:56:51 - Row :219 - Product updated successfully.
12-18-2022 @ 12:56:51 - Row :220 - Parsing item.
12-18-2022 @ 12:56:51 - Row :220 - Processing item.
12-18-2022 @ 12:56:51 - Found simple product object. ID:160674
12-18-2022 @ 12:56:51 - Row :220 - Product updated successfully.
12-18-2022 @ 12:56:52 - Preparing for import.
12-18-2022 @ 12:56:52 - Row :221 - Parsing item.
12-18-2022 @ 12:56:52 - Row :221 - Processing item.
12-18-2022 @ 12:56:52 - Found variation product object. ID:160673
12-18-2022 @ 12:56:52 - Row :221 - Product updated successfully.
12-18-2022 @ 12:56:52 - Row :222 - Parsing item.
12-18-2022 @ 12:56:52 - Row :222 - Processing item.
12-18-2022 @ 12:56:52 - Found variation product object. ID:160672
12-18-2022 @ 12:56:52 - Row :222 - Product updated successfully.
12-18-2022 @ 12:56:52 - Row :223 - Parsing item.
12-18-2022 @ 12:56:52 - Row :223 - Processing item.
12-18-2022 @ 12:56:52 - Found variation product object. ID:160671
12-18-2022 @ 12:56:52 - Row :223 - Product updated successfully.
12-18-2022 @ 12:56:52 - Row :224 - Parsing item.
12-18-2022 @ 12:56:52 - Row :224 - Processing item.
12-18-2022 @ 12:56:52 - Found variation product object. ID:160670
12-18-2022 @ 12:56:52 - Row :224 - Product updated successfully.
12-18-2022 @ 12:56:52 - Row :225 - Parsing item.
12-18-2022 @ 12:56:52 - Row :225 - Processing item.
12-18-2022 @ 12:56:52 - Found variation product object. ID:160669
12-18-2022 @ 12:56:52 - Row :225 - Product updated successfully.
12-18-2022 @ 12:56:52 - Row :226 - Parsing item.
12-18-2022 @ 12:56:52 - Row :226 - Processing item.
12-18-2022 @ 12:56:52 - Found variation product object. ID:160668
12-18-2022 @ 12:56:52 - Row :226 - Product updated successfully.
12-18-2022 @ 12:56:52 - Row :227 - Parsing item.
12-18-2022 @ 12:56:52 - Row :227 - Processing item.
12-18-2022 @ 12:56:52 - Found variation product object. ID:160667
12-18-2022 @ 12:56:52 - Row :227 - Product updated successfully.
12-18-2022 @ 12:56:52 - Row :228 - Parsing item.
12-18-2022 @ 12:56:52 - Row :228 - Processing item.
12-18-2022 @ 12:56:52 - Found variation product object. ID:160666
12-18-2022 @ 12:56:52 - Row :228 - Product updated successfully.
12-18-2022 @ 12:56:52 - Row :229 - Parsing item.
12-18-2022 @ 12:56:52 - Row :229 - Processing item.
12-18-2022 @ 12:56:52 - Found variation product object. ID:160665
12-18-2022 @ 12:56:52 - Row :229 - Product updated successfully.
12-18-2022 @ 12:56:52 - Row :230 - Parsing item.
12-18-2022 @ 12:56:52 - Row :230 - Processing item.
12-18-2022 @ 12:56:52 - Found variation product object. ID:160664
12-18-2022 @ 12:56:52 - Row :230 - Product updated successfully.
12-18-2022 @ 12:56:54 - Preparing for import.
12-18-2022 @ 12:56:54 - Row :231 - Parsing item.
12-18-2022 @ 12:56:54 - Row :231 - Processing item.
12-18-2022 @ 12:56:54 - Found variation product object. ID:160663
12-18-2022 @ 12:56:54 - Row :231 - Product updated successfully.
12-18-2022 @ 12:56:54 - Row :232 - Parsing item.
12-18-2022 @ 12:56:54 - Row :232 - Processing item.
12-18-2022 @ 12:56:54 - Found variation product object. ID:160662
12-18-2022 @ 12:56:54 - Row :232 - Product updated successfully.
12-18-2022 @ 12:56:54 - Row :233 - Parsing item.
12-18-2022 @ 12:56:54 - Row :233 - Processing item.
12-18-2022 @ 12:56:54 - Found variation product object. ID:160661
12-18-2022 @ 12:56:54 - Row :233 - Product updated successfully.
12-18-2022 @ 12:56:54 - Row :234 - Parsing item.
12-18-2022 @ 12:56:54 - Row :234 - Processing item.
12-18-2022 @ 12:56:54 - Found variation product object. ID:160660
12-18-2022 @ 12:56:54 - Row :234 - Product updated successfully.
12-18-2022 @ 12:56:54 - Row :235 - Parsing item.
12-18-2022 @ 12:56:54 - Row :235 - Processing item.
12-18-2022 @ 12:56:54 - Found variation product object. ID:160659
12-18-2022 @ 12:56:54 - Row :235 - Product updated successfully.
12-18-2022 @ 12:56:54 - Row :236 - Parsing item.
12-18-2022 @ 12:56:54 - Row :236 - Processing item.
12-18-2022 @ 12:56:54 - Found variation product object. ID:160658
12-18-2022 @ 12:56:54 - Row :236 - Product updated successfully.
12-18-2022 @ 12:56:54 - Row :237 - Parsing item.
12-18-2022 @ 12:56:54 - Row :237 - Processing item.
12-18-2022 @ 12:56:54 - Found variation product object. ID:160657
12-18-2022 @ 12:56:54 - Row :237 - Product updated successfully.
12-18-2022 @ 12:56:54 - Row :238 - Parsing item.
12-18-2022 @ 12:56:54 - Row :238 - Processing item.
12-18-2022 @ 12:56:54 - Found variation product object. ID:160656
12-18-2022 @ 12:56:54 - Row :238 - Product updated successfully.
12-18-2022 @ 12:56:54 - Row :239 - Parsing item.
12-18-2022 @ 12:56:54 - Row :239 - Processing item.
12-18-2022 @ 12:56:54 - Found variation product object. ID:160655
12-18-2022 @ 12:56:54 - Row :239 - Product updated successfully.
12-18-2022 @ 12:56:54 - Row :240 - Parsing item.
12-18-2022 @ 12:56:54 - Row :240 - Processing item.
12-18-2022 @ 12:56:54 - Found variation product object. ID:160654
12-18-2022 @ 12:56:54 - Row :240 - Product updated successfully.
12-18-2022 @ 12:56:55 - Preparing for import.
12-18-2022 @ 12:56:55 - Row :241 - Parsing item.
12-18-2022 @ 12:56:55 - Row :241 - Processing item.
12-18-2022 @ 12:56:55 - Found variation product object. ID:160653
12-18-2022 @ 12:56:55 - Row :241 - Product updated successfully.
12-18-2022 @ 12:56:55 - Row :242 - Parsing item.
12-18-2022 @ 12:56:55 - Row :242 - Processing item.
12-18-2022 @ 12:56:55 - Found variation product object. ID:160652
12-18-2022 @ 12:56:55 - Row :242 - Product updated successfully.
12-18-2022 @ 12:56:55 - Row :243 - Parsing item.
12-18-2022 @ 12:56:55 - Row :243 - Processing item.
12-18-2022 @ 12:56:55 - Found variation product object. ID:160651
12-18-2022 @ 12:56:55 - Row :243 - Product updated successfully.
12-18-2022 @ 12:56:55 - Row :244 - Parsing item.
12-18-2022 @ 12:56:55 - Row :244 - Processing item.
12-18-2022 @ 12:56:55 - Found variation product object. ID:160650
12-18-2022 @ 12:56:55 - Row :244 - Product updated successfully.
12-18-2022 @ 12:56:55 - Row :245 - Parsing item.
12-18-2022 @ 12:56:55 - Row :245 - Processing item.
12-18-2022 @ 12:56:55 - Found variation product object. ID:160649
12-18-2022 @ 12:56:55 - Row :245 - Product updated successfully.
12-18-2022 @ 12:56:55 - Row :246 - Parsing item.
12-18-2022 @ 12:56:55 - Row :246 - Processing item.
12-18-2022 @ 12:56:55 - Found variation product object. ID:160648
12-18-2022 @ 12:56:55 - Row :246 - Product updated successfully.
12-18-2022 @ 12:56:55 - Row :247 - Parsing item.
12-18-2022 @ 12:56:55 - Row :247 - Processing item.
12-18-2022 @ 12:56:55 - Found variation product object. ID:160647
12-18-2022 @ 12:56:55 - Row :247 - Product updated successfully.
12-18-2022 @ 12:56:55 - Row :248 - Parsing item.
12-18-2022 @ 12:56:55 - Row :248 - Processing item.
12-18-2022 @ 12:56:55 - Found variation product object. ID:160646
12-18-2022 @ 12:56:55 - Row :248 - Product updated successfully.
12-18-2022 @ 12:56:55 - Row :249 - Parsing item.
12-18-2022 @ 12:56:55 - Row :249 - Processing item.
12-18-2022 @ 12:56:55 - Found variation product object. ID:160645
12-18-2022 @ 12:56:55 - Row :249 - Product updated successfully.
12-18-2022 @ 12:56:55 - Row :250 - Parsing item.
12-18-2022 @ 12:56:55 - Row :250 - Processing item.
12-18-2022 @ 12:56:55 - Found variation product object. ID:160644
12-18-2022 @ 12:56:55 - Row :250 - Product updated successfully.
12-18-2022 @ 12:56:57 - Preparing for import.
12-18-2022 @ 12:56:57 - Row :251 - Parsing item.
12-18-2022 @ 12:56:57 - Row :251 - Processing item.
12-18-2022 @ 12:56:57 - Found variation product object. ID:160643
12-18-2022 @ 12:56:57 - Row :251 - Product updated successfully.
12-18-2022 @ 12:56:57 - Row :252 - Parsing item.
12-18-2022 @ 12:56:57 - Row :252 - Processing item.
12-18-2022 @ 12:56:57 - Found variation product object. ID:160642
12-18-2022 @ 12:56:57 - Row :252 - Product updated successfully.
12-18-2022 @ 12:56:57 - Row :253 - Parsing item.
12-18-2022 @ 12:56:57 - Row :253 - Processing item.
12-18-2022 @ 12:56:57 - Found variation product object. ID:160641
12-18-2022 @ 12:56:57 - Row :253 - Product updated successfully.
12-18-2022 @ 12:56:57 - Row :254 - Parsing item.
12-18-2022 @ 12:56:57 - Row :254 - Processing item.
12-18-2022 @ 12:56:57 - Found variation product object. ID:160640
12-18-2022 @ 12:56:57 - Row :254 - Product updated successfully.
12-18-2022 @ 12:56:57 - Row :255 - Parsing item.
12-18-2022 @ 12:56:57 - Row :255 - Processing item.
12-18-2022 @ 12:56:57 - Found variation product object. ID:160639
12-18-2022 @ 12:56:57 - Row :255 - Product updated successfully.
12-18-2022 @ 12:56:57 - Row :256 - Parsing item.
12-18-2022 @ 12:56:57 - Row :256 - Processing item.
12-18-2022 @ 12:56:57 - Found variation product object. ID:160638
12-18-2022 @ 12:56:57 - Row :256 - Product updated successfully.
12-18-2022 @ 12:56:57 - Row :257 - Parsing item.
12-18-2022 @ 12:56:57 - Row :257 - Processing item.
12-18-2022 @ 12:56:57 - Found variation product object. ID:160637
12-18-2022 @ 12:56:57 - Row :257 - Product updated successfully.
12-18-2022 @ 12:56:57 - Row :258 - Parsing item.
12-18-2022 @ 12:56:57 - Row :258 - Processing item.
12-18-2022 @ 12:56:57 - Found variation product object. ID:160636
12-18-2022 @ 12:56:57 - Row :258 - Product updated successfully.
12-18-2022 @ 12:56:57 - Row :259 - Parsing item.
12-18-2022 @ 12:56:57 - Row :259 - Processing item.
12-18-2022 @ 12:56:57 - Found variation product object. ID:160635
12-18-2022 @ 12:56:57 - Row :259 - Product updated successfully.
12-18-2022 @ 12:56:57 - Row :260 - Parsing item.
12-18-2022 @ 12:56:57 - Row :260 - Processing item.
12-18-2022 @ 12:56:57 - Found variation product object. ID:160634
12-18-2022 @ 12:56:57 - Row :260 - Product updated successfully.
12-18-2022 @ 12:56:58 - Preparing for import.
12-18-2022 @ 12:56:58 - Row :261 - Parsing item.
12-18-2022 @ 12:56:58 - Row :261 - Processing item.
12-18-2022 @ 12:56:58 - Found variation product object. ID:160633
12-18-2022 @ 12:56:58 - Row :261 - Product updated successfully.
12-18-2022 @ 12:56:58 - Row :262 - Parsing item.
12-18-2022 @ 12:56:58 - Row :262 - Processing item.
12-18-2022 @ 12:56:58 - Found variation product object. ID:160632
12-18-2022 @ 12:56:58 - Row :262 - Product updated successfully.
12-18-2022 @ 12:56:58 - Row :263 - Parsing item.
12-18-2022 @ 12:56:58 - Row :263 - Processing item.
12-18-2022 @ 12:56:58 - Found variation product object. ID:160631
12-18-2022 @ 12:56:58 - Row :263 - Product updated successfully.
12-18-2022 @ 12:56:58 - Row :264 - Parsing item.
12-18-2022 @ 12:56:58 - Row :264 - Processing item.
12-18-2022 @ 12:56:58 - Found variation product object. ID:160630
12-18-2022 @ 12:56:58 - Row :264 - Product updated successfully.
12-18-2022 @ 12:56:58 - Row :265 - Parsing item.
12-18-2022 @ 12:56:58 - Row :265 - Processing item.
12-18-2022 @ 12:56:58 - Found variation product object. ID:160629
12-18-2022 @ 12:56:58 - Row :265 - Product updated successfully.
12-18-2022 @ 12:56:58 - Row :266 - Parsing item.
12-18-2022 @ 12:56:58 - Row :266 - Processing item.
12-18-2022 @ 12:56:58 - Found variation product object. ID:160628
12-18-2022 @ 12:56:58 - Row :266 - Product updated successfully.
12-18-2022 @ 12:56:58 - Row :267 - Parsing item.
12-18-2022 @ 12:56:58 - Row :267 - Processing item.
12-18-2022 @ 12:56:58 - Found variation product object. ID:160627
12-18-2022 @ 12:56:58 - Row :267 - Product updated successfully.
12-18-2022 @ 12:56:58 - Row :268 - Parsing item.
12-18-2022 @ 12:56:58 - Row :268 - Processing item.
12-18-2022 @ 12:56:58 - Found variation product object. ID:160626
12-18-2022 @ 12:56:58 - Row :268 - Product updated successfully.
12-18-2022 @ 12:56:58 - Row :269 - Parsing item.
12-18-2022 @ 12:56:58 - Row :269 - Processing item.
12-18-2022 @ 12:56:58 - Found variation product object. ID:160625
12-18-2022 @ 12:56:58 - Row :269 - Product updated successfully.
12-18-2022 @ 12:56:58 - Row :270 - Parsing item.
12-18-2022 @ 12:56:58 - Row :270 - Processing item.
12-18-2022 @ 12:56:58 - Found variation product object. ID:160624
12-18-2022 @ 12:56:58 - Row :270 - Product updated successfully.
12-18-2022 @ 12:56:59 - Preparing for import.
12-18-2022 @ 12:56:59 - Row :271 - Parsing item.
12-18-2022 @ 12:56:59 - Row :271 - Processing item.
12-18-2022 @ 12:56:59 - Found variation product object. ID:160623
12-18-2022 @ 12:56:59 - Row :271 - Product updated successfully.
12-18-2022 @ 12:56:59 - Row :272 - Parsing item.
12-18-2022 @ 12:56:59 - Row :272 - Processing item.
12-18-2022 @ 12:57:00 - Found variation product object. ID:160622
12-18-2022 @ 12:57:00 - Row :272 - Product updated successfully.
12-18-2022 @ 12:57:00 - Row :273 - Parsing item.
12-18-2022 @ 12:57:00 - Row :273 - Processing item.
12-18-2022 @ 12:57:00 - Found variation product object. ID:160621
12-18-2022 @ 12:57:00 - Row :273 - Product updated successfully.
12-18-2022 @ 12:57:00 - Row :274 - Parsing item.
12-18-2022 @ 12:57:00 - Row :274 - Processing item.
12-18-2022 @ 12:57:00 - Found variation product object. ID:160620
12-18-2022 @ 12:57:00 - Row :274 - Product updated successfully.
12-18-2022 @ 12:57:00 - Row :275 - Parsing item.
12-18-2022 @ 12:57:00 - Row :275 - Processing item.
12-18-2022 @ 12:57:00 - Found variation product object. ID:160619
12-18-2022 @ 12:57:00 - Row :275 - Product updated successfully.
12-18-2022 @ 12:57:00 - Row :276 - Parsing item.
12-18-2022 @ 12:57:00 - Row :276 - Processing item.
12-18-2022 @ 12:57:00 - Found variation product object. ID:160618
12-18-2022 @ 12:57:00 - Row :276 - Product updated successfully.
12-18-2022 @ 12:57:00 - Row :277 - Parsing item.
12-18-2022 @ 12:57:00 - Row :277 - Processing item.
12-18-2022 @ 12:57:00 - Found variation product object. ID:160617
12-18-2022 @ 12:57:00 - Row :277 - Product updated successfully.
12-18-2022 @ 12:57:00 - Row :278 - Parsing item.
12-18-2022 @ 12:57:00 - Row :278 - Processing item.
12-18-2022 @ 12:57:00 - Found variation product object. ID:160616
12-18-2022 @ 12:57:00 - Row :278 - Product updated successfully.
12-18-2022 @ 12:57:00 - Row :279 - Parsing item.
12-18-2022 @ 12:57:00 - Row :279 - Processing item.
12-18-2022 @ 12:57:00 - Found variation product object. ID:160615
12-18-2022 @ 12:57:00 - Row :279 - Product updated successfully.
12-18-2022 @ 12:57:00 - Row :280 - Parsing item.
12-18-2022 @ 12:57:00 - Row :280 - Processing item.
12-18-2022 @ 12:57:00 - Found variation product object. ID:160614
12-18-2022 @ 12:57:00 - Row :280 - Product updated successfully.
12-18-2022 @ 12:57:01 - Preparing for import.
12-18-2022 @ 12:57:01 - Row :281 - Parsing item.
12-18-2022 @ 12:57:01 - Row :281 - Processing item.
12-18-2022 @ 12:57:01 - Found variation product object. ID:160613
12-18-2022 @ 12:57:01 - Row :281 - Product updated successfully.
12-18-2022 @ 12:57:01 - Row :282 - Parsing item.
12-18-2022 @ 12:57:01 - Row :282 - Processing item.
12-18-2022 @ 12:57:01 - Found variation product object. ID:160612
12-18-2022 @ 12:57:01 - Row :282 - Product updated successfully.
12-18-2022 @ 12:57:01 - Row :283 - Parsing item.
12-18-2022 @ 12:57:01 - Row :283 - Processing item.
12-18-2022 @ 12:57:01 - Found variation product object. ID:160611
12-18-2022 @ 12:57:01 - Row :283 - Product updated successfully.
12-18-2022 @ 12:57:01 - Row :284 - Parsing item.
12-18-2022 @ 12:57:01 - Row :284 - Processing item.
12-18-2022 @ 12:57:01 - Found variation product object. ID:160610
12-18-2022 @ 12:57:01 - Row :284 - Product updated successfully.
12-18-2022 @ 12:57:01 - Row :285 - Parsing item.
12-18-2022 @ 12:57:01 - Row :285 - Processing item.
12-18-2022 @ 12:57:01 - Found variation product object. ID:160609
12-18-2022 @ 12:57:01 - Row :285 - Product updated successfully.
12-18-2022 @ 12:57:01 - Row :286 - Parsing item.
12-18-2022 @ 12:57:01 - Row :286 - Processing item.
12-18-2022 @ 12:57:01 - Found variation product object. ID:160608
12-18-2022 @ 12:57:01 - Row :286 - Product updated successfully.
12-18-2022 @ 12:57:01 - Row :287 - Parsing item.
12-18-2022 @ 12:57:01 - Row :287 - Processing item.
12-18-2022 @ 12:57:01 - Found variation product object. ID:160607
12-18-2022 @ 12:57:01 - Row :287 - Product updated successfully.
12-18-2022 @ 12:57:01 - Row :288 - Parsing item.
12-18-2022 @ 12:57:01 - Row :288 - Processing item.
12-18-2022 @ 12:57:01 - Found variation product object. ID:160606
12-18-2022 @ 12:57:01 - Row :288 - Product updated successfully.
12-18-2022 @ 12:57:01 - Row :289 - Parsing item.
12-18-2022 @ 12:57:01 - Row :289 - Processing item.
12-18-2022 @ 12:57:01 - Found variation product object. ID:160605
12-18-2022 @ 12:57:01 - Row :289 - Product updated successfully.
12-18-2022 @ 12:57:01 - Row :290 - Parsing item.
12-18-2022 @ 12:57:01 - Row :290 - Processing item.
12-18-2022 @ 12:57:01 - Found variation product object. ID:160604
12-18-2022 @ 12:57:01 - Row :290 - Product updated successfully.
12-18-2022 @ 12:57:02 - Preparing for import.
12-18-2022 @ 12:57:02 - Row :291 - Parsing item.
12-18-2022 @ 12:57:02 - Row :291 - Processing item.
12-18-2022 @ 12:57:02 - Found variation product object. ID:160603
12-18-2022 @ 12:57:02 - Row :291 - Product updated successfully.
12-18-2022 @ 12:57:02 - Row :292 - Parsing item.
12-18-2022 @ 12:57:02 - Row :292 - Processing item.
12-18-2022 @ 12:57:02 - Found variation product object. ID:160602
12-18-2022 @ 12:57:02 - Row :292 - Product updated successfully.
12-18-2022 @ 12:57:02 - Row :293 - Parsing item.
12-18-2022 @ 12:57:02 - Row :293 - Processing item.
12-18-2022 @ 12:57:02 - Found variation product object. ID:160601
12-18-2022 @ 12:57:02 - Row :293 - Product updated successfully.
12-18-2022 @ 12:57:02 - Row :294 - Parsing item.
12-18-2022 @ 12:57:02 - Row :294 - Processing item.
12-18-2022 @ 12:57:02 - Found variation product object. ID:160600
12-18-2022 @ 12:57:02 - Row :294 - Product updated successfully.
12-18-2022 @ 12:57:02 - Row :295 - Parsing item.
12-18-2022 @ 12:57:02 - Row :295 - Processing item.
12-18-2022 @ 12:57:02 - Found variation product object. ID:160599
12-18-2022 @ 12:57:02 - Row :295 - Product updated successfully.
12-18-2022 @ 12:57:02 - Row :296 - Parsing item.
12-18-2022 @ 12:57:02 - Row :296 - Processing item.
12-18-2022 @ 12:57:02 - Found variation product object. ID:160598
12-18-2022 @ 12:57:02 - Row :296 - Product updated successfully.
12-18-2022 @ 12:57:02 - Row :297 - Parsing item.
12-18-2022 @ 12:57:02 - Row :297 - Processing item.
12-18-2022 @ 12:57:02 - Found variation product object. ID:160597
12-18-2022 @ 12:57:02 - Row :297 - Product updated successfully.
12-18-2022 @ 12:57:02 - Row :298 - Parsing item.
12-18-2022 @ 12:57:02 - Row :298 - Processing item.
12-18-2022 @ 12:57:02 - Found variation product object. ID:160596
12-18-2022 @ 12:57:02 - Row :298 - Product updated successfully.
12-18-2022 @ 12:57:02 - Row :299 - Parsing item.
12-18-2022 @ 12:57:03 - Row :299 - Processing item.
12-18-2022 @ 12:57:03 - Found variation product object. ID:160595
12-18-2022 @ 12:57:03 - Row :299 - Product updated successfully.
12-18-2022 @ 12:57:03 - Row :300 - Parsing item.
12-18-2022 @ 12:57:03 - Row :300 - Processing item.
12-18-2022 @ 12:57:03 - Found variation product object. ID:160594
12-18-2022 @ 12:57:03 - Row :300 - Product updated successfully.
12-18-2022 @ 12:57:04 - Preparing for import.
12-18-2022 @ 12:57:04 - Row :301 - Parsing item.
12-18-2022 @ 12:57:04 - Row :301 - Processing item.
12-18-2022 @ 12:57:04 - Found variation product object. ID:160593
12-18-2022 @ 12:57:04 - Row :301 - Product updated successfully.
12-18-2022 @ 12:57:04 - Row :302 - Parsing item.
12-18-2022 @ 12:57:04 - Row :302 - Processing item.
12-18-2022 @ 12:57:04 - Found variation product object. ID:160592
12-18-2022 @ 12:57:04 - Row :302 - Product updated successfully.
12-18-2022 @ 12:57:04 - Row :303 - Parsing item.
12-18-2022 @ 12:57:04 - Row :303 - Processing item.
12-18-2022 @ 12:57:04 - Found variation product object. ID:160591
12-18-2022 @ 12:57:04 - Row :303 - Product updated successfully.
12-18-2022 @ 12:57:04 - Row :304 - Parsing item.
12-18-2022 @ 12:57:04 - Row :304 - Processing item.
12-18-2022 @ 12:57:04 - Found variation product object. ID:160590
12-18-2022 @ 12:57:04 - Row :304 - Product updated successfully.
12-18-2022 @ 12:57:04 - Row :305 - Parsing item.
12-18-2022 @ 12:57:04 - Row :305 - Processing item.
12-18-2022 @ 12:57:04 - Found variation product object. ID:160589
12-18-2022 @ 12:57:04 - Row :305 - Product updated successfully.
12-18-2022 @ 12:57:04 - Row :306 - Parsing item.
12-18-2022 @ 12:57:04 - Row :306 - Processing item.
12-18-2022 @ 12:57:04 - Found simple product object. ID:160588
12-18-2022 @ 12:57:04 - Row :306 - Product updated successfully.
12-18-2022 @ 12:57:04 - Row :307 - Parsing item.
12-18-2022 @ 12:57:04 - Row :307 - Processing item.
12-18-2022 @ 12:57:04 - Found variation product object. ID:160587
12-18-2022 @ 12:57:04 - Row :307 - Product updated successfully.
12-18-2022 @ 12:57:04 - Row :308 - Parsing item.
12-18-2022 @ 12:57:04 - Row :308 - Processing item.
12-18-2022 @ 12:57:04 - Found variation product object. ID:160586
12-18-2022 @ 12:57:04 - Row :308 - Product updated successfully.
12-18-2022 @ 12:57:04 - Row :309 - Parsing item.
12-18-2022 @ 12:57:04 - Row :309 - Processing item.
12-18-2022 @ 12:57:04 - Found variation product object. ID:160585
12-18-2022 @ 12:57:04 - Row :309 - Product updated successfully.
12-18-2022 @ 12:57:04 - Row :310 - Parsing item.
12-18-2022 @ 12:57:04 - Row :310 - Processing item.
12-18-2022 @ 12:57:04 - Found variation product object. ID:160584
12-18-2022 @ 12:57:04 - Row :310 - Product updated successfully.
12-18-2022 @ 12:57:05 - Preparing for import.
12-18-2022 @ 12:57:05 - Row :311 - Parsing item.
12-18-2022 @ 12:57:05 - Row :311 - Processing item.
12-18-2022 @ 12:57:05 - Found variation product object. ID:160583
12-18-2022 @ 12:57:05 - Row :311 - Product updated successfully.
12-18-2022 @ 12:57:05 - Row :312 - Parsing item.
12-18-2022 @ 12:57:05 - Row :312 - Processing item.
12-18-2022 @ 12:57:05 - Found simple product object. ID:160582
12-18-2022 @ 12:57:05 - Row :312 - Product updated successfully.
12-18-2022 @ 12:57:05 - Row :313 - Parsing item.
12-18-2022 @ 12:57:05 - Row :313 - Processing item.
12-18-2022 @ 12:57:05 - Found variation product object. ID:160581
12-18-2022 @ 12:57:05 - Row :313 - Product updated successfully.
12-18-2022 @ 12:57:05 - Row :314 - Parsing item.
12-18-2022 @ 12:57:05 - Row :314 - Processing item.
12-18-2022 @ 12:57:05 - Found variation product object. ID:160580
12-18-2022 @ 12:57:05 - Row :314 - Product updated successfully.
12-18-2022 @ 12:57:05 - Row :315 - Parsing item.
12-18-2022 @ 12:57:05 - Row :315 - Processing item.
12-18-2022 @ 12:57:05 - Found variation product object. ID:160579
12-18-2022 @ 12:57:05 - Row :315 - Product updated successfully.
12-18-2022 @ 12:57:05 - Row :316 - Parsing item.
12-18-2022 @ 12:57:05 - Row :316 - Processing item.
12-18-2022 @ 12:57:05 - Found variation product object. ID:160578
12-18-2022 @ 12:57:05 - Row :316 - Product updated successfully.
12-18-2022 @ 12:57:05 - Row :317 - Parsing item.
12-18-2022 @ 12:57:05 - Row :317 - Processing item.
12-18-2022 @ 12:57:05 - Found variation product object. ID:160577
12-18-2022 @ 12:57:05 - Row :317 - Product updated successfully.
12-18-2022 @ 12:57:05 - Row :318 - Parsing item.
12-18-2022 @ 12:57:05 - Row :318 - Processing item.
12-18-2022 @ 12:57:05 - Found variation product object. ID:160576
12-18-2022 @ 12:57:05 - Row :318 - Product updated successfully.
12-18-2022 @ 12:57:05 - Row :319 - Parsing item.
12-18-2022 @ 12:57:05 - Row :319 - Processing item.
12-18-2022 @ 12:57:05 - Found variation product object. ID:160575
12-18-2022 @ 12:57:05 - Row :319 - Product updated successfully.
12-18-2022 @ 12:57:05 - Row :320 - Parsing item.
12-18-2022 @ 12:57:05 - Row :320 - Processing item.
12-18-2022 @ 12:57:05 - Found variation product object. ID:160574
12-18-2022 @ 12:57:05 - Row :320 - Product updated successfully.
