12-25-2022 @ 14:48:49 - ---[ New import started at 2022-12-25 14:48:49 ] PHP Memory: 256 MB, WP Memory: 51 B
12-25-2022 @ 14:48:49 - Preparing for import.
12-25-2022 @ 14:48:49 - Row :1 - Parsing item.
12-25-2022 @ 14:48:49 - Row :1 - Processing item.
12-25-2022 @ 14:48:49 - Found simple product object. ID:160668
12-25-2022 @ 14:48:49 - Setting Featured Image. URL:http://rubinmass.co.il/images_one/160668.png
12-25-2022 @ 14:48:54 - Attachment ID:173082
12-25-2022 @ 14:48:54 - Row :1 - Product updated successfully.
12-25-2022 @ 14:48:54 - Row :2 - Parsing item.
12-25-2022 @ 14:48:54 - Row :2 - Processing item.
12-25-2022 @ 14:48:54 - Found simple product object. ID:160239
12-25-2022 @ 14:48:54 - Setting Featured Image. URL:http://rubinmass.co.il/images_one/160239.png
12-25-2022 @ 14:48:58 - Attachment ID:173083
12-25-2022 @ 14:48:58 - Row :2 - Product updated successfully.
12-25-2022 @ 14:48:58 - Row :3 - Parsing item.
12-25-2022 @ 14:48:58 - Row :3 - Processing item.
12-25-2022 @ 14:48:58 - Found simple product object. ID:160094
12-25-2022 @ 14:48:58 - Setting Featured Image. URL:http://rubinmass.co.il/images_one/160094.png
12-25-2022 @ 14:48:59 - Attachment ID:173084
12-25-2022 @ 14:48:59 - Row :3 - Product updated successfully.
12-25-2022 @ 14:48:59 - Row :4 - Parsing item.
12-25-2022 @ 14:48:59 - Row :4 - Processing item.
12-25-2022 @ 14:48:59 - Found simple product object. ID:160086
12-25-2022 @ 14:48:59 - Setting Featured Image. URL:http://rubinmass.co.il/images_one/160086.png
12-25-2022 @ 14:49:04 - Attachment ID:173085
12-25-2022 @ 14:49:04 - Row :4 - Product updated successfully.
12-25-2022 @ 14:49:04 - Row :5 - Parsing item.
12-25-2022 @ 14:49:04 - Row :5 - Processing item.
12-25-2022 @ 14:49:04 - Found simple product object. ID:160085
12-25-2022 @ 14:49:04 - Setting Featured Image. URL:http://rubinmass.co.il/images_one/160085.png
12-25-2022 @ 14:49:09 - Attachment ID:173086
12-25-2022 @ 14:49:09 - Row :5 - Product updated successfully.
12-25-2022 @ 14:49:10 - ---[ Import ended at 2022-12-25 14:49:10]---
