12-25-2022 @ 14:49:13 - ---[ New import started at 2022-12-25 14:49:13 ] PHP Memory: 256 MB, WP Memory: 51 B
12-25-2022 @ 14:49:13 - Preparing for import.
12-25-2022 @ 14:49:13 - Row :1 - Parsing item.
12-25-2022 @ 14:49:13 - Row :1 - Processing item.
12-25-2022 @ 14:49:13 - Found simple product object. ID:160668
12-25-2022 @ 14:49:13 - Setting Featured Image. URL:http://rubinmass.co.il/images_one/160668.png
12-25-2022 @ 14:49:13 - Attachment ID:173082
12-25-2022 @ 14:49:13 - Row :1 - Product updated successfully.
12-25-2022 @ 14:49:13 - Preparing for import.
12-25-2022 @ 14:49:13 - Row :2 - Parsing item.
12-25-2022 @ 14:49:13 - Row :2 - Processing item.
12-25-2022 @ 14:49:13 - Found simple product object. ID:160668
12-25-2022 @ 14:49:13 - Setting Featured Image. URL:http://rubinmass.co.il/images_one/160668.png
12-25-2022 @ 14:49:13 - Attachment ID:173082
12-25-2022 @ 14:49:13 - Row :2 - Product updated successfully.
12-25-2022 @ 14:49:14 - Preparing for import.
12-25-2022 @ 14:49:14 - Row :3 - Parsing item.
12-25-2022 @ 14:49:14 - Row :3 - Processing item.
12-25-2022 @ 14:49:14 - Found simple product object. ID:160239
12-25-2022 @ 14:49:14 - Setting Featured Image. URL:http://rubinmass.co.il/images_one/160239.png
12-25-2022 @ 14:49:14 - Attachment ID:173083
12-25-2022 @ 14:49:14 - Row :3 - Product updated successfully.
12-25-2022 @ 14:49:15 - Preparing for import.
12-25-2022 @ 14:49:15 - Row :4 - Parsing item.
12-25-2022 @ 14:49:15 - Row :4 - Processing item.
12-25-2022 @ 14:49:15 - Found simple product object. ID:160094
12-25-2022 @ 14:49:15 - Setting Featured Image. URL:http://rubinmass.co.il/images_one/160094.png
12-25-2022 @ 14:49:15 - Attachment ID:173084
12-25-2022 @ 14:49:15 - Row :4 - Product updated successfully.
12-25-2022 @ 14:49:17 - Preparing for import.
12-25-2022 @ 14:49:17 - Row :5 - Parsing item.
12-25-2022 @ 14:49:17 - Row :5 - Processing item.
12-25-2022 @ 14:49:17 - Found simple product object. ID:160086
12-25-2022 @ 14:49:17 - Setting Featured Image. URL:http://rubinmass.co.il/images_one/160086.png
12-25-2022 @ 14:49:17 - Attachment ID:173085
12-25-2022 @ 14:49:17 - Row :5 - Product updated successfully.
12-25-2022 @ 14:49:18 - ---[ Import ended at 2022-12-25 14:49:18]---
