12-25-2022 @ 16:38:17 - ---[ New import started at 2022-12-25 16:38:17 ] PHP Memory: 256 MB, WP Memory: 51 B
12-25-2022 @ 16:38:17 - Preparing for import.
12-25-2022 @ 16:38:17 - Row :1 - Parsing item.
12-25-2022 @ 16:38:17 - Importing as new product ID:141918
12-25-2022 @ 16:38:17 - Row :1 - Processing item.
12-25-2022 @ 16:38:17 - Found simple product object. ID:141918
12-25-2022 @ 16:38:17 - Setting Featured Image. URL:http://rubinmass.co.il/images_one/141918.png
12-25-2022 @ 16:38:20 - Attachment ID:173278
12-25-2022 @ 16:38:21 - Row :1 - Product imported successfully.
12-25-2022 @ 16:38:21 - Row :2 - Parsing item.
12-25-2022 @ 16:38:21 - Importing as new product ID:141989
12-25-2022 @ 16:38:21 - Row :2 - Processing item.
12-25-2022 @ 16:38:21 - Found simple product object. ID:141989
12-25-2022 @ 16:38:21 - Setting Featured Image. URL:http://rubinmass.co.il/images_one/141989.png
12-25-2022 @ 16:38:22 - Attachment ID:173279
12-25-2022 @ 16:38:22 - Row :2 - Product imported successfully.
12-25-2022 @ 16:38:22 - Row :3 - Parsing item.
12-25-2022 @ 16:38:22 - Importing as new product ID:142040
12-25-2022 @ 16:38:22 - Row :3 - Processing item.
12-25-2022 @ 16:38:22 - Found simple product object. ID:142040
12-25-2022 @ 16:38:22 - Setting Featured Image. URL:http://rubinmass.co.il/images_one/142040.png
12-25-2022 @ 16:38:26 - Attachment ID:173280
12-25-2022 @ 16:38:26 - Row :3 - Product imported successfully.
12-25-2022 @ 16:38:26 - Row :4 - Parsing item.
12-25-2022 @ 16:38:26 - Importing as new product ID:142041
12-25-2022 @ 16:38:26 - Row :4 - Processing item.
12-25-2022 @ 16:38:26 - Found simple product object. ID:142041
12-25-2022 @ 16:38:26 - Setting Featured Image. URL:http://rubinmass.co.il/images_one/142041.png
12-25-2022 @ 16:38:30 - Attachment ID:173281
12-25-2022 @ 16:38:30 - Row :4 - Product imported successfully.
12-25-2022 @ 16:38:30 - Row :5 - Parsing item.
12-25-2022 @ 16:38:30 - Importing as new product ID:142085
12-25-2022 @ 16:38:30 - Row :5 - Processing item.
12-25-2022 @ 16:38:30 - Found simple product object. ID:142085
12-25-2022 @ 16:38:30 - Setting Featured Image. URL:http://rubinmass.co.il/images_one/142085.png
12-25-2022 @ 16:38:33 - Attachment ID:173282
12-25-2022 @ 16:38:33 - Row :5 - Product imported successfully.
12-25-2022 @ 16:38:33 - Row :6 - Parsing item.
12-25-2022 @ 16:38:33 - Importing as new product ID:142086
12-25-2022 @ 16:38:33 - Row :6 - Processing item.
12-25-2022 @ 16:38:33 - Found simple product object. ID:142086
12-25-2022 @ 16:38:33 - Setting Featured Image. URL:http://rubinmass.co.il/images_one/142086.png
12-25-2022 @ 16:38:36 - Attachment ID:173283
12-25-2022 @ 16:38:36 - Row :6 - Product imported successfully.
12-25-2022 @ 16:38:36 - Row :7 - Parsing item.
12-25-2022 @ 16:38:36 - Importing as new product ID:142087
12-25-2022 @ 16:38:36 - Row :7 - Processing item.
12-25-2022 @ 16:38:36 - Found simple product object. ID:142087
12-25-2022 @ 16:38:36 - Setting Featured Image. URL:http://rubinmass.co.il/images_one/142087.png
12-25-2022 @ 16:38:40 - Attachment ID:173284
12-25-2022 @ 16:38:40 - Row :7 - Product imported successfully.
12-25-2022 @ 16:38:40 - Row :8 - Parsing item.
12-25-2022 @ 16:38:40 - Importing as new product ID:142088
12-25-2022 @ 16:38:40 - Row :8 - Processing item.
12-25-2022 @ 16:38:40 - Found simple product object. ID:142088
12-25-2022 @ 16:38:40 - Setting Featured Image. URL:http://rubinmass.co.il/images_one/142088.png
12-25-2022 @ 16:38:43 - Attachment ID:173285
12-25-2022 @ 16:38:43 - Row :8 - Product imported successfully.
12-25-2022 @ 16:38:43 - Row :9 - Parsing item.
12-25-2022 @ 16:38:43 - Importing as new product ID:140084
12-25-2022 @ 16:38:43 - Row :9 - Processing item.
12-25-2022 @ 16:38:43 - Found simple product object. ID:140084
12-25-2022 @ 16:38:43 - Setting Featured Image. URL:http://rubinmass.co.il/images_one/140084.png
12-25-2022 @ 16:38:44 - Attachment ID:173286
12-25-2022 @ 16:38:45 - Row :9 - Product imported successfully.
12-25-2022 @ 16:38:45 - Row :10 - Parsing item.
12-25-2022 @ 16:38:45 - Importing as new product ID:140089
12-25-2022 @ 16:38:45 - Row :10 - Processing item.
12-25-2022 @ 16:38:45 - Found simple product object. ID:140089
12-25-2022 @ 16:38:45 - Setting Featured Image. URL:http://rubinmass.co.il/images_one/140089.png
12-25-2022 @ 16:38:46 - Attachment ID:173287
12-25-2022 @ 16:38:46 - Row :10 - Product imported successfully.
12-25-2022 @ 16:38:46 - Row :11 - Parsing item.
12-25-2022 @ 16:38:46 - Importing as new product ID:140090
12-25-2022 @ 16:38:46 - Row :11 - Processing item.
12-25-2022 @ 16:38:46 - Found simple product object. ID:140090
12-25-2022 @ 16:38:46 - Setting Featured Image. URL:http://rubinmass.co.il/images_one/140090.png
12-25-2022 @ 16:38:47 - Attachment ID:173288
12-25-2022 @ 16:38:47 - Row :11 - Product imported successfully.
12-25-2022 @ 16:38:47 - Row :12 - Parsing item.
12-25-2022 @ 16:38:47 - Importing as new product ID:140116
12-25-2022 @ 16:38:47 - Row :12 - Processing item.
12-25-2022 @ 16:38:47 - Found simple product object. ID:140116
12-25-2022 @ 16:38:47 - Setting Featured Image. URL:http://rubinmass.co.il/images_one/140116.png
12-25-2022 @ 16:38:48 - Attachment ID:173289
12-25-2022 @ 16:38:48 - Row :12 - Product imported successfully.
12-25-2022 @ 16:38:48 - Row :13 - Parsing item.
12-25-2022 @ 16:38:48 - Importing as new product ID:140195
12-25-2022 @ 16:38:48 - Row :13 - Processing item.
12-25-2022 @ 16:38:48 - Found simple product object. ID:140195
12-25-2022 @ 16:38:48 - Setting Featured Image. URL:http://rubinmass.co.il/images_one/140195.png
12-25-2022 @ 16:38:49 - Attachment ID:173290
12-25-2022 @ 16:38:49 - Row :13 - Product imported successfully.
12-25-2022 @ 16:38:49 - Row :14 - Parsing item.
12-25-2022 @ 16:38:49 - Importing as new product ID:140632
12-25-2022 @ 16:38:49 - Row :14 - Processing item.
12-25-2022 @ 16:38:49 - Found simple product object. ID:140632
12-25-2022 @ 16:38:49 - Setting Featured Image. URL:http://rubinmass.co.il/images_one/140632.png
12-25-2022 @ 16:38:50 - Attachment ID:173291
12-25-2022 @ 16:38:50 - Row :14 - Product imported successfully.
12-25-2022 @ 16:38:50 - Row :15 - Parsing item.
12-25-2022 @ 16:38:50 - Importing as new product ID:141916
12-25-2022 @ 16:38:50 - Row :15 - Processing item.
12-25-2022 @ 16:38:50 - Found simple product object. ID:141916
12-25-2022 @ 16:38:50 - Setting Featured Image. URL:http://rubinmass.co.il/images_one/141916.png
12-25-2022 @ 16:38:54 - Attachment ID:173292
12-25-2022 @ 16:38:54 - Row :15 - Product imported successfully.
12-25-2022 @ 16:38:54 - Row :16 - Parsing item.
12-25-2022 @ 16:38:54 - Importing as new product ID:141917
12-25-2022 @ 16:38:54 - Row :16 - Processing item.
12-25-2022 @ 16:38:54 - Found simple product object. ID:141917
12-25-2022 @ 16:38:54 - Setting Featured Image. URL:http://rubinmass.co.il/images_one/141917.png
12-25-2022 @ 16:38:58 - Attachment ID:173293
12-25-2022 @ 16:38:58 - Row :16 - Product imported successfully.
12-25-2022 @ 16:38:58 - Row :17 - Parsing item.
12-25-2022 @ 16:38:58 - Importing as new product ID:140070
12-25-2022 @ 16:38:58 - Row :17 - Processing item.
12-25-2022 @ 16:38:58 - Found simple product object. ID:140070
12-25-2022 @ 16:38:58 - Setting Featured Image. URL:http://rubinmass.co.il/images_one/140070.png
12-25-2022 @ 16:38:59 - Attachment ID:173294
12-25-2022 @ 16:38:59 - Row :17 - Product imported successfully.
12-25-2022 @ 16:38:59 - Row :18 - Parsing item.
12-25-2022 @ 16:38:59 - Importing as new product ID:140071
12-25-2022 @ 16:38:59 - Row :18 - Processing item.
12-25-2022 @ 16:38:59 - Found simple product object. ID:140071
12-25-2022 @ 16:38:59 - Setting Featured Image. URL:http://rubinmass.co.il/images_one/140071.png
12-25-2022 @ 16:39:00 - Attachment ID:173295
12-25-2022 @ 16:39:00 - Row :18 - Product imported successfully.
12-25-2022 @ 16:39:00 - Row :19 - Parsing item.
12-25-2022 @ 16:39:00 - Importing as new product ID:140074
12-25-2022 @ 16:39:00 - Row :19 - Processing item.
12-25-2022 @ 16:39:00 - Found simple product object. ID:140074
12-25-2022 @ 16:39:00 - Setting Featured Image. URL:http://rubinmass.co.il/images_one/140074.png
12-25-2022 @ 16:39:01 - Attachment ID:173296
12-25-2022 @ 16:39:01 - Row :19 - Product imported successfully.
12-25-2022 @ 16:39:01 - Row :20 - Parsing item.
12-25-2022 @ 16:39:01 - Importing as new product ID:140077
12-25-2022 @ 16:39:01 - Row :20 - Processing item.
12-25-2022 @ 16:39:01 - Found simple product object. ID:140077
12-25-2022 @ 16:39:01 - Setting Featured Image. URL:http://rubinmass.co.il/images_one/140077.png
12-25-2022 @ 16:39:02 - Attachment ID:173297
12-25-2022 @ 16:39:02 - Row :20 - Product imported successfully.
12-25-2022 @ 16:39:03 - Preparing for import.
12-25-2022 @ 16:39:03 - Row :21 - Parsing item.
12-25-2022 @ 16:39:03 - Row :21 - Processing item.
12-25-2022 @ 16:39:03 - Found simple product object. ID:140077
12-25-2022 @ 16:39:03 - Setting Featured Image. URL:http://rubinmass.co.il/images_one/140077.png
12-25-2022 @ 16:39:03 - Attachment ID:173297
12-25-2022 @ 16:39:03 - Row :21 - Product updated successfully.
12-25-2022 @ 16:39:03 - Row :22 - Parsing item.
12-25-2022 @ 16:39:03 - Importing as new product ID:140078
12-25-2022 @ 16:39:03 - Row :22 - Processing item.
12-25-2022 @ 16:39:03 - Found simple product object. ID:140078
12-25-2022 @ 16:39:03 - Setting Featured Image. URL:http://rubinmass.co.il/images_one/140078.png
12-25-2022 @ 16:39:04 - Attachment ID:173298
12-25-2022 @ 16:39:04 - Row :22 - Product imported successfully.
12-25-2022 @ 16:39:04 - Row :23 - Parsing item.
12-25-2022 @ 16:39:04 - Importing as new product ID:140079
12-25-2022 @ 16:39:04 - Row :23 - Processing item.
12-25-2022 @ 16:39:04 - Found simple product object. ID:140079
12-25-2022 @ 16:39:04 - Setting Featured Image. URL:http://rubinmass.co.il/images_one/140079.png
12-25-2022 @ 16:39:05 - Attachment ID:173299
12-25-2022 @ 16:39:05 - Row :23 - Product imported successfully.
12-25-2022 @ 16:39:05 - Row :24 - Parsing item.
12-25-2022 @ 16:39:05 - Importing as new product ID:140081
12-25-2022 @ 16:39:05 - Row :24 - Processing item.
12-25-2022 @ 16:39:05 - Found simple product object. ID:140081
12-25-2022 @ 16:39:05 - Setting Featured Image. URL:http://rubinmass.co.il/images_one/140081.png
12-25-2022 @ 16:39:06 - Attachment ID:173300
12-25-2022 @ 16:39:06 - Row :24 - Product imported successfully.
12-25-2022 @ 16:39:06 - Row :25 - Parsing item.
12-25-2022 @ 16:39:06 - Importing as new product ID:140083
12-25-2022 @ 16:39:06 - Row :25 - Processing item.
12-25-2022 @ 16:39:06 - Found simple product object. ID:140083
12-25-2022 @ 16:39:06 - Setting Featured Image. URL:http://rubinmass.co.il/images_one/140083.png
12-25-2022 @ 16:39:07 - Attachment ID:173301
12-25-2022 @ 16:39:07 - Row :25 - Product imported successfully.
12-25-2022 @ 16:39:07 - Row :26 - Parsing item.
12-25-2022 @ 16:39:07 - Importing as new product ID:140057
12-25-2022 @ 16:39:07 - Row :26 - Processing item.
12-25-2022 @ 16:39:07 - Found simple product object. ID:140057
12-25-2022 @ 16:39:07 - Setting Featured Image. URL:http://rubinmass.co.il/images_one/140057.png
12-25-2022 @ 16:39:08 - Attachment ID:173302
12-25-2022 @ 16:39:08 - Row :26 - Product imported successfully.
12-25-2022 @ 16:39:08 - Row :27 - Parsing item.
12-25-2022 @ 16:39:08 - Importing as new product ID:140058
12-25-2022 @ 16:39:08 - Row :27 - Processing item.
12-25-2022 @ 16:39:08 - Found simple product object. ID:140058
12-25-2022 @ 16:39:08 - Setting Featured Image. URL:http://rubinmass.co.il/images_one/140058.png
12-25-2022 @ 16:39:09 - Attachment ID:173303
12-25-2022 @ 16:39:09 - Row :27 - Product imported successfully.
12-25-2022 @ 16:39:09 - Row :28 - Parsing item.
12-25-2022 @ 16:39:09 - Importing as new product ID:140059
12-25-2022 @ 16:39:09 - Row :28 - Processing item.
12-25-2022 @ 16:39:09 - Found simple product object. ID:140059
12-25-2022 @ 16:39:09 - Setting Featured Image. URL:http://rubinmass.co.il/images_one/140059.png
12-25-2022 @ 16:39:10 - Attachment ID:173304
12-25-2022 @ 16:39:10 - Row :28 - Product imported successfully.
12-25-2022 @ 16:39:10 - Row :29 - Parsing item.
12-25-2022 @ 16:39:10 - Importing as new product ID:140060
12-25-2022 @ 16:39:10 - Row :29 - Processing item.
12-25-2022 @ 16:39:10 - Found simple product object. ID:140060
12-25-2022 @ 16:39:10 - Setting Featured Image. URL:http://rubinmass.co.il/images_one/140060.png
12-25-2022 @ 16:39:11 - Attachment ID:173305
12-25-2022 @ 16:39:11 - Row :29 - Product imported successfully.
12-25-2022 @ 16:39:11 - Row :30 - Parsing item.
12-25-2022 @ 16:39:11 - Importing as new product ID:140061
12-25-2022 @ 16:39:11 - Row :30 - Processing item.
12-25-2022 @ 16:39:11 - Found simple product object. ID:140061
12-25-2022 @ 16:39:11 - Setting Featured Image. URL:http://rubinmass.co.il/images_one/140061.png
12-25-2022 @ 16:39:12 - Attachment ID:173306
12-25-2022 @ 16:39:12 - Row :30 - Product imported successfully.
12-25-2022 @ 16:39:12 - Row :31 - Parsing item.
12-25-2022 @ 16:39:12 - Importing as new product ID:140062
12-25-2022 @ 16:39:12 - Row :31 - Processing item.
12-25-2022 @ 16:39:12 - Found simple product object. ID:140062
12-25-2022 @ 16:39:12 - Setting Featured Image. URL:http://rubinmass.co.il/images_one/140062.png
12-25-2022 @ 16:39:13 - Attachment ID:173307
12-25-2022 @ 16:39:13 - Row :31 - Product imported successfully.
12-25-2022 @ 16:39:13 - Row :32 - Parsing item.
12-25-2022 @ 16:39:13 - Importing as new product ID:140063
12-25-2022 @ 16:39:13 - Row :32 - Processing item.
12-25-2022 @ 16:39:13 - Found simple product object. ID:140063
12-25-2022 @ 16:39:13 - Setting Featured Image. URL:http://rubinmass.co.il/images_one/140063.png
12-25-2022 @ 16:39:14 - Attachment ID:173308
12-25-2022 @ 16:39:14 - Row :32 - Product imported successfully.
12-25-2022 @ 16:39:14 - Row :33 - Parsing item.
12-25-2022 @ 16:39:14 - Importing as new product ID:140064
12-25-2022 @ 16:39:14 - Row :33 - Processing item.
12-25-2022 @ 16:39:14 - Found simple product object. ID:140064
12-25-2022 @ 16:39:14 - Setting Featured Image. URL:http://rubinmass.co.il/images_one/140064.png
12-25-2022 @ 16:39:15 - Attachment ID:173309
12-25-2022 @ 16:39:15 - Row :33 - Product imported successfully.
12-25-2022 @ 16:39:15 - Row :34 - Parsing item.
12-25-2022 @ 16:39:15 - Importing as new product ID:140041
12-25-2022 @ 16:39:15 - Row :34 - Processing item.
12-25-2022 @ 16:39:15 - Found simple product object. ID:140041
12-25-2022 @ 16:39:15 - Setting Featured Image. URL:http://rubinmass.co.il/images_one/140041.png
12-25-2022 @ 16:39:16 - Attachment ID:173310
12-25-2022 @ 16:39:16 - Row :34 - Product imported successfully.
12-25-2022 @ 16:39:16 - Row :35 - Parsing item.
12-25-2022 @ 16:39:16 - Importing as new product ID:140042
12-25-2022 @ 16:39:16 - Row :35 - Processing item.
12-25-2022 @ 16:39:16 - Found simple product object. ID:140042
12-25-2022 @ 16:39:16 - Setting Featured Image. URL:http://rubinmass.co.il/images_one/140042.png
12-25-2022 @ 16:39:17 - Attachment ID:173311
12-25-2022 @ 16:39:17 - Row :35 - Product imported successfully.
12-25-2022 @ 16:39:17 - Row :36 - Parsing item.
12-25-2022 @ 16:39:17 - Importing as new product ID:140047
12-25-2022 @ 16:39:17 - Row :36 - Processing item.
12-25-2022 @ 16:39:17 - Found simple product object. ID:140047
12-25-2022 @ 16:39:17 - Setting Featured Image. URL:http://rubinmass.co.il/images_one/140047.png
12-25-2022 @ 16:39:18 - Attachment ID:173312
12-25-2022 @ 16:39:18 - Row :36 - Product imported successfully.
12-25-2022 @ 16:39:18 - Row :37 - Parsing item.
12-25-2022 @ 16:39:18 - Importing as new product ID:140050
12-25-2022 @ 16:39:18 - Row :37 - Processing item.
12-25-2022 @ 16:39:18 - Found simple product object. ID:140050
12-25-2022 @ 16:39:18 - Setting Featured Image. URL:http://rubinmass.co.il/images_one/140050.png
12-25-2022 @ 16:39:19 - Attachment ID:173313
12-25-2022 @ 16:39:19 - Row :37 - Product imported successfully.
12-25-2022 @ 16:39:19 - Row :38 - Parsing item.
12-25-2022 @ 16:39:19 - Importing as new product ID:140051
12-25-2022 @ 16:39:19 - Row :38 - Processing item.
12-25-2022 @ 16:39:19 - Found simple product object. ID:140051
12-25-2022 @ 16:39:19 - Setting Featured Image. URL:http://rubinmass.co.il/images_one/140051.png
12-25-2022 @ 16:39:20 - Attachment ID:173314
12-25-2022 @ 16:39:20 - Row :38 - Product imported successfully.
12-25-2022 @ 16:39:20 - Row :39 - Parsing item.
12-25-2022 @ 16:39:20 - Importing as new product ID:140054
12-25-2022 @ 16:39:20 - Row :39 - Processing item.
12-25-2022 @ 16:39:20 - Found simple product object. ID:140054
12-25-2022 @ 16:39:20 - Setting Featured Image. URL:http://rubinmass.co.il/images_one/140054.png
12-25-2022 @ 16:39:21 - Attachment ID:173315
12-25-2022 @ 16:39:21 - Row :39 - Product imported successfully.
12-25-2022 @ 16:39:21 - Row :40 - Parsing item.
12-25-2022 @ 16:39:21 - Importing as new product ID:140055
12-25-2022 @ 16:39:21 - Row :40 - Processing item.
12-25-2022 @ 16:39:21 - Found simple product object. ID:140055
12-25-2022 @ 16:39:21 - Setting Featured Image. URL:http://rubinmass.co.il/images_one/140055.png
12-25-2022 @ 16:39:22 - Attachment ID:173316
12-25-2022 @ 16:39:22 - Row :40 - Product imported successfully.
12-25-2022 @ 16:39:23 - Preparing for import.
12-25-2022 @ 16:39:23 - Row :41 - Parsing item.
12-25-2022 @ 16:39:23 - Importing as new product ID:140056
12-25-2022 @ 16:39:23 - Row :41 - Processing item.
12-25-2022 @ 16:39:23 - Found simple product object. ID:140056
12-25-2022 @ 16:39:23 - Setting Featured Image. URL:http://rubinmass.co.il/images_one/140056.png
12-25-2022 @ 16:39:24 - Attachment ID:173317
12-25-2022 @ 16:39:24 - Row :41 - Product imported successfully.
12-25-2022 @ 16:39:24 - Row :42 - Parsing item.
12-25-2022 @ 16:39:24 - Importing as new product ID:140019
12-25-2022 @ 16:39:24 - Row :42 - Processing item.
12-25-2022 @ 16:39:24 - Found simple product object. ID:140019
12-25-2022 @ 16:39:24 - Setting Featured Image. URL:http://rubinmass.co.il/images_one/140019.png
12-25-2022 @ 16:39:25 - Attachment ID:173318
12-25-2022 @ 16:39:25 - Row :42 - Product imported successfully.
12-25-2022 @ 16:39:25 - Row :43 - Parsing item.
12-25-2022 @ 16:39:25 - Importing as new product ID:140020
12-25-2022 @ 16:39:25 - Row :43 - Processing item.
12-25-2022 @ 16:39:25 - Found simple product object. ID:140020
12-25-2022 @ 16:39:25 - Setting Featured Image. URL:http://rubinmass.co.il/images_one/140020.png
12-25-2022 @ 16:39:26 - Attachment ID:173319
12-25-2022 @ 16:39:26 - Row :43 - Product imported successfully.
12-25-2022 @ 16:39:26 - Row :44 - Parsing item.
12-25-2022 @ 16:39:26 - Importing as new product ID:140021
12-25-2022 @ 16:39:26 - Row :44 - Processing item.
12-25-2022 @ 16:39:26 - Found simple product object. ID:140021
12-25-2022 @ 16:39:26 - Setting Featured Image. URL:http://rubinmass.co.il/images_one/140021.png
12-25-2022 @ 16:39:27 - Attachment ID:173320
12-25-2022 @ 16:39:27 - Row :44 - Product imported successfully.
12-25-2022 @ 16:39:27 - Row :45 - Parsing item.
12-25-2022 @ 16:39:27 - Importing as new product ID:140022
12-25-2022 @ 16:39:27 - Row :45 - Processing item.
12-25-2022 @ 16:39:27 - Found simple product object. ID:140022
12-25-2022 @ 16:39:27 - Setting Featured Image. URL:http://rubinmass.co.il/images_one/140022.png
12-25-2022 @ 16:39:28 - Attachment ID:173321
12-25-2022 @ 16:39:28 - Row :45 - Product imported successfully.
12-25-2022 @ 16:39:28 - Row :46 - Parsing item.
12-25-2022 @ 16:39:28 - Importing as new product ID:140023
12-25-2022 @ 16:39:28 - Row :46 - Processing item.
12-25-2022 @ 16:39:28 - Found simple product object. ID:140023
12-25-2022 @ 16:39:28 - Setting Featured Image. URL:http://rubinmass.co.il/images_one/140023.png
12-25-2022 @ 16:39:29 - Attachment ID:173322
12-25-2022 @ 16:39:29 - Row :46 - Product imported successfully.
12-25-2022 @ 16:39:29 - Row :47 - Parsing item.
12-25-2022 @ 16:39:29 - Importing as new product ID:140028
12-25-2022 @ 16:39:29 - Row :47 - Processing item.
12-25-2022 @ 16:39:29 - Found simple product object. ID:140028
12-25-2022 @ 16:39:29 - Setting Featured Image. URL:http://rubinmass.co.il/images_one/140028.png
12-25-2022 @ 16:39:30 - Attachment ID:173323
12-25-2022 @ 16:39:30 - Row :47 - Product imported successfully.
12-25-2022 @ 16:39:30 - Row :48 - Parsing item.
12-25-2022 @ 16:39:30 - Importing as new product ID:140033
12-25-2022 @ 16:39:30 - Row :48 - Processing item.
12-25-2022 @ 16:39:30 - Found simple product object. ID:140033
12-25-2022 @ 16:39:30 - Setting Featured Image. URL:http://rubinmass.co.il/images_one/140033.png
12-25-2022 @ 16:39:31 - Attachment ID:173324
12-25-2022 @ 16:39:31 - Row :48 - Product imported successfully.
12-25-2022 @ 16:39:31 - Row :49 - Parsing item.
12-25-2022 @ 16:39:31 - Importing as new product ID:140036
12-25-2022 @ 16:39:31 - Row :49 - Processing item.
12-25-2022 @ 16:39:31 - Found simple product object. ID:140036
12-25-2022 @ 16:39:31 - Setting Featured Image. URL:http://rubinmass.co.il/images_one/140036.png
12-25-2022 @ 16:39:32 - Attachment ID:173325
12-25-2022 @ 16:39:32 - Row :49 - Product imported successfully.
12-25-2022 @ 16:39:32 - Row :50 - Parsing item.
12-25-2022 @ 16:39:32 - Importing as new product ID:139939
12-25-2022 @ 16:39:32 - Row :50 - Processing item.
12-25-2022 @ 16:39:32 - Found simple product object. ID:139939
12-25-2022 @ 16:39:32 - Setting Featured Image. URL:http://rubinmass.co.il/images_one/139939.png
12-25-2022 @ 16:39:33 - Attachment ID:173326
12-25-2022 @ 16:39:33 - Row :50 - Product imported successfully.
12-25-2022 @ 16:39:33 - Row :51 - Parsing item.
12-25-2022 @ 16:39:33 - Importing as new product ID:139948
12-25-2022 @ 16:39:33 - Row :51 - Processing item.
12-25-2022 @ 16:39:33 - Found simple product object. ID:139948
12-25-2022 @ 16:39:33 - Setting Featured Image. URL:http://rubinmass.co.il/images_one/139948.png
12-25-2022 @ 16:39:34 - Attachment ID:173327
12-25-2022 @ 16:39:34 - Row :51 - Product imported successfully.
12-25-2022 @ 16:39:34 - Row :52 - Parsing item.
12-25-2022 @ 16:39:34 - Importing as new product ID:139950
12-25-2022 @ 16:39:34 - Row :52 - Processing item.
12-25-2022 @ 16:39:34 - Found simple product object. ID:139950
12-25-2022 @ 16:39:34 - Setting Featured Image. URL:http://rubinmass.co.il/images_one/139950.png
12-25-2022 @ 16:39:35 - Attachment ID:173328
12-25-2022 @ 16:39:35 - Row :52 - Product imported successfully.
12-25-2022 @ 16:39:35 - Row :53 - Parsing item.
12-25-2022 @ 16:39:35 - Importing as new product ID:139961
12-25-2022 @ 16:39:35 - Row :53 - Processing item.
12-25-2022 @ 16:39:35 - Found simple product object. ID:139961
12-25-2022 @ 16:39:35 - Setting Featured Image. URL:http://rubinmass.co.il/images_one/139961.png
12-25-2022 @ 16:39:36 - Attachment ID:173329
12-25-2022 @ 16:39:36 - Row :53 - Product imported successfully.
12-25-2022 @ 16:39:36 - Row :54 - Parsing item.
12-25-2022 @ 16:39:36 - Importing as new product ID:139979
12-25-2022 @ 16:39:36 - Row :54 - Processing item.
12-25-2022 @ 16:39:36 - Found simple product object. ID:139979
12-25-2022 @ 16:39:36 - Setting Featured Image. URL:http://rubinmass.co.il/images_one/139979.png
12-25-2022 @ 16:39:37 - Attachment ID:173330
12-25-2022 @ 16:39:37 - Row :54 - Product imported successfully.
12-25-2022 @ 16:39:37 - Row :55 - Parsing item.
12-25-2022 @ 16:39:37 - Importing as new product ID:139990
12-25-2022 @ 16:39:37 - Row :55 - Processing item.
12-25-2022 @ 16:39:37 - Found simple product object. ID:139990
12-25-2022 @ 16:39:37 - Setting Featured Image. URL:http://rubinmass.co.il/images_one/139990.png
12-25-2022 @ 16:39:38 - Attachment ID:173331
12-25-2022 @ 16:39:38 - Row :55 - Product imported successfully.
12-25-2022 @ 16:39:38 - Row :56 - Parsing item.
12-25-2022 @ 16:39:38 - Importing as new product ID:139994
12-25-2022 @ 16:39:38 - Row :56 - Processing item.
12-25-2022 @ 16:39:38 - Found simple product object. ID:139994
12-25-2022 @ 16:39:38 - Setting Featured Image. URL:http://rubinmass.co.il/images_one/139994.png
12-25-2022 @ 16:39:39 - Attachment ID:173332
12-25-2022 @ 16:39:39 - Row :56 - Product imported successfully.
12-25-2022 @ 16:39:39 - Row :57 - Parsing item.
12-25-2022 @ 16:39:39 - Importing as new product ID:140003
12-25-2022 @ 16:39:39 - Row :57 - Processing item.
12-25-2022 @ 16:39:39 - Found simple product object. ID:140003
12-25-2022 @ 16:39:39 - Setting Featured Image. URL:http://rubinmass.co.il/images_one/140003.png
12-25-2022 @ 16:39:40 - Attachment ID:173333
12-25-2022 @ 16:39:40 - Row :57 - Product imported successfully.
12-25-2022 @ 16:39:40 - Row :58 - Parsing item.
12-25-2022 @ 16:39:40 - Importing as new product ID:139924
12-25-2022 @ 16:39:40 - Row :58 - Processing item.
12-25-2022 @ 16:39:40 - Found simple product object. ID:139924
12-25-2022 @ 16:39:40 - Setting Featured Image. URL:http://rubinmass.co.il/images_one/139924.png
12-25-2022 @ 16:39:41 - Attachment ID:173334
12-25-2022 @ 16:39:41 - Row :58 - Product imported successfully.
12-25-2022 @ 16:39:41 - Row :59 - Parsing item.
12-25-2022 @ 16:39:41 - Importing as new product ID:139925
12-25-2022 @ 16:39:41 - Row :59 - Processing item.
12-25-2022 @ 16:39:41 - Found simple product object. ID:139925
12-25-2022 @ 16:39:41 - Setting Featured Image. URL:http://rubinmass.co.il/images_one/139925.png
12-25-2022 @ 16:39:42 - Attachment ID:173335
12-25-2022 @ 16:39:42 - Row :59 - Product imported successfully.
12-25-2022 @ 16:39:42 - Row :60 - Parsing item.
12-25-2022 @ 16:39:42 - Importing as new product ID:139926
12-25-2022 @ 16:39:42 - Row :60 - Processing item.
12-25-2022 @ 16:39:42 - Found simple product object. ID:139926
12-25-2022 @ 16:39:42 - Setting Featured Image. URL:http://rubinmass.co.il/images_one/139926.png
12-25-2022 @ 16:39:43 - Attachment ID:173336
12-25-2022 @ 16:39:43 - Row :60 - Product imported successfully.
12-25-2022 @ 16:39:44 - Preparing for import.
12-25-2022 @ 16:39:44 - Row :61 - Parsing item.
12-25-2022 @ 16:39:44 - Importing as new product ID:139927
12-25-2022 @ 16:39:44 - Row :61 - Processing item.
12-25-2022 @ 16:39:44 - Found simple product object. ID:139927
12-25-2022 @ 16:39:44 - Setting Featured Image. URL:http://rubinmass.co.il/images_one/139927.png
12-25-2022 @ 16:39:45 - Attachment ID:173337
12-25-2022 @ 16:39:45 - Row :61 - Product imported successfully.
12-25-2022 @ 16:39:45 - Row :62 - Parsing item.
12-25-2022 @ 16:39:45 - Importing as new product ID:139929
12-25-2022 @ 16:39:45 - Row :62 - Processing item.
12-25-2022 @ 16:39:45 - Found simple product object. ID:139929
12-25-2022 @ 16:39:45 - Setting Featured Image. URL:http://rubinmass.co.il/images_one/139929.png
12-25-2022 @ 16:39:46 - Attachment ID:173338
12-25-2022 @ 16:39:46 - Row :62 - Product imported successfully.
12-25-2022 @ 16:39:46 - Row :63 - Parsing item.
12-25-2022 @ 16:39:46 - Importing as new product ID:139931
12-25-2022 @ 16:39:46 - Row :63 - Processing item.
12-25-2022 @ 16:39:46 - Found simple product object. ID:139931
12-25-2022 @ 16:39:46 - Setting Featured Image. URL:http://rubinmass.co.il/images_one/139931.png
12-25-2022 @ 16:39:47 - Attachment ID:173339
12-25-2022 @ 16:39:47 - Row :63 - Product imported successfully.
12-25-2022 @ 16:39:47 - Row :64 - Parsing item.
12-25-2022 @ 16:39:47 - Importing as new product ID:139932
12-25-2022 @ 16:39:47 - Row :64 - Processing item.
12-25-2022 @ 16:39:47 - Found simple product object. ID:139932
12-25-2022 @ 16:39:47 - Setting Featured Image. URL:http://rubinmass.co.il/images_one/139932.png
12-25-2022 @ 16:39:48 - Attachment ID:173340
12-25-2022 @ 16:39:48 - Row :64 - Product imported successfully.
12-25-2022 @ 16:39:48 - Row :65 - Parsing item.
12-25-2022 @ 16:39:48 - Importing as new product ID:139933
12-25-2022 @ 16:39:48 - Row :65 - Processing item.
12-25-2022 @ 16:39:48 - Found simple product object. ID:139933
12-25-2022 @ 16:39:48 - Setting Featured Image. URL:http://rubinmass.co.il/images_one/139933.png
12-25-2022 @ 16:39:49 - Attachment ID:173341
12-25-2022 @ 16:39:49 - Row :65 - Product imported successfully.
12-25-2022 @ 16:39:49 - Row :66 - Parsing item.
12-25-2022 @ 16:39:49 - Importing as new product ID:139895
12-25-2022 @ 16:39:49 - Row :66 - Processing item.
12-25-2022 @ 16:39:49 - Found simple product object. ID:139895
12-25-2022 @ 16:39:49 - Setting Featured Image. URL:http://rubinmass.co.il/images_one/139895.png
12-25-2022 @ 16:39:50 - Attachment ID:173342
12-25-2022 @ 16:39:50 - Row :66 - Product imported successfully.
12-25-2022 @ 16:39:50 - Row :67 - Parsing item.
12-25-2022 @ 16:39:50 - Importing as new product ID:139896
12-25-2022 @ 16:39:50 - Row :67 - Processing item.
12-25-2022 @ 16:39:50 - Found simple product object. ID:139896
12-25-2022 @ 16:39:50 - Setting Featured Image. URL:http://rubinmass.co.il/images_one/139896.png
12-25-2022 @ 16:39:50 - Attachment ID:173343
12-25-2022 @ 16:39:50 - Row :67 - Product imported successfully.
12-25-2022 @ 16:39:50 - Row :68 - Parsing item.
12-25-2022 @ 16:39:51 - Importing as new product ID:139897
12-25-2022 @ 16:39:51 - Row :68 - Processing item.
12-25-2022 @ 16:39:51 - Found simple product object. ID:139897
12-25-2022 @ 16:39:51 - Setting Featured Image. URL:http://rubinmass.co.il/images_one/139897.png
12-25-2022 @ 16:39:51 - Attachment ID:173344
12-25-2022 @ 16:39:51 - Row :68 - Product imported successfully.
12-25-2022 @ 16:39:51 - Row :69 - Parsing item.
12-25-2022 @ 16:39:51 - Importing as new product ID:139898
12-25-2022 @ 16:39:51 - Row :69 - Processing item.
12-25-2022 @ 16:39:51 - Found simple product object. ID:139898
12-25-2022 @ 16:39:51 - Setting Featured Image. URL:http://rubinmass.co.il/images_one/139898.png
12-25-2022 @ 16:39:52 - Attachment ID:173345
12-25-2022 @ 16:39:52 - Row :69 - Product imported successfully.
12-25-2022 @ 16:39:52 - Row :70 - Parsing item.
12-25-2022 @ 16:39:52 - Importing as new product ID:139900
12-25-2022 @ 16:39:52 - Row :70 - Processing item.
12-25-2022 @ 16:39:52 - Found simple product object. ID:139900
12-25-2022 @ 16:39:52 - Setting Featured Image. URL:http://rubinmass.co.il/images_one/139900.png
12-25-2022 @ 16:39:53 - Attachment ID:173346
12-25-2022 @ 16:39:53 - Row :70 - Product imported successfully.
12-25-2022 @ 16:39:53 - Row :71 - Parsing item.
12-25-2022 @ 16:39:53 - Importing as new product ID:139903
12-25-2022 @ 16:39:53 - Row :71 - Processing item.
12-25-2022 @ 16:39:53 - Found simple product object. ID:139903
12-25-2022 @ 16:39:53 - Setting Featured Image. URL:http://rubinmass.co.il/images_one/139903.png
12-25-2022 @ 16:39:54 - Attachment ID:173347
12-25-2022 @ 16:39:54 - Row :71 - Product imported successfully.
12-25-2022 @ 16:39:54 - Row :72 - Parsing item.
12-25-2022 @ 16:39:54 - Importing as new product ID:139917
12-25-2022 @ 16:39:54 - Row :72 - Processing item.
12-25-2022 @ 16:39:54 - Found simple product object. ID:139917
12-25-2022 @ 16:39:54 - Setting Featured Image. URL:http://rubinmass.co.il/images_one/139917.png
12-25-2022 @ 16:39:55 - Attachment ID:173348
12-25-2022 @ 16:39:55 - Row :72 - Product imported successfully.
12-25-2022 @ 16:39:55 - Row :73 - Parsing item.
12-25-2022 @ 16:39:55 - Importing as new product ID:139919
12-25-2022 @ 16:39:55 - Row :73 - Processing item.
12-25-2022 @ 16:39:55 - Found simple product object. ID:139919
12-25-2022 @ 16:39:55 - Setting Featured Image. URL:http://rubinmass.co.il/images_one/139919.png
12-25-2022 @ 16:39:56 - Attachment ID:173349
12-25-2022 @ 16:39:56 - Row :73 - Product imported successfully.
12-25-2022 @ 16:39:56 - Row :74 - Parsing item.
12-25-2022 @ 16:39:56 - Importing as new product ID:139880
12-25-2022 @ 16:39:56 - Row :74 - Processing item.
12-25-2022 @ 16:39:56 - Found simple product object. ID:139880
12-25-2022 @ 16:39:56 - Setting Featured Image. URL:http://rubinmass.co.il/images_one/139880.png
12-25-2022 @ 16:39:57 - Attachment ID:173350
12-25-2022 @ 16:39:57 - Row :74 - Product imported successfully.
12-25-2022 @ 16:39:57 - Row :75 - Parsing item.
12-25-2022 @ 16:39:57 - Importing as new product ID:139882
12-25-2022 @ 16:39:57 - Row :75 - Processing item.
12-25-2022 @ 16:39:57 - Found simple product object. ID:139882
12-25-2022 @ 16:39:57 - Setting Featured Image. URL:http://rubinmass.co.il/images_one/139882.png
12-25-2022 @ 16:39:58 - Attachment ID:173351
12-25-2022 @ 16:39:58 - Row :75 - Product imported successfully.
12-25-2022 @ 16:39:58 - Row :76 - Parsing item.
12-25-2022 @ 16:39:58 - Importing as new product ID:139888
12-25-2022 @ 16:39:58 - Row :76 - Processing item.
12-25-2022 @ 16:39:58 - Found simple product object. ID:139888
12-25-2022 @ 16:39:58 - Setting Featured Image. URL:http://rubinmass.co.il/images_one/139888.png
12-25-2022 @ 16:39:59 - Attachment ID:173352
12-25-2022 @ 16:39:59 - Row :76 - Product imported successfully.
12-25-2022 @ 16:39:59 - Row :77 - Parsing item.
12-25-2022 @ 16:39:59 - Importing as new product ID:139889
12-25-2022 @ 16:39:59 - Row :77 - Processing item.
12-25-2022 @ 16:39:59 - Found simple product object. ID:139889
12-25-2022 @ 16:39:59 - Setting Featured Image. URL:http://rubinmass.co.il/images_one/139889.png
12-25-2022 @ 16:39:59 - Attachment ID:173353
12-25-2022 @ 16:39:59 - Row :77 - Product imported successfully.
12-25-2022 @ 16:39:59 - Row :78 - Parsing item.
12-25-2022 @ 16:39:59 - Importing as new product ID:139890
12-25-2022 @ 16:39:59 - Row :78 - Processing item.
12-25-2022 @ 16:39:59 - Found simple product object. ID:139890
12-25-2022 @ 16:39:59 - Setting Featured Image. URL:http://rubinmass.co.il/images_one/139890.png
12-25-2022 @ 16:40:00 - Attachment ID:173354
12-25-2022 @ 16:40:01 - Row :78 - Product imported successfully.
12-25-2022 @ 16:40:01 - Row :79 - Parsing item.
12-25-2022 @ 16:40:01 - Importing as new product ID:139891
12-25-2022 @ 16:40:01 - Row :79 - Processing item.
12-25-2022 @ 16:40:01 - Found simple product object. ID:139891
12-25-2022 @ 16:40:01 - Setting Featured Image. URL:http://rubinmass.co.il/images_one/139891.png
12-25-2022 @ 16:40:01 - Attachment ID:173355
12-25-2022 @ 16:40:01 - Row :79 - Product imported successfully.
12-25-2022 @ 16:40:01 - Row :80 - Parsing item.
12-25-2022 @ 16:40:01 - Importing as new product ID:139892
12-25-2022 @ 16:40:01 - Row :80 - Processing item.
12-25-2022 @ 16:40:01 - Found simple product object. ID:139892
12-25-2022 @ 16:40:01 - Setting Featured Image. URL:http://rubinmass.co.il/images_one/139892.png
12-25-2022 @ 16:40:02 - Attachment ID:173356
12-25-2022 @ 16:40:02 - Row :80 - Product imported successfully.
