12-25-2022 @ 19:09:36 - ---[ New import started at 2022-12-25 19:09:36 ] PHP Memory: 256 MB, WP Memory: 51 B
12-25-2022 @ 19:09:36 - Preparing for import.
12-25-2022 @ 19:09:36 - Row :1 - Parsing item.
12-25-2022 @ 19:09:36 - Row :1 - Processing item.
12-25-2022 @ 19:09:36 - Found simple product object. ID:141918
12-25-2022 @ 19:09:36 - Setting Featured Image. URL:http://rubinmass.co.il/images_one/141918.png
12-25-2022 @ 19:09:36 - Attachment ID:173278
12-25-2022 @ 19:09:36 - Row :1 - Product updated successfully.
12-25-2022 @ 19:09:36 - Row :2 - Parsing item.
12-25-2022 @ 19:09:36 - Row :2 - Processing item.
12-25-2022 @ 19:09:36 - Found simple product object. ID:141989
12-25-2022 @ 19:09:36 - Setting Featured Image. URL:http://rubinmass.co.il/images_one/141989.png
12-25-2022 @ 19:09:36 - Attachment ID:173279
12-25-2022 @ 19:09:36 - Row :2 - Product updated successfully.
12-25-2022 @ 19:09:36 - Row :3 - Parsing item.
12-25-2022 @ 19:09:36 - Row :3 - Processing item.
12-25-2022 @ 19:09:36 - Found simple product object. ID:142040
12-25-2022 @ 19:09:36 - Setting Featured Image. URL:http://rubinmass.co.il/images_one/142040.png
12-25-2022 @ 19:09:36 - Attachment ID:173280
12-25-2022 @ 19:09:36 - Row :3 - Product updated successfully.
12-25-2022 @ 19:09:36 - Row :4 - Parsing item.
12-25-2022 @ 19:09:36 - Row :4 - Processing item.
12-25-2022 @ 19:09:36 - Found simple product object. ID:142041
12-25-2022 @ 19:09:36 - Setting Featured Image. URL:http://rubinmass.co.il/images_one/142041.png
12-25-2022 @ 19:09:36 - Attachment ID:173281
12-25-2022 @ 19:09:36 - Row :4 - Product updated successfully.
12-25-2022 @ 19:09:36 - Row :5 - Parsing item.
12-25-2022 @ 19:09:36 - Row :5 - Processing item.
12-25-2022 @ 19:09:36 - Found simple product object. ID:142085
12-25-2022 @ 19:09:36 - Setting Featured Image. URL:http://rubinmass.co.il/images_one/142085.png
12-25-2022 @ 19:09:36 - Attachment ID:173282
12-25-2022 @ 19:09:36 - Row :5 - Product updated successfully.
12-25-2022 @ 19:09:36 - Row :6 - Parsing item.
12-25-2022 @ 19:09:36 - Row :6 - Processing item.
12-25-2022 @ 19:09:36 - Found simple product object. ID:142086
12-25-2022 @ 19:09:36 - Setting Featured Image. URL:http://rubinmass.co.il/images_one/142086.png
12-25-2022 @ 19:09:36 - Attachment ID:173283
12-25-2022 @ 19:09:36 - Row :6 - Product updated successfully.
12-25-2022 @ 19:09:36 - Row :7 - Parsing item.
12-25-2022 @ 19:09:36 - Row :7 - Processing item.
12-25-2022 @ 19:09:36 - Found simple product object. ID:142087
12-25-2022 @ 19:09:36 - Setting Featured Image. URL:http://rubinmass.co.il/images_one/142087.png
12-25-2022 @ 19:09:36 - Attachment ID:173284
12-25-2022 @ 19:09:36 - Row :7 - Product updated successfully.
12-25-2022 @ 19:09:36 - Row :8 - Parsing item.
12-25-2022 @ 19:09:36 - Row :8 - Processing item.
12-25-2022 @ 19:09:36 - Found simple product object. ID:142088
12-25-2022 @ 19:09:36 - Setting Featured Image. URL:http://rubinmass.co.il/images_one/142088.png
12-25-2022 @ 19:09:36 - Attachment ID:173285
12-25-2022 @ 19:09:36 - Row :8 - Product updated successfully.
12-25-2022 @ 19:09:36 - Row :9 - Parsing item.
12-25-2022 @ 19:09:36 - Row :9 - Processing item.
12-25-2022 @ 19:09:36 - Found simple product object. ID:140084
12-25-2022 @ 19:09:36 - Setting Featured Image. URL:http://rubinmass.co.il/images_one/140084.png
12-25-2022 @ 19:09:36 - Attachment ID:173286
12-25-2022 @ 19:09:36 - Row :9 - Product updated successfully.
12-25-2022 @ 19:09:36 - Row :10 - Parsing item.
12-25-2022 @ 19:09:36 - Row :10 - Processing item.
12-25-2022 @ 19:09:36 - Found simple product object. ID:140089
12-25-2022 @ 19:09:36 - Setting Featured Image. URL:http://rubinmass.co.il/images_one/140089.png
12-25-2022 @ 19:09:36 - Attachment ID:173287
12-25-2022 @ 19:09:36 - Row :10 - Product updated successfully.
12-25-2022 @ 19:09:36 - Row :11 - Parsing item.
12-25-2022 @ 19:09:36 - Row :11 - Processing item.
12-25-2022 @ 19:09:36 - Found simple product object. ID:140090
12-25-2022 @ 19:09:36 - Setting Featured Image. URL:http://rubinmass.co.il/images_one/140090.png
12-25-2022 @ 19:09:36 - Attachment ID:173288
12-25-2022 @ 19:09:36 - Row :11 - Product updated successfully.
12-25-2022 @ 19:09:36 - Row :12 - Parsing item.
12-25-2022 @ 19:09:36 - Row :12 - Processing item.
12-25-2022 @ 19:09:36 - Found simple product object. ID:140116
12-25-2022 @ 19:09:36 - Setting Featured Image. URL:http://rubinmass.co.il/images_one/140116.png
12-25-2022 @ 19:09:36 - Attachment ID:173289
12-25-2022 @ 19:09:36 - Row :12 - Product updated successfully.
12-25-2022 @ 19:09:36 - Row :13 - Parsing item.
12-25-2022 @ 19:09:36 - Row :13 - Processing item.
12-25-2022 @ 19:09:36 - Found simple product object. ID:140195
12-25-2022 @ 19:09:36 - Setting Featured Image. URL:http://rubinmass.co.il/images_one/140195.png
12-25-2022 @ 19:09:36 - Attachment ID:173290
12-25-2022 @ 19:09:36 - Row :13 - Product updated successfully.
12-25-2022 @ 19:09:36 - Row :14 - Parsing item.
12-25-2022 @ 19:09:36 - Row :14 - Processing item.
12-25-2022 @ 19:09:36 - Found simple product object. ID:140632
12-25-2022 @ 19:09:36 - Setting Featured Image. URL:http://rubinmass.co.il/images_one/140632.png
12-25-2022 @ 19:09:36 - Attachment ID:173291
12-25-2022 @ 19:09:36 - Row :14 - Product updated successfully.
12-25-2022 @ 19:09:36 - Row :15 - Parsing item.
12-25-2022 @ 19:09:36 - Row :15 - Processing item.
12-25-2022 @ 19:09:36 - Found simple product object. ID:141916
12-25-2022 @ 19:09:36 - Setting Featured Image. URL:http://rubinmass.co.il/images_one/141916.png
12-25-2022 @ 19:09:36 - Attachment ID:173292
12-25-2022 @ 19:09:36 - Row :15 - Product updated successfully.
12-25-2022 @ 19:09:36 - Row :16 - Parsing item.
12-25-2022 @ 19:09:36 - Row :16 - Processing item.
12-25-2022 @ 19:09:36 - Found simple product object. ID:141917
12-25-2022 @ 19:09:36 - Setting Featured Image. URL:http://rubinmass.co.il/images_one/141917.png
12-25-2022 @ 19:09:36 - Attachment ID:173293
12-25-2022 @ 19:09:36 - Row :16 - Product updated successfully.
12-25-2022 @ 19:09:36 - Row :17 - Parsing item.
12-25-2022 @ 19:09:36 - Row :17 - Processing item.
12-25-2022 @ 19:09:36 - Found simple product object. ID:140070
12-25-2022 @ 19:09:36 - Setting Featured Image. URL:http://rubinmass.co.il/images_one/140070.png
12-25-2022 @ 19:09:36 - Attachment ID:173294
12-25-2022 @ 19:09:36 - Row :17 - Product updated successfully.
12-25-2022 @ 19:09:36 - Row :18 - Parsing item.
12-25-2022 @ 19:09:36 - Row :18 - Processing item.
12-25-2022 @ 19:09:36 - Found simple product object. ID:140071
12-25-2022 @ 19:09:36 - Setting Featured Image. URL:http://rubinmass.co.il/images_one/140071.png
12-25-2022 @ 19:09:36 - Attachment ID:173295
12-25-2022 @ 19:09:37 - Row :18 - Product updated successfully.
12-25-2022 @ 19:09:37 - Row :19 - Parsing item.
12-25-2022 @ 19:09:37 - Row :19 - Processing item.
12-25-2022 @ 19:09:37 - Found simple product object. ID:140074
12-25-2022 @ 19:09:37 - Setting Featured Image. URL:http://rubinmass.co.il/images_one/140074.png
12-25-2022 @ 19:09:37 - Attachment ID:173296
12-25-2022 @ 19:09:37 - Row :19 - Product updated successfully.
12-25-2022 @ 19:09:37 - Row :20 - Parsing item.
12-25-2022 @ 19:09:37 - Row :20 - Processing item.
12-25-2022 @ 19:09:37 - Found simple product object. ID:140077
12-25-2022 @ 19:09:37 - Setting Featured Image. URL:http://rubinmass.co.il/images_one/140077.png
12-25-2022 @ 19:09:37 - Attachment ID:173297
12-25-2022 @ 19:09:37 - Row :20 - Product updated successfully.
12-25-2022 @ 19:09:37 - Row :21 - Parsing item.
12-25-2022 @ 19:09:37 - Row :21 - Processing item.
12-25-2022 @ 19:09:37 - Found simple product object. ID:140078
12-25-2022 @ 19:09:37 - Setting Featured Image. URL:http://rubinmass.co.il/images_one/140078.png
12-25-2022 @ 19:09:37 - Attachment ID:173298
12-25-2022 @ 19:09:37 - Row :21 - Product updated successfully.
12-25-2022 @ 19:09:37 - Row :22 - Parsing item.
12-25-2022 @ 19:09:37 - Row :22 - Processing item.
12-25-2022 @ 19:09:37 - Found simple product object. ID:140079
12-25-2022 @ 19:09:37 - Setting Featured Image. URL:http://rubinmass.co.il/images_one/140079.png
12-25-2022 @ 19:09:37 - Attachment ID:173299
12-25-2022 @ 19:09:37 - Row :22 - Product updated successfully.
12-25-2022 @ 19:09:37 - Row :23 - Parsing item.
12-25-2022 @ 19:09:37 - Row :23 - Processing item.
12-25-2022 @ 19:09:37 - Found simple product object. ID:140081
12-25-2022 @ 19:09:37 - Setting Featured Image. URL:http://rubinmass.co.il/images_one/140081.png
12-25-2022 @ 19:09:37 - Attachment ID:173300
12-25-2022 @ 19:09:37 - Row :23 - Product updated successfully.
12-25-2022 @ 19:09:37 - Row :24 - Parsing item.
12-25-2022 @ 19:09:37 - Row :24 - Processing item.
12-25-2022 @ 19:09:37 - Found simple product object. ID:140083
12-25-2022 @ 19:09:37 - Setting Featured Image. URL:http://rubinmass.co.il/images_one/140083.png
12-25-2022 @ 19:09:37 - Attachment ID:173301
12-25-2022 @ 19:09:37 - Row :24 - Product updated successfully.
12-25-2022 @ 19:09:37 - Row :25 - Parsing item.
12-25-2022 @ 19:09:37 - Row :25 - Processing item.
12-25-2022 @ 19:09:37 - Found simple product object. ID:140057
12-25-2022 @ 19:09:37 - Setting Featured Image. URL:http://rubinmass.co.il/images_one/140057.png
12-25-2022 @ 19:09:37 - Attachment ID:173302
12-25-2022 @ 19:09:37 - Row :25 - Product updated successfully.
12-25-2022 @ 19:09:37 - Row :26 - Parsing item.
12-25-2022 @ 19:09:37 - Row :26 - Processing item.
12-25-2022 @ 19:09:37 - Found simple product object. ID:140058
12-25-2022 @ 19:09:37 - Setting Featured Image. URL:http://rubinmass.co.il/images_one/140058.png
12-25-2022 @ 19:09:37 - Attachment ID:173303
12-25-2022 @ 19:09:37 - Row :26 - Product updated successfully.
12-25-2022 @ 19:09:37 - Row :27 - Parsing item.
12-25-2022 @ 19:09:37 - Row :27 - Processing item.
12-25-2022 @ 19:09:37 - Found simple product object. ID:140059
12-25-2022 @ 19:09:37 - Setting Featured Image. URL:http://rubinmass.co.il/images_one/140059.png
12-25-2022 @ 19:09:37 - Attachment ID:173304
12-25-2022 @ 19:09:37 - Row :27 - Product updated successfully.
12-25-2022 @ 19:09:37 - Row :28 - Parsing item.
12-25-2022 @ 19:09:37 - Row :28 - Processing item.
12-25-2022 @ 19:09:37 - Found simple product object. ID:140060
12-25-2022 @ 19:09:37 - Setting Featured Image. URL:http://rubinmass.co.il/images_one/140060.png
12-25-2022 @ 19:09:37 - Attachment ID:173305
12-25-2022 @ 19:09:37 - Row :28 - Product updated successfully.
12-25-2022 @ 19:09:37 - Row :29 - Parsing item.
12-25-2022 @ 19:09:37 - Row :29 - Processing item.
12-25-2022 @ 19:09:37 - Found simple product object. ID:140061
12-25-2022 @ 19:09:37 - Setting Featured Image. URL:http://rubinmass.co.il/images_one/140061.png
12-25-2022 @ 19:09:37 - Attachment ID:173306
12-25-2022 @ 19:09:37 - Row :29 - Product updated successfully.
12-25-2022 @ 19:09:37 - Row :30 - Parsing item.
12-25-2022 @ 19:09:37 - Row :30 - Processing item.
12-25-2022 @ 19:09:37 - Found simple product object. ID:140062
12-25-2022 @ 19:09:37 - Setting Featured Image. URL:http://rubinmass.co.il/images_one/140062.png
12-25-2022 @ 19:09:37 - Attachment ID:173307
12-25-2022 @ 19:09:37 - Row :30 - Product updated successfully.
12-25-2022 @ 19:09:37 - Row :31 - Parsing item.
12-25-2022 @ 19:09:37 - Row :31 - Processing item.
12-25-2022 @ 19:09:37 - Found simple product object. ID:140063
12-25-2022 @ 19:09:37 - Setting Featured Image. URL:http://rubinmass.co.il/images_one/140063.png
12-25-2022 @ 19:09:37 - Attachment ID:173308
12-25-2022 @ 19:09:37 - Row :31 - Product updated successfully.
12-25-2022 @ 19:09:37 - Row :32 - Parsing item.
12-25-2022 @ 19:09:37 - Row :32 - Processing item.
12-25-2022 @ 19:09:37 - Found simple product object. ID:140064
12-25-2022 @ 19:09:37 - Setting Featured Image. URL:http://rubinmass.co.il/images_one/140064.png
12-25-2022 @ 19:09:37 - Attachment ID:173309
12-25-2022 @ 19:09:37 - Row :32 - Product updated successfully.
12-25-2022 @ 19:09:37 - Row :33 - Parsing item.
12-25-2022 @ 19:09:37 - Row :33 - Processing item.
12-25-2022 @ 19:09:37 - Found simple product object. ID:140041
12-25-2022 @ 19:09:37 - Setting Featured Image. URL:http://rubinmass.co.il/images_one/140041.png
12-25-2022 @ 19:09:37 - Attachment ID:173310
12-25-2022 @ 19:09:37 - Row :33 - Product updated successfully.
12-25-2022 @ 19:09:37 - Row :34 - Parsing item.
12-25-2022 @ 19:09:37 - Row :34 - Processing item.
12-25-2022 @ 19:09:37 - Found simple product object. ID:140042
12-25-2022 @ 19:09:37 - Setting Featured Image. URL:http://rubinmass.co.il/images_one/140042.png
12-25-2022 @ 19:09:37 - Attachment ID:173311
12-25-2022 @ 19:09:37 - Row :34 - Product updated successfully.
12-25-2022 @ 19:09:37 - Row :35 - Parsing item.
12-25-2022 @ 19:09:37 - Row :35 - Processing item.
12-25-2022 @ 19:09:37 - Found simple product object. ID:140047
12-25-2022 @ 19:09:37 - Setting Featured Image. URL:http://rubinmass.co.il/images_one/140047.png
12-25-2022 @ 19:09:37 - Attachment ID:173312
12-25-2022 @ 19:09:37 - Row :35 - Product updated successfully.
12-25-2022 @ 19:09:37 - Row :36 - Parsing item.
12-25-2022 @ 19:09:37 - Row :36 - Processing item.
12-25-2022 @ 19:09:37 - Found simple product object. ID:140050
12-25-2022 @ 19:09:37 - Setting Featured Image. URL:http://rubinmass.co.il/images_one/140050.png
12-25-2022 @ 19:09:37 - Attachment ID:173313
12-25-2022 @ 19:09:37 - Row :36 - Product updated successfully.
12-25-2022 @ 19:09:37 - Row :37 - Parsing item.
12-25-2022 @ 19:09:37 - Row :37 - Processing item.
12-25-2022 @ 19:09:37 - Found simple product object. ID:140051
12-25-2022 @ 19:09:37 - Setting Featured Image. URL:http://rubinmass.co.il/images_one/140051.png
12-25-2022 @ 19:09:37 - Attachment ID:173314
12-25-2022 @ 19:09:37 - Row :37 - Product updated successfully.
12-25-2022 @ 19:09:37 - Row :38 - Parsing item.
12-25-2022 @ 19:09:37 - Row :38 - Processing item.
12-25-2022 @ 19:09:37 - Found simple product object. ID:140054
12-25-2022 @ 19:09:37 - Setting Featured Image. URL:http://rubinmass.co.il/images_one/140054.png
12-25-2022 @ 19:09:37 - Attachment ID:173315
12-25-2022 @ 19:09:37 - Row :38 - Product updated successfully.
12-25-2022 @ 19:09:37 - Row :39 - Parsing item.
12-25-2022 @ 19:09:37 - Row :39 - Processing item.
12-25-2022 @ 19:09:37 - Found simple product object. ID:140055
12-25-2022 @ 19:09:37 - Setting Featured Image. URL:http://rubinmass.co.il/images_one/140055.png
12-25-2022 @ 19:09:37 - Attachment ID:173316
12-25-2022 @ 19:09:37 - Row :39 - Product updated successfully.
12-25-2022 @ 19:09:37 - Row :40 - Parsing item.
12-25-2022 @ 19:09:37 - Row :40 - Processing item.
12-25-2022 @ 19:09:37 - Found simple product object. ID:140056
12-25-2022 @ 19:09:37 - Setting Featured Image. URL:http://rubinmass.co.il/images_one/140056.png
12-25-2022 @ 19:09:37 - Attachment ID:173317
12-25-2022 @ 19:09:37 - Row :40 - Product updated successfully.
12-25-2022 @ 19:09:37 - Row :41 - Parsing item.
12-25-2022 @ 19:09:37 - Row :41 - Processing item.
12-25-2022 @ 19:09:37 - Found simple product object. ID:140019
12-25-2022 @ 19:09:37 - Setting Featured Image. URL:http://rubinmass.co.il/images_one/140019.png
12-25-2022 @ 19:09:37 - Attachment ID:173318
12-25-2022 @ 19:09:37 - Row :41 - Product updated successfully.
12-25-2022 @ 19:09:37 - Row :42 - Parsing item.
12-25-2022 @ 19:09:37 - Row :42 - Processing item.
12-25-2022 @ 19:09:37 - Found simple product object. ID:140020
12-25-2022 @ 19:09:37 - Setting Featured Image. URL:http://rubinmass.co.il/images_one/140020.png
12-25-2022 @ 19:09:37 - Attachment ID:173319
12-25-2022 @ 19:09:37 - Row :42 - Product updated successfully.
12-25-2022 @ 19:09:37 - Row :43 - Parsing item.
12-25-2022 @ 19:09:37 - Row :43 - Processing item.
12-25-2022 @ 19:09:37 - Found simple product object. ID:140021
12-25-2022 @ 19:09:37 - Setting Featured Image. URL:http://rubinmass.co.il/images_one/140021.png
12-25-2022 @ 19:09:37 - Attachment ID:173320
12-25-2022 @ 19:09:37 - Row :43 - Product updated successfully.
12-25-2022 @ 19:09:37 - Row :44 - Parsing item.
12-25-2022 @ 19:09:37 - Row :44 - Processing item.
12-25-2022 @ 19:09:37 - Found simple product object. ID:140022
12-25-2022 @ 19:09:37 - Setting Featured Image. URL:http://rubinmass.co.il/images_one/140022.png
12-25-2022 @ 19:09:37 - Attachment ID:173321
12-25-2022 @ 19:09:37 - Row :44 - Product updated successfully.
12-25-2022 @ 19:09:37 - Row :45 - Parsing item.
12-25-2022 @ 19:09:37 - Row :45 - Processing item.
12-25-2022 @ 19:09:37 - Found simple product object. ID:140023
12-25-2022 @ 19:09:37 - Setting Featured Image. URL:http://rubinmass.co.il/images_one/140023.png
12-25-2022 @ 19:09:37 - Attachment ID:173322
12-25-2022 @ 19:09:37 - Row :45 - Product updated successfully.
12-25-2022 @ 19:09:37 - Row :46 - Parsing item.
12-25-2022 @ 19:09:37 - Row :46 - Processing item.
12-25-2022 @ 19:09:37 - Found simple product object. ID:140028
12-25-2022 @ 19:09:37 - Setting Featured Image. URL:http://rubinmass.co.il/images_one/140028.png
12-25-2022 @ 19:09:37 - Attachment ID:173323
12-25-2022 @ 19:09:37 - Row :46 - Product updated successfully.
12-25-2022 @ 19:09:37 - Row :47 - Parsing item.
12-25-2022 @ 19:09:37 - Row :47 - Processing item.
12-25-2022 @ 19:09:37 - Found simple product object. ID:140033
12-25-2022 @ 19:09:37 - Setting Featured Image. URL:http://rubinmass.co.il/images_one/140033.png
12-25-2022 @ 19:09:37 - Attachment ID:173324
12-25-2022 @ 19:09:37 - Row :47 - Product updated successfully.
12-25-2022 @ 19:09:37 - Row :48 - Parsing item.
12-25-2022 @ 19:09:37 - Row :48 - Processing item.
12-25-2022 @ 19:09:37 - Found simple product object. ID:140036
12-25-2022 @ 19:09:37 - Setting Featured Image. URL:http://rubinmass.co.il/images_one/140036.png
12-25-2022 @ 19:09:37 - Attachment ID:173325
12-25-2022 @ 19:09:37 - Row :48 - Product updated successfully.
12-25-2022 @ 19:09:37 - Row :49 - Parsing item.
12-25-2022 @ 19:09:37 - Row :49 - Processing item.
12-25-2022 @ 19:09:37 - Found simple product object. ID:139939
12-25-2022 @ 19:09:37 - Setting Featured Image. URL:http://rubinmass.co.il/images_one/139939.png
12-25-2022 @ 19:09:37 - Attachment ID:173326
12-25-2022 @ 19:09:37 - Row :49 - Product updated successfully.
12-25-2022 @ 19:09:37 - Row :50 - Parsing item.
12-25-2022 @ 19:09:37 - Row :50 - Processing item.
12-25-2022 @ 19:09:37 - Found simple product object. ID:139948
12-25-2022 @ 19:09:37 - Setting Featured Image. URL:http://rubinmass.co.il/images_one/139948.png
12-25-2022 @ 19:09:37 - Attachment ID:173327
12-25-2022 @ 19:09:37 - Row :50 - Product updated successfully.
12-25-2022 @ 19:09:37 - Row :51 - Parsing item.
12-25-2022 @ 19:09:37 - Row :51 - Processing item.
12-25-2022 @ 19:09:37 - Found simple product object. ID:139950
12-25-2022 @ 19:09:37 - Setting Featured Image. URL:http://rubinmass.co.il/images_one/139950.png
12-25-2022 @ 19:09:37 - Attachment ID:173328
12-25-2022 @ 19:09:37 - Row :51 - Product updated successfully.
12-25-2022 @ 19:09:37 - Row :52 - Parsing item.
12-25-2022 @ 19:09:37 - Row :52 - Processing item.
12-25-2022 @ 19:09:37 - Found simple product object. ID:139961
12-25-2022 @ 19:09:37 - Setting Featured Image. URL:http://rubinmass.co.il/images_one/139961.png
12-25-2022 @ 19:09:37 - Attachment ID:173329
12-25-2022 @ 19:09:37 - Row :52 - Product updated successfully.
12-25-2022 @ 19:09:37 - Row :53 - Parsing item.
12-25-2022 @ 19:09:37 - Row :53 - Processing item.
12-25-2022 @ 19:09:37 - Found simple product object. ID:139979
12-25-2022 @ 19:09:37 - Setting Featured Image. URL:http://rubinmass.co.il/images_one/139979.png
12-25-2022 @ 19:09:37 - Attachment ID:173330
12-25-2022 @ 19:09:37 - Row :53 - Product updated successfully.
12-25-2022 @ 19:09:37 - Row :54 - Parsing item.
12-25-2022 @ 19:09:37 - Row :54 - Processing item.
12-25-2022 @ 19:09:37 - Found simple product object. ID:139990
12-25-2022 @ 19:09:37 - Setting Featured Image. URL:http://rubinmass.co.il/images_one/139990.png
12-25-2022 @ 19:09:37 - Attachment ID:173331
12-25-2022 @ 19:09:37 - Row :54 - Product updated successfully.
12-25-2022 @ 19:09:37 - Row :55 - Parsing item.
12-25-2022 @ 19:09:37 - Row :55 - Processing item.
12-25-2022 @ 19:09:37 - Found simple product object. ID:139994
12-25-2022 @ 19:09:37 - Setting Featured Image. URL:http://rubinmass.co.il/images_one/139994.png
12-25-2022 @ 19:09:37 - Attachment ID:173332
12-25-2022 @ 19:09:37 - Row :55 - Product updated successfully.
12-25-2022 @ 19:09:37 - Row :56 - Parsing item.
12-25-2022 @ 19:09:37 - Row :56 - Processing item.
12-25-2022 @ 19:09:37 - Found simple product object. ID:140003
12-25-2022 @ 19:09:37 - Setting Featured Image. URL:http://rubinmass.co.il/images_one/140003.png
12-25-2022 @ 19:09:37 - Attachment ID:173333
12-25-2022 @ 19:09:37 - Row :56 - Product updated successfully.
12-25-2022 @ 19:09:37 - Row :57 - Parsing item.
12-25-2022 @ 19:09:37 - Row :57 - Processing item.
12-25-2022 @ 19:09:37 - Found simple product object. ID:139924
12-25-2022 @ 19:09:37 - Setting Featured Image. URL:http://rubinmass.co.il/images_one/139924.png
12-25-2022 @ 19:09:37 - Attachment ID:173334
12-25-2022 @ 19:09:37 - Row :57 - Product updated successfully.
12-25-2022 @ 19:09:37 - Row :58 - Parsing item.
12-25-2022 @ 19:09:37 - Row :58 - Processing item.
12-25-2022 @ 19:09:37 - Found simple product object. ID:139925
12-25-2022 @ 19:09:37 - Setting Featured Image. URL:http://rubinmass.co.il/images_one/139925.png
12-25-2022 @ 19:09:37 - Attachment ID:173335
12-25-2022 @ 19:09:37 - Row :58 - Product updated successfully.
12-25-2022 @ 19:09:37 - Row :59 - Parsing item.
12-25-2022 @ 19:09:37 - Row :59 - Processing item.
12-25-2022 @ 19:09:37 - Found simple product object. ID:139926
12-25-2022 @ 19:09:37 - Setting Featured Image. URL:http://rubinmass.co.il/images_one/139926.png
12-25-2022 @ 19:09:37 - Attachment ID:173336
12-25-2022 @ 19:09:37 - Row :59 - Product updated successfully.
12-25-2022 @ 19:09:37 - Row :60 - Parsing item.
12-25-2022 @ 19:09:37 - Row :60 - Processing item.
12-25-2022 @ 19:09:37 - Found simple product object. ID:139927
12-25-2022 @ 19:09:37 - Setting Featured Image. URL:http://rubinmass.co.il/images_one/139927.png
12-25-2022 @ 19:09:37 - Attachment ID:173337
12-25-2022 @ 19:09:37 - Row :60 - Product updated successfully.
12-25-2022 @ 19:09:37 - Row :61 - Parsing item.
12-25-2022 @ 19:09:37 - Row :61 - Processing item.
12-25-2022 @ 19:09:37 - Found simple product object. ID:139929
12-25-2022 @ 19:09:37 - Setting Featured Image. URL:http://rubinmass.co.il/images_one/139929.png
12-25-2022 @ 19:09:37 - Attachment ID:173338
12-25-2022 @ 19:09:37 - Row :61 - Product updated successfully.
12-25-2022 @ 19:09:37 - Row :62 - Parsing item.
12-25-2022 @ 19:09:37 - Row :62 - Processing item.
12-25-2022 @ 19:09:37 - Found simple product object. ID:139931
12-25-2022 @ 19:09:37 - Setting Featured Image. URL:http://rubinmass.co.il/images_one/139931.png
12-25-2022 @ 19:09:37 - Attachment ID:173339
12-25-2022 @ 19:09:37 - Row :62 - Product updated successfully.
12-25-2022 @ 19:09:37 - Row :63 - Parsing item.
12-25-2022 @ 19:09:37 - Row :63 - Processing item.
12-25-2022 @ 19:09:37 - Found simple product object. ID:139932
12-25-2022 @ 19:09:37 - Setting Featured Image. URL:http://rubinmass.co.il/images_one/139932.png
12-25-2022 @ 19:09:37 - Attachment ID:173340
12-25-2022 @ 19:09:37 - Row :63 - Product updated successfully.
12-25-2022 @ 19:09:37 - Row :64 - Parsing item.
12-25-2022 @ 19:09:37 - Row :64 - Processing item.
12-25-2022 @ 19:09:37 - Found simple product object. ID:139933
12-25-2022 @ 19:09:37 - Setting Featured Image. URL:http://rubinmass.co.il/images_one/139933.png
12-25-2022 @ 19:09:37 - Attachment ID:173341
12-25-2022 @ 19:09:37 - Row :64 - Product updated successfully.
12-25-2022 @ 19:09:37 - Row :65 - Parsing item.
12-25-2022 @ 19:09:37 - Row :65 - Processing item.
12-25-2022 @ 19:09:37 - Found simple product object. ID:139895
12-25-2022 @ 19:09:37 - Setting Featured Image. URL:http://rubinmass.co.il/images_one/139895.png
12-25-2022 @ 19:09:37 - Attachment ID:173342
12-25-2022 @ 19:09:37 - Row :65 - Product updated successfully.
12-25-2022 @ 19:09:37 - Row :66 - Parsing item.
12-25-2022 @ 19:09:37 - Row :66 - Processing item.
12-25-2022 @ 19:09:37 - Found simple product object. ID:139896
12-25-2022 @ 19:09:37 - Setting Featured Image. URL:http://rubinmass.co.il/images_one/139896.png
12-25-2022 @ 19:09:37 - Attachment ID:173343
12-25-2022 @ 19:09:37 - Row :66 - Product updated successfully.
12-25-2022 @ 19:09:37 - Row :67 - Parsing item.
12-25-2022 @ 19:09:37 - Row :67 - Processing item.
12-25-2022 @ 19:09:37 - Found simple product object. ID:139897
12-25-2022 @ 19:09:37 - Setting Featured Image. URL:http://rubinmass.co.il/images_one/139897.png
12-25-2022 @ 19:09:37 - Attachment ID:173344
12-25-2022 @ 19:09:37 - Row :67 - Product updated successfully.
12-25-2022 @ 19:09:37 - Row :68 - Parsing item.
12-25-2022 @ 19:09:37 - Row :68 - Processing item.
12-25-2022 @ 19:09:37 - Found simple product object. ID:139898
12-25-2022 @ 19:09:37 - Setting Featured Image. URL:http://rubinmass.co.il/images_one/139898.png
12-25-2022 @ 19:09:37 - Attachment ID:173345
12-25-2022 @ 19:09:37 - Row :68 - Product updated successfully.
12-25-2022 @ 19:09:37 - Row :69 - Parsing item.
12-25-2022 @ 19:09:37 - Row :69 - Processing item.
12-25-2022 @ 19:09:37 - Found simple product object. ID:139900
12-25-2022 @ 19:09:37 - Setting Featured Image. URL:http://rubinmass.co.il/images_one/139900.png
12-25-2022 @ 19:09:37 - Attachment ID:173346
12-25-2022 @ 19:09:37 - Row :69 - Product updated successfully.
12-25-2022 @ 19:09:37 - Row :70 - Parsing item.
12-25-2022 @ 19:09:37 - Row :70 - Processing item.
12-25-2022 @ 19:09:37 - Found simple product object. ID:139903
12-25-2022 @ 19:09:37 - Setting Featured Image. URL:http://rubinmass.co.il/images_one/139903.png
12-25-2022 @ 19:09:37 - Attachment ID:173347
12-25-2022 @ 19:09:37 - Row :70 - Product updated successfully.
12-25-2022 @ 19:09:37 - Row :71 - Parsing item.
12-25-2022 @ 19:09:37 - Row :71 - Processing item.
12-25-2022 @ 19:09:37 - Found simple product object. ID:139917
12-25-2022 @ 19:09:37 - Setting Featured Image. URL:http://rubinmass.co.il/images_one/139917.png
12-25-2022 @ 19:09:37 - Attachment ID:173348
12-25-2022 @ 19:09:38 - Row :71 - Product updated successfully.
12-25-2022 @ 19:09:38 - Row :72 - Parsing item.
12-25-2022 @ 19:09:38 - Row :72 - Processing item.
12-25-2022 @ 19:09:38 - Found simple product object. ID:139919
12-25-2022 @ 19:09:38 - Setting Featured Image. URL:http://rubinmass.co.il/images_one/139919.png
12-25-2022 @ 19:09:38 - Attachment ID:173349
12-25-2022 @ 19:09:38 - Row :72 - Product updated successfully.
12-25-2022 @ 19:09:38 - Row :73 - Parsing item.
12-25-2022 @ 19:09:38 - Row :73 - Processing item.
12-25-2022 @ 19:09:38 - Found simple product object. ID:139880
12-25-2022 @ 19:09:38 - Setting Featured Image. URL:http://rubinmass.co.il/images_one/139880.png
12-25-2022 @ 19:09:38 - Attachment ID:173350
12-25-2022 @ 19:09:38 - Row :73 - Product updated successfully.
12-25-2022 @ 19:09:38 - Row :74 - Parsing item.
12-25-2022 @ 19:09:38 - Row :74 - Processing item.
12-25-2022 @ 19:09:38 - Found simple product object. ID:139882
12-25-2022 @ 19:09:38 - Setting Featured Image. URL:http://rubinmass.co.il/images_one/139882.png
12-25-2022 @ 19:09:38 - Attachment ID:173351
12-25-2022 @ 19:09:38 - Row :74 - Product updated successfully.
12-25-2022 @ 19:09:38 - Row :75 - Parsing item.
12-25-2022 @ 19:09:38 - Row :75 - Processing item.
12-25-2022 @ 19:09:38 - Found simple product object. ID:139888
12-25-2022 @ 19:09:38 - Setting Featured Image. URL:http://rubinmass.co.il/images_one/139888.png
12-25-2022 @ 19:09:38 - Attachment ID:173352
12-25-2022 @ 19:09:38 - Row :75 - Product updated successfully.
12-25-2022 @ 19:09:38 - Row :76 - Parsing item.
12-25-2022 @ 19:09:38 - Row :76 - Processing item.
12-25-2022 @ 19:09:38 - Found simple product object. ID:139889
12-25-2022 @ 19:09:38 - Setting Featured Image. URL:http://rubinmass.co.il/images_one/139889.png
12-25-2022 @ 19:09:38 - Attachment ID:173353
12-25-2022 @ 19:09:38 - Row :76 - Product updated successfully.
12-25-2022 @ 19:09:38 - Row :77 - Parsing item.
12-25-2022 @ 19:09:38 - Row :77 - Processing item.
12-25-2022 @ 19:09:38 - Found simple product object. ID:139890
12-25-2022 @ 19:09:38 - Setting Featured Image. URL:http://rubinmass.co.il/images_one/139890.png
12-25-2022 @ 19:09:38 - Attachment ID:173354
12-25-2022 @ 19:09:38 - Row :77 - Product updated successfully.
12-25-2022 @ 19:09:38 - Row :78 - Parsing item.
12-25-2022 @ 19:09:38 - Row :78 - Processing item.
12-25-2022 @ 19:09:38 - Found simple product object. ID:139891
12-25-2022 @ 19:09:38 - Setting Featured Image. URL:http://rubinmass.co.il/images_one/139891.png
12-25-2022 @ 19:09:38 - Attachment ID:173355
12-25-2022 @ 19:09:38 - Row :78 - Product updated successfully.
12-25-2022 @ 19:09:38 - Row :79 - Parsing item.
12-25-2022 @ 19:09:38 - Row :79 - Processing item.
12-25-2022 @ 19:09:38 - Found simple product object. ID:139892
12-25-2022 @ 19:09:38 - Setting Featured Image. URL:http://rubinmass.co.il/images_one/139892.png
12-25-2022 @ 19:09:38 - Attachment ID:173356
12-25-2022 @ 19:09:38 - Row :79 - Product updated successfully.
12-25-2022 @ 19:09:38 - Row :80 - Parsing item.
12-25-2022 @ 19:09:38 - Row :80 - Processing item.
12-25-2022 @ 19:09:38 - Found simple product object. ID:139894
12-25-2022 @ 19:09:38 - Setting Featured Image. URL:http://rubinmass.co.il/images_one/139894.png
12-25-2022 @ 19:09:38 - Attachment ID:173357
12-25-2022 @ 19:09:38 - Row :80 - Product updated successfully.
12-25-2022 @ 19:09:38 - Row :81 - Parsing item.
12-25-2022 @ 19:09:38 - Row :81 - Processing item.
12-25-2022 @ 19:09:38 - Found simple product object. ID:139839
12-25-2022 @ 19:09:38 - Setting Featured Image. URL:http://rubinmass.co.il/images_one/139839.png
12-25-2022 @ 19:09:38 - Attachment ID:173358
12-25-2022 @ 19:09:38 - Row :81 - Product updated successfully.
12-25-2022 @ 19:09:38 - Row :82 - Parsing item.
12-25-2022 @ 19:09:38 - Row :82 - Processing item.
12-25-2022 @ 19:09:38 - Found simple product object. ID:139840
12-25-2022 @ 19:09:38 - Setting Featured Image. URL:http://rubinmass.co.il/images_one/139840.png
12-25-2022 @ 19:09:38 - Attachment ID:173359
12-25-2022 @ 19:09:38 - Row :82 - Product updated successfully.
12-25-2022 @ 19:09:38 - Row :83 - Parsing item.
12-25-2022 @ 19:09:38 - Row :83 - Processing item.
12-25-2022 @ 19:09:38 - Found simple product object. ID:139847
12-25-2022 @ 19:09:38 - Setting Featured Image. URL:http://rubinmass.co.il/images_one/139847.png
12-25-2022 @ 19:09:38 - Attachment ID:173360
12-25-2022 @ 19:09:38 - Row :83 - Product updated successfully.
12-25-2022 @ 19:09:38 - Row :84 - Parsing item.
12-25-2022 @ 19:09:38 - Row :84 - Processing item.
12-25-2022 @ 19:09:38 - Found simple product object. ID:139848
12-25-2022 @ 19:09:38 - Setting Featured Image. URL:http://rubinmass.co.il/images_one/139848.png
12-25-2022 @ 19:09:38 - Attachment ID:173361
12-25-2022 @ 19:09:38 - Row :84 - Product updated successfully.
12-25-2022 @ 19:09:38 - Row :85 - Parsing item.
12-25-2022 @ 19:09:38 - Row :85 - Processing item.
12-25-2022 @ 19:09:38 - Found simple product object. ID:139850
12-25-2022 @ 19:09:38 - Setting Featured Image. URL:http://rubinmass.co.il/images_one/139850.png
12-25-2022 @ 19:09:38 - Attachment ID:173362
12-25-2022 @ 19:09:38 - Row :85 - Product updated successfully.
12-25-2022 @ 19:09:38 - Row :86 - Parsing item.
12-25-2022 @ 19:09:38 - Row :86 - Processing item.
12-25-2022 @ 19:09:38 - Found simple product object. ID:139871
12-25-2022 @ 19:09:38 - Setting Featured Image. URL:http://rubinmass.co.il/images_one/139871.png
12-25-2022 @ 19:09:38 - Attachment ID:173363
12-25-2022 @ 19:09:38 - Row :86 - Product updated successfully.
12-25-2022 @ 19:09:38 - Row :87 - Parsing item.
12-25-2022 @ 19:09:38 - Row :87 - Processing item.
12-25-2022 @ 19:09:38 - Found simple product object. ID:139872
12-25-2022 @ 19:09:38 - Setting Featured Image. URL:http://rubinmass.co.il/images_one/139872.png
12-25-2022 @ 19:09:38 - Attachment ID:173364
12-25-2022 @ 19:09:38 - Row :87 - Product updated successfully.
12-25-2022 @ 19:09:38 - Row :88 - Parsing item.
12-25-2022 @ 19:09:38 - Row :88 - Processing item.
12-25-2022 @ 19:09:38 - Found simple product object. ID:139879
12-25-2022 @ 19:09:38 - Setting Featured Image. URL:http://rubinmass.co.il/images_one/139879.png
12-25-2022 @ 19:09:38 - Attachment ID:173365
12-25-2022 @ 19:09:38 - Row :88 - Product updated successfully.
12-25-2022 @ 19:09:38 - Row :89 - Parsing item.
12-25-2022 @ 19:09:38 - Row :89 - Processing item.
12-25-2022 @ 19:09:38 - Found simple product object. ID:139654
12-25-2022 @ 19:09:38 - Setting Featured Image. URL:http://rubinmass.co.il/images_one/139654.png
12-25-2022 @ 19:09:38 - Attachment ID:173366
12-25-2022 @ 19:09:38 - Row :89 - Product updated successfully.
12-25-2022 @ 19:09:38 - Row :90 - Parsing item.
12-25-2022 @ 19:09:38 - Row :90 - Processing item.
12-25-2022 @ 19:09:38 - Found simple product object. ID:139655
12-25-2022 @ 19:09:38 - Setting Featured Image. URL:http://rubinmass.co.il/images_one/139655.png
12-25-2022 @ 19:09:38 - Attachment ID:173367
12-25-2022 @ 19:09:38 - Row :90 - Product updated successfully.
12-25-2022 @ 19:09:38 - Row :91 - Parsing item.
12-25-2022 @ 19:09:38 - Row :91 - Processing item.
12-25-2022 @ 19:09:38 - Found simple product object. ID:139656
12-25-2022 @ 19:09:38 - Setting Featured Image. URL:http://rubinmass.co.il/images_one/139656.png
12-25-2022 @ 19:09:38 - Attachment ID:173368
12-25-2022 @ 19:09:38 - Row :91 - Product updated successfully.
12-25-2022 @ 19:09:38 - Row :92 - Parsing item.
12-25-2022 @ 19:09:38 - Row :92 - Processing item.
12-25-2022 @ 19:09:38 - Found simple product object. ID:139721
12-25-2022 @ 19:09:38 - Setting Featured Image. URL:http://rubinmass.co.il/images_one/139721.png
12-25-2022 @ 19:09:38 - Attachment ID:173369
12-25-2022 @ 19:09:38 - Row :92 - Product updated successfully.
12-25-2022 @ 19:09:38 - Row :93 - Parsing item.
12-25-2022 @ 19:09:38 - Row :93 - Processing item.
12-25-2022 @ 19:09:38 - Found simple product object. ID:139736
12-25-2022 @ 19:09:38 - Setting Featured Image. URL:http://rubinmass.co.il/images_one/139736.png
12-25-2022 @ 19:09:38 - Attachment ID:173370
12-25-2022 @ 19:09:38 - Row :93 - Product updated successfully.
12-25-2022 @ 19:09:38 - Row :94 - Parsing item.
12-25-2022 @ 19:09:38 - Row :94 - Processing item.
12-25-2022 @ 19:09:38 - Found simple product object. ID:139737
12-25-2022 @ 19:09:38 - Setting Featured Image. URL:http://rubinmass.co.il/images_one/139737.png
12-25-2022 @ 19:09:38 - Attachment ID:173371
12-25-2022 @ 19:09:38 - Row :94 - Product updated successfully.
12-25-2022 @ 19:09:38 - Row :95 - Parsing item.
12-25-2022 @ 19:09:38 - Row :95 - Processing item.
12-25-2022 @ 19:09:38 - Found simple product object. ID:139754
12-25-2022 @ 19:09:38 - Setting Featured Image. URL:http://rubinmass.co.il/images_one/139754.png
12-25-2022 @ 19:09:38 - Attachment ID:173372
12-25-2022 @ 19:09:38 - Row :95 - Product updated successfully.
12-25-2022 @ 19:09:38 - Row :96 - Parsing item.
12-25-2022 @ 19:09:38 - Row :96 - Processing item.
12-25-2022 @ 19:09:38 - Found simple product object. ID:139780
12-25-2022 @ 19:09:38 - Setting Featured Image. URL:http://rubinmass.co.il/images_one/139780.png
12-25-2022 @ 19:09:38 - Attachment ID:173373
12-25-2022 @ 19:09:38 - Row :96 - Product updated successfully.
12-25-2022 @ 19:09:38 - Row :97 - Parsing item.
12-25-2022 @ 19:09:38 - Row :97 - Processing item.
12-25-2022 @ 19:09:38 - Found simple product object. ID:139594
12-25-2022 @ 19:09:38 - Setting Featured Image. URL:http://rubinmass.co.il/images_one/139594.png
12-25-2022 @ 19:09:38 - Attachment ID:173374
12-25-2022 @ 19:09:38 - Row :97 - Product updated successfully.
12-25-2022 @ 19:09:38 - Row :98 - Parsing item.
12-25-2022 @ 19:09:38 - Row :98 - Processing item.
12-25-2022 @ 19:09:38 - Found simple product object. ID:139595
12-25-2022 @ 19:09:38 - Setting Featured Image. URL:http://rubinmass.co.il/images_one/139595.png
12-25-2022 @ 19:09:38 - Attachment ID:173375
12-25-2022 @ 19:09:38 - Row :98 - Product updated successfully.
12-25-2022 @ 19:09:38 - Row :99 - Parsing item.
12-25-2022 @ 19:09:38 - Row :99 - Processing item.
12-25-2022 @ 19:09:38 - Found simple product object. ID:139598
12-25-2022 @ 19:09:38 - Setting Featured Image. URL:http://rubinmass.co.il/images_one/139598.png
12-25-2022 @ 19:09:38 - Attachment ID:173376
12-25-2022 @ 19:09:38 - Row :99 - Product updated successfully.
12-25-2022 @ 19:09:38 - Row :100 - Parsing item.
12-25-2022 @ 19:09:38 - Row :100 - Processing item.
12-25-2022 @ 19:09:38 - Found simple product object. ID:139605
12-25-2022 @ 19:09:38 - Setting Featured Image. URL:http://rubinmass.co.il/images_one/139605.png
12-25-2022 @ 19:09:38 - Attachment ID:173377
12-25-2022 @ 19:09:38 - Row :100 - Product updated successfully.
