03-10-2023 @ 11:28:37 - ---[ New import started at 2023-03-10 11:28:37 ] PHP Memory: 256 MB, WP Memory: 51 B
03-10-2023 @ 11:28:37 - Preparing for import.
03-10-2023 @ 11:28:37 - Row :1 - Parsing item.
03-10-2023 @ 11:28:37 - Importing as new product ID:1
03-10-2023 @ 11:28:37 - Row :1 - Processing item.
03-10-2023 @ 11:28:37 - Found variation product object. ID:1
03-10-2023 @ 11:28:37 - Row :1 - Product imported successfully.
03-10-2023 @ 11:28:37 - Row :2 - Parsing item.
03-10-2023 @ 11:28:37 - Importing as new product ID:81
03-10-2023 @ 11:28:37 - Row :2 - Processing item.
03-10-2023 @ 11:28:37 - Found variation product object. ID:81
03-10-2023 @ 11:28:37 - Row :2 - Product imported successfully.
03-10-2023 @ 11:28:37 - Row :3 - Parsing item.
03-10-2023 @ 11:28:37 - Importing as new product ID:42
03-10-2023 @ 11:28:37 - Row :3 - Processing item.
03-10-2023 @ 11:28:37 - Found variation product object. ID:42
03-10-2023 @ 11:28:37 - Row :3 - Product imported successfully.
03-10-2023 @ 11:28:37 - Row :4 - Parsing item.
03-10-2023 @ 11:28:37 - Importing as new product ID:120
03-10-2023 @ 11:28:37 - Row :4 - Processing item.
03-10-2023 @ 11:28:37 - Found variation product object. ID:120
03-10-2023 @ 11:28:38 - Row :4 - Product imported successfully.
03-10-2023 @ 11:28:38 - Row :5 - Parsing item.
03-10-2023 @ 11:28:38 - Importing as new product ID:32
03-10-2023 @ 11:28:38 - Row :5 - Processing item.
03-10-2023 @ 11:28:38 - Found variation product object. ID:32
03-10-2023 @ 11:28:38 - Row :5 - Product imported successfully.
03-10-2023 @ 11:28:38 - Row :6 - Parsing item.
03-10-2023 @ 11:28:38 - Row :6 - Processing item.
03-10-2023 @ 11:28:38 - Found variation product object. ID:42
03-10-2023 @ 11:28:38 - Row :6 - Product updated successfully.
03-10-2023 @ 11:28:38 - Row :7 - Parsing item.
03-10-2023 @ 11:28:38 - Row :7 - Parsing failed. Reason: Importing Product(ID) conflicts with an existing post. ID: 10
03-10-2023 @ 11:28:38 - Row :8 - Parsing item.
03-10-2023 @ 11:28:38 - Importing as new product ID:48
03-10-2023 @ 11:28:38 - Row :8 - Processing item.
03-10-2023 @ 11:28:38 - Found variation product object. ID:48
03-10-2023 @ 11:28:38 - Row :8 - Product imported successfully.
03-10-2023 @ 11:28:38 - Row :9 - Parsing item.
03-10-2023 @ 11:28:38 - Importing as new product ID:80
03-10-2023 @ 11:28:38 - Row :9 - Processing item.
03-10-2023 @ 11:28:38 - Found variation product object. ID:80
03-10-2023 @ 11:28:38 - Row :9 - Product imported successfully.
03-10-2023 @ 11:28:38 - Row :10 - Parsing item.
03-10-2023 @ 11:28:38 - Row :10 - Processing item.
03-10-2023 @ 11:28:38 - Found variation product object. ID:81
03-10-2023 @ 11:28:38 - Row :10 - Product updated successfully.
03-10-2023 @ 11:28:38 - Preparing for import.
03-10-2023 @ 11:28:38 - Row :11 - Parsing item.
03-10-2023 @ 11:28:38 - Row :11 - Parsing failed. Reason: Importing Product(ID) conflicts with an existing post. ID: 100
03-10-2023 @ 11:28:38 - Row :12 - Parsing item.
03-10-2023 @ 11:28:38 - Importing as new product ID:95
03-10-2023 @ 11:28:38 - Row :12 - Processing item.
03-10-2023 @ 11:28:38 - Found variation product object. ID:95
03-10-2023 @ 11:28:38 - Row :12 - Product imported successfully.
03-10-2023 @ 11:28:38 - Row :13 - Parsing item.
03-10-2023 @ 11:28:38 - Row :13 - Processing item.
03-10-2023 @ 11:28:38 - Found variation product object. ID:95
03-10-2023 @ 11:28:38 - Row :13 - Product updated successfully.
03-10-2023 @ 11:28:38 - Row :14 - Parsing item.
03-10-2023 @ 11:28:38 - Importing as new product ID:90
03-10-2023 @ 11:28:38 - Row :14 - Processing item.
03-10-2023 @ 11:28:38 - Found variation product object. ID:90
03-10-2023 @ 11:28:38 - Row :14 - Product imported successfully.
03-10-2023 @ 11:28:38 - Row :15 - Parsing item.
03-10-2023 @ 11:28:38 - Row :15 - Parsing failed. Reason: Importing Product(ID) conflicts with an existing post. ID: 100
03-10-2023 @ 11:28:38 - Row :16 - Parsing item.
03-10-2023 @ 11:28:38 - Row :16 - Processing item.
03-10-2023 @ 11:28:38 - Found variation product object. ID:95
03-10-2023 @ 11:28:38 - Row :16 - Product updated successfully.
03-10-2023 @ 11:28:38 - Row :17 - Parsing item.
03-10-2023 @ 11:28:38 - Importing as new product ID:86
03-10-2023 @ 11:28:38 - Row :17 - Processing item.
03-10-2023 @ 11:28:38 - Found variation product object. ID:86
03-10-2023 @ 11:28:38 - Row :17 - Product imported successfully.
03-10-2023 @ 11:28:38 - Row :18 - Parsing item.
03-10-2023 @ 11:28:38 - Row :18 - Processing item.
03-10-2023 @ 11:28:38 - Found variation product object. ID:95
03-10-2023 @ 11:28:38 - Row :18 - Product updated successfully.
03-10-2023 @ 11:28:38 - Row :19 - Parsing item.
03-10-2023 @ 11:28:38 - Row :19 - Parsing failed. Reason: Importing Product(ID) conflicts with an existing post. ID: 60
03-10-2023 @ 11:28:38 - Row :20 - Parsing item.
03-10-2023 @ 11:28:38 - Row :20 - Parsing failed. Reason: Importing Product(ID) conflicts with an existing post. ID: 100
03-10-2023 @ 11:28:39 - Preparing for import.
03-10-2023 @ 11:28:39 - Row :21 - Parsing item.
03-10-2023 @ 11:28:39 - Importing as new product ID:85
03-10-2023 @ 11:28:39 - Row :21 - Processing item.
03-10-2023 @ 11:28:39 - Found variation product object. ID:85
03-10-2023 @ 11:28:39 - Row :21 - Product imported successfully.
03-10-2023 @ 11:28:39 - Row :22 - Parsing item.
03-10-2023 @ 11:28:39 - Row :22 - Parsing failed. Reason: Importing Product(ID) conflicts with an existing post. ID: 100
03-10-2023 @ 11:28:39 - Row :23 - Parsing item.
03-10-2023 @ 11:28:39 - Row :23 - Processing item.
03-10-2023 @ 11:28:39 - Found variation product object. ID:90
03-10-2023 @ 11:28:39 - Row :23 - Product updated successfully.
03-10-2023 @ 11:28:39 - Row :24 - Parsing item.
03-10-2023 @ 11:28:39 - Row :24 - Parsing failed. Reason: Importing Product(ID) conflicts with an existing post. ID: 100
03-10-2023 @ 11:28:39 - Row :25 - Parsing item.
03-10-2023 @ 11:28:39 - Importing as new product ID:96
03-10-2023 @ 11:28:39 - Row :25 - Processing item.
03-10-2023 @ 11:28:39 - Found variation product object. ID:96
03-10-2023 @ 11:28:39 - Row :25 - Product imported successfully.
03-10-2023 @ 11:28:39 - Row :26 - Parsing item.
03-10-2023 @ 11:28:39 - Row :26 - Processing item.
03-10-2023 @ 11:28:39 - Found variation product object. ID:81
03-10-2023 @ 11:28:39 - Row :26 - Product updated successfully.
03-10-2023 @ 11:28:39 - Row :27 - Parsing item.
03-10-2023 @ 11:28:39 - Row :27 - Processing item.
03-10-2023 @ 11:28:39 - Found variation product object. ID:81
03-10-2023 @ 11:28:39 - Row :27 - Product updated successfully.
03-10-2023 @ 11:28:39 - Row :28 - Parsing item.
03-10-2023 @ 11:28:39 - Row :28 - Processing item.
03-10-2023 @ 11:28:39 - Found variation product object. ID:81
03-10-2023 @ 11:28:39 - Row :28 - Product updated successfully.
03-10-2023 @ 11:28:39 - Row :29 - Parsing item.
03-10-2023 @ 11:28:39 - Row :29 - Processing item.
03-10-2023 @ 11:28:39 - Found variation product object. ID:90
03-10-2023 @ 11:28:39 - Row :29 - Product updated successfully.
03-10-2023 @ 11:28:39 - Row :30 - Parsing item.
03-10-2023 @ 11:28:39 - Importing as new product ID:5
03-10-2023 @ 11:28:39 - Row :30 - Processing item.
03-10-2023 @ 11:28:39 - Found variation product object. ID:5
03-10-2023 @ 11:28:39 - Row :30 - Product imported successfully.
03-10-2023 @ 11:28:40 - Preparing for import.
03-10-2023 @ 11:28:40 - Row :31 - Parsing item.
03-10-2023 @ 11:28:40 - Importing as new product ID:30
03-10-2023 @ 11:28:40 - Row :31 - Processing item.
03-10-2023 @ 11:28:40 - Found variation product object. ID:30
03-10-2023 @ 11:28:40 - Row :31 - Product imported successfully.
03-10-2023 @ 11:28:40 - Row :32 - Parsing item.
03-10-2023 @ 11:28:40 - Row :32 - Processing item.
03-10-2023 @ 11:28:40 - Found variation product object. ID:30
03-10-2023 @ 11:28:40 - Row :32 - Product updated successfully.
03-10-2023 @ 11:28:40 - Row :33 - Parsing item.
03-10-2023 @ 11:28:40 - Row :33 - Processing item.
03-10-2023 @ 11:28:40 - Found variation product object. ID:30
03-10-2023 @ 11:28:40 - Row :33 - Product updated successfully.
03-10-2023 @ 11:28:40 - Row :34 - Parsing item.
03-10-2023 @ 11:28:40 - Row :34 - Processing item.
03-10-2023 @ 11:28:40 - Found variation product object. ID:5
03-10-2023 @ 11:28:40 - Row :34 - Product updated successfully.
03-10-2023 @ 11:28:40 - Row :35 - Parsing item.
03-10-2023 @ 11:28:40 - Row :35 - Processing item.
03-10-2023 @ 11:28:40 - Found variation product object. ID:96
03-10-2023 @ 11:28:40 - Row :35 - Product updated successfully.
03-10-2023 @ 11:28:40 - Row :36 - Parsing item.
03-10-2023 @ 11:28:40 - Row :36 - Processing item.
03-10-2023 @ 11:28:40 - Found variation product object. ID:81
03-10-2023 @ 11:28:40 - Row :36 - Product updated successfully.
03-10-2023 @ 11:28:40 - Row :37 - Parsing item.
03-10-2023 @ 11:28:40 - Row :37 - Parsing failed. Reason: Importing Product(ID) conflicts with an existing post. ID: 100
03-10-2023 @ 11:28:40 - Row :38 - Parsing item.
03-10-2023 @ 11:28:40 - Row :38 - Parsing failed. Reason: Importing Product(ID) conflicts with an existing post. ID: 105
03-10-2023 @ 11:28:40 - Row :39 - Parsing item.
03-10-2023 @ 11:28:40 - Row :39 - Processing item.
03-10-2023 @ 11:28:40 - Found variation product object. ID:95
03-10-2023 @ 11:28:40 - Row :39 - Product updated successfully.
03-10-2023 @ 11:28:40 - Row :40 - Parsing item.
03-10-2023 @ 11:28:40 - Row :40 - Processing item.
03-10-2023 @ 11:28:40 - Found variation product object. ID:95
03-10-2023 @ 11:28:40 - Row :40 - Product updated successfully.
03-10-2023 @ 11:28:41 - Preparing for import.
03-10-2023 @ 11:28:41 - Row :41 - Parsing item.
03-10-2023 @ 11:28:41 - Row :41 - Parsing failed. Reason: Importing Product(ID) conflicts with an existing post. ID: 60
03-10-2023 @ 11:28:41 - Row :42 - Parsing item.
03-10-2023 @ 11:28:41 - Row :42 - Processing item.
03-10-2023 @ 11:28:41 - Found variation product object. ID:95
03-10-2023 @ 11:28:41 - Row :42 - Product updated successfully.
03-10-2023 @ 11:28:41 - Row :43 - Parsing item.
03-10-2023 @ 11:28:41 - Row :43 - Processing item.
03-10-2023 @ 11:28:41 - Found variation product object. ID:95
03-10-2023 @ 11:28:41 - Row :43 - Product updated successfully.
03-10-2023 @ 11:28:41 - Row :44 - Parsing item.
03-10-2023 @ 11:28:41 - Row :44 - Parsing failed. Reason: Importing Product(ID) conflicts with an existing post. ID: 100
03-10-2023 @ 11:28:41 - Row :45 - Parsing item.
03-10-2023 @ 11:28:41 - Row :45 - Processing item.
03-10-2023 @ 11:28:41 - Found variation product object. ID:30
03-10-2023 @ 11:28:41 - Row :45 - Product updated successfully.
03-10-2023 @ 11:28:41 - Row :46 - Parsing item.
03-10-2023 @ 11:28:41 - Row :46 - Processing item.
03-10-2023 @ 11:28:41 - Found variation product object. ID:96
03-10-2023 @ 11:28:41 - Row :46 - Product updated successfully.
03-10-2023 @ 11:28:41 - Row :47 - Parsing item.
03-10-2023 @ 11:28:41 - Row :47 - Processing item.
03-10-2023 @ 11:28:41 - Found variation product object. ID:42
03-10-2023 @ 11:28:41 - Row :47 - Product updated successfully.
03-10-2023 @ 11:28:41 - Row :48 - Parsing item.
03-10-2023 @ 11:28:41 - Row :48 - Parsing failed. Reason: Importing Product(ID) conflicts with an existing post. ID: 100
03-10-2023 @ 11:28:41 - Row :49 - Parsing item.
03-10-2023 @ 11:28:41 - Row :49 - Parsing failed. Reason: Importing Product(ID) conflicts with an existing post. ID: 39
03-10-2023 @ 11:28:41 - Row :50 - Parsing item.
03-10-2023 @ 11:28:41 - Row :50 - Processing item.
03-10-2023 @ 11:28:41 - Found variation product object. ID:5
03-10-2023 @ 11:28:41 - Row :50 - Product updated successfully.
03-10-2023 @ 11:28:41 - Preparing for import.
03-10-2023 @ 11:28:41 - Row :51 - Parsing item.
03-10-2023 @ 11:28:41 - Row :51 - Processing item.
03-10-2023 @ 11:28:41 - Found variation product object. ID:5
03-10-2023 @ 11:28:41 - Row :51 - Product updated successfully.
03-10-2023 @ 11:28:41 - Row :52 - Parsing item.
03-10-2023 @ 11:28:41 - Row :52 - Processing item.
03-10-2023 @ 11:28:41 - Found variation product object. ID:81
03-10-2023 @ 11:28:41 - Row :52 - Product updated successfully.
03-10-2023 @ 11:28:41 - Row :53 - Parsing item.
03-10-2023 @ 11:28:41 - Row :53 - Parsing failed. Reason: Importing Product(ID) conflicts with an existing post. ID: 60
03-10-2023 @ 11:28:41 - Row :54 - Parsing item.
03-10-2023 @ 11:28:41 - Row :54 - Processing item.
03-10-2023 @ 11:28:41 - Found variation product object. ID:86
03-10-2023 @ 11:28:41 - Row :54 - Product updated successfully.
03-10-2023 @ 11:28:41 - Row :55 - Parsing item.
03-10-2023 @ 11:28:41 - Row :55 - Processing item.
03-10-2023 @ 11:28:41 - Found variation product object. ID:86
03-10-2023 @ 11:28:41 - Row :55 - Product updated successfully.
03-10-2023 @ 11:28:41 - Row :56 - Parsing item.
03-10-2023 @ 11:28:41 - Importing as new product ID:97
03-10-2023 @ 11:28:41 - Row :56 - Processing item.
03-10-2023 @ 11:28:41 - Found variation product object. ID:97
03-10-2023 @ 11:28:41 - Row :56 - Product imported successfully.
03-10-2023 @ 11:28:41 - Row :57 - Parsing item.
03-10-2023 @ 11:28:41 - Row :57 - Processing item.
03-10-2023 @ 11:28:41 - Found variation product object. ID:81
03-10-2023 @ 11:28:41 - Row :57 - Product updated successfully.
03-10-2023 @ 11:28:41 - Row :58 - Parsing item.
03-10-2023 @ 11:28:41 - Row :58 - Processing item.
03-10-2023 @ 11:28:41 - Found variation product object. ID:5
03-10-2023 @ 11:28:41 - Row :58 - Product updated successfully.
03-10-2023 @ 11:28:41 - Row :59 - Parsing item.
03-10-2023 @ 11:28:41 - Row :59 - Processing item.
03-10-2023 @ 11:28:41 - Found variation product object. ID:120
03-10-2023 @ 11:28:41 - Row :59 - Product updated successfully.
03-10-2023 @ 11:28:41 - Row :60 - Parsing item.
03-10-2023 @ 11:28:41 - Row :60 - Parsing failed. Reason: Importing Product(ID) conflicts with an existing post. ID: 151
03-10-2023 @ 11:28:42 - Preparing for import.
03-10-2023 @ 11:28:42 - Row :61 - Parsing item.
03-10-2023 @ 11:28:42 - Row :61 - Processing item.
03-10-2023 @ 11:28:42 - Found variation product object. ID:1
03-10-2023 @ 11:28:42 - Row :61 - Product updated successfully.
03-10-2023 @ 11:28:42 - Row :62 - Parsing item.
03-10-2023 @ 11:28:42 - Row :62 - Processing item.
03-10-2023 @ 11:28:42 - Found variation product object. ID:1
03-10-2023 @ 11:28:42 - Row :62 - Product updated successfully.
03-10-2023 @ 11:28:42 - Row :63 - Parsing item.
03-10-2023 @ 11:28:42 - Row :63 - Parsing failed. Reason: Importing Product(ID) conflicts with an existing post. ID: 35
03-10-2023 @ 11:28:42 - Row :64 - Parsing item.
03-10-2023 @ 11:28:42 - Importing as new product ID:50
03-10-2023 @ 11:28:42 - Row :64 - Processing item.
03-10-2023 @ 11:28:42 - Found variation product object. ID:50
03-10-2023 @ 11:28:42 - Row :64 - Product imported successfully.
03-10-2023 @ 11:28:42 - Row :65 - Parsing item.
03-10-2023 @ 11:28:42 - Row :65 - Processing item.
03-10-2023 @ 11:28:42 - Found variation product object. ID:96
03-10-2023 @ 11:28:42 - Row :65 - Product updated successfully.
03-10-2023 @ 11:28:42 - Row :66 - Parsing item.
03-10-2023 @ 11:28:42 - Row :66 - Parsing failed. Reason: Importing Product(ID) conflicts with an existing post. ID: 35
03-10-2023 @ 11:28:42 - Row :67 - Parsing item.
03-10-2023 @ 11:28:42 - Importing as new product ID:47
03-10-2023 @ 11:28:42 - Row :67 - Processing item.
03-10-2023 @ 11:28:42 - Found variation product object. ID:47
03-10-2023 @ 11:28:42 - Row :67 - Product imported successfully.
03-10-2023 @ 11:28:42 - Row :68 - Parsing item.
03-10-2023 @ 11:28:42 - Row :68 - Processing item.
03-10-2023 @ 11:28:42 - Found variation product object. ID:47
03-10-2023 @ 11:28:42 - Row :68 - Product updated successfully.
03-10-2023 @ 11:28:42 - Row :69 - Parsing item.
03-10-2023 @ 11:28:42 - Row :69 - Processing item.
03-10-2023 @ 11:28:42 - Found variation product object. ID:5
03-10-2023 @ 11:28:42 - Row :69 - Product updated successfully.
03-10-2023 @ 11:28:42 - Row :70 - Parsing item.
03-10-2023 @ 11:28:42 - Row :70 - Processing item.
03-10-2023 @ 11:28:42 - Found variation product object. ID:5
03-10-2023 @ 11:28:42 - Row :70 - Product updated successfully.
03-10-2023 @ 11:28:43 - Preparing for import.
03-10-2023 @ 11:28:43 - Row :71 - Parsing item.
03-10-2023 @ 11:28:43 - Row :71 - Processing item.
03-10-2023 @ 11:28:43 - Found variation product object. ID:5
03-10-2023 @ 11:28:43 - Row :71 - Product updated successfully.
03-10-2023 @ 11:28:43 - Row :72 - Parsing item.
03-10-2023 @ 11:28:43 - Row :72 - Processing item.
03-10-2023 @ 11:28:43 - Found variation product object. ID:5
03-10-2023 @ 11:28:43 - Row :72 - Product updated successfully.
03-10-2023 @ 11:28:43 - Row :73 - Parsing item.
03-10-2023 @ 11:28:43 - Row :73 - Processing item.
03-10-2023 @ 11:28:43 - Found variation product object. ID:32
03-10-2023 @ 11:28:43 - Row :73 - Product updated successfully.
03-10-2023 @ 11:28:43 - Row :74 - Parsing item.
03-10-2023 @ 11:28:43 - Row :74 - Processing item.
03-10-2023 @ 11:28:43 - Found variation product object. ID:32
03-10-2023 @ 11:28:43 - Row :74 - Product updated successfully.
03-10-2023 @ 11:28:43 - Row :75 - Parsing item.
03-10-2023 @ 11:28:43 - Row :75 - Processing item.
03-10-2023 @ 11:28:43 - Found variation product object. ID:5
03-10-2023 @ 11:28:43 - Row :75 - Product updated successfully.
03-10-2023 @ 11:28:43 - Row :76 - Parsing item.
03-10-2023 @ 11:28:43 - Row :76 - Processing item.
03-10-2023 @ 11:28:43 - Found variation product object. ID:5
03-10-2023 @ 11:28:43 - Row :76 - Product updated successfully.
03-10-2023 @ 11:28:43 - Row :77 - Parsing item.
03-10-2023 @ 11:28:43 - Row :77 - Parsing failed. Reason: Importing Product(ID) conflicts with an existing post. ID: 35
03-10-2023 @ 11:28:43 - Row :78 - Parsing item.
03-10-2023 @ 11:28:43 - Row :78 - Parsing failed. Reason: Importing Product(ID) conflicts with an existing post. ID: 10
03-10-2023 @ 11:28:43 - Row :79 - Parsing item.
03-10-2023 @ 11:28:43 - Row :79 - Parsing failed. Reason: Importing Product(ID) conflicts with an existing post. ID: 10
03-10-2023 @ 11:28:43 - Row :80 - Parsing item.
03-10-2023 @ 11:28:43 - Row :80 - Processing item.
03-10-2023 @ 11:28:43 - Found variation product object. ID:86
03-10-2023 @ 11:28:43 - Row :80 - Product updated successfully.
03-10-2023 @ 11:28:43 - Preparing for import.
03-10-2023 @ 11:28:43 - Row :81 - Parsing item.
03-10-2023 @ 11:28:43 - Row :81 - Processing item.
03-10-2023 @ 11:28:43 - Found variation product object. ID:81
03-10-2023 @ 11:28:43 - Row :81 - Product updated successfully.
03-10-2023 @ 11:28:43 - Row :82 - Parsing item.
03-10-2023 @ 11:28:43 - Row :82 - Processing item.
03-10-2023 @ 11:28:43 - Found variation product object. ID:81
03-10-2023 @ 11:28:43 - Row :82 - Product updated successfully.
03-10-2023 @ 11:28:43 - Row :83 - Parsing item.
03-10-2023 @ 11:28:43 - Row :83 - Processing item.
03-10-2023 @ 11:28:43 - Found variation product object. ID:81
03-10-2023 @ 11:28:43 - Row :83 - Product updated successfully.
03-10-2023 @ 11:28:43 - Row :84 - Parsing item.
03-10-2023 @ 11:28:43 - Row :84 - Processing item.
03-10-2023 @ 11:28:43 - Found variation product object. ID:81
03-10-2023 @ 11:28:44 - Row :84 - Product updated successfully.
03-10-2023 @ 11:28:44 - Row :85 - Parsing item.
03-10-2023 @ 11:28:44 - Row :85 - Processing item.
03-10-2023 @ 11:28:44 - Found variation product object. ID:95
03-10-2023 @ 11:28:44 - Row :85 - Product updated successfully.
03-10-2023 @ 11:28:44 - Row :86 - Parsing item.
03-10-2023 @ 11:28:44 - Row :86 - Parsing failed. Reason: Importing Product(ID) conflicts with an existing post. ID: 10
03-10-2023 @ 11:28:44 - Row :87 - Parsing item.
03-10-2023 @ 11:28:44 - Row :87 - Processing item.
03-10-2023 @ 11:28:44 - Found variation product object. ID:1
03-10-2023 @ 11:28:44 - Row :87 - Product updated successfully.
03-10-2023 @ 11:28:44 - Row :88 - Parsing item.
03-10-2023 @ 11:28:44 - Row :88 - Processing item.
03-10-2023 @ 11:28:44 - Found variation product object. ID:1
03-10-2023 @ 11:28:44 - Row :88 - Product updated successfully.
03-10-2023 @ 11:28:44 - Row :89 - Parsing item.
03-10-2023 @ 11:28:44 - Row :89 - Processing item.
03-10-2023 @ 11:28:44 - Found variation product object. ID:5
03-10-2023 @ 11:28:44 - Row :89 - Product updated successfully.
03-10-2023 @ 11:28:44 - Row :90 - Parsing item.
03-10-2023 @ 11:28:44 - Row :90 - Processing item.
03-10-2023 @ 11:28:44 - Found variation product object. ID:5
03-10-2023 @ 11:28:44 - Row :90 - Product updated successfully.
03-10-2023 @ 11:28:44 - Preparing for import.
03-10-2023 @ 11:28:44 - Row :91 - Parsing item.
03-10-2023 @ 11:28:44 - Importing as new product ID:46
03-10-2023 @ 11:28:44 - Row :91 - Processing item.
03-10-2023 @ 11:28:44 - Found variation product object. ID:46
03-10-2023 @ 11:28:44 - Row :91 - Product imported successfully.
03-10-2023 @ 11:28:44 - Row :92 - Parsing item.
03-10-2023 @ 11:28:44 - Row :92 - Processing item.
03-10-2023 @ 11:28:44 - Found variation product object. ID:5
03-10-2023 @ 11:28:44 - Row :92 - Product updated successfully.
03-10-2023 @ 11:28:44 - Row :93 - Parsing item.
03-10-2023 @ 11:28:44 - Row :93 - Processing item.
03-10-2023 @ 11:28:44 - Found variation product object. ID:1
03-10-2023 @ 11:28:44 - Row :93 - Product updated successfully.
03-10-2023 @ 11:28:44 - Row :94 - Parsing item.
03-10-2023 @ 11:28:44 - Row :94 - Parsing failed. Reason: Importing Product(ID) conflicts with an existing post. ID: 60
03-10-2023 @ 11:28:44 - Row :95 - Parsing item.
03-10-2023 @ 11:28:44 - Row :95 - Processing item.
03-10-2023 @ 11:28:44 - Found variation product object. ID:1
03-10-2023 @ 11:28:44 - Row :95 - Product updated successfully.
03-10-2023 @ 11:28:44 - Row :96 - Parsing item.
03-10-2023 @ 11:28:44 - Row :96 - Processing item.
03-10-2023 @ 11:28:44 - Found variation product object. ID:42
03-10-2023 @ 11:28:44 - Row :96 - Product updated successfully.
03-10-2023 @ 11:28:44 - Row :97 - Parsing item.
03-10-2023 @ 11:28:44 - Importing as new product ID:115
03-10-2023 @ 11:28:44 - Row :97 - Processing item.
03-10-2023 @ 11:28:44 - Found variation product object. ID:115
03-10-2023 @ 11:28:44 - Row :97 - Product imported successfully.
03-10-2023 @ 11:28:44 - Row :98 - Parsing item.
03-10-2023 @ 11:28:44 - Row :98 - Processing item.
03-10-2023 @ 11:28:44 - Found variation product object. ID:115
03-10-2023 @ 11:28:44 - Row :98 - Product updated successfully.
03-10-2023 @ 11:28:44 - Row :99 - Parsing item.
03-10-2023 @ 11:28:44 - Row :99 - Processing item.
03-10-2023 @ 11:28:44 - Found variation product object. ID:50
03-10-2023 @ 11:28:44 - Row :99 - Product updated successfully.
03-10-2023 @ 11:28:44 - Row :100 - Parsing item.
03-10-2023 @ 11:28:44 - Row :100 - Processing item.
03-10-2023 @ 11:28:44 - Found variation product object. ID:50
03-10-2023 @ 11:28:44 - Row :100 - Product updated successfully.
03-10-2023 @ 11:28:44 - ---[ Import ended at 2023-03-10 11:28:44]---
