10-02-2022 @ 12:53:55 - ---[ New import started at 2022-10-02 12:53:55 ] PHP Memory: 128 MB, WP Memory: 128 MB
10-02-2022 @ 12:53:55 - Preparing for import.
10-02-2022 @ 12:53:55 - Row :1 - Parsing item.
10-02-2022 @ 12:53:55 - Importing as new product ID:451
10-02-2022 @ 12:53:55 - Row :1 - Processing item.
10-02-2022 @ 12:53:55 - Found simple product object. ID:451
10-02-2022 @ 12:53:55 - Row :1 - Processing failed. Reason: מק"ט לא תקף או כפול.
10-02-2022 @ 12:53:55 - Row :2 - Parsing item.
10-02-2022 @ 12:53:55 - Importing as new product ID:452
10-02-2022 @ 12:53:55 - Row :2 - Processing item.
10-02-2022 @ 12:53:55 - Found simple product object. ID:452
10-02-2022 @ 12:53:55 - Row :2 - Product imported successfully.
10-02-2022 @ 12:53:55 - Row :3 - Parsing item.
10-02-2022 @ 12:53:55 - Importing as new product ID:453
10-02-2022 @ 12:53:55 - Row :3 - Processing item.
10-02-2022 @ 12:53:55 - Found simple product object. ID:453
10-02-2022 @ 12:53:56 - Row :3 - Product imported successfully.
10-02-2022 @ 12:53:56 - Row :4 - Parsing item.
10-02-2022 @ 12:53:56 - Importing as new product ID:454
10-02-2022 @ 12:53:56 - Row :4 - Processing item.
10-02-2022 @ 12:53:56 - Found simple product object. ID:454
10-02-2022 @ 12:53:56 - Row :4 - Processing failed. Reason: מק"ט לא תקף או כפול.
10-02-2022 @ 12:53:56 - Row :5 - Parsing item.
10-02-2022 @ 12:53:56 - Importing as new product ID:455
10-02-2022 @ 12:53:56 - Row :5 - Processing item.
10-02-2022 @ 12:53:56 - Found simple product object. ID:455
10-02-2022 @ 12:53:56 - Row :5 - Product imported successfully.
10-02-2022 @ 12:53:56 - Row :6 - Parsing item.
10-02-2022 @ 12:53:56 - Importing as new product ID:456
10-02-2022 @ 12:53:56 - Row :6 - Processing item.
10-02-2022 @ 12:53:56 - Found simple product object. ID:456
10-02-2022 @ 12:53:56 - Row :6 - Processing failed. Reason: מק"ט לא תקף או כפול.
10-02-2022 @ 12:53:56 - Row :7 - Parsing item.
10-02-2022 @ 12:53:56 - Importing as new product ID:457
10-02-2022 @ 12:53:56 - Row :7 - Processing item.
10-02-2022 @ 12:53:56 - Found simple product object. ID:457
10-02-2022 @ 12:53:56 - Row :7 - Product imported successfully.
10-02-2022 @ 12:53:56 - Row :8 - Parsing item.
10-02-2022 @ 12:53:56 - Importing as new product ID:458
10-02-2022 @ 12:53:56 - Row :8 - Processing item.
10-02-2022 @ 12:53:56 - Found simple product object. ID:458
10-02-2022 @ 12:53:56 - Row :8 - Processing failed. Reason: מק"ט לא תקף או כפול.
10-02-2022 @ 12:53:56 - Row :9 - Parsing item.
10-02-2022 @ 12:53:56 - Importing as new product ID:459
10-02-2022 @ 12:53:56 - Row :9 - Processing item.
10-02-2022 @ 12:53:56 - Found simple product object. ID:459
10-02-2022 @ 12:53:56 - Row :9 - Product imported successfully.
10-02-2022 @ 12:53:56 - Row :10 - Parsing item.
10-02-2022 @ 12:53:56 - Importing as new product ID:460
10-02-2022 @ 12:53:56 - Row :10 - Processing item.
10-02-2022 @ 12:53:56 - Found simple product object. ID:460
10-02-2022 @ 12:53:56 - Row :10 - Processing failed. Reason: מק"ט לא תקף או כפול.
10-02-2022 @ 12:53:56 - Row :11 - Parsing item.
10-02-2022 @ 12:53:56 - Importing as new product ID:461
10-02-2022 @ 12:53:56 - Row :11 - Processing item.
10-02-2022 @ 12:53:56 - Found simple product object. ID:461
10-02-2022 @ 12:53:56 - Row :11 - Processing failed. Reason: מק"ט לא תקף או כפול.
10-02-2022 @ 12:53:56 - Row :12 - Parsing item.
10-02-2022 @ 12:53:56 - Importing as new product ID:462
10-02-2022 @ 12:53:56 - Row :12 - Processing item.
10-02-2022 @ 12:53:56 - Found simple product object. ID:462
10-02-2022 @ 12:53:56 - Row :12 - Processing failed. Reason: מק"ט לא תקף או כפול.
10-02-2022 @ 12:53:56 - Row :13 - Parsing item.
10-02-2022 @ 12:53:56 - Importing as new product ID:463
10-02-2022 @ 12:53:56 - Row :13 - Processing item.
10-02-2022 @ 12:53:56 - Found simple product object. ID:463
10-02-2022 @ 12:53:56 - Row :13 - Product imported successfully.
10-02-2022 @ 12:53:56 - Row :14 - Parsing item.
10-02-2022 @ 12:53:56 - Importing as new product ID:464
10-02-2022 @ 12:53:56 - Row :14 - Processing item.
10-02-2022 @ 12:53:56 - Found simple product object. ID:464
10-02-2022 @ 12:53:56 - Row :14 - Product imported successfully.
10-02-2022 @ 12:53:56 - Row :15 - Parsing item.
10-02-2022 @ 12:53:56 - Importing as new product ID:465
10-02-2022 @ 12:53:56 - Row :15 - Processing item.
10-02-2022 @ 12:53:56 - Found simple product object. ID:465
10-02-2022 @ 12:53:56 - Row :15 - Processing failed. Reason: מק"ט לא תקף או כפול.
10-02-2022 @ 12:53:56 - Row :16 - Parsing item.
10-02-2022 @ 12:53:56 - Importing as new product ID:466
10-02-2022 @ 12:53:56 - Row :16 - Processing item.
10-02-2022 @ 12:53:56 - Found simple product object. ID:466
10-02-2022 @ 12:53:56 - Row :16 - Product imported successfully.
10-02-2022 @ 12:53:56 - Row :17 - Parsing item.
10-02-2022 @ 12:53:56 - Importing as new product ID:467
10-02-2022 @ 12:53:56 - Row :17 - Processing item.
10-02-2022 @ 12:53:56 - Found simple product object. ID:467
10-02-2022 @ 12:53:56 - Row :17 - Product imported successfully.
10-02-2022 @ 12:53:56 - Row :18 - Parsing item.
10-02-2022 @ 12:53:56 - Importing as new product ID:468
10-02-2022 @ 12:53:56 - Row :18 - Processing item.
10-02-2022 @ 12:53:56 - Found simple product object. ID:468
10-02-2022 @ 12:53:56 - Row :18 - Processing failed. Reason: מק"ט לא תקף או כפול.
10-02-2022 @ 12:53:56 - Row :19 - Parsing item.
10-02-2022 @ 12:53:56 - Importing as new product ID:469
10-02-2022 @ 12:53:56 - Row :19 - Processing item.
10-02-2022 @ 12:53:56 - Found simple product object. ID:469
10-02-2022 @ 12:53:56 - Row :19 - Processing failed. Reason: מק"ט לא תקף או כפול.
10-02-2022 @ 12:53:56 - Row :20 - Parsing item.
10-02-2022 @ 12:53:56 - Importing as new product ID:470
10-02-2022 @ 12:53:56 - Row :20 - Processing item.
10-02-2022 @ 12:53:56 - Found simple product object. ID:470
10-02-2022 @ 12:53:56 - Row :20 - Processing failed. Reason: מק"ט לא תקף או כפול.
10-02-2022 @ 12:53:56 - Row :21 - Parsing item.
10-02-2022 @ 12:53:56 - Importing as new product ID:471
10-02-2022 @ 12:53:56 - Row :21 - Processing item.
10-02-2022 @ 12:53:56 - Found simple product object. ID:471
10-02-2022 @ 12:53:56 - Row :21 - Processing failed. Reason: מק"ט לא תקף או כפול.
10-02-2022 @ 12:53:56 - Row :22 - Parsing item.
10-02-2022 @ 12:53:56 - Importing as new product ID:472
10-02-2022 @ 12:53:56 - Row :22 - Processing item.
10-02-2022 @ 12:53:56 - Found simple product object. ID:472
10-02-2022 @ 12:53:56 - Row :22 - Product imported successfully.
10-02-2022 @ 12:53:56 - Row :23 - Parsing item.
10-02-2022 @ 12:53:56 - Importing as new product ID:473
10-02-2022 @ 12:53:56 - Row :23 - Processing item.
10-02-2022 @ 12:53:56 - Found simple product object. ID:473
10-02-2022 @ 12:53:56 - Row :23 - Processing failed. Reason: מק"ט לא תקף או כפול.
10-02-2022 @ 12:53:56 - Row :24 - Parsing item.
10-02-2022 @ 12:53:56 - Importing as new product ID:474
10-02-2022 @ 12:53:56 - Row :24 - Processing item.
10-02-2022 @ 12:53:56 - Found simple product object. ID:474
10-02-2022 @ 12:53:56 - Row :24 - Product imported successfully.
10-02-2022 @ 12:53:56 - Row :25 - Parsing item.
10-02-2022 @ 12:53:56 - Importing as new product ID:475
10-02-2022 @ 12:53:56 - Row :25 - Processing item.
10-02-2022 @ 12:53:56 - Found simple product object. ID:475
10-02-2022 @ 12:53:56 - Row :25 - Processing failed. Reason: מק"ט לא תקף או כפול.
10-02-2022 @ 12:53:56 - Row :26 - Parsing item.
10-02-2022 @ 12:53:56 - Importing as new product ID:476
10-02-2022 @ 12:53:56 - Row :26 - Processing item.
10-02-2022 @ 12:53:56 - Found simple product object. ID:476
10-02-2022 @ 12:53:56 - Row :26 - Processing failed. Reason: מק"ט לא תקף או כפול.
10-02-2022 @ 12:53:56 - Row :27 - Parsing item.
10-02-2022 @ 12:53:56 - Importing as new product ID:477
10-02-2022 @ 12:53:56 - Row :27 - Processing item.
10-02-2022 @ 12:53:56 - Found simple product object. ID:477
10-02-2022 @ 12:53:56 - Row :27 - Processing failed. Reason: מק"ט לא תקף או כפול.
10-02-2022 @ 12:53:56 - Row :28 - Parsing item.
10-02-2022 @ 12:53:56 - Importing as new product ID:478
10-02-2022 @ 12:53:56 - Row :28 - Processing item.
10-02-2022 @ 12:53:56 - Found simple product object. ID:478
10-02-2022 @ 12:53:56 - Row :28 - Processing failed. Reason: מק"ט לא תקף או כפול.
10-02-2022 @ 12:53:56 - Row :29 - Parsing item.
10-02-2022 @ 12:53:56 - Importing as new product ID:479
10-02-2022 @ 12:53:56 - Row :29 - Processing item.
10-02-2022 @ 12:53:56 - Found simple product object. ID:479
10-02-2022 @ 12:53:56 - Row :29 - Processing failed. Reason: מק"ט לא תקף או כפול.
10-02-2022 @ 12:53:56 - Row :30 - Parsing item.
10-02-2022 @ 12:53:56 - Importing as new product ID:480
10-02-2022 @ 12:53:56 - Row :30 - Processing item.
10-02-2022 @ 12:53:56 - Found simple product object. ID:480
10-02-2022 @ 12:53:56 - Row :30 - Processing failed. Reason: מק"ט לא תקף או כפול.
10-02-2022 @ 12:53:56 - Row :31 - Parsing item.
10-02-2022 @ 12:53:56 - Importing as new product ID:481
10-02-2022 @ 12:53:56 - Row :31 - Processing item.
10-02-2022 @ 12:53:56 - Found simple product object. ID:481
10-02-2022 @ 12:53:56 - Row :31 - Processing failed. Reason: מק"ט לא תקף או כפול.
10-02-2022 @ 12:53:56 - Row :32 - Parsing item.
10-02-2022 @ 12:53:56 - Importing as new product ID:482
10-02-2022 @ 12:53:56 - Row :32 - Processing item.
10-02-2022 @ 12:53:56 - Found simple product object. ID:482
10-02-2022 @ 12:53:56 - Row :32 - Processing failed. Reason: מק"ט לא תקף או כפול.
10-02-2022 @ 12:53:56 - Row :33 - Parsing item.
10-02-2022 @ 12:53:56 - Importing as new product ID:483
10-02-2022 @ 12:53:56 - Row :33 - Processing item.
10-02-2022 @ 12:53:56 - Found simple product object. ID:483
10-02-2022 @ 12:53:56 - Row :33 - Processing failed. Reason: מק"ט לא תקף או כפול.
10-02-2022 @ 12:53:56 - Row :34 - Parsing item.
10-02-2022 @ 12:53:56 - Importing as new product ID:484
10-02-2022 @ 12:53:56 - Row :34 - Processing item.
10-02-2022 @ 12:53:56 - Found simple product object. ID:484
10-02-2022 @ 12:53:56 - Row :34 - Product imported successfully.
10-02-2022 @ 12:53:56 - Row :35 - Parsing item.
10-02-2022 @ 12:53:56 - Importing as new product ID:485
10-02-2022 @ 12:53:56 - Row :35 - Processing item.
10-02-2022 @ 12:53:56 - Found simple product object. ID:485
10-02-2022 @ 12:53:56 - Row :35 - Product imported successfully.
10-02-2022 @ 12:53:56 - Row :36 - Parsing item.
10-02-2022 @ 12:53:56 - Importing as new product ID:486
10-02-2022 @ 12:53:56 - Row :36 - Processing item.
10-02-2022 @ 12:53:56 - Found simple product object. ID:486
10-02-2022 @ 12:53:56 - Row :36 - Product imported successfully.
10-02-2022 @ 12:53:56 - Row :37 - Parsing item.
10-02-2022 @ 12:53:56 - Importing as new product ID:487
10-02-2022 @ 12:53:56 - Row :37 - Processing item.
10-02-2022 @ 12:53:56 - Found simple product object. ID:487
10-02-2022 @ 12:53:56 - Row :37 - Processing failed. Reason: מק"ט לא תקף או כפול.
10-02-2022 @ 12:53:56 - Row :38 - Parsing item.
10-02-2022 @ 12:53:56 - Importing as new product ID:488
10-02-2022 @ 12:53:56 - Row :38 - Processing item.
10-02-2022 @ 12:53:56 - Found simple product object. ID:488
10-02-2022 @ 12:53:56 - Row :38 - Processing failed. Reason: מק"ט לא תקף או כפול.
10-02-2022 @ 12:53:56 - Row :39 - Parsing item.
10-02-2022 @ 12:53:56 - Importing as new product ID:489
10-02-2022 @ 12:53:56 - Row :39 - Processing item.
10-02-2022 @ 12:53:56 - Found simple product object. ID:489
10-02-2022 @ 12:53:56 - Row :39 - Product imported successfully.
10-02-2022 @ 12:53:56 - Row :40 - Parsing item.
10-02-2022 @ 12:53:56 - Importing as new product ID:490
10-02-2022 @ 12:53:56 - Row :40 - Processing item.
10-02-2022 @ 12:53:56 - Found simple product object. ID:490
10-02-2022 @ 12:53:56 - Row :40 - Product imported successfully.
10-02-2022 @ 12:53:56 - Row :41 - Parsing item.
10-02-2022 @ 12:53:56 - Importing as new product ID:491
10-02-2022 @ 12:53:56 - Row :41 - Processing item.
10-02-2022 @ 12:53:56 - Found simple product object. ID:491
10-02-2022 @ 12:53:57 - Row :41 - Product imported successfully.
10-02-2022 @ 12:53:57 - Row :42 - Parsing item.
10-02-2022 @ 12:53:57 - Importing as new product ID:492
10-02-2022 @ 12:53:57 - Row :42 - Processing item.
10-02-2022 @ 12:53:57 - Found simple product object. ID:492
10-02-2022 @ 12:53:57 - Row :42 - Product imported successfully.
10-02-2022 @ 12:53:57 - Row :43 - Parsing item.
10-02-2022 @ 12:53:57 - Importing as new product ID:493
10-02-2022 @ 12:53:57 - Row :43 - Processing item.
10-02-2022 @ 12:53:57 - Found simple product object. ID:493
10-02-2022 @ 12:53:57 - Row :43 - Product imported successfully.
10-02-2022 @ 12:53:57 - Row :44 - Parsing item.
10-02-2022 @ 12:53:57 - Importing as new product ID:494
10-02-2022 @ 12:53:57 - Row :44 - Processing item.
10-02-2022 @ 12:53:57 - Found simple product object. ID:494
10-02-2022 @ 12:53:57 - Row :44 - Processing failed. Reason: מק"ט לא תקף או כפול.
10-02-2022 @ 12:53:57 - Row :45 - Parsing item.
10-02-2022 @ 12:53:57 - Importing as new product ID:495
10-02-2022 @ 12:53:57 - Row :45 - Processing item.
10-02-2022 @ 12:53:57 - Found simple product object. ID:495
10-02-2022 @ 12:53:57 - Row :45 - Product imported successfully.
10-02-2022 @ 12:53:57 - Row :46 - Parsing item.
10-02-2022 @ 12:53:57 - Importing as new product ID:496
10-02-2022 @ 12:53:57 - Row :46 - Processing item.
10-02-2022 @ 12:53:57 - Found simple product object. ID:496
10-02-2022 @ 12:53:57 - Row :46 - Product imported successfully.
10-02-2022 @ 12:53:57 - Row :47 - Parsing item.
10-02-2022 @ 12:53:57 - Importing as new product ID:497
10-02-2022 @ 12:53:57 - Row :47 - Processing item.
10-02-2022 @ 12:53:57 - Found simple product object. ID:497
10-02-2022 @ 12:53:57 - Row :47 - Product imported successfully.
10-02-2022 @ 12:53:57 - Row :48 - Parsing item.
10-02-2022 @ 12:53:57 - Importing as new product ID:498
10-02-2022 @ 12:53:57 - Row :48 - Processing item.
10-02-2022 @ 12:53:57 - Found simple product object. ID:498
10-02-2022 @ 12:53:57 - Row :48 - Processing failed. Reason: מק"ט לא תקף או כפול.
10-02-2022 @ 12:53:57 - Row :49 - Parsing item.
10-02-2022 @ 12:53:57 - Importing as new product ID:499
10-02-2022 @ 12:53:57 - Row :49 - Processing item.
10-02-2022 @ 12:53:57 - Found simple product object. ID:499
10-02-2022 @ 12:53:57 - Row :49 - Product imported successfully.
10-02-2022 @ 12:53:57 - Row :50 - Parsing item.
10-02-2022 @ 12:53:57 - Importing as new product ID:500
10-02-2022 @ 12:53:57 - Row :50 - Processing item.
10-02-2022 @ 12:53:57 - Found simple product object. ID:500
10-02-2022 @ 12:53:57 - Row :50 - Product imported successfully.
10-02-2022 @ 12:53:57 - ---[ Import ended at 2022-10-02 12:53:57]---
