05-15-2023 @ 08:45:11 - ---[ New import started at 2023-05-15 08:45:11 ] PHP Memory: 256 MB, WP Memory: 51 B
05-15-2023 @ 08:45:11 - Preparing for import.
05-15-2023 @ 08:45:11 - Row :1 - Parsing item.
05-15-2023 @ 08:45:11 - Row :1 - Parsing failed. Reason: Coupon with same ID already exists. ID: 174601
05-15-2023 @ 08:45:11 - Row :2 - Parsing item.
05-15-2023 @ 08:45:11 - Importing as new coupon ID:174602
05-15-2023 @ 08:45:11 - Row :2 - Processing item.
05-15-2023 @ 08:45:11 - Found coupon object. ID:174602
05-15-2023 @ 08:45:11 - Row :2 - Coupon imported successfully.
05-15-2023 @ 08:45:11 - Row :3 - Parsing item.
05-15-2023 @ 08:45:11 - Importing as new coupon ID:174603
05-15-2023 @ 08:45:11 - Row :3 - Processing item.
05-15-2023 @ 08:45:11 - Found coupon object. ID:174603
05-15-2023 @ 08:45:11 - Row :3 - Coupon imported successfully.
05-15-2023 @ 08:45:11 - Row :4 - Parsing item.
05-15-2023 @ 08:45:11 - Importing as new coupon ID:174604
05-15-2023 @ 08:45:11 - Row :4 - Processing item.
05-15-2023 @ 08:45:11 - Found coupon object. ID:174604
05-15-2023 @ 08:45:11 - Row :4 - Coupon imported successfully.
05-15-2023 @ 08:45:11 - Row :5 - Parsing item.
05-15-2023 @ 08:45:11 - Importing as new coupon ID:174605
05-15-2023 @ 08:45:11 - Row :5 - Processing item.
05-15-2023 @ 08:45:11 - Found coupon object. ID:174605
05-15-2023 @ 08:45:11 - Row :5 - Coupon imported successfully.
05-15-2023 @ 08:45:11 - Row :6 - Parsing item.
05-15-2023 @ 08:45:11 - Importing as new coupon ID:174606
05-15-2023 @ 08:45:11 - Row :6 - Processing item.
05-15-2023 @ 08:45:11 - Found coupon object. ID:174606
05-15-2023 @ 08:45:11 - Row :6 - Coupon imported successfully.
05-15-2023 @ 08:45:11 - Row :7 - Parsing item.
05-15-2023 @ 08:45:11 - Importing as new coupon ID:174607
05-15-2023 @ 08:45:11 - Row :7 - Processing item.
05-15-2023 @ 08:45:11 - Found coupon object. ID:174607
05-15-2023 @ 08:45:11 - Row :7 - Coupon imported successfully.
05-15-2023 @ 08:45:11 - Row :8 - Parsing item.
05-15-2023 @ 08:45:11 - Importing as new coupon ID:174608
05-15-2023 @ 08:45:11 - Row :8 - Processing item.
05-15-2023 @ 08:45:11 - Found coupon object. ID:174608
05-15-2023 @ 08:45:11 - Row :8 - Coupon imported successfully.
05-15-2023 @ 08:45:11 - Row :9 - Parsing item.
05-15-2023 @ 08:45:11 - Importing as new coupon ID:174609
05-15-2023 @ 08:45:11 - Row :9 - Processing item.
05-15-2023 @ 08:45:11 - Found coupon object. ID:174609
05-15-2023 @ 08:45:11 - Row :9 - Coupon imported successfully.
05-15-2023 @ 08:45:11 - Row :10 - Parsing item.
05-15-2023 @ 08:45:11 - Importing as new coupon ID:174610
05-15-2023 @ 08:45:11 - Row :10 - Processing item.
05-15-2023 @ 08:45:11 - Found coupon object. ID:174610
05-15-2023 @ 08:45:11 - Row :10 - Coupon imported successfully.
05-15-2023 @ 08:45:12 - Preparing for import.
05-15-2023 @ 08:45:12 - Row :11 - Parsing item.
05-15-2023 @ 08:45:12 - Importing as new coupon ID:174611
05-15-2023 @ 08:45:12 - Row :11 - Processing item.
05-15-2023 @ 08:45:12 - Found coupon object. ID:174611
05-15-2023 @ 08:45:12 - Row :11 - Coupon imported successfully.
05-15-2023 @ 08:45:12 - Row :12 - Parsing item.
05-15-2023 @ 08:45:12 - Importing as new coupon ID:174612
05-15-2023 @ 08:45:12 - Row :12 - Processing item.
05-15-2023 @ 08:45:12 - Found coupon object. ID:174612
05-15-2023 @ 08:45:12 - Row :12 - Coupon imported successfully.
05-15-2023 @ 08:45:12 - Row :13 - Parsing item.
05-15-2023 @ 08:45:12 - Importing as new coupon ID:174613
05-15-2023 @ 08:45:12 - Row :13 - Processing item.
05-15-2023 @ 08:45:12 - Found coupon object. ID:174613
05-15-2023 @ 08:45:12 - Row :13 - Coupon imported successfully.
05-15-2023 @ 08:45:12 - Row :14 - Parsing item.
05-15-2023 @ 08:45:12 - Importing as new coupon ID:174614
05-15-2023 @ 08:45:12 - Row :14 - Processing item.
05-15-2023 @ 08:45:12 - Found coupon object. ID:174614
05-15-2023 @ 08:45:12 - Row :14 - Coupon imported successfully.
05-15-2023 @ 08:45:12 - Row :15 - Parsing item.
05-15-2023 @ 08:45:12 - Importing as new coupon ID:174615
05-15-2023 @ 08:45:12 - Row :15 - Processing item.
05-15-2023 @ 08:45:12 - Found coupon object. ID:174615
05-15-2023 @ 08:45:12 - Row :15 - Coupon imported successfully.
05-15-2023 @ 08:45:12 - Row :16 - Parsing item.
05-15-2023 @ 08:45:12 - Importing as new coupon ID:174616
05-15-2023 @ 08:45:12 - Row :16 - Processing item.
05-15-2023 @ 08:45:12 - Found coupon object. ID:174616
05-15-2023 @ 08:45:12 - Row :16 - Coupon imported successfully.
05-15-2023 @ 08:45:12 - Row :17 - Parsing item.
05-15-2023 @ 08:45:12 - Importing as new coupon ID:174617
05-15-2023 @ 08:45:12 - Row :17 - Processing item.
05-15-2023 @ 08:45:12 - Found coupon object. ID:174617
05-15-2023 @ 08:45:12 - Row :17 - Coupon imported successfully.
05-15-2023 @ 08:45:12 - Row :18 - Parsing item.
05-15-2023 @ 08:45:12 - Importing as new coupon ID:174618
05-15-2023 @ 08:45:12 - Row :18 - Processing item.
05-15-2023 @ 08:45:12 - Found coupon object. ID:174618
05-15-2023 @ 08:45:12 - Row :18 - Coupon imported successfully.
05-15-2023 @ 08:45:12 - Row :19 - Parsing item.
05-15-2023 @ 08:45:12 - Importing as new coupon ID:174619
05-15-2023 @ 08:45:12 - Row :19 - Processing item.
05-15-2023 @ 08:45:12 - Found coupon object. ID:174619
05-15-2023 @ 08:45:12 - Row :19 - Coupon imported successfully.
05-15-2023 @ 08:45:12 - Row :20 - Parsing item.
05-15-2023 @ 08:45:12 - Importing as new coupon ID:174620
05-15-2023 @ 08:45:12 - Row :20 - Processing item.
05-15-2023 @ 08:45:12 - Found coupon object. ID:174620
05-15-2023 @ 08:45:12 - Row :20 - Coupon imported successfully.
05-15-2023 @ 08:45:13 - Preparing for import.
05-15-2023 @ 08:45:13 - Row :21 - Parsing item.
05-15-2023 @ 08:45:13 - Importing as new coupon ID:174621
05-15-2023 @ 08:45:13 - Row :21 - Processing item.
05-15-2023 @ 08:45:13 - Found coupon object. ID:174621
05-15-2023 @ 08:45:13 - Row :21 - Coupon imported successfully.
05-15-2023 @ 08:45:13 - Row :22 - Parsing item.
05-15-2023 @ 08:45:13 - Importing as new coupon ID:174622
05-15-2023 @ 08:45:13 - Row :22 - Processing item.
05-15-2023 @ 08:45:13 - Found coupon object. ID:174622
05-15-2023 @ 08:45:13 - Row :22 - Coupon imported successfully.
05-15-2023 @ 08:45:13 - Row :23 - Parsing item.
05-15-2023 @ 08:45:13 - Importing as new coupon ID:174623
05-15-2023 @ 08:45:13 - Row :23 - Processing item.
05-15-2023 @ 08:45:13 - Found coupon object. ID:174623
05-15-2023 @ 08:45:13 - Row :23 - Coupon imported successfully.
05-15-2023 @ 08:45:13 - Row :24 - Parsing item.
05-15-2023 @ 08:45:13 - Importing as new coupon ID:174624
05-15-2023 @ 08:45:13 - Row :24 - Processing item.
05-15-2023 @ 08:45:13 - Found coupon object. ID:174624
05-15-2023 @ 08:45:13 - Row :24 - Coupon imported successfully.
05-15-2023 @ 08:45:13 - Row :25 - Parsing item.
05-15-2023 @ 08:45:13 - Importing as new coupon ID:174625
05-15-2023 @ 08:45:13 - Row :25 - Processing item.
05-15-2023 @ 08:45:13 - Found coupon object. ID:174625
05-15-2023 @ 08:45:13 - Row :25 - Coupon imported successfully.
05-15-2023 @ 08:45:13 - Row :26 - Parsing item.
05-15-2023 @ 08:45:13 - Importing as new coupon ID:174626
05-15-2023 @ 08:45:13 - Row :26 - Processing item.
05-15-2023 @ 08:45:13 - Found coupon object. ID:174626
05-15-2023 @ 08:45:13 - Row :26 - Coupon imported successfully.
05-15-2023 @ 08:45:13 - Row :27 - Parsing item.
05-15-2023 @ 08:45:13 - Importing as new coupon ID:174627
05-15-2023 @ 08:45:13 - Row :27 - Processing item.
05-15-2023 @ 08:45:13 - Found coupon object. ID:174627
05-15-2023 @ 08:45:13 - Row :27 - Coupon imported successfully.
05-15-2023 @ 08:45:13 - Row :28 - Parsing item.
05-15-2023 @ 08:45:13 - Importing as new coupon ID:174628
05-15-2023 @ 08:45:13 - Row :28 - Processing item.
05-15-2023 @ 08:45:13 - Found coupon object. ID:174628
05-15-2023 @ 08:45:13 - Row :28 - Coupon imported successfully.
05-15-2023 @ 08:45:13 - Row :29 - Parsing item.
05-15-2023 @ 08:45:13 - Importing as new coupon ID:174629
05-15-2023 @ 08:45:13 - Row :29 - Processing item.
05-15-2023 @ 08:45:13 - Found coupon object. ID:174629
05-15-2023 @ 08:45:13 - Row :29 - Coupon imported successfully.
05-15-2023 @ 08:45:13 - Row :30 - Parsing item.
05-15-2023 @ 08:45:13 - Importing as new coupon ID:174630
05-15-2023 @ 08:45:13 - Row :30 - Processing item.
05-15-2023 @ 08:45:13 - Found coupon object. ID:174630
05-15-2023 @ 08:45:13 - Row :30 - Coupon imported successfully.
05-15-2023 @ 08:45:13 - Preparing for import.
05-15-2023 @ 08:45:13 - Row :31 - Parsing item.
05-15-2023 @ 08:45:13 - Importing as new coupon ID:174631
05-15-2023 @ 08:45:13 - Row :31 - Processing item.
05-15-2023 @ 08:45:13 - Found coupon object. ID:174631
05-15-2023 @ 08:45:13 - Row :31 - Coupon imported successfully.
05-15-2023 @ 08:45:13 - Row :32 - Parsing item.
05-15-2023 @ 08:45:13 - Importing as new coupon ID:174632
05-15-2023 @ 08:45:13 - Row :32 - Processing item.
05-15-2023 @ 08:45:13 - Found coupon object. ID:174632
05-15-2023 @ 08:45:13 - Row :32 - Coupon imported successfully.
05-15-2023 @ 08:45:13 - Row :33 - Parsing item.
05-15-2023 @ 08:45:13 - Importing as new coupon ID:174633
05-15-2023 @ 08:45:13 - Row :33 - Processing item.
05-15-2023 @ 08:45:13 - Found coupon object. ID:174633
05-15-2023 @ 08:45:13 - Row :33 - Coupon imported successfully.
05-15-2023 @ 08:45:13 - Row :34 - Parsing item.
05-15-2023 @ 08:45:13 - Importing as new coupon ID:174634
05-15-2023 @ 08:45:13 - Row :34 - Processing item.
05-15-2023 @ 08:45:13 - Found coupon object. ID:174634
05-15-2023 @ 08:45:13 - Row :34 - Coupon imported successfully.
05-15-2023 @ 08:45:13 - Row :35 - Parsing item.
05-15-2023 @ 08:45:13 - Importing as new coupon ID:174635
05-15-2023 @ 08:45:13 - Row :35 - Processing item.
05-15-2023 @ 08:45:13 - Found coupon object. ID:174635
05-15-2023 @ 08:45:13 - Row :35 - Coupon imported successfully.
05-15-2023 @ 08:45:13 - Row :36 - Parsing item.
05-15-2023 @ 08:45:13 - Importing as new coupon ID:174636
05-15-2023 @ 08:45:13 - Row :36 - Processing item.
05-15-2023 @ 08:45:13 - Found coupon object. ID:174636
05-15-2023 @ 08:45:13 - Row :36 - Coupon imported successfully.
05-15-2023 @ 08:45:13 - Row :37 - Parsing item.
05-15-2023 @ 08:45:13 - Importing as new coupon ID:174637
05-15-2023 @ 08:45:13 - Row :37 - Processing item.
05-15-2023 @ 08:45:13 - Found coupon object. ID:174637
05-15-2023 @ 08:45:13 - Row :37 - Coupon imported successfully.
05-15-2023 @ 08:45:13 - Row :38 - Parsing item.
05-15-2023 @ 08:45:13 - Importing as new coupon ID:174638
05-15-2023 @ 08:45:13 - Row :38 - Processing item.
05-15-2023 @ 08:45:13 - Found coupon object. ID:174638
05-15-2023 @ 08:45:13 - Row :38 - Coupon imported successfully.
05-15-2023 @ 08:45:13 - Row :39 - Parsing item.
05-15-2023 @ 08:45:13 - Importing as new coupon ID:174639
05-15-2023 @ 08:45:13 - Row :39 - Processing item.
05-15-2023 @ 08:45:13 - Found coupon object. ID:174639
05-15-2023 @ 08:45:13 - Row :39 - Coupon imported successfully.
05-15-2023 @ 08:45:13 - Row :40 - Parsing item.
05-15-2023 @ 08:45:13 - Importing as new coupon ID:174640
05-15-2023 @ 08:45:13 - Row :40 - Processing item.
05-15-2023 @ 08:45:13 - Found coupon object. ID:174640
05-15-2023 @ 08:45:14 - Row :40 - Coupon imported successfully.
05-15-2023 @ 08:45:14 - Preparing for import.
05-15-2023 @ 08:45:14 - Row :41 - Parsing item.
05-15-2023 @ 08:45:14 - Importing as new coupon ID:174641
05-15-2023 @ 08:45:14 - Row :41 - Processing item.
05-15-2023 @ 08:45:14 - Found coupon object. ID:174641
05-15-2023 @ 08:45:14 - Row :41 - Coupon imported successfully.
05-15-2023 @ 08:45:14 - Row :42 - Parsing item.
05-15-2023 @ 08:45:14 - Importing as new coupon ID:174642
05-15-2023 @ 08:45:14 - Row :42 - Processing item.
05-15-2023 @ 08:45:14 - Found coupon object. ID:174642
05-15-2023 @ 08:45:14 - Row :42 - Coupon imported successfully.
05-15-2023 @ 08:45:14 - Row :43 - Parsing item.
05-15-2023 @ 08:45:14 - Importing as new coupon ID:174643
05-15-2023 @ 08:45:14 - Row :43 - Processing item.
05-15-2023 @ 08:45:14 - Found coupon object. ID:174643
05-15-2023 @ 08:45:14 - Row :43 - Coupon imported successfully.
05-15-2023 @ 08:45:14 - Row :44 - Parsing item.
05-15-2023 @ 08:45:14 - Importing as new coupon ID:174644
05-15-2023 @ 08:45:14 - Row :44 - Processing item.
05-15-2023 @ 08:45:14 - Found coupon object. ID:174644
05-15-2023 @ 08:45:14 - Row :44 - Coupon imported successfully.
05-15-2023 @ 08:45:14 - Row :45 - Parsing item.
05-15-2023 @ 08:45:14 - Importing as new coupon ID:174645
05-15-2023 @ 08:45:14 - Row :45 - Processing item.
05-15-2023 @ 08:45:14 - Found coupon object. ID:174645
05-15-2023 @ 08:45:14 - Row :45 - Coupon imported successfully.
05-15-2023 @ 08:45:14 - Row :46 - Parsing item.
05-15-2023 @ 08:45:14 - Importing as new coupon ID:174646
05-15-2023 @ 08:45:14 - Row :46 - Processing item.
05-15-2023 @ 08:45:14 - Found coupon object. ID:174646
05-15-2023 @ 08:45:14 - Row :46 - Coupon imported successfully.
05-15-2023 @ 08:45:14 - Row :47 - Parsing item.
05-15-2023 @ 08:45:14 - Importing as new coupon ID:174647
05-15-2023 @ 08:45:14 - Row :47 - Processing item.
05-15-2023 @ 08:45:14 - Found coupon object. ID:174647
05-15-2023 @ 08:45:14 - Row :47 - Coupon imported successfully.
05-15-2023 @ 08:45:14 - Row :48 - Parsing item.
05-15-2023 @ 08:45:14 - Importing as new coupon ID:174648
05-15-2023 @ 08:45:14 - Row :48 - Processing item.
05-15-2023 @ 08:45:14 - Found coupon object. ID:174648
05-15-2023 @ 08:45:14 - Row :48 - Coupon imported successfully.
05-15-2023 @ 08:45:14 - Row :49 - Parsing item.
05-15-2023 @ 08:45:14 - Importing as new coupon ID:174649
05-15-2023 @ 08:45:14 - Row :49 - Processing item.
05-15-2023 @ 08:45:14 - Found coupon object. ID:174649
05-15-2023 @ 08:45:14 - Row :49 - Coupon imported successfully.
05-15-2023 @ 08:45:14 - Row :50 - Parsing item.
05-15-2023 @ 08:45:14 - Importing as new coupon ID:174650
05-15-2023 @ 08:45:14 - Row :50 - Processing item.
05-15-2023 @ 08:45:14 - Found coupon object. ID:174650
05-15-2023 @ 08:45:14 - Row :50 - Coupon imported successfully.
05-15-2023 @ 08:45:15 - Preparing for import.
05-15-2023 @ 08:45:15 - Row :51 - Parsing item.
05-15-2023 @ 08:45:15 - Importing as new coupon ID:174651
05-15-2023 @ 08:45:15 - Row :51 - Processing item.
05-15-2023 @ 08:45:15 - Found coupon object. ID:174651
05-15-2023 @ 08:45:15 - Row :51 - Coupon imported successfully.
05-15-2023 @ 08:45:15 - Row :52 - Parsing item.
05-15-2023 @ 08:45:15 - Importing as new coupon ID:174652
05-15-2023 @ 08:45:15 - Row :52 - Processing item.
05-15-2023 @ 08:45:15 - Found coupon object. ID:174652
05-15-2023 @ 08:45:15 - Row :52 - Coupon imported successfully.
05-15-2023 @ 08:45:15 - Row :53 - Parsing item.
05-15-2023 @ 08:45:15 - Importing as new coupon ID:174653
05-15-2023 @ 08:45:15 - Row :53 - Processing item.
05-15-2023 @ 08:45:15 - Found coupon object. ID:174653
05-15-2023 @ 08:45:15 - Row :53 - Coupon imported successfully.
05-15-2023 @ 08:45:15 - Row :54 - Parsing item.
05-15-2023 @ 08:45:15 - Importing as new coupon ID:174654
05-15-2023 @ 08:45:15 - Row :54 - Processing item.
05-15-2023 @ 08:45:15 - Found coupon object. ID:174654
05-15-2023 @ 08:45:15 - Row :54 - Coupon imported successfully.
05-15-2023 @ 08:45:15 - Row :55 - Parsing item.
05-15-2023 @ 08:45:15 - Importing as new coupon ID:174655
05-15-2023 @ 08:45:15 - Row :55 - Processing item.
05-15-2023 @ 08:45:15 - Found coupon object. ID:174655
05-15-2023 @ 08:45:15 - Row :55 - Coupon imported successfully.
05-15-2023 @ 08:45:15 - Row :56 - Parsing item.
05-15-2023 @ 08:45:15 - Importing as new coupon ID:174656
05-15-2023 @ 08:45:15 - Row :56 - Processing item.
05-15-2023 @ 08:45:15 - Found coupon object. ID:174656
05-15-2023 @ 08:45:15 - Row :56 - Coupon imported successfully.
05-15-2023 @ 08:45:15 - Row :57 - Parsing item.
05-15-2023 @ 08:45:15 - Importing as new coupon ID:174657
05-15-2023 @ 08:45:15 - Row :57 - Processing item.
05-15-2023 @ 08:45:15 - Found coupon object. ID:174657
05-15-2023 @ 08:45:15 - Row :57 - Coupon imported successfully.
05-15-2023 @ 08:45:15 - Row :58 - Parsing item.
05-15-2023 @ 08:45:15 - Importing as new coupon ID:174658
05-15-2023 @ 08:45:15 - Row :58 - Processing item.
05-15-2023 @ 08:45:15 - Found coupon object. ID:174658
05-15-2023 @ 08:45:15 - Row :58 - Coupon imported successfully.
05-15-2023 @ 08:45:15 - Row :59 - Parsing item.
05-15-2023 @ 08:45:15 - Importing as new coupon ID:174659
05-15-2023 @ 08:45:15 - Row :59 - Processing item.
05-15-2023 @ 08:45:15 - Found coupon object. ID:174659
05-15-2023 @ 08:45:15 - Row :59 - Coupon imported successfully.
05-15-2023 @ 08:45:15 - Row :60 - Parsing item.
05-15-2023 @ 08:45:15 - Importing as new coupon ID:174660
05-15-2023 @ 08:45:15 - Row :60 - Processing item.
05-15-2023 @ 08:45:15 - Found coupon object. ID:174660
05-15-2023 @ 08:45:15 - Row :60 - Coupon imported successfully.
05-15-2023 @ 08:45:16 - Preparing for import.
05-15-2023 @ 08:45:16 - Row :61 - Parsing item.
05-15-2023 @ 08:45:16 - Importing as new coupon ID:174661
05-15-2023 @ 08:45:16 - Row :61 - Processing item.
05-15-2023 @ 08:45:16 - Found coupon object. ID:174661
05-15-2023 @ 08:45:16 - Row :61 - Coupon imported successfully.
05-15-2023 @ 08:45:16 - Row :62 - Parsing item.
05-15-2023 @ 08:45:16 - Importing as new coupon ID:174662
05-15-2023 @ 08:45:16 - Row :62 - Processing item.
05-15-2023 @ 08:45:16 - Found coupon object. ID:174662
05-15-2023 @ 08:45:16 - Row :62 - Coupon imported successfully.
05-15-2023 @ 08:45:16 - Row :63 - Parsing item.
05-15-2023 @ 08:45:16 - Importing as new coupon ID:174663
05-15-2023 @ 08:45:16 - Row :63 - Processing item.
05-15-2023 @ 08:45:16 - Found coupon object. ID:174663
05-15-2023 @ 08:45:16 - Row :63 - Coupon imported successfully.
05-15-2023 @ 08:45:16 - Row :64 - Parsing item.
05-15-2023 @ 08:45:16 - Importing as new coupon ID:174664
05-15-2023 @ 08:45:16 - Row :64 - Processing item.
05-15-2023 @ 08:45:16 - Found coupon object. ID:174664
05-15-2023 @ 08:45:16 - Row :64 - Coupon imported successfully.
05-15-2023 @ 08:45:16 - Row :65 - Parsing item.
05-15-2023 @ 08:45:16 - Importing as new coupon ID:174665
05-15-2023 @ 08:45:16 - Row :65 - Processing item.
05-15-2023 @ 08:45:16 - Found coupon object. ID:174665
05-15-2023 @ 08:45:16 - Row :65 - Coupon imported successfully.
05-15-2023 @ 08:45:16 - Row :66 - Parsing item.
05-15-2023 @ 08:45:16 - Importing as new coupon ID:174666
05-15-2023 @ 08:45:16 - Row :66 - Processing item.
05-15-2023 @ 08:45:16 - Found coupon object. ID:174666
05-15-2023 @ 08:45:16 - Row :66 - Coupon imported successfully.
05-15-2023 @ 08:45:16 - Row :67 - Parsing item.
05-15-2023 @ 08:45:16 - Importing as new coupon ID:174667
05-15-2023 @ 08:45:16 - Row :67 - Processing item.
05-15-2023 @ 08:45:16 - Found coupon object. ID:174667
05-15-2023 @ 08:45:16 - Row :67 - Coupon imported successfully.
05-15-2023 @ 08:45:16 - Row :68 - Parsing item.
05-15-2023 @ 08:45:16 - Importing as new coupon ID:174668
05-15-2023 @ 08:45:16 - Row :68 - Processing item.
05-15-2023 @ 08:45:16 - Found coupon object. ID:174668
05-15-2023 @ 08:45:16 - Row :68 - Coupon imported successfully.
05-15-2023 @ 08:45:16 - Row :69 - Parsing item.
05-15-2023 @ 08:45:16 - Importing as new coupon ID:174669
05-15-2023 @ 08:45:16 - Row :69 - Processing item.
05-15-2023 @ 08:45:16 - Found coupon object. ID:174669
05-15-2023 @ 08:45:16 - Row :69 - Coupon imported successfully.
05-15-2023 @ 08:45:16 - Row :70 - Parsing item.
05-15-2023 @ 08:45:16 - Importing as new coupon ID:174670
05-15-2023 @ 08:45:16 - Row :70 - Processing item.
05-15-2023 @ 08:45:16 - Found coupon object. ID:174670
05-15-2023 @ 08:45:16 - Row :70 - Coupon imported successfully.
05-15-2023 @ 08:45:17 - Preparing for import.
05-15-2023 @ 08:45:17 - Row :71 - Parsing item.
05-15-2023 @ 08:45:17 - Importing as new coupon ID:174671
05-15-2023 @ 08:45:17 - Row :71 - Processing item.
05-15-2023 @ 08:45:17 - Found coupon object. ID:174671
05-15-2023 @ 08:45:17 - Row :71 - Coupon imported successfully.
05-15-2023 @ 08:45:17 - Row :72 - Parsing item.
05-15-2023 @ 08:45:17 - Importing as new coupon ID:174672
05-15-2023 @ 08:45:17 - Row :72 - Processing item.
05-15-2023 @ 08:45:17 - Found coupon object. ID:174672
05-15-2023 @ 08:45:17 - Row :72 - Coupon imported successfully.
05-15-2023 @ 08:45:17 - Row :73 - Parsing item.
05-15-2023 @ 08:45:17 - Importing as new coupon ID:174673
05-15-2023 @ 08:45:17 - Row :73 - Processing item.
05-15-2023 @ 08:45:17 - Found coupon object. ID:174673
05-15-2023 @ 08:45:17 - Row :73 - Coupon imported successfully.
05-15-2023 @ 08:45:17 - Row :74 - Parsing item.
05-15-2023 @ 08:45:17 - Importing as new coupon ID:174674
05-15-2023 @ 08:45:17 - Row :74 - Processing item.
05-15-2023 @ 08:45:17 - Found coupon object. ID:174674
05-15-2023 @ 08:45:17 - Row :74 - Coupon imported successfully.
05-15-2023 @ 08:45:17 - Row :75 - Parsing item.
05-15-2023 @ 08:45:17 - Importing as new coupon ID:174675
05-15-2023 @ 08:45:17 - Row :75 - Processing item.
05-15-2023 @ 08:45:17 - Found coupon object. ID:174675
05-15-2023 @ 08:45:17 - Row :75 - Coupon imported successfully.
05-15-2023 @ 08:45:17 - Row :76 - Parsing item.
05-15-2023 @ 08:45:17 - Importing as new coupon ID:174676
05-15-2023 @ 08:45:17 - Row :76 - Processing item.
05-15-2023 @ 08:45:17 - Found coupon object. ID:174676
05-15-2023 @ 08:45:17 - Row :76 - Coupon imported successfully.
05-15-2023 @ 08:45:17 - Row :77 - Parsing item.
05-15-2023 @ 08:45:17 - Importing as new coupon ID:174677
05-15-2023 @ 08:45:17 - Row :77 - Processing item.
05-15-2023 @ 08:45:17 - Found coupon object. ID:174677
05-15-2023 @ 08:45:17 - Row :77 - Coupon imported successfully.
05-15-2023 @ 08:45:17 - Row :78 - Parsing item.
05-15-2023 @ 08:45:17 - Importing as new coupon ID:174678
05-15-2023 @ 08:45:17 - Row :78 - Processing item.
05-15-2023 @ 08:45:17 - Found coupon object. ID:174678
05-15-2023 @ 08:45:17 - Row :78 - Coupon imported successfully.
05-15-2023 @ 08:45:17 - Row :79 - Parsing item.
05-15-2023 @ 08:45:17 - Importing as new coupon ID:174679
05-15-2023 @ 08:45:17 - Row :79 - Processing item.
05-15-2023 @ 08:45:17 - Found coupon object. ID:174679
05-15-2023 @ 08:45:17 - Row :79 - Coupon imported successfully.
05-15-2023 @ 08:45:17 - Row :80 - Parsing item.
05-15-2023 @ 08:45:17 - Importing as new coupon ID:174680
05-15-2023 @ 08:45:17 - Row :80 - Processing item.
05-15-2023 @ 08:45:17 - Found coupon object. ID:174680
05-15-2023 @ 08:45:17 - Row :80 - Coupon imported successfully.
05-15-2023 @ 08:45:17 - Preparing for import.
05-15-2023 @ 08:45:17 - Row :81 - Parsing item.
05-15-2023 @ 08:45:17 - Importing as new coupon ID:174681
05-15-2023 @ 08:45:17 - Row :81 - Processing item.
05-15-2023 @ 08:45:17 - Found coupon object. ID:174681
05-15-2023 @ 08:45:17 - Row :81 - Coupon imported successfully.
05-15-2023 @ 08:45:17 - Row :82 - Parsing item.
05-15-2023 @ 08:45:17 - Importing as new coupon ID:174682
05-15-2023 @ 08:45:17 - Row :82 - Processing item.
05-15-2023 @ 08:45:17 - Found coupon object. ID:174682
05-15-2023 @ 08:45:17 - Row :82 - Coupon imported successfully.
05-15-2023 @ 08:45:17 - Row :83 - Parsing item.
05-15-2023 @ 08:45:17 - Importing as new coupon ID:174683
05-15-2023 @ 08:45:17 - Row :83 - Processing item.
05-15-2023 @ 08:45:17 - Found coupon object. ID:174683
05-15-2023 @ 08:45:17 - Row :83 - Coupon imported successfully.
05-15-2023 @ 08:45:17 - Row :84 - Parsing item.
05-15-2023 @ 08:45:17 - Importing as new coupon ID:174684
05-15-2023 @ 08:45:17 - Row :84 - Processing item.
05-15-2023 @ 08:45:17 - Found coupon object. ID:174684
05-15-2023 @ 08:45:17 - Row :84 - Coupon imported successfully.
05-15-2023 @ 08:45:17 - Row :85 - Parsing item.
05-15-2023 @ 08:45:17 - Importing as new coupon ID:174685
05-15-2023 @ 08:45:17 - Row :85 - Processing item.
05-15-2023 @ 08:45:17 - Found coupon object. ID:174685
05-15-2023 @ 08:45:18 - Row :85 - Coupon imported successfully.
05-15-2023 @ 08:45:18 - Row :86 - Parsing item.
05-15-2023 @ 08:45:18 - Importing as new coupon ID:174686
05-15-2023 @ 08:45:18 - Row :86 - Processing item.
05-15-2023 @ 08:45:18 - Found coupon object. ID:174686
05-15-2023 @ 08:45:18 - Row :86 - Coupon imported successfully.
05-15-2023 @ 08:45:18 - Row :87 - Parsing item.
05-15-2023 @ 08:45:18 - Importing as new coupon ID:174687
05-15-2023 @ 08:45:18 - Row :87 - Processing item.
05-15-2023 @ 08:45:18 - Found coupon object. ID:174687
05-15-2023 @ 08:45:18 - Row :87 - Coupon imported successfully.
05-15-2023 @ 08:45:18 - Row :88 - Parsing item.
05-15-2023 @ 08:45:18 - Importing as new coupon ID:174688
05-15-2023 @ 08:45:18 - Row :88 - Processing item.
05-15-2023 @ 08:45:18 - Found coupon object. ID:174688
05-15-2023 @ 08:45:18 - Row :88 - Coupon imported successfully.
05-15-2023 @ 08:45:18 - Row :89 - Parsing item.
05-15-2023 @ 08:45:18 - Importing as new coupon ID:174689
05-15-2023 @ 08:45:18 - Row :89 - Processing item.
05-15-2023 @ 08:45:18 - Found coupon object. ID:174689
05-15-2023 @ 08:45:18 - Row :89 - Coupon imported successfully.
05-15-2023 @ 08:45:18 - Row :90 - Parsing item.
05-15-2023 @ 08:45:18 - Importing as new coupon ID:174690
05-15-2023 @ 08:45:18 - Row :90 - Processing item.
05-15-2023 @ 08:45:18 - Found coupon object. ID:174690
05-15-2023 @ 08:45:18 - Row :90 - Coupon imported successfully.
05-15-2023 @ 08:45:18 - Preparing for import.
05-15-2023 @ 08:45:18 - Row :91 - Parsing item.
05-15-2023 @ 08:45:18 - Importing as new coupon ID:174691
05-15-2023 @ 08:45:18 - Row :91 - Processing item.
05-15-2023 @ 08:45:18 - Found coupon object. ID:174691
05-15-2023 @ 08:45:18 - Row :91 - Coupon imported successfully.
05-15-2023 @ 08:45:18 - Row :92 - Parsing item.
05-15-2023 @ 08:45:18 - Importing as new coupon ID:174692
05-15-2023 @ 08:45:18 - Row :92 - Processing item.
05-15-2023 @ 08:45:18 - Found coupon object. ID:174692
05-15-2023 @ 08:45:18 - Row :92 - Coupon imported successfully.
05-15-2023 @ 08:45:18 - Row :93 - Parsing item.
05-15-2023 @ 08:45:18 - Importing as new coupon ID:174693
05-15-2023 @ 08:45:18 - Row :93 - Processing item.
05-15-2023 @ 08:45:18 - Found coupon object. ID:174693
05-15-2023 @ 08:45:18 - Row :93 - Coupon imported successfully.
05-15-2023 @ 08:45:18 - Row :94 - Parsing item.
05-15-2023 @ 08:45:18 - Importing as new coupon ID:174694
05-15-2023 @ 08:45:18 - Row :94 - Processing item.
05-15-2023 @ 08:45:18 - Found coupon object. ID:174694
05-15-2023 @ 08:45:18 - Row :94 - Coupon imported successfully.
05-15-2023 @ 08:45:18 - Row :95 - Parsing item.
05-15-2023 @ 08:45:18 - Importing as new coupon ID:174695
05-15-2023 @ 08:45:18 - Row :95 - Processing item.
05-15-2023 @ 08:45:18 - Found coupon object. ID:174695
05-15-2023 @ 08:45:18 - Row :95 - Coupon imported successfully.
05-15-2023 @ 08:45:18 - Row :96 - Parsing item.
05-15-2023 @ 08:45:18 - Importing as new coupon ID:174696
05-15-2023 @ 08:45:18 - Row :96 - Processing item.
05-15-2023 @ 08:45:18 - Found coupon object. ID:174696
05-15-2023 @ 08:45:18 - Row :96 - Coupon imported successfully.
05-15-2023 @ 08:45:18 - Row :97 - Parsing item.
05-15-2023 @ 08:45:18 - Importing as new coupon ID:174697
05-15-2023 @ 08:45:18 - Row :97 - Processing item.
05-15-2023 @ 08:45:18 - Found coupon object. ID:174697
05-15-2023 @ 08:45:18 - Row :97 - Coupon imported successfully.
05-15-2023 @ 08:45:18 - Row :98 - Parsing item.
05-15-2023 @ 08:45:18 - Importing as new coupon ID:174698
05-15-2023 @ 08:45:18 - Row :98 - Processing item.
05-15-2023 @ 08:45:18 - Found coupon object. ID:174698
05-15-2023 @ 08:45:18 - Row :98 - Coupon imported successfully.
05-15-2023 @ 08:45:18 - Row :99 - Parsing item.
05-15-2023 @ 08:45:18 - Importing as new coupon ID:174699
05-15-2023 @ 08:45:18 - Row :99 - Processing item.
05-15-2023 @ 08:45:18 - Found coupon object. ID:174699
05-15-2023 @ 08:45:19 - Row :99 - Coupon imported successfully.
05-15-2023 @ 08:45:19 - Row :100 - Parsing item.
05-15-2023 @ 08:45:19 - Importing as new coupon ID:174700
05-15-2023 @ 08:45:19 - Row :100 - Processing item.
05-15-2023 @ 08:45:19 - Found coupon object. ID:174700
05-15-2023 @ 08:45:19 - Row :100 - Coupon imported successfully.
05-15-2023 @ 08:45:19 - Preparing for import.
05-15-2023 @ 08:45:19 - Row :101 - Parsing item.
05-15-2023 @ 08:45:19 - Importing as new coupon ID:174701
05-15-2023 @ 08:45:19 - Row :101 - Processing item.
05-15-2023 @ 08:45:19 - Found coupon object. ID:174701
05-15-2023 @ 08:45:19 - Row :101 - Coupon imported successfully.
05-15-2023 @ 08:45:19 - Row :102 - Parsing item.
05-15-2023 @ 08:45:19 - Importing as new coupon ID:174702
05-15-2023 @ 08:45:19 - Row :102 - Processing item.
05-15-2023 @ 08:45:19 - Found coupon object. ID:174702
05-15-2023 @ 08:45:19 - Row :102 - Coupon imported successfully.
05-15-2023 @ 08:45:19 - Row :103 - Parsing item.
05-15-2023 @ 08:45:19 - Importing as new coupon ID:174703
05-15-2023 @ 08:45:19 - Row :103 - Processing item.
05-15-2023 @ 08:45:19 - Found coupon object. ID:174703
05-15-2023 @ 08:45:19 - Row :103 - Coupon imported successfully.
05-15-2023 @ 08:45:19 - Row :104 - Parsing item.
05-15-2023 @ 08:45:19 - Importing as new coupon ID:174704
05-15-2023 @ 08:45:19 - Row :104 - Processing item.
05-15-2023 @ 08:45:19 - Found coupon object. ID:174704
05-15-2023 @ 08:45:19 - Row :104 - Coupon imported successfully.
05-15-2023 @ 08:45:19 - Row :105 - Parsing item.
05-15-2023 @ 08:45:19 - Importing as new coupon ID:174705
05-15-2023 @ 08:45:19 - Row :105 - Processing item.
05-15-2023 @ 08:45:19 - Found coupon object. ID:174705
05-15-2023 @ 08:45:19 - Row :105 - Coupon imported successfully.
05-15-2023 @ 08:45:19 - Row :106 - Parsing item.
05-15-2023 @ 08:45:19 - Importing as new coupon ID:174706
05-15-2023 @ 08:45:19 - Row :106 - Processing item.
05-15-2023 @ 08:45:19 - Found coupon object. ID:174706
05-15-2023 @ 08:45:19 - Row :106 - Coupon imported successfully.
05-15-2023 @ 08:45:19 - Row :107 - Parsing item.
05-15-2023 @ 08:45:19 - Importing as new coupon ID:174707
05-15-2023 @ 08:45:19 - Row :107 - Processing item.
05-15-2023 @ 08:45:19 - Found coupon object. ID:174707
05-15-2023 @ 08:45:19 - Row :107 - Coupon imported successfully.
05-15-2023 @ 08:45:19 - Row :108 - Parsing item.
05-15-2023 @ 08:45:19 - Importing as new coupon ID:174708
05-15-2023 @ 08:45:19 - Row :108 - Processing item.
05-15-2023 @ 08:45:19 - Found coupon object. ID:174708
05-15-2023 @ 08:45:19 - Row :108 - Coupon imported successfully.
05-15-2023 @ 08:45:19 - Row :109 - Parsing item.
05-15-2023 @ 08:45:19 - Importing as new coupon ID:174709
05-15-2023 @ 08:45:19 - Row :109 - Processing item.
05-15-2023 @ 08:45:19 - Found coupon object. ID:174709
05-15-2023 @ 08:45:19 - Row :109 - Coupon imported successfully.
05-15-2023 @ 08:45:19 - Row :110 - Parsing item.
05-15-2023 @ 08:45:19 - Importing as new coupon ID:174710
05-15-2023 @ 08:45:19 - Row :110 - Processing item.
05-15-2023 @ 08:45:19 - Found coupon object. ID:174710
05-15-2023 @ 08:45:19 - Row :110 - Coupon imported successfully.
05-15-2023 @ 08:45:20 - Preparing for import.
05-15-2023 @ 08:45:20 - Row :111 - Parsing item.
05-15-2023 @ 08:45:20 - Importing as new coupon ID:174711
05-15-2023 @ 08:45:20 - Row :111 - Processing item.
05-15-2023 @ 08:45:20 - Found coupon object. ID:174711
05-15-2023 @ 08:45:20 - Row :111 - Coupon imported successfully.
05-15-2023 @ 08:45:20 - Row :112 - Parsing item.
05-15-2023 @ 08:45:20 - Importing as new coupon ID:174712
05-15-2023 @ 08:45:20 - Row :112 - Processing item.
05-15-2023 @ 08:45:20 - Found coupon object. ID:174712
05-15-2023 @ 08:45:20 - Row :112 - Coupon imported successfully.
05-15-2023 @ 08:45:20 - Row :113 - Parsing item.
05-15-2023 @ 08:45:20 - Importing as new coupon ID:174713
05-15-2023 @ 08:45:20 - Row :113 - Processing item.
05-15-2023 @ 08:45:20 - Found coupon object. ID:174713
05-15-2023 @ 08:45:20 - Row :113 - Coupon imported successfully.
05-15-2023 @ 08:45:20 - Row :114 - Parsing item.
05-15-2023 @ 08:45:20 - Importing as new coupon ID:174714
05-15-2023 @ 08:45:20 - Row :114 - Processing item.
05-15-2023 @ 08:45:20 - Found coupon object. ID:174714
05-15-2023 @ 08:45:20 - Row :114 - Coupon imported successfully.
05-15-2023 @ 08:45:20 - Row :115 - Parsing item.
05-15-2023 @ 08:45:20 - Importing as new coupon ID:174715
05-15-2023 @ 08:45:20 - Row :115 - Processing item.
05-15-2023 @ 08:45:20 - Found coupon object. ID:174715
05-15-2023 @ 08:45:20 - Row :115 - Coupon imported successfully.
05-15-2023 @ 08:45:20 - Row :116 - Parsing item.
05-15-2023 @ 08:45:20 - Importing as new coupon ID:174716
05-15-2023 @ 08:45:20 - Row :116 - Processing item.
05-15-2023 @ 08:45:20 - Found coupon object. ID:174716
05-15-2023 @ 08:45:20 - Row :116 - Coupon imported successfully.
05-15-2023 @ 08:45:20 - Row :117 - Parsing item.
05-15-2023 @ 08:45:20 - Importing as new coupon ID:174717
05-15-2023 @ 08:45:20 - Row :117 - Processing item.
05-15-2023 @ 08:45:20 - Found coupon object. ID:174717
05-15-2023 @ 08:45:20 - Row :117 - Coupon imported successfully.
05-15-2023 @ 08:45:20 - Row :118 - Parsing item.
05-15-2023 @ 08:45:20 - Importing as new coupon ID:174718
05-15-2023 @ 08:45:20 - Row :118 - Processing item.
05-15-2023 @ 08:45:20 - Found coupon object. ID:174718
05-15-2023 @ 08:45:20 - Row :118 - Coupon imported successfully.
05-15-2023 @ 08:45:20 - Row :119 - Parsing item.
05-15-2023 @ 08:45:20 - Importing as new coupon ID:174719
05-15-2023 @ 08:45:20 - Row :119 - Processing item.
05-15-2023 @ 08:45:20 - Found coupon object. ID:174719
05-15-2023 @ 08:45:20 - Row :119 - Coupon imported successfully.
05-15-2023 @ 08:45:20 - Row :120 - Parsing item.
05-15-2023 @ 08:45:20 - Importing as new coupon ID:174720
05-15-2023 @ 08:45:20 - Row :120 - Processing item.
05-15-2023 @ 08:45:20 - Found coupon object. ID:174720
05-15-2023 @ 08:45:20 - Row :120 - Coupon imported successfully.
05-15-2023 @ 08:45:21 - Preparing for import.
05-15-2023 @ 08:45:21 - Row :121 - Parsing item.
05-15-2023 @ 08:45:21 - Importing as new coupon ID:174721
05-15-2023 @ 08:45:21 - Row :121 - Processing item.
05-15-2023 @ 08:45:21 - Found coupon object. ID:174721
05-15-2023 @ 08:45:21 - Row :121 - Coupon imported successfully.
05-15-2023 @ 08:45:21 - Row :122 - Parsing item.
05-15-2023 @ 08:45:21 - Importing as new coupon ID:174722
05-15-2023 @ 08:45:21 - Row :122 - Processing item.
05-15-2023 @ 08:45:21 - Found coupon object. ID:174722
05-15-2023 @ 08:45:21 - Row :122 - Coupon imported successfully.
05-15-2023 @ 08:45:21 - Row :123 - Parsing item.
05-15-2023 @ 08:45:21 - Importing as new coupon ID:174723
05-15-2023 @ 08:45:21 - Row :123 - Processing item.
05-15-2023 @ 08:45:21 - Found coupon object. ID:174723
05-15-2023 @ 08:45:21 - Row :123 - Coupon imported successfully.
05-15-2023 @ 08:45:21 - Row :124 - Parsing item.
05-15-2023 @ 08:45:21 - Importing as new coupon ID:174724
05-15-2023 @ 08:45:21 - Row :124 - Processing item.
05-15-2023 @ 08:45:21 - Found coupon object. ID:174724
05-15-2023 @ 08:45:21 - Row :124 - Coupon imported successfully.
05-15-2023 @ 08:45:21 - Row :125 - Parsing item.
05-15-2023 @ 08:45:21 - Importing as new coupon ID:174725
05-15-2023 @ 08:45:21 - Row :125 - Processing item.
05-15-2023 @ 08:45:21 - Found coupon object. ID:174725
05-15-2023 @ 08:45:21 - Row :125 - Coupon imported successfully.
05-15-2023 @ 08:45:21 - Row :126 - Parsing item.
05-15-2023 @ 08:45:21 - Importing as new coupon ID:174726
05-15-2023 @ 08:45:21 - Row :126 - Processing item.
05-15-2023 @ 08:45:21 - Found coupon object. ID:174726
05-15-2023 @ 08:45:21 - Row :126 - Coupon imported successfully.
05-15-2023 @ 08:45:21 - Row :127 - Parsing item.
05-15-2023 @ 08:45:21 - Importing as new coupon ID:174727
05-15-2023 @ 08:45:21 - Row :127 - Processing item.
05-15-2023 @ 08:45:21 - Found coupon object. ID:174727
05-15-2023 @ 08:45:21 - Row :127 - Coupon imported successfully.
05-15-2023 @ 08:45:21 - Row :128 - Parsing item.
05-15-2023 @ 08:45:21 - Importing as new coupon ID:174728
05-15-2023 @ 08:45:21 - Row :128 - Processing item.
05-15-2023 @ 08:45:21 - Found coupon object. ID:174728
05-15-2023 @ 08:45:21 - Row :128 - Coupon imported successfully.
05-15-2023 @ 08:45:21 - Row :129 - Parsing item.
05-15-2023 @ 08:45:21 - Importing as new coupon ID:174729
05-15-2023 @ 08:45:21 - Row :129 - Processing item.
05-15-2023 @ 08:45:21 - Found coupon object. ID:174729
05-15-2023 @ 08:45:21 - Row :129 - Coupon imported successfully.
05-15-2023 @ 08:45:21 - Row :130 - Parsing item.
05-15-2023 @ 08:45:21 - Importing as new coupon ID:174730
05-15-2023 @ 08:45:21 - Row :130 - Processing item.
05-15-2023 @ 08:45:21 - Found coupon object. ID:174730
05-15-2023 @ 08:45:21 - Row :130 - Coupon imported successfully.
05-15-2023 @ 08:45:22 - Preparing for import.
05-15-2023 @ 08:45:22 - Row :131 - Parsing item.
05-15-2023 @ 08:45:22 - Importing as new coupon ID:174731
05-15-2023 @ 08:45:22 - Row :131 - Processing item.
05-15-2023 @ 08:45:22 - Found coupon object. ID:174731
05-15-2023 @ 08:45:22 - Row :131 - Coupon imported successfully.
05-15-2023 @ 08:45:22 - Row :132 - Parsing item.
05-15-2023 @ 08:45:22 - Importing as new coupon ID:174732
05-15-2023 @ 08:45:22 - Row :132 - Processing item.
05-15-2023 @ 08:45:22 - Found coupon object. ID:174732
05-15-2023 @ 08:45:22 - Row :132 - Coupon imported successfully.
05-15-2023 @ 08:45:22 - Row :133 - Parsing item.
05-15-2023 @ 08:45:22 - Importing as new coupon ID:174733
05-15-2023 @ 08:45:22 - Row :133 - Processing item.
05-15-2023 @ 08:45:22 - Found coupon object. ID:174733
05-15-2023 @ 08:45:22 - Row :133 - Coupon imported successfully.
05-15-2023 @ 08:45:22 - Row :134 - Parsing item.
05-15-2023 @ 08:45:22 - Importing as new coupon ID:174734
05-15-2023 @ 08:45:22 - Row :134 - Processing item.
05-15-2023 @ 08:45:22 - Found coupon object. ID:174734
05-15-2023 @ 08:45:22 - Row :134 - Coupon imported successfully.
05-15-2023 @ 08:45:22 - Row :135 - Parsing item.
05-15-2023 @ 08:45:22 - Importing as new coupon ID:174735
05-15-2023 @ 08:45:22 - Row :135 - Processing item.
05-15-2023 @ 08:45:22 - Found coupon object. ID:174735
05-15-2023 @ 08:45:22 - Row :135 - Coupon imported successfully.
05-15-2023 @ 08:45:22 - Row :136 - Parsing item.
05-15-2023 @ 08:45:22 - Importing as new coupon ID:174736
05-15-2023 @ 08:45:22 - Row :136 - Processing item.
05-15-2023 @ 08:45:22 - Found coupon object. ID:174736
05-15-2023 @ 08:45:22 - Row :136 - Coupon imported successfully.
05-15-2023 @ 08:45:22 - Row :137 - Parsing item.
05-15-2023 @ 08:45:22 - Importing as new coupon ID:174737
05-15-2023 @ 08:45:22 - Row :137 - Processing item.
05-15-2023 @ 08:45:22 - Found coupon object. ID:174737
05-15-2023 @ 08:45:22 - Row :137 - Coupon imported successfully.
05-15-2023 @ 08:45:22 - Row :138 - Parsing item.
05-15-2023 @ 08:45:22 - Importing as new coupon ID:174738
05-15-2023 @ 08:45:22 - Row :138 - Processing item.
05-15-2023 @ 08:45:22 - Found coupon object. ID:174738
05-15-2023 @ 08:45:22 - Row :138 - Coupon imported successfully.
05-15-2023 @ 08:45:22 - Row :139 - Parsing item.
05-15-2023 @ 08:45:22 - Importing as new coupon ID:174739
05-15-2023 @ 08:45:22 - Row :139 - Processing item.
05-15-2023 @ 08:45:22 - Found coupon object. ID:174739
05-15-2023 @ 08:45:22 - Row :139 - Coupon imported successfully.
05-15-2023 @ 08:45:22 - Row :140 - Parsing item.
05-15-2023 @ 08:45:22 - Importing as new coupon ID:174740
05-15-2023 @ 08:45:22 - Row :140 - Processing item.
05-15-2023 @ 08:45:22 - Found coupon object. ID:174740
05-15-2023 @ 08:45:22 - Row :140 - Coupon imported successfully.
05-15-2023 @ 08:45:23 - Preparing for import.
05-15-2023 @ 08:45:23 - Row :141 - Parsing item.
05-15-2023 @ 08:45:23 - Importing as new coupon ID:174741
05-15-2023 @ 08:45:23 - Row :141 - Processing item.
05-15-2023 @ 08:45:23 - Found coupon object. ID:174741
05-15-2023 @ 08:45:23 - Row :141 - Coupon imported successfully.
05-15-2023 @ 08:45:23 - Row :142 - Parsing item.
05-15-2023 @ 08:45:23 - Importing as new coupon ID:174742
05-15-2023 @ 08:45:23 - Row :142 - Processing item.
05-15-2023 @ 08:45:23 - Found coupon object. ID:174742
05-15-2023 @ 08:45:23 - Row :142 - Coupon imported successfully.
05-15-2023 @ 08:45:23 - Row :143 - Parsing item.
05-15-2023 @ 08:45:23 - Importing as new coupon ID:174743
05-15-2023 @ 08:45:23 - Row :143 - Processing item.
05-15-2023 @ 08:45:23 - Found coupon object. ID:174743
05-15-2023 @ 08:45:23 - Row :143 - Coupon imported successfully.
05-15-2023 @ 08:45:23 - Row :144 - Parsing item.
05-15-2023 @ 08:45:23 - Importing as new coupon ID:174744
05-15-2023 @ 08:45:23 - Row :144 - Processing item.
05-15-2023 @ 08:45:23 - Found coupon object. ID:174744
05-15-2023 @ 08:45:23 - Row :144 - Coupon imported successfully.
05-15-2023 @ 08:45:23 - ---[ Import ended at 2023-05-15 08:45:23]---
