11-27-2022 @ 07:43:17 - ---[ New import started at 2022-11-27 07:43:17 ] PHP Memory: 128 MB, WP Memory: 128 MB
11-27-2022 @ 07:43:17 - Preparing for import.
11-27-2022 @ 07:43:17 - Row :1 - Parsing item.
11-27-2022 @ 07:43:17 - Importing as new product ID:798
11-27-2022 @ 07:43:17 - Row :1 - Processing item.
11-27-2022 @ 07:43:17 - Found simple product object. ID:798
11-27-2022 @ 07:43:17 - Row :1 - Product imported successfully.
11-27-2022 @ 07:43:17 - Row :2 - Parsing item.
11-27-2022 @ 07:43:17 - Importing as new product ID:799
11-27-2022 @ 07:43:17 - Row :2 - Processing item.
11-27-2022 @ 07:43:17 - Found simple product object. ID:799
11-27-2022 @ 07:43:17 - Row :2 - Product imported successfully.
11-27-2022 @ 07:43:17 - Row :3 - Parsing item.
11-27-2022 @ 07:43:17 - Importing as new product ID:800
11-27-2022 @ 07:43:17 - Row :3 - Processing item.
11-27-2022 @ 07:43:17 - Found simple product object. ID:800
11-27-2022 @ 07:43:17 - Row :3 - Product imported successfully.
11-27-2022 @ 07:43:17 - Row :4 - Parsing item.
11-27-2022 @ 07:43:17 - Importing as new product ID:801
11-27-2022 @ 07:43:17 - Row :4 - Processing item.
11-27-2022 @ 07:43:17 - Found simple product object. ID:801
11-27-2022 @ 07:43:17 - Row :4 - Product imported successfully.
11-27-2022 @ 07:43:17 - Row :5 - Parsing item.
11-27-2022 @ 07:43:17 - Importing as new product ID:802
11-27-2022 @ 07:43:17 - Row :5 - Processing item.
11-27-2022 @ 07:43:17 - Found simple product object. ID:802
11-27-2022 @ 07:43:17 - Row :5 - Product imported successfully.
11-27-2022 @ 07:43:17 - Row :6 - Parsing item.
11-27-2022 @ 07:43:17 - Importing as new product ID:803
11-27-2022 @ 07:43:17 - Row :6 - Processing item.
11-27-2022 @ 07:43:17 - Found simple product object. ID:803
11-27-2022 @ 07:43:17 - Row :6 - Product imported successfully.
11-27-2022 @ 07:43:17 - Row :7 - Parsing item.
11-27-2022 @ 07:43:17 - Importing as new product ID:804
11-27-2022 @ 07:43:17 - Row :7 - Processing item.
11-27-2022 @ 07:43:17 - Found simple product object. ID:804
11-27-2022 @ 07:43:17 - Row :7 - Product imported successfully.
11-27-2022 @ 07:43:17 - Row :8 - Parsing item.
11-27-2022 @ 07:43:17 - Importing as new product ID:805
11-27-2022 @ 07:43:17 - Row :8 - Processing item.
11-27-2022 @ 07:43:17 - Found simple product object. ID:805
11-27-2022 @ 07:43:17 - Row :8 - Product imported successfully.
11-27-2022 @ 07:43:17 - Row :9 - Parsing item.
11-27-2022 @ 07:43:17 - Importing as new product ID:806
11-27-2022 @ 07:43:17 - Row :9 - Processing item.
11-27-2022 @ 07:43:17 - Found simple product object. ID:806
11-27-2022 @ 07:43:17 - Row :9 - Product imported successfully.
11-27-2022 @ 07:43:17 - Row :10 - Parsing item.
11-27-2022 @ 07:43:17 - Importing as new product ID:807
11-27-2022 @ 07:43:17 - Row :10 - Processing item.
11-27-2022 @ 07:43:17 - Found simple product object. ID:807
11-27-2022 @ 07:43:17 - Row :10 - Product imported successfully.
11-27-2022 @ 07:43:18 - Preparing for import.
11-27-2022 @ 07:43:18 - Row :11 - Parsing item.
11-27-2022 @ 07:43:18 - Importing as new product ID:808
11-27-2022 @ 07:43:18 - Row :11 - Processing item.
11-27-2022 @ 07:43:18 - Found simple product object. ID:808
11-27-2022 @ 07:43:18 - Row :11 - Product imported successfully.
11-27-2022 @ 07:43:18 - Row :12 - Parsing item.
11-27-2022 @ 07:43:18 - Importing as new product ID:809
11-27-2022 @ 07:43:18 - Row :12 - Processing item.
11-27-2022 @ 07:43:18 - Found simple product object. ID:809
11-27-2022 @ 07:43:19 - Row :12 - Product imported successfully.
11-27-2022 @ 07:43:19 - Row :13 - Parsing item.
11-27-2022 @ 07:43:19 - Importing as new product ID:810
11-27-2022 @ 07:43:19 - Row :13 - Processing item.
11-27-2022 @ 07:43:19 - Found simple product object. ID:810
11-27-2022 @ 07:43:19 - Row :13 - Product imported successfully.
11-27-2022 @ 07:43:19 - Row :14 - Parsing item.
11-27-2022 @ 07:43:19 - Importing as new product ID:811
11-27-2022 @ 07:43:19 - Row :14 - Processing item.
11-27-2022 @ 07:43:19 - Found simple product object. ID:811
11-27-2022 @ 07:43:19 - Row :14 - Product imported successfully.
11-27-2022 @ 07:43:19 - Row :15 - Parsing item.
11-27-2022 @ 07:43:19 - Importing as new product ID:812
11-27-2022 @ 07:43:19 - Row :15 - Processing item.
11-27-2022 @ 07:43:19 - Found simple product object. ID:812
11-27-2022 @ 07:43:19 - Row :15 - Product imported successfully.
11-27-2022 @ 07:43:19 - Row :16 - Parsing item.
11-27-2022 @ 07:43:19 - Importing as new product ID:813
11-27-2022 @ 07:43:19 - Row :16 - Processing item.
11-27-2022 @ 07:43:19 - Found simple product object. ID:813
11-27-2022 @ 07:43:19 - Row :16 - Product imported successfully.
11-27-2022 @ 07:43:19 - Row :17 - Parsing item.
11-27-2022 @ 07:43:19 - Importing as new product ID:814
11-27-2022 @ 07:43:19 - Row :17 - Processing item.
11-27-2022 @ 07:43:19 - Found simple product object. ID:814
11-27-2022 @ 07:43:19 - Row :17 - Product imported successfully.
11-27-2022 @ 07:43:19 - Row :18 - Parsing item.
11-27-2022 @ 07:43:19 - Importing as new product ID:815
11-27-2022 @ 07:43:19 - Row :18 - Processing item.
11-27-2022 @ 07:43:19 - Found simple product object. ID:815
11-27-2022 @ 07:43:19 - Row :18 - Product imported successfully.
11-27-2022 @ 07:43:19 - Row :19 - Parsing item.
11-27-2022 @ 07:43:19 - Row :19 - Parsing failed. Reason: לא ניתן להוסיף את הפוסט למסד הנתונים.
11-27-2022 @ 07:43:19 - Row :20 - Parsing item.
11-27-2022 @ 07:43:19 - Row :20 - Parsing failed. Reason: לא ניתן להוסיף את הפוסט למסד הנתונים.
11-27-2022 @ 07:43:20 - Preparing for import.
11-27-2022 @ 07:43:20 - Row :21 - Parsing item.
11-27-2022 @ 07:43:20 - Importing as new product ID:816
11-27-2022 @ 07:43:20 - Row :21 - Processing item.
11-27-2022 @ 07:43:20 - Found simple product object. ID:816
11-27-2022 @ 07:43:20 - Row :21 - Product imported successfully.
11-27-2022 @ 07:43:20 - Row :22 - Parsing item.
11-27-2022 @ 07:43:20 - Importing as new product ID:817
11-27-2022 @ 07:43:20 - Row :22 - Processing item.
11-27-2022 @ 07:43:20 - Found simple product object. ID:817
11-27-2022 @ 07:43:20 - Row :22 - Product imported successfully.
11-27-2022 @ 07:43:20 - Row :23 - Parsing item.
11-27-2022 @ 07:43:20 - Importing as new product ID:818
11-27-2022 @ 07:43:20 - Row :23 - Processing item.
11-27-2022 @ 07:43:20 - Found simple product object. ID:818
11-27-2022 @ 07:43:20 - Row :23 - Product imported successfully.
11-27-2022 @ 07:43:20 - Row :24 - Parsing item.
11-27-2022 @ 07:43:20 - Importing as new product ID:819
11-27-2022 @ 07:43:20 - Row :24 - Processing item.
11-27-2022 @ 07:43:20 - Found simple product object. ID:819
11-27-2022 @ 07:43:20 - Row :24 - Product imported successfully.
11-27-2022 @ 07:43:20 - Row :25 - Parsing item.
11-27-2022 @ 07:43:20 - Importing as new product ID:820
11-27-2022 @ 07:43:20 - Row :25 - Processing item.
11-27-2022 @ 07:43:20 - Found simple product object. ID:820
11-27-2022 @ 07:43:20 - Row :25 - Product imported successfully.
11-27-2022 @ 07:43:20 - Row :26 - Parsing item.
11-27-2022 @ 07:43:20 - Importing as new product ID:821
11-27-2022 @ 07:43:20 - Row :26 - Processing item.
11-27-2022 @ 07:43:20 - Found simple product object. ID:821
11-27-2022 @ 07:43:20 - Row :26 - Product imported successfully.
11-27-2022 @ 07:43:20 - Row :27 - Parsing item.
11-27-2022 @ 07:43:20 - Importing as new product ID:822
11-27-2022 @ 07:43:20 - Row :27 - Processing item.
11-27-2022 @ 07:43:20 - Found simple product object. ID:822
11-27-2022 @ 07:43:20 - Row :27 - Product imported successfully.
11-27-2022 @ 07:43:20 - Row :28 - Parsing item.
11-27-2022 @ 07:43:20 - Importing as new product ID:823
11-27-2022 @ 07:43:20 - Row :28 - Processing item.
11-27-2022 @ 07:43:20 - Found simple product object. ID:823
11-27-2022 @ 07:43:20 - Row :28 - Product imported successfully.
11-27-2022 @ 07:43:20 - Row :29 - Parsing item.
11-27-2022 @ 07:43:20 - Importing as new product ID:824
11-27-2022 @ 07:43:20 - Row :29 - Processing item.
11-27-2022 @ 07:43:20 - Found simple product object. ID:824
11-27-2022 @ 07:43:20 - Row :29 - Product imported successfully.
11-27-2022 @ 07:43:20 - Row :30 - Parsing item.
11-27-2022 @ 07:43:21 - Importing as new product ID:825
11-27-2022 @ 07:43:21 - Row :30 - Processing item.
11-27-2022 @ 07:43:21 - Found simple product object. ID:825
11-27-2022 @ 07:43:21 - Row :30 - Product imported successfully.
11-27-2022 @ 07:43:22 - Preparing for import.
11-27-2022 @ 07:43:22 - Row :31 - Parsing item.
11-27-2022 @ 07:43:22 - Importing as new product ID:826
11-27-2022 @ 07:43:22 - Row :31 - Processing item.
11-27-2022 @ 07:43:22 - Found simple product object. ID:826
11-27-2022 @ 07:43:22 - Row :31 - Product imported successfully.
11-27-2022 @ 07:43:22 - Row :32 - Parsing item.
11-27-2022 @ 07:43:22 - Importing as new product ID:827
11-27-2022 @ 07:43:22 - Row :32 - Processing item.
11-27-2022 @ 07:43:22 - Found simple product object. ID:827
11-27-2022 @ 07:43:22 - Row :32 - Product imported successfully.
11-27-2022 @ 07:43:22 - Row :33 - Parsing item.
11-27-2022 @ 07:43:22 - Importing as new product ID:828
11-27-2022 @ 07:43:22 - Row :33 - Processing item.
11-27-2022 @ 07:43:22 - Found simple product object. ID:828
11-27-2022 @ 07:43:22 - Row :33 - Product imported successfully.
11-27-2022 @ 07:43:22 - Row :34 - Parsing item.
11-27-2022 @ 07:43:22 - Importing as new product ID:829
11-27-2022 @ 07:43:22 - Row :34 - Processing item.
11-27-2022 @ 07:43:22 - Found simple product object. ID:829
11-27-2022 @ 07:43:22 - Row :34 - Product imported successfully.
11-27-2022 @ 07:43:22 - Row :35 - Parsing item.
11-27-2022 @ 07:43:22 - Importing as new product ID:830
11-27-2022 @ 07:43:22 - Row :35 - Processing item.
11-27-2022 @ 07:43:22 - Found simple product object. ID:830
11-27-2022 @ 07:43:22 - Row :35 - Product imported successfully.
11-27-2022 @ 07:43:22 - Row :36 - Parsing item.
11-27-2022 @ 07:43:22 - Importing as new product ID:831
11-27-2022 @ 07:43:22 - Row :36 - Processing item.
11-27-2022 @ 07:43:22 - Found simple product object. ID:831
11-27-2022 @ 07:43:22 - Row :36 - Product imported successfully.
11-27-2022 @ 07:43:22 - Row :37 - Parsing item.
11-27-2022 @ 07:43:22 - Importing as new product ID:832
11-27-2022 @ 07:43:22 - Row :37 - Processing item.
11-27-2022 @ 07:43:22 - Found simple product object. ID:832
11-27-2022 @ 07:43:22 - Row :37 - Product imported successfully.
11-27-2022 @ 07:43:22 - Row :38 - Parsing item.
11-27-2022 @ 07:43:22 - Importing as new product ID:833
11-27-2022 @ 07:43:22 - Row :38 - Processing item.
11-27-2022 @ 07:43:22 - Found simple product object. ID:833
11-27-2022 @ 07:43:22 - Row :38 - Product imported successfully.
11-27-2022 @ 07:43:22 - Row :39 - Parsing item.
11-27-2022 @ 07:43:22 - Importing as new product ID:834
11-27-2022 @ 07:43:22 - Row :39 - Processing item.
11-27-2022 @ 07:43:22 - Found simple product object. ID:834
11-27-2022 @ 07:43:22 - Row :39 - Product imported successfully.
11-27-2022 @ 07:43:22 - Row :40 - Parsing item.
11-27-2022 @ 07:43:22 - Importing as new product ID:835
11-27-2022 @ 07:43:22 - Row :40 - Processing item.
11-27-2022 @ 07:43:22 - Found simple product object. ID:835
11-27-2022 @ 07:43:22 - Row :40 - Product imported successfully.
11-27-2022 @ 07:43:23 - Preparing for import.
11-27-2022 @ 07:43:23 - Row :41 - Parsing item.
11-27-2022 @ 07:43:23 - Importing as new product ID:836
11-27-2022 @ 07:43:23 - Row :41 - Processing item.
11-27-2022 @ 07:43:23 - Found simple product object. ID:836
11-27-2022 @ 07:43:23 - Row :41 - Product imported successfully.
11-27-2022 @ 07:43:23 - Row :42 - Parsing item.
11-27-2022 @ 07:43:23 - Importing as new product ID:837
11-27-2022 @ 07:43:23 - Row :42 - Processing item.
11-27-2022 @ 07:43:23 - Found simple product object. ID:837
11-27-2022 @ 07:43:23 - Row :42 - Product imported successfully.
11-27-2022 @ 07:43:23 - Row :43 - Parsing item.
11-27-2022 @ 07:43:23 - Importing as new product ID:838
11-27-2022 @ 07:43:23 - Row :43 - Processing item.
11-27-2022 @ 07:43:23 - Found simple product object. ID:838
11-27-2022 @ 07:43:23 - Row :43 - Product imported successfully.
11-27-2022 @ 07:43:23 - Row :44 - Parsing item.
11-27-2022 @ 07:43:24 - Importing as new product ID:839
11-27-2022 @ 07:43:24 - Row :44 - Processing item.
11-27-2022 @ 07:43:24 - Found simple product object. ID:839
11-27-2022 @ 07:43:24 - Row :44 - Product imported successfully.
11-27-2022 @ 07:43:24 - Row :45 - Parsing item.
11-27-2022 @ 07:43:24 - Importing as new product ID:840
11-27-2022 @ 07:43:24 - Row :45 - Processing item.
11-27-2022 @ 07:43:24 - Found simple product object. ID:840
11-27-2022 @ 07:43:24 - Row :45 - Product imported successfully.
11-27-2022 @ 07:43:24 - Row :46 - Parsing item.
11-27-2022 @ 07:43:24 - Importing as new product ID:841
11-27-2022 @ 07:43:24 - Row :46 - Processing item.
11-27-2022 @ 07:43:24 - Found simple product object. ID:841
11-27-2022 @ 07:43:24 - Row :46 - Product imported successfully.
11-27-2022 @ 07:43:24 - Row :47 - Parsing item.
11-27-2022 @ 07:43:24 - Importing as new product ID:842
11-27-2022 @ 07:43:24 - Row :47 - Processing item.
11-27-2022 @ 07:43:24 - Found simple product object. ID:842
11-27-2022 @ 07:43:24 - Row :47 - Product imported successfully.
11-27-2022 @ 07:43:24 - Row :48 - Parsing item.
11-27-2022 @ 07:43:24 - Importing as new product ID:843
11-27-2022 @ 07:43:24 - Row :48 - Processing item.
11-27-2022 @ 07:43:24 - Found simple product object. ID:843
11-27-2022 @ 07:43:24 - Row :48 - Product imported successfully.
11-27-2022 @ 07:43:24 - Row :49 - Parsing item.
11-27-2022 @ 07:43:24 - Importing as new product ID:844
11-27-2022 @ 07:43:24 - Row :49 - Processing item.
11-27-2022 @ 07:43:24 - Found simple product object. ID:844
11-27-2022 @ 07:43:24 - Row :49 - Product imported successfully.
11-27-2022 @ 07:43:24 - Row :50 - Parsing item.
11-27-2022 @ 07:43:24 - Importing as new product ID:845
11-27-2022 @ 07:43:24 - Row :50 - Processing item.
11-27-2022 @ 07:43:24 - Found simple product object. ID:845
11-27-2022 @ 07:43:24 - Row :50 - Product imported successfully.
11-27-2022 @ 07:43:25 - Preparing for import.
11-27-2022 @ 07:43:25 - Row :51 - Parsing item.
11-27-2022 @ 07:43:25 - Importing as new product ID:846
11-27-2022 @ 07:43:25 - Row :51 - Processing item.
11-27-2022 @ 07:43:25 - Found simple product object. ID:846
11-27-2022 @ 07:43:25 - Row :51 - Product imported successfully.
11-27-2022 @ 07:43:25 - Row :52 - Parsing item.
11-27-2022 @ 07:43:25 - Importing as new product ID:847
11-27-2022 @ 07:43:25 - Row :52 - Processing item.
11-27-2022 @ 07:43:25 - Found simple product object. ID:847
11-27-2022 @ 07:43:25 - Row :52 - Product imported successfully.
11-27-2022 @ 07:43:25 - Row :53 - Parsing item.
11-27-2022 @ 07:43:25 - Importing as new product ID:848
11-27-2022 @ 07:43:25 - Row :53 - Processing item.
11-27-2022 @ 07:43:25 - Found simple product object. ID:848
11-27-2022 @ 07:43:25 - Row :53 - Product imported successfully.
11-27-2022 @ 07:43:25 - Row :54 - Parsing item.
11-27-2022 @ 07:43:25 - Importing as new product ID:849
11-27-2022 @ 07:43:25 - Row :54 - Processing item.
11-27-2022 @ 07:43:25 - Found simple product object. ID:849
11-27-2022 @ 07:43:25 - Row :54 - Product imported successfully.
11-27-2022 @ 07:43:25 - Row :55 - Parsing item.
11-27-2022 @ 07:43:25 - Importing as new product ID:850
11-27-2022 @ 07:43:25 - Row :55 - Processing item.
11-27-2022 @ 07:43:25 - Found simple product object. ID:850
11-27-2022 @ 07:43:25 - Row :55 - Product imported successfully.
11-27-2022 @ 07:43:25 - Row :56 - Parsing item.
11-27-2022 @ 07:43:25 - Importing as new product ID:851
11-27-2022 @ 07:43:25 - Row :56 - Processing item.
11-27-2022 @ 07:43:25 - Found simple product object. ID:851
11-27-2022 @ 07:43:25 - Row :56 - Product imported successfully.
11-27-2022 @ 07:43:25 - Row :57 - Parsing item.
11-27-2022 @ 07:43:25 - Importing as new product ID:852
11-27-2022 @ 07:43:25 - Row :57 - Processing item.
11-27-2022 @ 07:43:25 - Found simple product object. ID:852
11-27-2022 @ 07:43:25 - Row :57 - Product imported successfully.
11-27-2022 @ 07:43:25 - Row :58 - Parsing item.
11-27-2022 @ 07:43:25 - Importing as new product ID:853
11-27-2022 @ 07:43:25 - Row :58 - Processing item.
11-27-2022 @ 07:43:25 - Found simple product object. ID:853
11-27-2022 @ 07:43:25 - Row :58 - Product imported successfully.
11-27-2022 @ 07:43:25 - Row :59 - Parsing item.
11-27-2022 @ 07:43:25 - Importing as new product ID:854
11-27-2022 @ 07:43:25 - Row :59 - Processing item.
11-27-2022 @ 07:43:25 - Found simple product object. ID:854
11-27-2022 @ 07:43:25 - Row :59 - Product imported successfully.
11-27-2022 @ 07:43:25 - Row :60 - Parsing item.
11-27-2022 @ 07:43:25 - Importing as new product ID:855
11-27-2022 @ 07:43:25 - Row :60 - Processing item.
11-27-2022 @ 07:43:25 - Found simple product object. ID:855
11-27-2022 @ 07:43:25 - Row :60 - Product imported successfully.
11-27-2022 @ 07:43:27 - Preparing for import.
11-27-2022 @ 07:43:27 - Row :61 - Parsing item.
11-27-2022 @ 07:43:27 - Importing as new product ID:856
11-27-2022 @ 07:43:27 - Row :61 - Processing item.
11-27-2022 @ 07:43:27 - Found simple product object. ID:856
11-27-2022 @ 07:43:27 - Row :61 - Product imported successfully.
11-27-2022 @ 07:43:27 - Row :62 - Parsing item.
11-27-2022 @ 07:43:27 - Importing as new product ID:857
11-27-2022 @ 07:43:27 - Row :62 - Processing item.
11-27-2022 @ 07:43:27 - Found simple product object. ID:857
11-27-2022 @ 07:43:27 - Row :62 - Product imported successfully.
11-27-2022 @ 07:43:27 - Row :63 - Parsing item.
11-27-2022 @ 07:43:27 - Importing as new product ID:858
11-27-2022 @ 07:43:27 - Row :63 - Processing item.
11-27-2022 @ 07:43:27 - Found simple product object. ID:858
11-27-2022 @ 07:43:27 - Row :63 - Product imported successfully.
11-27-2022 @ 07:43:27 - Row :64 - Parsing item.
11-27-2022 @ 07:43:27 - Importing as new product ID:859
11-27-2022 @ 07:43:27 - Row :64 - Processing item.
11-27-2022 @ 07:43:27 - Found simple product object. ID:859
11-27-2022 @ 07:43:27 - Row :64 - Product imported successfully.
11-27-2022 @ 07:43:27 - Row :65 - Parsing item.
11-27-2022 @ 07:43:27 - Importing as new product ID:860
11-27-2022 @ 07:43:27 - Row :65 - Processing item.
11-27-2022 @ 07:43:27 - Found simple product object. ID:860
11-27-2022 @ 07:43:27 - Row :65 - Product imported successfully.
11-27-2022 @ 07:43:27 - Row :66 - Parsing item.
11-27-2022 @ 07:43:27 - Importing as new product ID:861
11-27-2022 @ 07:43:27 - Row :66 - Processing item.
11-27-2022 @ 07:43:27 - Found simple product object. ID:861
11-27-2022 @ 07:43:27 - Row :66 - Product imported successfully.
11-27-2022 @ 07:43:27 - Row :67 - Parsing item.
11-27-2022 @ 07:43:27 - Importing as new product ID:862
11-27-2022 @ 07:43:27 - Row :67 - Processing item.
11-27-2022 @ 07:43:27 - Found simple product object. ID:862
11-27-2022 @ 07:43:27 - Row :67 - Product imported successfully.
11-27-2022 @ 07:43:27 - Row :68 - Parsing item.
11-27-2022 @ 07:43:27 - Importing as new product ID:863
11-27-2022 @ 07:43:27 - Row :68 - Processing item.
11-27-2022 @ 07:43:27 - Found simple product object. ID:863
11-27-2022 @ 07:43:27 - Row :68 - Product imported successfully.
11-27-2022 @ 07:43:27 - Row :69 - Parsing item.
11-27-2022 @ 07:43:27 - Importing as new product ID:864
11-27-2022 @ 07:43:27 - Row :69 - Processing item.
11-27-2022 @ 07:43:27 - Found simple product object. ID:864
11-27-2022 @ 07:43:27 - Row :69 - Product imported successfully.
11-27-2022 @ 07:43:27 - Row :70 - Parsing item.
11-27-2022 @ 07:43:27 - Importing as new product ID:865
11-27-2022 @ 07:43:27 - Row :70 - Processing item.
11-27-2022 @ 07:43:27 - Found simple product object. ID:865
11-27-2022 @ 07:43:27 - Row :70 - Product imported successfully.
11-27-2022 @ 07:43:28 - Preparing for import.
11-27-2022 @ 07:43:28 - Row :71 - Parsing item.
11-27-2022 @ 07:43:28 - Importing as new product ID:866
11-27-2022 @ 07:43:28 - Row :71 - Processing item.
11-27-2022 @ 07:43:28 - Found simple product object. ID:866
11-27-2022 @ 07:43:28 - Row :71 - Product imported successfully.
11-27-2022 @ 07:43:28 - Row :72 - Parsing item.
11-27-2022 @ 07:43:28 - Importing as new product ID:867
11-27-2022 @ 07:43:28 - Row :72 - Processing item.
11-27-2022 @ 07:43:28 - Found simple product object. ID:867
11-27-2022 @ 07:43:28 - Row :72 - Product imported successfully.
11-27-2022 @ 07:43:28 - Row :73 - Parsing item.
11-27-2022 @ 07:43:28 - Importing as new product ID:868
11-27-2022 @ 07:43:28 - Row :73 - Processing item.
11-27-2022 @ 07:43:28 - Found simple product object. ID:868
11-27-2022 @ 07:43:28 - Row :73 - Product imported successfully.
11-27-2022 @ 07:43:28 - Row :74 - Parsing item.
11-27-2022 @ 07:43:28 - Importing as new product ID:869
11-27-2022 @ 07:43:28 - Row :74 - Processing item.
11-27-2022 @ 07:43:28 - Found simple product object. ID:869
11-27-2022 @ 07:43:28 - Row :74 - Product imported successfully.
11-27-2022 @ 07:43:28 - Row :75 - Parsing item.
11-27-2022 @ 07:43:28 - Importing as new product ID:870
11-27-2022 @ 07:43:28 - Row :75 - Processing item.
11-27-2022 @ 07:43:28 - Found simple product object. ID:870
11-27-2022 @ 07:43:29 - Row :75 - Product imported successfully.
11-27-2022 @ 07:43:29 - Row :76 - Parsing item.
11-27-2022 @ 07:43:29 - Importing as new product ID:871
11-27-2022 @ 07:43:29 - Row :76 - Processing item.
11-27-2022 @ 07:43:29 - Found simple product object. ID:871
11-27-2022 @ 07:43:29 - Row :76 - Product imported successfully.
11-27-2022 @ 07:43:29 - Row :77 - Parsing item.
11-27-2022 @ 07:43:29 - Importing as new product ID:872
11-27-2022 @ 07:43:29 - Row :77 - Processing item.
11-27-2022 @ 07:43:29 - Found simple product object. ID:872
11-27-2022 @ 07:43:29 - Row :77 - Product imported successfully.
11-27-2022 @ 07:43:29 - Row :78 - Parsing item.
11-27-2022 @ 07:43:29 - Importing as new product ID:873
11-27-2022 @ 07:43:29 - Row :78 - Processing item.
11-27-2022 @ 07:43:29 - Found simple product object. ID:873
11-27-2022 @ 07:43:29 - Row :78 - Product imported successfully.
11-27-2022 @ 07:43:29 - Row :79 - Parsing item.
11-27-2022 @ 07:43:29 - Importing as new product ID:874
11-27-2022 @ 07:43:29 - Row :79 - Processing item.
11-27-2022 @ 07:43:29 - Found simple product object. ID:874
11-27-2022 @ 07:43:29 - Row :79 - Product imported successfully.
11-27-2022 @ 07:43:29 - Row :80 - Parsing item.
11-27-2022 @ 07:43:29 - Importing as new product ID:875
11-27-2022 @ 07:43:29 - Row :80 - Processing item.
11-27-2022 @ 07:43:29 - Found simple product object. ID:875
11-27-2022 @ 07:43:29 - Row :80 - Product imported successfully.
11-27-2022 @ 07:43:30 - Preparing for import.
11-27-2022 @ 07:43:30 - Row :81 - Parsing item.
11-27-2022 @ 07:43:30 - Importing as new product ID:876
11-27-2022 @ 07:43:30 - Row :81 - Processing item.
11-27-2022 @ 07:43:30 - Found simple product object. ID:876
11-27-2022 @ 07:43:30 - Row :81 - Product imported successfully.
11-27-2022 @ 07:43:30 - Row :82 - Parsing item.
11-27-2022 @ 07:43:30 - Importing as new product ID:877
11-27-2022 @ 07:43:30 - Row :82 - Processing item.
11-27-2022 @ 07:43:30 - Found simple product object. ID:877
11-27-2022 @ 07:43:30 - Row :82 - Product imported successfully.
11-27-2022 @ 07:43:30 - Row :83 - Parsing item.
11-27-2022 @ 07:43:30 - Importing as new product ID:878
11-27-2022 @ 07:43:30 - Row :83 - Processing item.
11-27-2022 @ 07:43:30 - Found simple product object. ID:878
11-27-2022 @ 07:43:30 - Row :83 - Product imported successfully.
11-27-2022 @ 07:43:30 - Row :84 - Parsing item.
11-27-2022 @ 07:43:30 - Importing as new product ID:879
11-27-2022 @ 07:43:30 - Row :84 - Processing item.
11-27-2022 @ 07:43:30 - Found simple product object. ID:879
11-27-2022 @ 07:43:30 - Row :84 - Product imported successfully.
11-27-2022 @ 07:43:30 - Row :85 - Parsing item.
11-27-2022 @ 07:43:30 - Importing as new product ID:880
11-27-2022 @ 07:43:30 - Row :85 - Processing item.
11-27-2022 @ 07:43:30 - Found simple product object. ID:880
11-27-2022 @ 07:43:30 - Row :85 - Product imported successfully.
11-27-2022 @ 07:43:30 - Row :86 - Parsing item.
11-27-2022 @ 07:43:30 - Importing as new product ID:881
11-27-2022 @ 07:43:30 - Row :86 - Processing item.
11-27-2022 @ 07:43:30 - Found simple product object. ID:881
11-27-2022 @ 07:43:30 - Row :86 - Product imported successfully.
11-27-2022 @ 07:43:30 - Row :87 - Parsing item.
11-27-2022 @ 07:43:30 - Importing as new product ID:882
11-27-2022 @ 07:43:30 - Row :87 - Processing item.
11-27-2022 @ 07:43:30 - Found simple product object. ID:882
11-27-2022 @ 07:43:30 - Row :87 - Product imported successfully.
11-27-2022 @ 07:43:30 - Row :88 - Parsing item.
11-27-2022 @ 07:43:30 - Importing as new product ID:883
11-27-2022 @ 07:43:30 - Row :88 - Processing item.
11-27-2022 @ 07:43:30 - Found simple product object. ID:883
11-27-2022 @ 07:43:30 - Row :88 - Product imported successfully.
11-27-2022 @ 07:43:30 - Row :89 - Parsing item.
11-27-2022 @ 07:43:30 - Importing as new product ID:884
11-27-2022 @ 07:43:30 - Row :89 - Processing item.
11-27-2022 @ 07:43:30 - Found simple product object. ID:884
11-27-2022 @ 07:43:30 - Row :89 - Product imported successfully.
11-27-2022 @ 07:43:30 - Row :90 - Parsing item.
11-27-2022 @ 07:43:30 - Importing as new product ID:885
11-27-2022 @ 07:43:30 - Row :90 - Processing item.
11-27-2022 @ 07:43:30 - Found simple product object. ID:885
11-27-2022 @ 07:43:31 - Row :90 - Product imported successfully.
11-27-2022 @ 07:43:32 - Preparing for import.
11-27-2022 @ 07:43:32 - Row :91 - Parsing item.
11-27-2022 @ 07:43:32 - Importing as new product ID:886
11-27-2022 @ 07:43:32 - Row :91 - Processing item.
11-27-2022 @ 07:43:32 - Found simple product object. ID:886
11-27-2022 @ 07:43:32 - Row :91 - Product imported successfully.
11-27-2022 @ 07:43:32 - Row :92 - Parsing item.
11-27-2022 @ 07:43:32 - Importing as new product ID:887
11-27-2022 @ 07:43:32 - Row :92 - Processing item.
11-27-2022 @ 07:43:32 - Found simple product object. ID:887
11-27-2022 @ 07:43:32 - Row :92 - Product imported successfully.
11-27-2022 @ 07:43:32 - Row :93 - Parsing item.
11-27-2022 @ 07:43:32 - Importing as new product ID:888
11-27-2022 @ 07:43:32 - Row :93 - Processing item.
11-27-2022 @ 07:43:32 - Found simple product object. ID:888
11-27-2022 @ 07:43:32 - Row :93 - Product imported successfully.
11-27-2022 @ 07:43:32 - Row :94 - Parsing item.
11-27-2022 @ 07:43:32 - Importing as new product ID:889
11-27-2022 @ 07:43:32 - Row :94 - Processing item.
11-27-2022 @ 07:43:32 - Found simple product object. ID:889
11-27-2022 @ 07:43:32 - Row :94 - Product imported successfully.
11-27-2022 @ 07:43:32 - Row :95 - Parsing item.
11-27-2022 @ 07:43:32 - Importing as new product ID:890
11-27-2022 @ 07:43:32 - Row :95 - Processing item.
11-27-2022 @ 07:43:32 - Found simple product object. ID:890
11-27-2022 @ 07:43:32 - Row :95 - Product imported successfully.
11-27-2022 @ 07:43:32 - Row :96 - Parsing item.
11-27-2022 @ 07:43:32 - Importing as new product ID:891
11-27-2022 @ 07:43:32 - Row :96 - Processing item.
11-27-2022 @ 07:43:32 - Found simple product object. ID:891
11-27-2022 @ 07:43:32 - Row :96 - Product imported successfully.
11-27-2022 @ 07:43:32 - Row :97 - Parsing item.
11-27-2022 @ 07:43:32 - Importing as new product ID:892
11-27-2022 @ 07:43:32 - Row :97 - Processing item.
11-27-2022 @ 07:43:32 - Found simple product object. ID:892
11-27-2022 @ 07:43:32 - Row :97 - Product imported successfully.
11-27-2022 @ 07:43:32 - Row :98 - Parsing item.
11-27-2022 @ 07:43:32 - Importing as new product ID:893
11-27-2022 @ 07:43:32 - Row :98 - Processing item.
11-27-2022 @ 07:43:32 - Found simple product object. ID:893
11-27-2022 @ 07:43:32 - Row :98 - Product imported successfully.
11-27-2022 @ 07:43:32 - Row :99 - Parsing item.
11-27-2022 @ 07:43:32 - Importing as new product ID:894
11-27-2022 @ 07:43:32 - Row :99 - Processing item.
11-27-2022 @ 07:43:32 - Found simple product object. ID:894
11-27-2022 @ 07:43:32 - Row :99 - Product imported successfully.
11-27-2022 @ 07:43:32 - Row :100 - Parsing item.
11-27-2022 @ 07:43:32 - Importing as new product ID:895
11-27-2022 @ 07:43:32 - Row :100 - Processing item.
11-27-2022 @ 07:43:32 - Found simple product object. ID:895
11-27-2022 @ 07:43:32 - Row :100 - Product imported successfully.
11-27-2022 @ 07:43:33 - Preparing for import.
11-27-2022 @ 07:43:33 - Row :101 - Parsing item.
11-27-2022 @ 07:43:33 - Importing as new product ID:896
11-27-2022 @ 07:43:33 - Row :101 - Processing item.
11-27-2022 @ 07:43:33 - Found simple product object. ID:896
11-27-2022 @ 07:43:33 - Row :101 - Product imported successfully.
11-27-2022 @ 07:43:33 - Row :102 - Parsing item.
11-27-2022 @ 07:43:33 - Importing as new product ID:897
11-27-2022 @ 07:43:33 - Row :102 - Processing item.
11-27-2022 @ 07:43:33 - Found simple product object. ID:897
11-27-2022 @ 07:43:33 - Row :102 - Product imported successfully.
11-27-2022 @ 07:43:33 - Row :103 - Parsing item.
11-27-2022 @ 07:43:33 - Importing as new product ID:898
11-27-2022 @ 07:43:33 - Row :103 - Processing item.
11-27-2022 @ 07:43:33 - Found simple product object. ID:898
11-27-2022 @ 07:43:33 - Row :103 - Product imported successfully.
11-27-2022 @ 07:43:33 - Row :104 - Parsing item.
11-27-2022 @ 07:43:33 - Importing as new product ID:899
11-27-2022 @ 07:43:33 - Row :104 - Processing item.
11-27-2022 @ 07:43:33 - Found simple product object. ID:899
11-27-2022 @ 07:43:33 - Row :104 - Product imported successfully.
11-27-2022 @ 07:43:33 - Row :105 - Parsing item.
11-27-2022 @ 07:43:33 - Importing as new product ID:900
11-27-2022 @ 07:43:33 - Row :105 - Processing item.
11-27-2022 @ 07:43:33 - Found simple product object. ID:900
11-27-2022 @ 07:43:34 - Row :105 - Product imported successfully.
11-27-2022 @ 07:43:34 - Row :106 - Parsing item.
11-27-2022 @ 07:43:34 - Importing as new product ID:901
11-27-2022 @ 07:43:34 - Row :106 - Processing item.
11-27-2022 @ 07:43:34 - Found simple product object. ID:901
11-27-2022 @ 07:43:34 - Row :106 - Product imported successfully.
11-27-2022 @ 07:43:34 - Row :107 - Parsing item.
11-27-2022 @ 07:43:34 - Importing as new product ID:902
11-27-2022 @ 07:43:34 - Row :107 - Processing item.
11-27-2022 @ 07:43:34 - Found simple product object. ID:902
11-27-2022 @ 07:43:34 - Row :107 - Product imported successfully.
11-27-2022 @ 07:43:34 - Row :108 - Parsing item.
11-27-2022 @ 07:43:34 - Importing as new product ID:903
11-27-2022 @ 07:43:34 - Row :108 - Processing item.
11-27-2022 @ 07:43:34 - Found simple product object. ID:903
11-27-2022 @ 07:43:34 - Row :108 - Product imported successfully.
11-27-2022 @ 07:43:34 - Row :109 - Parsing item.
11-27-2022 @ 07:43:34 - Importing as new product ID:904
11-27-2022 @ 07:43:34 - Row :109 - Processing item.
11-27-2022 @ 07:43:34 - Found simple product object. ID:904
11-27-2022 @ 07:43:34 - Row :109 - Product imported successfully.
11-27-2022 @ 07:43:34 - Row :110 - Parsing item.
11-27-2022 @ 07:43:34 - Importing as new product ID:905
11-27-2022 @ 07:43:34 - Row :110 - Processing item.
11-27-2022 @ 07:43:34 - Found simple product object. ID:905
11-27-2022 @ 07:43:34 - Row :110 - Product imported successfully.
11-27-2022 @ 07:43:35 - Preparing for import.
11-27-2022 @ 07:43:35 - Row :111 - Parsing item.
11-27-2022 @ 07:43:35 - Importing as new product ID:906
11-27-2022 @ 07:43:35 - Row :111 - Processing item.
11-27-2022 @ 07:43:35 - Found simple product object. ID:906
11-27-2022 @ 07:43:35 - Row :111 - Product imported successfully.
11-27-2022 @ 07:43:35 - Row :112 - Parsing item.
11-27-2022 @ 07:43:35 - Importing as new product ID:907
11-27-2022 @ 07:43:35 - Row :112 - Processing item.
11-27-2022 @ 07:43:35 - Found simple product object. ID:907
11-27-2022 @ 07:43:35 - Row :112 - Product imported successfully.
11-27-2022 @ 07:43:35 - Row :113 - Parsing item.
11-27-2022 @ 07:43:35 - Importing as new product ID:908
11-27-2022 @ 07:43:35 - Row :113 - Processing item.
11-27-2022 @ 07:43:35 - Found simple product object. ID:908
11-27-2022 @ 07:43:35 - Row :113 - Product imported successfully.
11-27-2022 @ 07:43:35 - Row :114 - Parsing item.
11-27-2022 @ 07:43:35 - Importing as new product ID:909
11-27-2022 @ 07:43:35 - Row :114 - Processing item.
11-27-2022 @ 07:43:35 - Found simple product object. ID:909
11-27-2022 @ 07:43:35 - Row :114 - Product imported successfully.
11-27-2022 @ 07:43:35 - Row :115 - Parsing item.
11-27-2022 @ 07:43:35 - Importing as new product ID:910
11-27-2022 @ 07:43:35 - Row :115 - Processing item.
11-27-2022 @ 07:43:35 - Found simple product object. ID:910
11-27-2022 @ 07:43:35 - Row :115 - Product imported successfully.
11-27-2022 @ 07:43:35 - Row :116 - Parsing item.
11-27-2022 @ 07:43:35 - Importing as new product ID:911
11-27-2022 @ 07:43:35 - Row :116 - Processing item.
11-27-2022 @ 07:43:35 - Found simple product object. ID:911
11-27-2022 @ 07:43:35 - Row :116 - Product imported successfully.
11-27-2022 @ 07:43:35 - Row :117 - Parsing item.
11-27-2022 @ 07:43:35 - Importing as new product ID:912
11-27-2022 @ 07:43:35 - Row :117 - Processing item.
11-27-2022 @ 07:43:35 - Found simple product object. ID:912
11-27-2022 @ 07:43:35 - Row :117 - Product imported successfully.
11-27-2022 @ 07:43:35 - Row :118 - Parsing item.
11-27-2022 @ 07:43:35 - Importing as new product ID:913
11-27-2022 @ 07:43:35 - Row :118 - Processing item.
11-27-2022 @ 07:43:35 - Found simple product object. ID:913
11-27-2022 @ 07:43:35 - Row :118 - Product imported successfully.
11-27-2022 @ 07:43:35 - Row :119 - Parsing item.
11-27-2022 @ 07:43:35 - Importing as new product ID:914
11-27-2022 @ 07:43:35 - Row :119 - Processing item.
11-27-2022 @ 07:43:35 - Found simple product object. ID:914
11-27-2022 @ 07:43:35 - Row :119 - Product imported successfully.
11-27-2022 @ 07:43:35 - Row :120 - Parsing item.
11-27-2022 @ 07:43:35 - Importing as new product ID:915
11-27-2022 @ 07:43:35 - Row :120 - Processing item.
11-27-2022 @ 07:43:35 - Found simple product object. ID:915
11-27-2022 @ 07:43:35 - Row :120 - Product imported successfully.
11-27-2022 @ 07:43:36 - Preparing for import.
11-27-2022 @ 07:43:36 - Row :121 - Parsing item.
11-27-2022 @ 07:43:36 - Importing as new product ID:916
11-27-2022 @ 07:43:36 - Row :121 - Processing item.
11-27-2022 @ 07:43:36 - Found simple product object. ID:916
11-27-2022 @ 07:43:37 - Row :121 - Product imported successfully.
11-27-2022 @ 07:43:37 - Row :122 - Parsing item.
11-27-2022 @ 07:43:37 - Importing as new product ID:917
11-27-2022 @ 07:43:37 - Row :122 - Processing item.
11-27-2022 @ 07:43:37 - Found simple product object. ID:917
11-27-2022 @ 07:43:37 - Row :122 - Product imported successfully.
11-27-2022 @ 07:43:37 - Row :123 - Parsing item.
11-27-2022 @ 07:43:37 - Importing as new product ID:918
11-27-2022 @ 07:43:37 - Row :123 - Processing item.
11-27-2022 @ 07:43:37 - Found simple product object. ID:918
11-27-2022 @ 07:43:37 - Row :123 - Product imported successfully.
11-27-2022 @ 07:43:37 - Row :124 - Parsing item.
11-27-2022 @ 07:43:37 - Importing as new product ID:919
11-27-2022 @ 07:43:37 - Row :124 - Processing item.
11-27-2022 @ 07:43:37 - Found simple product object. ID:919
11-27-2022 @ 07:43:37 - Row :124 - Product imported successfully.
11-27-2022 @ 07:43:37 - Row :125 - Parsing item.
11-27-2022 @ 07:43:37 - Importing as new product ID:920
11-27-2022 @ 07:43:37 - Row :125 - Processing item.
11-27-2022 @ 07:43:37 - Found simple product object. ID:920
11-27-2022 @ 07:43:37 - Row :125 - Product imported successfully.
11-27-2022 @ 07:43:37 - Row :126 - Parsing item.
11-27-2022 @ 07:43:37 - Importing as new product ID:921
11-27-2022 @ 07:43:37 - Row :126 - Processing item.
11-27-2022 @ 07:43:37 - Found simple product object. ID:921
11-27-2022 @ 07:43:37 - Row :126 - Product imported successfully.
11-27-2022 @ 07:43:37 - Row :127 - Parsing item.
11-27-2022 @ 07:43:37 - Importing as new product ID:922
11-27-2022 @ 07:43:37 - Row :127 - Processing item.
11-27-2022 @ 07:43:37 - Found simple product object. ID:922
11-27-2022 @ 07:43:37 - Row :127 - Product imported successfully.
11-27-2022 @ 07:43:37 - Row :128 - Parsing item.
11-27-2022 @ 07:43:37 - Importing as new product ID:923
11-27-2022 @ 07:43:37 - Row :128 - Processing item.
11-27-2022 @ 07:43:37 - Found simple product object. ID:923
11-27-2022 @ 07:43:37 - Row :128 - Product imported successfully.
11-27-2022 @ 07:43:37 - Row :129 - Parsing item.
11-27-2022 @ 07:43:37 - Importing as new product ID:924
11-27-2022 @ 07:43:37 - Row :129 - Processing item.
11-27-2022 @ 07:43:37 - Found simple product object. ID:924
11-27-2022 @ 07:43:37 - Row :129 - Product imported successfully.
11-27-2022 @ 07:43:37 - Row :130 - Parsing item.
11-27-2022 @ 07:43:37 - Importing as new product ID:925
11-27-2022 @ 07:43:37 - Row :130 - Processing item.
11-27-2022 @ 07:43:37 - Found simple product object. ID:925
11-27-2022 @ 07:43:37 - Row :130 - Product imported successfully.
11-27-2022 @ 07:43:38 - Preparing for import.
11-27-2022 @ 07:43:38 - Row :131 - Parsing item.
11-27-2022 @ 07:43:38 - Importing as new product ID:926
11-27-2022 @ 07:43:38 - Row :131 - Processing item.
11-27-2022 @ 07:43:38 - Found simple product object. ID:926
11-27-2022 @ 07:43:38 - Row :131 - Product imported successfully.
11-27-2022 @ 07:43:38 - Row :132 - Parsing item.
11-27-2022 @ 07:43:38 - Importing as new product ID:927
11-27-2022 @ 07:43:38 - Row :132 - Processing item.
11-27-2022 @ 07:43:38 - Found simple product object. ID:927
11-27-2022 @ 07:43:38 - Row :132 - Product imported successfully.
11-27-2022 @ 07:43:38 - Row :133 - Parsing item.
11-27-2022 @ 07:43:38 - Importing as new product ID:928
11-27-2022 @ 07:43:38 - Row :133 - Processing item.
11-27-2022 @ 07:43:38 - Found simple product object. ID:928
11-27-2022 @ 07:43:38 - Row :133 - Product imported successfully.
11-27-2022 @ 07:43:38 - Row :134 - Parsing item.
11-27-2022 @ 07:43:38 - Importing as new product ID:929
11-27-2022 @ 07:43:38 - Row :134 - Processing item.
11-27-2022 @ 07:43:38 - Found simple product object. ID:929
11-27-2022 @ 07:43:38 - Row :134 - Product imported successfully.
11-27-2022 @ 07:43:38 - Row :135 - Parsing item.
11-27-2022 @ 07:43:38 - Importing as new product ID:930
11-27-2022 @ 07:43:38 - Row :135 - Processing item.
11-27-2022 @ 07:43:38 - Found simple product object. ID:930
11-27-2022 @ 07:43:38 - Row :135 - Product imported successfully.
11-27-2022 @ 07:43:38 - Row :136 - Parsing item.
11-27-2022 @ 07:43:38 - Importing as new product ID:931
11-27-2022 @ 07:43:38 - Row :136 - Processing item.
11-27-2022 @ 07:43:38 - Found simple product object. ID:931
11-27-2022 @ 07:43:39 - Row :136 - Product imported successfully.
11-27-2022 @ 07:43:39 - Row :137 - Parsing item.
11-27-2022 @ 07:43:39 - Importing as new product ID:932
11-27-2022 @ 07:43:39 - Row :137 - Processing item.
11-27-2022 @ 07:43:39 - Found simple product object. ID:932
11-27-2022 @ 07:43:39 - Row :137 - Product imported successfully.
11-27-2022 @ 07:43:39 - Row :138 - Parsing item.
11-27-2022 @ 07:43:39 - Importing as new product ID:933
11-27-2022 @ 07:43:39 - Row :138 - Processing item.
11-27-2022 @ 07:43:39 - Found simple product object. ID:933
11-27-2022 @ 07:43:39 - Row :138 - Product imported successfully.
11-27-2022 @ 07:43:39 - Row :139 - Parsing item.
11-27-2022 @ 07:43:39 - Row :139 - Parsing failed. Reason: לא ניתן להוסיף את הפוסט למסד הנתונים.
11-27-2022 @ 07:43:39 - Row :140 - Parsing item.
11-27-2022 @ 07:43:39 - Row :140 - Parsing failed. Reason: לא ניתן להוסיף את הפוסט למסד הנתונים.
11-27-2022 @ 07:43:40 - Preparing for import.
11-27-2022 @ 07:43:40 - Row :141 - Parsing item.
11-27-2022 @ 07:43:40 - Importing as new product ID:934
11-27-2022 @ 07:43:40 - Row :141 - Processing item.
11-27-2022 @ 07:43:40 - Found simple product object. ID:934
11-27-2022 @ 07:43:40 - Row :141 - Product imported successfully.
11-27-2022 @ 07:43:40 - Row :142 - Parsing item.
11-27-2022 @ 07:43:40 - Importing as new product ID:935
11-27-2022 @ 07:43:40 - Row :142 - Processing item.
11-27-2022 @ 07:43:40 - Found simple product object. ID:935
11-27-2022 @ 07:43:40 - Row :142 - Product imported successfully.
11-27-2022 @ 07:43:40 - Row :143 - Parsing item.
11-27-2022 @ 07:43:40 - Importing as new product ID:936
11-27-2022 @ 07:43:40 - Row :143 - Processing item.
11-27-2022 @ 07:43:40 - Found simple product object. ID:936
11-27-2022 @ 07:43:40 - Row :143 - Product imported successfully.
11-27-2022 @ 07:43:40 - ---[ Import ended at 2022-11-27 07:43:40]---
