11-28-2022 @ 14:13:26 - ---[ New import started at 2022-11-28 14:13:26 ] PHP Memory: 128 MB, WP Memory: 128 MB
11-28-2022 @ 14:13:26 - Preparing for import.
11-28-2022 @ 14:13:26 - Row :1 - Parsing item.
11-28-2022 @ 14:13:26 - Row :1 - Processing item.
11-28-2022 @ 14:13:26 - Found simple product object. ID:798
11-28-2022 @ 14:13:26 - Row :1 - Product updated successfully.
11-28-2022 @ 14:13:26 - Row :2 - Parsing item.
11-28-2022 @ 14:13:26 - Row :2 - Processing item.
11-28-2022 @ 14:13:26 - Found simple product object. ID:799
11-28-2022 @ 14:13:26 - Row :2 - Product updated successfully.
11-28-2022 @ 14:13:26 - Row :3 - Parsing item.
11-28-2022 @ 14:13:26 - Row :3 - Processing item.
11-28-2022 @ 14:13:26 - Found simple product object. ID:800
11-28-2022 @ 14:13:26 - Row :3 - Product updated successfully.
11-28-2022 @ 14:13:26 - Row :4 - Parsing item.
11-28-2022 @ 14:13:26 - Row :4 - Processing item.
11-28-2022 @ 14:13:26 - Found simple product object. ID:801
11-28-2022 @ 14:13:26 - Row :4 - Product updated successfully.
11-28-2022 @ 14:13:26 - Row :5 - Parsing item.
11-28-2022 @ 14:13:26 - Row :5 - Processing item.
11-28-2022 @ 14:13:26 - Found simple product object. ID:802
11-28-2022 @ 14:13:26 - Row :5 - Product updated successfully.
11-28-2022 @ 14:13:26 - Row :6 - Parsing item.
11-28-2022 @ 14:13:26 - Row :6 - Processing item.
11-28-2022 @ 14:13:26 - Found simple product object. ID:803
11-28-2022 @ 14:13:26 - Row :6 - Product updated successfully.
11-28-2022 @ 14:13:26 - Row :7 - Parsing item.
11-28-2022 @ 14:13:26 - Row :7 - Processing item.
11-28-2022 @ 14:13:26 - Found simple product object. ID:804
11-28-2022 @ 14:13:26 - Row :7 - Product updated successfully.
11-28-2022 @ 14:13:26 - Row :8 - Parsing item.
11-28-2022 @ 14:13:26 - Row :8 - Processing item.
11-28-2022 @ 14:13:26 - Found simple product object. ID:805
11-28-2022 @ 14:13:26 - Row :8 - Product updated successfully.
11-28-2022 @ 14:13:26 - Row :9 - Parsing item.
11-28-2022 @ 14:13:26 - Row :9 - Processing item.
11-28-2022 @ 14:13:26 - Found simple product object. ID:806
11-28-2022 @ 14:13:26 - Row :9 - Product updated successfully.
11-28-2022 @ 14:13:26 - Row :10 - Parsing item.
11-28-2022 @ 14:13:26 - Row :10 - Processing item.
11-28-2022 @ 14:13:26 - Found simple product object. ID:807
11-28-2022 @ 14:13:27 - Row :10 - Product updated successfully.
11-28-2022 @ 14:13:28 - Preparing for import.
11-28-2022 @ 14:13:28 - Row :11 - Parsing item.
11-28-2022 @ 14:13:28 - Row :11 - Processing item.
11-28-2022 @ 14:13:28 - Found simple product object. ID:808
11-28-2022 @ 14:13:28 - Row :11 - Product updated successfully.
11-28-2022 @ 14:13:28 - Row :12 - Parsing item.
11-28-2022 @ 14:13:28 - Row :12 - Processing item.
11-28-2022 @ 14:13:28 - Found simple product object. ID:809
11-28-2022 @ 14:13:28 - Row :12 - Product updated successfully.
11-28-2022 @ 14:13:28 - Row :13 - Parsing item.
11-28-2022 @ 14:13:28 - Row :13 - Processing item.
11-28-2022 @ 14:13:28 - Found simple product object. ID:810
11-28-2022 @ 14:13:28 - Row :13 - Product updated successfully.
11-28-2022 @ 14:13:28 - Row :14 - Parsing item.
11-28-2022 @ 14:13:28 - Row :14 - Processing item.
11-28-2022 @ 14:13:28 - Found simple product object. ID:811
11-28-2022 @ 14:13:28 - Row :14 - Product updated successfully.
11-28-2022 @ 14:13:28 - Row :15 - Parsing item.
11-28-2022 @ 14:13:28 - Row :15 - Processing item.
11-28-2022 @ 14:13:28 - Found simple product object. ID:812
11-28-2022 @ 14:13:28 - Row :15 - Product updated successfully.
11-28-2022 @ 14:13:28 - Row :16 - Parsing item.
11-28-2022 @ 14:13:28 - Row :16 - Processing item.
11-28-2022 @ 14:13:28 - Found simple product object. ID:813
11-28-2022 @ 14:13:28 - Row :16 - Product updated successfully.
11-28-2022 @ 14:13:28 - Row :17 - Parsing item.
11-28-2022 @ 14:13:28 - Row :17 - Processing item.
11-28-2022 @ 14:13:28 - Found simple product object. ID:814
11-28-2022 @ 14:13:28 - Row :17 - Product updated successfully.
11-28-2022 @ 14:13:28 - Row :18 - Parsing item.
11-28-2022 @ 14:13:28 - Row :18 - Processing item.
11-28-2022 @ 14:13:28 - Found simple product object. ID:815
11-28-2022 @ 14:13:28 - Row :18 - Product updated successfully.
11-28-2022 @ 14:13:28 - Row :19 - Parsing item.
11-28-2022 @ 14:13:28 - Row :19 - Parsing failed. Reason: לא ניתן להוסיף את הפוסט למסד הנתונים.
11-28-2022 @ 14:13:28 - Row :20 - Parsing item.
11-28-2022 @ 14:13:28 - Row :20 - Parsing failed. Reason: לא ניתן להוסיף את הפוסט למסד הנתונים.
11-28-2022 @ 14:13:29 - Preparing for import.
11-28-2022 @ 14:13:29 - Row :21 - Parsing item.
11-28-2022 @ 14:13:29 - Row :21 - Processing item.
11-28-2022 @ 14:13:29 - Found simple product object. ID:816
11-28-2022 @ 14:13:29 - Row :21 - Product updated successfully.
11-28-2022 @ 14:13:29 - Row :22 - Parsing item.
11-28-2022 @ 14:13:29 - Row :22 - Processing item.
11-28-2022 @ 14:13:30 - Found simple product object. ID:817
11-28-2022 @ 14:13:30 - Row :22 - Product updated successfully.
11-28-2022 @ 14:13:30 - Row :23 - Parsing item.
11-28-2022 @ 14:13:30 - Row :23 - Processing item.
11-28-2022 @ 14:13:30 - Found simple product object. ID:818
11-28-2022 @ 14:13:30 - Row :23 - Product updated successfully.
11-28-2022 @ 14:13:30 - Row :24 - Parsing item.
11-28-2022 @ 14:13:30 - Row :24 - Processing item.
11-28-2022 @ 14:13:30 - Found simple product object. ID:819
11-28-2022 @ 14:13:30 - Row :24 - Product updated successfully.
11-28-2022 @ 14:13:30 - Row :25 - Parsing item.
11-28-2022 @ 14:13:30 - Row :25 - Processing item.
11-28-2022 @ 14:13:30 - Found simple product object. ID:820
11-28-2022 @ 14:13:30 - Row :25 - Product updated successfully.
11-28-2022 @ 14:13:30 - Row :26 - Parsing item.
11-28-2022 @ 14:13:30 - Row :26 - Processing item.
11-28-2022 @ 14:13:30 - Found simple product object. ID:821
11-28-2022 @ 14:13:30 - Row :26 - Product updated successfully.
11-28-2022 @ 14:13:30 - Row :27 - Parsing item.
11-28-2022 @ 14:13:30 - Row :27 - Processing item.
11-28-2022 @ 14:13:30 - Found simple product object. ID:822
11-28-2022 @ 14:13:30 - Row :27 - Product updated successfully.
11-28-2022 @ 14:13:30 - Row :28 - Parsing item.
11-28-2022 @ 14:13:30 - Row :28 - Processing item.
11-28-2022 @ 14:13:30 - Found simple product object. ID:823
11-28-2022 @ 14:13:30 - Row :28 - Product updated successfully.
11-28-2022 @ 14:13:30 - Row :29 - Parsing item.
11-28-2022 @ 14:13:30 - Row :29 - Processing item.
11-28-2022 @ 14:13:30 - Found simple product object. ID:824
11-28-2022 @ 14:13:30 - Row :29 - Product updated successfully.
11-28-2022 @ 14:13:30 - Row :30 - Parsing item.
11-28-2022 @ 14:13:30 - Row :30 - Processing item.
11-28-2022 @ 14:13:30 - Found simple product object. ID:825
11-28-2022 @ 14:13:30 - Row :30 - Product updated successfully.
11-28-2022 @ 14:13:31 - Preparing for import.
11-28-2022 @ 14:13:31 - Row :31 - Parsing item.
11-28-2022 @ 14:13:31 - Row :31 - Processing item.
11-28-2022 @ 14:13:31 - Found simple product object. ID:826
11-28-2022 @ 14:13:31 - Row :31 - Product updated successfully.
11-28-2022 @ 14:13:31 - Row :32 - Parsing item.
11-28-2022 @ 14:13:31 - Row :32 - Processing item.
11-28-2022 @ 14:13:31 - Found simple product object. ID:827
11-28-2022 @ 14:13:31 - Row :32 - Product updated successfully.
11-28-2022 @ 14:13:31 - Row :33 - Parsing item.
11-28-2022 @ 14:13:31 - Row :33 - Processing item.
11-28-2022 @ 14:13:31 - Found simple product object. ID:828
11-28-2022 @ 14:13:31 - Row :33 - Product updated successfully.
11-28-2022 @ 14:13:31 - Row :34 - Parsing item.
11-28-2022 @ 14:13:31 - Row :34 - Processing item.
11-28-2022 @ 14:13:31 - Found simple product object. ID:829
11-28-2022 @ 14:13:31 - Row :34 - Product updated successfully.
11-28-2022 @ 14:13:31 - Row :35 - Parsing item.
11-28-2022 @ 14:13:32 - Row :35 - Processing item.
11-28-2022 @ 14:13:32 - Found simple product object. ID:830
11-28-2022 @ 14:13:32 - Row :35 - Product updated successfully.
11-28-2022 @ 14:13:32 - Row :36 - Parsing item.
11-28-2022 @ 14:13:32 - Row :36 - Processing item.
11-28-2022 @ 14:13:32 - Found simple product object. ID:831
11-28-2022 @ 14:13:32 - Row :36 - Product updated successfully.
11-28-2022 @ 14:13:32 - Row :37 - Parsing item.
11-28-2022 @ 14:13:32 - Row :37 - Processing item.
11-28-2022 @ 14:13:32 - Found simple product object. ID:832
11-28-2022 @ 14:13:32 - Row :37 - Product updated successfully.
11-28-2022 @ 14:13:32 - Row :38 - Parsing item.
11-28-2022 @ 14:13:32 - Row :38 - Processing item.
11-28-2022 @ 14:13:32 - Found simple product object. ID:833
11-28-2022 @ 14:13:32 - Row :38 - Product updated successfully.
11-28-2022 @ 14:13:32 - Row :39 - Parsing item.
11-28-2022 @ 14:13:32 - Row :39 - Processing item.
11-28-2022 @ 14:13:32 - Found simple product object. ID:834
11-28-2022 @ 14:13:32 - Row :39 - Product updated successfully.
11-28-2022 @ 14:13:32 - Row :40 - Parsing item.
11-28-2022 @ 14:13:32 - Row :40 - Processing item.
11-28-2022 @ 14:13:32 - Found simple product object. ID:835
11-28-2022 @ 14:13:32 - Row :40 - Product updated successfully.
11-28-2022 @ 14:13:33 - Preparing for import.
11-28-2022 @ 14:13:33 - Row :41 - Parsing item.
11-28-2022 @ 14:13:33 - Row :41 - Processing item.
11-28-2022 @ 14:13:33 - Found simple product object. ID:836
11-28-2022 @ 14:13:33 - Row :41 - Product updated successfully.
11-28-2022 @ 14:13:33 - Row :42 - Parsing item.
11-28-2022 @ 14:13:33 - Row :42 - Processing item.
11-28-2022 @ 14:13:33 - Found simple product object. ID:837
11-28-2022 @ 14:13:33 - Row :42 - Product updated successfully.
11-28-2022 @ 14:13:33 - Row :43 - Parsing item.
11-28-2022 @ 14:13:33 - Row :43 - Processing item.
11-28-2022 @ 14:13:33 - Found simple product object. ID:838
11-28-2022 @ 14:13:33 - Row :43 - Product updated successfully.
11-28-2022 @ 14:13:33 - Row :44 - Parsing item.
11-28-2022 @ 14:13:33 - Row :44 - Processing item.
11-28-2022 @ 14:13:33 - Found simple product object. ID:839
11-28-2022 @ 14:13:33 - Row :44 - Product updated successfully.
11-28-2022 @ 14:13:33 - Row :45 - Parsing item.
11-28-2022 @ 14:13:33 - Row :45 - Processing item.
11-28-2022 @ 14:13:34 - Found simple product object. ID:840
11-28-2022 @ 14:13:34 - Row :45 - Product updated successfully.
11-28-2022 @ 14:13:34 - Row :46 - Parsing item.
11-28-2022 @ 14:13:34 - Row :46 - Processing item.
11-28-2022 @ 14:13:34 - Found simple product object. ID:841
11-28-2022 @ 14:13:34 - Row :46 - Product updated successfully.
11-28-2022 @ 14:13:34 - Row :47 - Parsing item.
11-28-2022 @ 14:13:34 - Row :47 - Processing item.
11-28-2022 @ 14:13:34 - Found simple product object. ID:842
11-28-2022 @ 14:13:34 - Row :47 - Product updated successfully.
11-28-2022 @ 14:13:34 - Row :48 - Parsing item.
11-28-2022 @ 14:13:34 - Row :48 - Processing item.
11-28-2022 @ 14:13:34 - Found simple product object. ID:843
11-28-2022 @ 14:13:34 - Row :48 - Product updated successfully.
11-28-2022 @ 14:13:34 - Row :49 - Parsing item.
11-28-2022 @ 14:13:34 - Row :49 - Processing item.
11-28-2022 @ 14:13:34 - Found simple product object. ID:844
11-28-2022 @ 14:13:34 - Row :49 - Product updated successfully.
11-28-2022 @ 14:13:34 - Row :50 - Parsing item.
11-28-2022 @ 14:13:34 - Row :50 - Processing item.
11-28-2022 @ 14:13:34 - Found simple product object. ID:845
11-28-2022 @ 14:13:34 - Row :50 - Product updated successfully.
11-28-2022 @ 14:13:35 - Preparing for import.
11-28-2022 @ 14:13:35 - Row :51 - Parsing item.
11-28-2022 @ 14:13:35 - Row :51 - Processing item.
11-28-2022 @ 14:13:35 - Found simple product object. ID:846
11-28-2022 @ 14:13:35 - Row :51 - Product updated successfully.
11-28-2022 @ 14:13:35 - Row :52 - Parsing item.
11-28-2022 @ 14:13:35 - Row :52 - Processing item.
11-28-2022 @ 14:13:35 - Found simple product object. ID:847
11-28-2022 @ 14:13:35 - Row :52 - Product updated successfully.
11-28-2022 @ 14:13:35 - Row :53 - Parsing item.
11-28-2022 @ 14:13:35 - Row :53 - Processing item.
11-28-2022 @ 14:13:35 - Found simple product object. ID:848
11-28-2022 @ 14:13:35 - Row :53 - Product updated successfully.
11-28-2022 @ 14:13:35 - Row :54 - Parsing item.
11-28-2022 @ 14:13:35 - Row :54 - Processing item.
11-28-2022 @ 14:13:35 - Found simple product object. ID:849
11-28-2022 @ 14:13:35 - Row :54 - Product updated successfully.
11-28-2022 @ 14:13:35 - Row :55 - Parsing item.
11-28-2022 @ 14:13:35 - Row :55 - Processing item.
11-28-2022 @ 14:13:35 - Found simple product object. ID:850
11-28-2022 @ 14:13:35 - Row :55 - Product updated successfully.
11-28-2022 @ 14:13:35 - Row :56 - Parsing item.
11-28-2022 @ 14:13:35 - Row :56 - Processing item.
11-28-2022 @ 14:13:35 - Found simple product object. ID:851
11-28-2022 @ 14:13:35 - Row :56 - Product updated successfully.
11-28-2022 @ 14:13:35 - Row :57 - Parsing item.
11-28-2022 @ 14:13:35 - Row :57 - Processing item.
11-28-2022 @ 14:13:35 - Found simple product object. ID:852
11-28-2022 @ 14:13:35 - Row :57 - Product updated successfully.
11-28-2022 @ 14:13:35 - Row :58 - Parsing item.
11-28-2022 @ 14:13:35 - Row :58 - Processing item.
11-28-2022 @ 14:13:35 - Found simple product object. ID:853
11-28-2022 @ 14:13:35 - Row :58 - Product updated successfully.
11-28-2022 @ 14:13:35 - Row :59 - Parsing item.
11-28-2022 @ 14:13:35 - Row :59 - Processing item.
11-28-2022 @ 14:13:35 - Found simple product object. ID:854
11-28-2022 @ 14:13:35 - Row :59 - Product updated successfully.
11-28-2022 @ 14:13:35 - Row :60 - Parsing item.
11-28-2022 @ 14:13:35 - Row :60 - Processing item.
11-28-2022 @ 14:13:35 - Found simple product object. ID:855
11-28-2022 @ 14:13:35 - Row :60 - Product updated successfully.
11-28-2022 @ 14:13:37 - Preparing for import.
11-28-2022 @ 14:13:37 - Row :61 - Parsing item.
11-28-2022 @ 14:13:37 - Row :61 - Processing item.
11-28-2022 @ 14:13:37 - Found simple product object. ID:856
11-28-2022 @ 14:13:37 - Row :61 - Product updated successfully.
11-28-2022 @ 14:13:37 - Row :62 - Parsing item.
11-28-2022 @ 14:13:37 - Row :62 - Processing item.
11-28-2022 @ 14:13:37 - Found simple product object. ID:857
11-28-2022 @ 14:13:37 - Row :62 - Product updated successfully.
11-28-2022 @ 14:13:37 - Row :63 - Parsing item.
11-28-2022 @ 14:13:37 - Row :63 - Processing item.
11-28-2022 @ 14:13:37 - Found simple product object. ID:858
11-28-2022 @ 14:13:37 - Row :63 - Product updated successfully.
11-28-2022 @ 14:13:37 - Row :64 - Parsing item.
11-28-2022 @ 14:13:37 - Row :64 - Processing item.
11-28-2022 @ 14:13:37 - Found simple product object. ID:859
11-28-2022 @ 14:13:37 - Row :64 - Product updated successfully.
11-28-2022 @ 14:13:37 - Row :65 - Parsing item.
11-28-2022 @ 14:13:37 - Row :65 - Processing item.
11-28-2022 @ 14:13:37 - Found simple product object. ID:860
11-28-2022 @ 14:13:37 - Row :65 - Product updated successfully.
11-28-2022 @ 14:13:37 - Row :66 - Parsing item.
11-28-2022 @ 14:13:37 - Row :66 - Processing item.
11-28-2022 @ 14:13:37 - Found simple product object. ID:861
11-28-2022 @ 14:13:37 - Row :66 - Product updated successfully.
11-28-2022 @ 14:13:37 - Row :67 - Parsing item.
11-28-2022 @ 14:13:37 - Row :67 - Processing item.
11-28-2022 @ 14:13:37 - Found simple product object. ID:862
11-28-2022 @ 14:13:37 - Row :67 - Product updated successfully.
11-28-2022 @ 14:13:37 - Row :68 - Parsing item.
11-28-2022 @ 14:13:37 - Row :68 - Processing item.
11-28-2022 @ 14:13:37 - Found simple product object. ID:863
11-28-2022 @ 14:13:37 - Row :68 - Product updated successfully.
11-28-2022 @ 14:13:37 - Row :69 - Parsing item.
11-28-2022 @ 14:13:37 - Row :69 - Processing item.
11-28-2022 @ 14:13:37 - Found simple product object. ID:864
11-28-2022 @ 14:13:37 - Row :69 - Product updated successfully.
11-28-2022 @ 14:13:37 - Row :70 - Parsing item.
11-28-2022 @ 14:13:37 - Row :70 - Processing item.
11-28-2022 @ 14:13:37 - Found simple product object. ID:865
11-28-2022 @ 14:13:37 - Row :70 - Product updated successfully.
11-28-2022 @ 14:13:38 - Preparing for import.
11-28-2022 @ 14:13:38 - Row :71 - Parsing item.
11-28-2022 @ 14:13:38 - Row :71 - Processing item.
11-28-2022 @ 14:13:38 - Found simple product object. ID:866
11-28-2022 @ 14:13:38 - Row :71 - Product updated successfully.
11-28-2022 @ 14:13:38 - Row :72 - Parsing item.
11-28-2022 @ 14:13:38 - Row :72 - Processing item.
11-28-2022 @ 14:13:38 - Found simple product object. ID:867
11-28-2022 @ 14:13:38 - Row :72 - Product updated successfully.
11-28-2022 @ 14:13:38 - Row :73 - Parsing item.
11-28-2022 @ 14:13:38 - Row :73 - Processing item.
11-28-2022 @ 14:13:38 - Found simple product object. ID:868
11-28-2022 @ 14:13:38 - Row :73 - Product updated successfully.
11-28-2022 @ 14:13:38 - Row :74 - Parsing item.
11-28-2022 @ 14:13:38 - Row :74 - Processing item.
11-28-2022 @ 14:13:38 - Found simple product object. ID:869
11-28-2022 @ 14:13:38 - Row :74 - Product updated successfully.
11-28-2022 @ 14:13:38 - Row :75 - Parsing item.
11-28-2022 @ 14:13:38 - Row :75 - Processing item.
11-28-2022 @ 14:13:38 - Found simple product object. ID:870
11-28-2022 @ 14:13:38 - Row :75 - Product updated successfully.
11-28-2022 @ 14:13:38 - Row :76 - Parsing item.
11-28-2022 @ 14:13:39 - Row :76 - Processing item.
11-28-2022 @ 14:13:39 - Found simple product object. ID:871
11-28-2022 @ 14:13:39 - Row :76 - Product updated successfully.
11-28-2022 @ 14:13:39 - Row :77 - Parsing item.
11-28-2022 @ 14:13:39 - Row :77 - Processing item.
11-28-2022 @ 14:13:39 - Found simple product object. ID:872
11-28-2022 @ 14:13:39 - Row :77 - Product updated successfully.
11-28-2022 @ 14:13:39 - Row :78 - Parsing item.
11-28-2022 @ 14:13:39 - Row :78 - Processing item.
11-28-2022 @ 14:13:39 - Found simple product object. ID:873
11-28-2022 @ 14:13:39 - Row :78 - Product updated successfully.
11-28-2022 @ 14:13:39 - Row :79 - Parsing item.
11-28-2022 @ 14:13:39 - Row :79 - Processing item.
11-28-2022 @ 14:13:39 - Found simple product object. ID:874
11-28-2022 @ 14:13:39 - Row :79 - Product updated successfully.
11-28-2022 @ 14:13:39 - Row :80 - Parsing item.
11-28-2022 @ 14:13:39 - Row :80 - Processing item.
11-28-2022 @ 14:13:39 - Found simple product object. ID:875
11-28-2022 @ 14:13:39 - Row :80 - Product updated successfully.
11-28-2022 @ 14:13:40 - Preparing for import.
11-28-2022 @ 14:13:40 - Row :81 - Parsing item.
11-28-2022 @ 14:13:40 - Row :81 - Processing item.
11-28-2022 @ 14:13:40 - Found simple product object. ID:876
11-28-2022 @ 14:13:40 - Row :81 - Product updated successfully.
11-28-2022 @ 14:13:40 - Row :82 - Parsing item.
11-28-2022 @ 14:13:40 - Row :82 - Processing item.
11-28-2022 @ 14:13:40 - Found simple product object. ID:877
11-28-2022 @ 14:13:40 - Row :82 - Product updated successfully.
11-28-2022 @ 14:13:40 - Row :83 - Parsing item.
11-28-2022 @ 14:13:40 - Row :83 - Processing item.
11-28-2022 @ 14:13:40 - Found simple product object. ID:878
11-28-2022 @ 14:13:40 - Row :83 - Product updated successfully.
11-28-2022 @ 14:13:40 - Row :84 - Parsing item.
11-28-2022 @ 14:13:40 - Row :84 - Processing item.
11-28-2022 @ 14:13:40 - Found simple product object. ID:879
11-28-2022 @ 14:13:40 - Row :84 - Product updated successfully.
11-28-2022 @ 14:13:40 - Row :85 - Parsing item.
11-28-2022 @ 14:13:40 - Row :85 - Processing item.
11-28-2022 @ 14:13:40 - Found simple product object. ID:880
11-28-2022 @ 14:13:40 - Row :85 - Product updated successfully.
11-28-2022 @ 14:13:40 - Row :86 - Parsing item.
11-28-2022 @ 14:13:40 - Row :86 - Processing item.
11-28-2022 @ 14:13:40 - Found simple product object. ID:881
11-28-2022 @ 14:13:40 - Row :86 - Product updated successfully.
11-28-2022 @ 14:13:40 - Row :87 - Parsing item.
11-28-2022 @ 14:13:40 - Row :87 - Processing item.
11-28-2022 @ 14:13:40 - Found simple product object. ID:882
11-28-2022 @ 14:13:40 - Row :87 - Product updated successfully.
11-28-2022 @ 14:13:40 - Row :88 - Parsing item.
11-28-2022 @ 14:13:40 - Row :88 - Processing item.
11-28-2022 @ 14:13:40 - Found simple product object. ID:883
11-28-2022 @ 14:13:40 - Row :88 - Product updated successfully.
11-28-2022 @ 14:13:40 - Row :89 - Parsing item.
11-28-2022 @ 14:13:40 - Row :89 - Processing item.
11-28-2022 @ 14:13:40 - Found simple product object. ID:884
11-28-2022 @ 14:13:40 - Row :89 - Product updated successfully.
11-28-2022 @ 14:13:40 - Row :90 - Parsing item.
11-28-2022 @ 14:13:40 - Row :90 - Processing item.
11-28-2022 @ 14:13:40 - Found simple product object. ID:885
11-28-2022 @ 14:13:40 - Row :90 - Product updated successfully.
11-28-2022 @ 14:13:42 - Preparing for import.
11-28-2022 @ 14:13:42 - Row :91 - Parsing item.
11-28-2022 @ 14:13:42 - Row :91 - Processing item.
11-28-2022 @ 14:13:42 - Found simple product object. ID:886
11-28-2022 @ 14:13:42 - Row :91 - Product updated successfully.
11-28-2022 @ 14:13:42 - Row :92 - Parsing item.
11-28-2022 @ 14:13:42 - Row :92 - Processing item.
11-28-2022 @ 14:13:42 - Found simple product object. ID:887
11-28-2022 @ 14:13:42 - Row :92 - Product updated successfully.
11-28-2022 @ 14:13:42 - Row :93 - Parsing item.
11-28-2022 @ 14:13:42 - Row :93 - Processing item.
11-28-2022 @ 14:13:42 - Found simple product object. ID:888
11-28-2022 @ 14:13:42 - Row :93 - Product updated successfully.
11-28-2022 @ 14:13:42 - Row :94 - Parsing item.
11-28-2022 @ 14:13:42 - Row :94 - Processing item.
11-28-2022 @ 14:13:42 - Found simple product object. ID:889
11-28-2022 @ 14:13:42 - Row :94 - Product updated successfully.
11-28-2022 @ 14:13:42 - Row :95 - Parsing item.
11-28-2022 @ 14:13:42 - Row :95 - Processing item.
11-28-2022 @ 14:13:42 - Found simple product object. ID:890
11-28-2022 @ 14:13:42 - Row :95 - Product updated successfully.
11-28-2022 @ 14:13:42 - Row :96 - Parsing item.
11-28-2022 @ 14:13:42 - Row :96 - Processing item.
11-28-2022 @ 14:13:42 - Found simple product object. ID:891
11-28-2022 @ 14:13:42 - Row :96 - Product updated successfully.
11-28-2022 @ 14:13:42 - Row :97 - Parsing item.
11-28-2022 @ 14:13:42 - Row :97 - Processing item.
11-28-2022 @ 14:13:42 - Found simple product object. ID:892
11-28-2022 @ 14:13:42 - Row :97 - Product updated successfully.
11-28-2022 @ 14:13:42 - Row :98 - Parsing item.
11-28-2022 @ 14:13:42 - Row :98 - Processing item.
11-28-2022 @ 14:13:42 - Found simple product object. ID:893
11-28-2022 @ 14:13:42 - Row :98 - Product updated successfully.
11-28-2022 @ 14:13:42 - Row :99 - Parsing item.
11-28-2022 @ 14:13:42 - Row :99 - Processing item.
11-28-2022 @ 14:13:42 - Found simple product object. ID:894
11-28-2022 @ 14:13:42 - Row :99 - Product updated successfully.
11-28-2022 @ 14:13:42 - Row :100 - Parsing item.
11-28-2022 @ 14:13:42 - Row :100 - Processing item.
11-28-2022 @ 14:13:42 - Found simple product object. ID:895
11-28-2022 @ 14:13:42 - Row :100 - Product updated successfully.
11-28-2022 @ 14:13:43 - Preparing for import.
11-28-2022 @ 14:13:43 - Row :101 - Parsing item.
11-28-2022 @ 14:13:43 - Row :101 - Processing item.
11-28-2022 @ 14:13:43 - Found simple product object. ID:896
11-28-2022 @ 14:13:43 - Row :101 - Product updated successfully.
11-28-2022 @ 14:13:43 - Row :102 - Parsing item.
11-28-2022 @ 14:13:43 - Row :102 - Processing item.
11-28-2022 @ 14:13:43 - Found simple product object. ID:897
11-28-2022 @ 14:13:43 - Row :102 - Product updated successfully.
11-28-2022 @ 14:13:43 - Row :103 - Parsing item.
11-28-2022 @ 14:13:43 - Row :103 - Processing item.
11-28-2022 @ 14:13:43 - Found simple product object. ID:898
11-28-2022 @ 14:13:43 - Row :103 - Product updated successfully.
11-28-2022 @ 14:13:43 - Row :104 - Parsing item.
11-28-2022 @ 14:13:43 - Row :104 - Processing item.
11-28-2022 @ 14:13:43 - Found simple product object. ID:899
11-28-2022 @ 14:13:43 - Row :104 - Product updated successfully.
11-28-2022 @ 14:13:43 - Row :105 - Parsing item.
11-28-2022 @ 14:13:43 - Row :105 - Processing item.
11-28-2022 @ 14:13:43 - Found simple product object. ID:900
11-28-2022 @ 14:13:43 - Row :105 - Product updated successfully.
11-28-2022 @ 14:13:43 - Row :106 - Parsing item.
11-28-2022 @ 14:13:43 - Row :106 - Processing item.
11-28-2022 @ 14:13:43 - Found simple product object. ID:901
11-28-2022 @ 14:13:44 - Row :106 - Product updated successfully.
11-28-2022 @ 14:13:44 - Row :107 - Parsing item.
11-28-2022 @ 14:13:44 - Row :107 - Processing item.
11-28-2022 @ 14:13:44 - Found simple product object. ID:902
11-28-2022 @ 14:13:44 - Row :107 - Product updated successfully.
11-28-2022 @ 14:13:44 - Row :108 - Parsing item.
11-28-2022 @ 14:13:44 - Row :108 - Processing item.
11-28-2022 @ 14:13:44 - Found simple product object. ID:903
11-28-2022 @ 14:13:44 - Row :108 - Product updated successfully.
11-28-2022 @ 14:13:44 - Row :109 - Parsing item.
11-28-2022 @ 14:13:44 - Row :109 - Processing item.
11-28-2022 @ 14:13:44 - Found simple product object. ID:904
11-28-2022 @ 14:13:44 - Row :109 - Product updated successfully.
11-28-2022 @ 14:13:44 - Row :110 - Parsing item.
11-28-2022 @ 14:13:44 - Row :110 - Processing item.
11-28-2022 @ 14:13:44 - Found simple product object. ID:905
11-28-2022 @ 14:13:44 - Row :110 - Product updated successfully.
11-28-2022 @ 14:13:45 - Preparing for import.
11-28-2022 @ 14:13:45 - Row :111 - Parsing item.
11-28-2022 @ 14:13:45 - Row :111 - Processing item.
11-28-2022 @ 14:13:45 - Found simple product object. ID:906
11-28-2022 @ 14:13:45 - Row :111 - Product updated successfully.
11-28-2022 @ 14:13:45 - Row :112 - Parsing item.
11-28-2022 @ 14:13:45 - Row :112 - Processing item.
11-28-2022 @ 14:13:45 - Found simple product object. ID:907
11-28-2022 @ 14:13:45 - Row :112 - Product updated successfully.
11-28-2022 @ 14:13:45 - Row :113 - Parsing item.
11-28-2022 @ 14:13:45 - Row :113 - Processing item.
11-28-2022 @ 14:13:45 - Found simple product object. ID:908
11-28-2022 @ 14:13:45 - Row :113 - Product updated successfully.
11-28-2022 @ 14:13:45 - Row :114 - Parsing item.
11-28-2022 @ 14:13:45 - Row :114 - Processing item.
11-28-2022 @ 14:13:45 - Found simple product object. ID:909
11-28-2022 @ 14:13:45 - Row :114 - Product updated successfully.
11-28-2022 @ 14:13:45 - Row :115 - Parsing item.
11-28-2022 @ 14:13:45 - Row :115 - Processing item.
11-28-2022 @ 14:13:45 - Found simple product object. ID:910
11-28-2022 @ 14:13:45 - Row :115 - Product updated successfully.
11-28-2022 @ 14:13:45 - Row :116 - Parsing item.
11-28-2022 @ 14:13:45 - Row :116 - Processing item.
11-28-2022 @ 14:13:45 - Found simple product object. ID:911
11-28-2022 @ 14:13:45 - Row :116 - Product updated successfully.
11-28-2022 @ 14:13:45 - Row :117 - Parsing item.
11-28-2022 @ 14:13:45 - Row :117 - Processing item.
11-28-2022 @ 14:13:45 - Found simple product object. ID:912
11-28-2022 @ 14:13:46 - Row :117 - Product updated successfully.
11-28-2022 @ 14:13:46 - Row :118 - Parsing item.
11-28-2022 @ 14:13:46 - Row :118 - Processing item.
11-28-2022 @ 14:13:46 - Found simple product object. ID:913
11-28-2022 @ 14:13:46 - Row :118 - Product updated successfully.
11-28-2022 @ 14:13:46 - Row :119 - Parsing item.
11-28-2022 @ 14:13:46 - Row :119 - Processing item.
11-28-2022 @ 14:13:46 - Found simple product object. ID:914
11-28-2022 @ 14:13:46 - Row :119 - Product updated successfully.
11-28-2022 @ 14:13:46 - Row :120 - Parsing item.
11-28-2022 @ 14:13:46 - Row :120 - Processing item.
11-28-2022 @ 14:13:46 - Found simple product object. ID:915
11-28-2022 @ 14:13:46 - Row :120 - Product updated successfully.
11-28-2022 @ 14:13:47 - Preparing for import.
11-28-2022 @ 14:13:47 - Row :121 - Parsing item.
11-28-2022 @ 14:13:47 - Row :121 - Processing item.
11-28-2022 @ 14:13:47 - Found simple product object. ID:916
11-28-2022 @ 14:13:47 - Row :121 - Product updated successfully.
11-28-2022 @ 14:13:47 - Row :122 - Parsing item.
11-28-2022 @ 14:13:47 - Row :122 - Processing item.
11-28-2022 @ 14:13:47 - Found simple product object. ID:917
11-28-2022 @ 14:13:47 - Row :122 - Product updated successfully.
11-28-2022 @ 14:13:47 - Row :123 - Parsing item.
11-28-2022 @ 14:13:47 - Row :123 - Processing item.
11-28-2022 @ 14:13:47 - Found simple product object. ID:918
11-28-2022 @ 14:13:47 - Row :123 - Product updated successfully.
11-28-2022 @ 14:13:47 - Row :124 - Parsing item.
11-28-2022 @ 14:13:47 - Row :124 - Processing item.
11-28-2022 @ 14:13:47 - Found simple product object. ID:919
11-28-2022 @ 14:13:47 - Row :124 - Product updated successfully.
11-28-2022 @ 14:13:47 - Row :125 - Parsing item.
11-28-2022 @ 14:13:47 - Row :125 - Processing item.
11-28-2022 @ 14:13:47 - Found simple product object. ID:920
11-28-2022 @ 14:13:47 - Row :125 - Product updated successfully.
11-28-2022 @ 14:13:47 - Row :126 - Parsing item.
11-28-2022 @ 14:13:47 - Row :126 - Processing item.
11-28-2022 @ 14:13:47 - Found simple product object. ID:921
11-28-2022 @ 14:13:47 - Row :126 - Product updated successfully.
11-28-2022 @ 14:13:47 - Row :127 - Parsing item.
11-28-2022 @ 14:13:47 - Row :127 - Processing item.
11-28-2022 @ 14:13:47 - Found simple product object. ID:922
11-28-2022 @ 14:13:47 - Row :127 - Product updated successfully.
11-28-2022 @ 14:13:47 - Row :128 - Parsing item.
11-28-2022 @ 14:13:47 - Row :128 - Processing item.
11-28-2022 @ 14:13:47 - Found simple product object. ID:923
11-28-2022 @ 14:13:47 - Row :128 - Product updated successfully.
11-28-2022 @ 14:13:47 - Row :129 - Parsing item.
11-28-2022 @ 14:13:47 - Row :129 - Processing item.
11-28-2022 @ 14:13:47 - Found simple product object. ID:924
11-28-2022 @ 14:13:47 - Row :129 - Product updated successfully.
11-28-2022 @ 14:13:47 - Row :130 - Parsing item.
11-28-2022 @ 14:13:47 - Row :130 - Processing item.
11-28-2022 @ 14:13:47 - Found simple product object. ID:925
11-28-2022 @ 14:13:47 - Row :130 - Product updated successfully.
11-28-2022 @ 14:13:49 - Preparing for import.
11-28-2022 @ 14:13:49 - Row :131 - Parsing item.
11-28-2022 @ 14:13:49 - Row :131 - Processing item.
11-28-2022 @ 14:13:49 - Found simple product object. ID:926
11-28-2022 @ 14:13:49 - Row :131 - Product updated successfully.
11-28-2022 @ 14:13:49 - Row :132 - Parsing item.
11-28-2022 @ 14:13:49 - Row :132 - Processing item.
11-28-2022 @ 14:13:49 - Found simple product object. ID:927
11-28-2022 @ 14:13:49 - Row :132 - Product updated successfully.
11-28-2022 @ 14:13:49 - Row :133 - Parsing item.
11-28-2022 @ 14:13:49 - Row :133 - Processing item.
11-28-2022 @ 14:13:49 - Found simple product object. ID:928
11-28-2022 @ 14:13:49 - Row :133 - Product updated successfully.
11-28-2022 @ 14:13:49 - Row :134 - Parsing item.
11-28-2022 @ 14:13:49 - Row :134 - Processing item.
11-28-2022 @ 14:13:49 - Found simple product object. ID:929
11-28-2022 @ 14:13:49 - Row :134 - Product updated successfully.
11-28-2022 @ 14:13:49 - Row :135 - Parsing item.
11-28-2022 @ 14:13:49 - Row :135 - Processing item.
11-28-2022 @ 14:13:49 - Found simple product object. ID:930
11-28-2022 @ 14:13:49 - Row :135 - Product updated successfully.
11-28-2022 @ 14:13:49 - Row :136 - Parsing item.
11-28-2022 @ 14:13:49 - Row :136 - Processing item.
11-28-2022 @ 14:13:49 - Found simple product object. ID:931
11-28-2022 @ 14:13:49 - Row :136 - Product updated successfully.
11-28-2022 @ 14:13:49 - Row :137 - Parsing item.
11-28-2022 @ 14:13:49 - Row :137 - Processing item.
11-28-2022 @ 14:13:49 - Found simple product object. ID:932
11-28-2022 @ 14:13:49 - Row :137 - Product updated successfully.
11-28-2022 @ 14:13:49 - Row :138 - Parsing item.
11-28-2022 @ 14:13:49 - Row :138 - Processing item.
11-28-2022 @ 14:13:49 - Found simple product object. ID:933
11-28-2022 @ 14:13:49 - Row :138 - Product updated successfully.
11-28-2022 @ 14:13:49 - Row :139 - Parsing item.
11-28-2022 @ 14:13:49 - Row :139 - Parsing failed. Reason: לא ניתן להוסיף את הפוסט למסד הנתונים.
11-28-2022 @ 14:13:49 - Row :140 - Parsing item.
11-28-2022 @ 14:13:49 - Row :140 - Parsing failed. Reason: לא ניתן להוסיף את הפוסט למסד הנתונים.
11-28-2022 @ 14:13:50 - Preparing for import.
11-28-2022 @ 14:13:50 - Row :141 - Parsing item.
11-28-2022 @ 14:13:50 - Row :141 - Processing item.
11-28-2022 @ 14:13:50 - Found simple product object. ID:934
11-28-2022 @ 14:13:50 - Row :141 - Product updated successfully.
11-28-2022 @ 14:13:50 - Row :142 - Parsing item.
11-28-2022 @ 14:13:50 - Row :142 - Processing item.
11-28-2022 @ 14:13:50 - Found simple product object. ID:935
11-28-2022 @ 14:13:50 - Row :142 - Product updated successfully.
11-28-2022 @ 14:13:50 - Row :143 - Parsing item.
11-28-2022 @ 14:13:50 - Row :143 - Processing item.
11-28-2022 @ 14:13:50 - Found simple product object. ID:936
11-28-2022 @ 14:13:50 - Row :143 - Product updated successfully.
11-28-2022 @ 14:13:50 - ---[ Import ended at 2022-11-28 14:13:50]---
